TNM 7 SE Windows Wrapper Service, Build 3.44

Listening for service requests...

C:\TNM\tnm7se_build_13\tnm7se\tnm7se\data\__c004.mp3
C:\TNM\tnm7se_build_13\tnm7se\tnm7se\data\__b003.mp3
TNM 7 SE Windows Wrapper Service, Build 3.44

Listening for service requests...

C:\TNM\tnm7se_build_13\tnm7se\tnm7se\data\__c004.mp3
C:\TNM\tnm7se_build_13\tnm7se\tnm7se\data\__b003.mp3
TNM 7 SE Windows Wrapper Service, Build 3.44

Listening for service requests...

C:\TNM\tnm7se_build_13\tnm7se\tnm7se\data\__c004.mp3
C:\TNM\tnm7se_build_13\tnm7se\tnm7se\data\__b003.mp3
TNM 7 SE Windows Wrapper Service, Build 3.44

Listening for service requests...

C:\TNM\tnm7se_build_13\tnm7se\tnm7se\data\__c004.mp3
C:\TNM\tnm7se_build_13\tnm7se\tnm7se\data\__b003.mp3
-> fadeoutandplay ""
-> crowd 1,5,1
Crowd reactions.
heat= 1, personalheat= 7
Setting cheers to 0
Setting cheers to 0
Setting cheers to 1
Setting cheers to 2
Setting cheers to 3
Setting cheers to 4
Setting cheers to 6
Setting cheers to 8
Setting cheers to 10
Setting cheers to 12
Setting cheers to 15
Setting cheers to 18
Setting cheers to 21
Setting cheers to 25
Setting cheers to 28
Setting cheers to 32
Setting cheers to 36
Setting cheers to 41
Setting cheers to 45
Setting cheers to 50
Setting cheers to 55
Setting cheers to 61
Setting cheers to 66
Setting cheers to 72
Setting cheers to 78
Setting cheers to 85
Setting cheers to 92
Setting cheers to 99
Setting cheers to 106
Setting cheers to 113
Setting cheers to 121
Setting cheers to 129
Setting cheers to 137
Setting cheers to 146
Setting cheers to 154
Setting cheers to 163
Setting cheers to 172
Setting cheers to 182
Setting cheers to 191
Setting cheers to 201
Setting cheers to 212
Setting cheers to 222
Setting cheers to 232
Setting cheers to 244
Setting cheers to 255
Setting cheers to 266
Setting cheers to 278
Setting cheers to 290
Setting cheers to 302
Setting cheers to 315
Cleaning up
------------------------------------------------
TNM 7 SE Windows Wrapper Service, Build 3.44

Listening for service requests...

-> fadeoutandplay ""
-> crowd 1,5,1
Crowd reactions.
heat= 1, personalheat= 7
Nothing to do.
Cleaning up
------------------------------------------------
-> fadeout """"
-> stop """"
Cleaning up
------------------------------------------------
-> fadeoutandplay ""
-> crowd 2,5,1
Crowd reactions.
heat= 2, personalheat= 7
delta=-1, deltapersonal= 0
newgoal= 1.02
newpersonalgoal= 7
Setting cheers to 308
Setting boos to 4
delta=-1, deltapersonal= 0
newgoal= 1.04
newpersonalgoal= 7
Setting cheers to 302
Setting boos to 9
delta=-1, deltapersonal= 0
newgoal= 1.06
newpersonalgoal= 7
Setting cheers to 296
Setting boos to 14
delta=-1, deltapersonal= 0
newgoal= 1.08
newpersonalgoal= 7
Setting cheers to 289
Setting boos to 19
delta=-1, deltapersonal= 0
newgoal= 1.1
newpersonalgoal= 7
Setting cheers to 283
Setting boos to 24
delta=-1, deltapersonal= 0
newgoal= 1.12
newpersonalgoal= 7
Setting cheers to 277
Setting boos to 29
delta=-1, deltapersonal= 0
newgoal= 1.14
newpersonalgoal= 7
Setting cheers to 270
Setting boos to 34
delta=-1, deltapersonal= 0
newgoal= 1.16
newpersonalgoal= 7
Setting cheers to 264
Setting boos to 39
delta=-1, deltapersonal= 0
newgoal= 1.18
newpersonalgoal= 7
Setting cheers to 258
Setting boos to 44
delta=-1, deltapersonal= 0
newgoal= 1.2
newpersonalgoal= 7
Setting cheers to 251
Setting boos to 49
delta=-1, deltapersonal= 0
newgoal= 1.22
newpersonalgoal= 7
Setting cheers to 245
Setting boos to 53
delta=-1, deltapersonal= 0
newgoal= 1.24
newpersonalgoal= 7
Setting cheers to 239
Setting boos to 58
delta=-1, deltapersonal= 0
newgoal= 1.26
newpersonalgoal= 7
Setting cheers to 233
Setting boos to 63
delta=-1, deltapersonal= 0
newgoal= 1.28
newpersonalgoal= 7
Setting cheers to 226
Setting boos to 68
delta=-1, deltapersonal= 0
newgoal= 1.3
newpersonalgoal= 7
Setting cheers to 220
Setting boos to 73
delta=-1, deltapersonal= 0
newgoal= 1.32
newpersonalgoal= 7
Setting cheers to 214
Setting boos to 78
delta=-1, deltapersonal= 0
newgoal= 1.34
newpersonalgoal= 7
Setting cheers to 207
Setting boos to 83
delta=-1, deltapersonal= 0
newgoal= 1.36
newpersonalgoal= 7
Setting cheers to 201
Setting boos to 88
delta=-1, deltapersonal= 0
newgoal= 1.38
newpersonalgoal= 7
Setting cheers to 195
Setting boos to 93
delta=-1, deltapersonal= 0
newgoal= 1.4
newpersonalgoal= 7
Setting cheers to 189
Setting boos to 97
delta=-1, deltapersonal= 0
newgoal= 1.42
newpersonalgoal= 7
Setting cheers to 182
Setting boos to 102
delta=-1, deltapersonal= 0
newgoal= 1.44
newpersonalgoal= 7
Setting cheers to 176
Setting boos to 107
delta=-1, deltapersonal= 0
newgoal= 1.46
newpersonalgoal= 7
Setting cheers to 170
Setting boos to 112
delta=-1, deltapersonal= 0
newgoal= 1.48
newpersonalgoal= 7
Setting cheers to 163
Setting boos to 117
delta=-1, deltapersonal= 0
newgoal= 1.5
newpersonalgoal= 7
Setting cheers to 157
Setting boos to 122
delta=-1, deltapersonal= 0
newgoal= 1.52
newpersonalgoal= 7
Setting cheers to 151
Setting boos to 127
delta=-1, deltapersonal= 0
newgoal= 1.54
newpersonalgoal= 7
Setting cheers to 144
Setting boos to 132
delta=-1, deltapersonal= 0
newgoal= 1.56
newpersonalgoal= 7
Setting cheers to 138
Setting boos to 137
delta=-1, deltapersonal= 0
newgoal= 1.58
newpersonalgoal= 7
Setting cheers to 132
Setting boos to 142
delta=-1, deltapersonal= 0
newgoal= 1.6
newpersonalgoal= 7
Setting cheers to 125
Setting boos to 147
delta=-1, deltapersonal= 0
newgoal= 1.62
newpersonalgoal= 7
Setting cheers to 119
Setting boos to 151
delta=-1, deltapersonal= 0
newgoal= 1.64
newpersonalgoal= 7
Setting cheers to 113
Setting boos to 156
delta=-1, deltapersonal= 0
newgoal= 1.66
newpersonalgoal= 7
Setting cheers to 107
Setting boos to 161
delta=-1, deltapersonal= 0
newgoal= 1.68
newpersonalgoal= 7
Setting cheers to 100
Setting boos to 166
delta=-1, deltapersonal= 0
newgoal= 1.7
newpersonalgoal= 7
Setting cheers to 94
Setting boos to 171
delta=-1, deltapersonal= 0
newgoal= 1.72
newpersonalgoal= 7
Setting cheers to 88
Setting boos to 176
delta=-1, deltapersonal= 0
newgoal= 1.74
newpersonalgoal= 7
Setting cheers to 81
Setting boos to 181
delta=-1, deltapersonal= 0
newgoal= 1.76
newpersonalgoal= 7
Setting cheers to 75
Setting boos to 186
delta=-1, deltapersonal= 0
newgoal= 1.78
newpersonalgoal= 7
Setting cheers to 69
Setting boos to 191
delta=-1, deltapersonal= 0
newgoal= 1.8
newpersonalgoal= 7
Setting cheers to 63
Setting boos to 195
delta=-1, deltapersonal= 0
newgoal= 1.82
newpersonalgoal= 7
Setting cheers to 56
Setting boos to 200
delta=-1, deltapersonal= 0
newgoal= 1.84
newpersonalgoal= 7
Setting cheers to 50
Setting boos to 205
delta=-1, deltapersonal= 0
newgoal= 1.86
newpersonalgoal= 7
Setting cheers to 44
Setting boos to 210
delta=-1, deltapersonal= 0
newgoal= 1.88
newpersonalgoal= 7
Setting cheers to 37
Setting boos to 215
delta=-1, deltapersonal= 0
newgoal= 1.9
newpersonalgoal= 7
Setting cheers to 31
Setting boos to 220
delta=-1, deltapersonal= 0
newgoal= 1.92
newpersonalgoal= 7
Setting cheers to 25
Setting boos to 225
C:\TNM\tnm7se_build_13\tnm7se\tnm7se\data\__c004.mp3
delta=-1, deltapersonal= 0
C:\TNM\tnm7se_build_13\tnm7se\tnm7se\data\__b003.mp3
newgoal= 1.94
newpersonalgoal= 7
Setting cheers to 18
Setting boos to 230
delta=-1, deltapersonal= 0
newgoal= 1.96
newpersonalgoal= 7
Setting cheers to 12
Setting boos to 235
delta=-1, deltapersonal= 0
newgoal= 1.98
newpersonalgoal= 7
Setting cheers to 6
Setting boos to 240
delta=-1, deltapersonal= 0
newgoal= 2
newpersonalgoal= 7
Setting cheers to 0
Setting boos to 245
Cleaning up
------------------------------------------------
TNM 7 SE Windows Wrapper Service, Build 3.44

Listening for service requests...

-> crowdfade
Cleaning up
------------------------------------------------
Shut up crowd.
heat= 0, personalheat= 3
Cleaning up
------------------------------------------------
-> cd C:\TNM\TNM7SE~1\TNM7SE\TNM7SE\TEST
-> winplugin ..\plugins\tnmmatch\tnmmatch.exe
Cleaning up
Changing to TEST
------------------------------------------------
TNM 7 SE Windows Wrapper Service, Build 3.44

Listening for service requests...

C:\TNM\tnm7se_build_13\tnm7se\tnm7se\data\__c004.mp3
C:\TNM\tnm7se_build_13\tnm7se\tnm7se\data\__b003.mp3
-> crowdfade
Shut up crowd.
heat= 0, personalheat= 3
Cleaning up
------------------------------------------------
-> cd C:\TNM\TNM7SE~1\TNM7SE\TNM7SE\TEST
-> winplugin ..\plugins\tnmmatch\tnmmatch.exe
Changing to TEST
-> saveposition
Cleaning up
------------------------------------------------
-> crowdfade
Shut up crowd.
heat= 0, personalheat= 3
Cleaning up
------------------------------------------------
-> cd C:\TNM\TNM7SE~1\TNM7SE\TNM7SE\TEST
-> winplugin ..\plugins\tnmmatch\tnmmatch.exe
Changing to TEST
-> crowdfade
Shut up crowd.
heat= 0, personalheat= 3
Cleaning up
------------------------------------------------
-> cd C:\TNM\TNM7SE~1\TNM7SE\TNM7SE\TEST
-> winplugin ..\plugins\tnmmatch\tnmmatch.exe
Changing to TEST
-> crowdfade
Shut up crowd.
heat= 0, personalheat= 3
Cleaning up
------------------------------------------------
-> cd C:\TNM\TNM7SE~1\TNM7SE\TNM7SE\TEST
-> winplugin ..\plugins\tnmmatch\tnmmatch.exe
Changing to TEST
TNM 7 SE Windows Wrapper Service, Build 3.44

Listening for service requests...

C:\TNM\tnm7se_build_13\tnm7se\tnm7se\data\__c004.mp3
C:\TNM\tnm7se_build_13\tnm7se\tnm7se\data\__b003.mp3
-> crowdfade
Shut up crowd.
heat= 0, personalheat= 3
Cleaning up
------------------------------------------------
-> cd C:\TNM7SE\TEST
-> winplugin ..\plugins\tnmmatch\tnmmatch.exe
Changing to TEST
TNM 7 SE Windows Wrapper Service, Build 3.44

Listening for service requests...

C:\TNM\tnm7se_build_13\tnm7se\tnm7se\data\__c004.mp3
C:\TNM\tnm7se_build_13\tnm7se\tnm7se\data\__b003.mp3
-> start tnm7se_manual.pdf
tnm7se_manual.pdf
Cleaning up
------------------------------------------------
TNM 7 SE Windows Wrapper Service, Build 3.44

Listening for service requests...

C:\TNM\tnm7se_build_13\tnm7se\tnm7se\data\__c004.mp3
C:\TNM\tnm7se_build_13\tnm7se\tnm7se\data\__b003.mp3
-> crowdfade
Shut up crowd.
heat= 0, personalheat= 3
Cleaning up
------------------------------------------------
-> cd C:\TNM7SE\TEST
-> winplugin ..\plugins\tnmmatch\tnmmatch.exe
Changing to TEST
TNM 7 SE Windows Wrapper Service, Build 3.44

Listening for service requests...

C:\TNM\tnm7se_build_13\tnm7se\tnm7se\data\__c004.mp3
C:\TNM\tnm7se_build_13\tnm7se\tnm7se\data\__b003.mp3
-> crowdfade
Shut up crowd.
heat= 0, personalheat= 3
Cleaning up
------------------------------------------------
-> cd C:\TNM\TNM7SE~1\TNM7SE\TNM7SE\TEST
-> winplugin ..\plugins\tnmmatch\tnmmatch.exe
Changing to TEST
-> crowdfade
Shut up crowd.
heat= 0, personalheat= 3
Cleaning up
------------------------------------------------
-> crowdfade
Shut up crowd.
heat= 0, personalheat= 3
Cleaning up
------------------------------------------------
-> cd C:\TNM\TNM7SE~1\TNM7SE\TNM7SE\TEST
-> winplugin ..\plugins\tnmmatch\tnmmatch.exe
Changing to TEST
TNM 7 SE Windows Wrapper Service, Build 3.44

Listening for service requests...

C:\TNM\tnm7se_build_13\tnm7se\tnm7se\data\__c004.mp3
C:\TNM\tnm7se_build_13\tnm7se\tnm7se\data\__b003.mp3
-> crowdfade
Shut up crowd.
heat= 0, personalheat= 3
Cleaning up
------------------------------------------------
-> cd C:\TNM\TNM7SE~1\TNM7SE\TNM7SE\TEST
-> winplugin ..\plugins\tnmmatch\tnmmatch.exe
Changing to TEST
-> crowdfade
Shut up crowd.
heat= 0, personalheat= 3
Cleaning up
------------------------------------------------
-> cd C:\TNM\TNM7SE~1\TNM7SE\TNM7SE\AEW
-> winplugin ..\plugins\tnmmatch\tnmmatch.exe
Changing to AEW
-> crowdfade
Shut up crowd.
heat= 0, personalheat= 3
Cleaning up
------------------------------------------------
-> cd C:\TNM\TNM7SE~1\TNM7SE\TNM7SE\AEW
-> winplugin ..\plugins\tnmmatch\tnmmatch.exe
Changing to AEW
-> crowdfade
Shut up crowd.
heat= 0, personalheat= 3
Cleaning up
------------------------------------------------
-> cd C:\TNM\TNM7SE~1\TNM7SE\TNM7SE\AEW
-> winplugin ..\plugins\tnmmatch\tnmmatch.exe
Changing to AEW
-> crowdfade
Shut up crowd.
heat= 0, personalheat= 3
Cleaning up
------------------------------------------------
-> cd C:\TNM\TNM7SE~1\TNM7SE\TNM7SE\AEW
-> winplugin ..\plugins\tnmmatch\tnmmatch.exe
Changing to AEW
-> crowdfade
Shut up crowd.
heat= 0, personalheat= 3
Cleaning up
------------------------------------------------
-> cd C:\TNM\TNM7SE~1\TNM7SE\TNM7SE\AEW
-> winplugin ..\plugins\tnmmatch\tnmmatch.exe
Changing to AEW
-> crowdfade
Shut up crowd.
heat= 0, personalheat= 3
Cleaning up
------------------------------------------------
-> cd C:\TNM\TNM7SE~1\TNM7SE\TNM7SE\AEW
-> winplugin ..\plugins\tnmmatch\tnmmatch.exe
Changing to AEW
-> crowdfade
Shut up crowd.
heat= 0, personalheat= 3
Cleaning up
------------------------------------------------
-> cd C:\TNM\TNM7SE~1\TNM7SE\TNM7SE\AEW
-> winplugin ..\plugins\tnmmatch\tnmmatch.exe
Changing to AEW
-> crowdfade
Shut up crowd.
heat= 0, personalheat= 3
Cleaning up
------------------------------------------------
-> cd C:\TNM\TNM7SE~1\TNM7SE\TNM7SE\AEW
-> winplugin ..\plugins\tnmmatch\tnmmatch.exe
Changing to AEW
-> crowdfade
Shut up crowd.
heat= 0, personalheat= 3
Cleaning up
------------------------------------------------
-> cd C:\TNM\TNM7SE~1\TNM7SE\TNM7SE\AEW
-> winplugin ..\plugins\tnmmatch\tnmmatch.exe
Changing to AEW
TNM 7 SE Windows Wrapper Service, Build 4.087

Listening for service requests...

C:\TNM\tnm7se_build_13\tnm7se\tnm7se\data\__c004.mp3
C:\TNM\tnm7se_build_13\tnm7se\tnm7se\data\__b003.mp3
-> crowdfade
Shut up crowd.
heat= 0, personalheat= 3
Cleaning up
------------------------------------------------
-> cd C:\TNM\TNM7SE~1\TNM7SE\TNM7SE\AEW
-> winplugin ..\plugins\tnmmatch\tnmmatch.exe
Changing to AEW
-> crowdfade
Shut up crowd.
heat= 0, personalheat= 3
Cleaning up
------------------------------------------------
-> cd C:\TNM\TNM7SE~1\TNM7SE\TNM7SE\TEST
-> winplugin ..\plugins\tnmmatch\tnmmatch.exe
Changing to TEST
TNM 7 SE Windows Wrapper Service, Build 4.087

Listening for service requests...

C:\TNM\tnm7se_build_13\tnm7se\tnm7se\data\__c004.mp3
C:\TNM\tnm7se_build_13\tnm7se\tnm7se\data\__b003.mp3
-> crowdfade
Cleaning up
------------------------------------------------
Shut up crowd.
heat= 0, personalheat= 3
Cleaning up
------------------------------------------------
-> cd C:\TNM7SE\TEST
Cleaning up
-> winplugin ..\plugins\tnmmatch\tnmmatch.exe
------------------------------------------------
Changing to TEST
-> crowdfade
Cleaning up
------------------------------------------------
Shut up crowd.
heat= 0, personalheat= 3
Cleaning up
------------------------------------------------
-> cd C:\TNM7SE\AEW
Cleaning up
-> winplugin ..\plugins\tnmmatch\tnmmatch.exe
Changing to AEW
------------------------------------------------
-> crowdfade
Cleaning up
------------------------------------------------
Shut up crowd.
heat= 0, personalheat= 3
Cleaning up
------------------------------------------------
-> cd C:\TNM7SE\AEW
Cleaning up
-> winplugin ..\plugins\tnmmatch\tnmmatch.exe
------------------------------------------------
Changing to AEW
-> crowdfade
Cleaning up
------------------------------------------------
Shut up crowd.
heat= 0, personalheat= 3
Cleaning up
------------------------------------------------
-> cd C:\TNM7SE\AEW
Cleaning up
-> winplugin ..\plugins\tnmmatch\tnmmatch.exe
------------------------------------------------
Changing to AEW
-> crowdfade
Cleaning up
------------------------------------------------
Shut up crowd.
heat= 0, personalheat= 3
Cleaning up
------------------------------------------------
-> cd C:\TNM7SE\AEW
Cleaning up
-> winplugin ..\plugins\tnmmatch\tnmmatch.exe
------------------------------------------------
Changing to AEW
-> crowdfade
Cleaning up
------------------------------------------------
Shut up crowd.
heat= 0, personalheat= 3
Cleaning up
------------------------------------------------
-> cd C:\TNM7SE\AEW
Cleaning up
-> winplugin ..\plugins\tnmmatch\tnmmatch.exe
------------------------------------------------
Changing to AEW
-> crowdfade
Cleaning up
------------------------------------------------
Shut up crowd.
heat= 0, personalheat= 3
Cleaning up
------------------------------------------------
-> cd C:\TNM7SE\AEW
Cleaning up
-> winplugin ..\plugins\tnmmatch\tnmmatch.exe
------------------------------------------------
Changing to AEW
-> crowdfade
Cleaning up
------------------------------------------------
Shut up crowd.
heat= 0, personalheat= 3
Cleaning up
------------------------------------------------
-> cd C:\TNM7SE\AEW
Cleaning up
-> winplugin ..\plugins\tnmmatch\tnmmatch.exe
------------------------------------------------
Changing to AEW
-> crowdfade
Cleaning up
Shut up crowd.
------------------------------------------------
heat= 0, personalheat= 3
Cleaning up
------------------------------------------------
-> crowdfade
Cleaning up
------------------------------------------------
Shut up crowd.
heat= 0, personalheat= 3
Cleaning up
------------------------------------------------
-> cd C:\TNM7SE\AEW
Cleaning up
-> winplugin ..\plugins\tnmmatch\tnmmatch.exe
------------------------------------------------
Changing to AEW
TNM 7 SE Windows Wrapper Service, Build 4.087

Listening for service requests...

C:\TNM\tnm7se_build_13\tnm7se\tnm7se\data\__c004.mp3
C:\TNM\tnm7se_build_13\tnm7se\tnm7se\data\__b003.mp3
-> cd C:\TNM7SE
-> .\plugins\JOBGEN\JOBGEN.exe .\plugins\JOBGEN .\plugins\JOBGEN\data
Changing to TNM7SE
Current folder is now C:\TNM\tnm7se_build_13\tnm7se\tnm7se
Executing plugin .\plugins\JOBGEN\JOBGEN.exe .\plugins\JOBGEN .\plugins\JOBGEN\data
Cleaning up
------------------------------------------------
-> cd C:\TNM7SE\AEW
-> ..\plugins\TNMWCWZB\TNMWCWZB.exe ..\plugins\TNMWCWZB ..\plugins\TNMWCWZB\data
Changing to AEW
TNM 7 SE Windows Wrapper Service, Build 4.087

Listening for service requests...

C:\TNM\tnm7se_build_13\tnm7se\tnm7se\data\__c004.mp3
C:\TNM\tnm7se_build_13\tnm7se\tnm7se\data\__b003.mp3
-> cd C:\TNM7SE
-> .\plugins\IMPWIZ\IMPWIZ.exe .\plugins\IMPWIZ .\plugins\IMPWIZ\data
Changing to TNM7SE
Current folder is now C:\TNM\tnm7se_build_13\tnm7se\tnm7se
Executing plugin .\plugins\IMPWIZ\IMPWIZ.exe .\plugins\IMPWIZ .\plugins\IMPWIZ\data
Cleaning up
------------------------------------------------
-> cd C:\TNM7SE
-> .\plugins\IMPWIZ\IMPWIZ.exe .\plugins\IMPWIZ .\plugins\IMPWIZ\data
Changing to TNM7SE
Current folder is now C:\TNM\tnm7se_build_13\tnm7se\tnm7se
Executing plugin .\plugins\IMPWIZ\IMPWIZ.exe .\plugins\IMPWIZ .\plugins\IMPWIZ\data
Cleaning up
------------------------------------------------
TNM 7 SE Windows Wrapper Service, Build 4.087

Listening for service requests...

C:\TNM\tnm7se_build_13\tnm7se\tnm7se\data\__c004.mp3
C:\TNM\tnm7se_build_13\tnm7se\tnm7se\data\__b003.mp3
TNM 7 SE Windows Wrapper Service, Build 4.087

Listening for service requests...

C:\TNM\tnm7se_build_13\tnm7se\tnm7se\data\__c004.mp3
C:\TNM\tnm7se_build_13\tnm7se\tnm7se\data\__b003.mp3
-> cd C:\TNM7SE
-> .\plugins\IMPWIZ\IMPWIZ.exe .\plugins\IMPWIZ .\plugins\IMPWIZ\data
Changing to TNM7SE
Current folder is now C:\TNM\tnm7se_build_13\tnm7se\tnm7se
Executing plugin .\plugins\IMPWIZ\IMPWIZ.exe .\plugins\IMPWIZ .\plugins\IMPWIZ\data
Cleaning up
------------------------------------------------
TNM 7 SE Windows Wrapper Service, Build 4.087

Listening for service requests...

C:\TNM\tnm7se_build_13\tnm7se\tnm7se\data\__c004.mp3
C:\TNM\tnm7se_build_13\tnm7se\tnm7se\data\__b003.mp3
TNM 7 SE Windows Wrapper Service, Build 4.087

Listening for service requests...

C:\TNM\tnm7se_build_13\tnm7se\tnm7se\data\__c004.mp3
C:\TNM\tnm7se_build_13\tnm7se\tnm7se\data\__b003.mp3
-> cd C:\TNM7SE
-> .\plugins\JOBGEN\JOBGEN.exe .\plugins\JOBGEN .\plugins\JOBGEN\data
Changing to TNM7SE
Current folder is now C:\TNM\tnm7se_build_13\tnm7se\tnm7se
Executing plugin .\plugins\JOBGEN\JOBGEN.exe .\plugins\JOBGEN .\plugins\JOBGEN\data
Cleaning up
------------------------------------------------
TNM 7 SE Windows Wrapper Service, Build 4.087

Listening for service requests...

C:\TNM\tnm7se_build_13\tnm7se\tnm7se\data\__c004.mp3
C:\TNM\tnm7se_build_13\tnm7se\tnm7se\data\__b003.mp3
TNM 7 SE Windows Wrapper Service, Build 4.087

Listening for service requests...

C:\TNM\tnm7se_build_13\tnm7se\tnm7se\data\__c004.mp3
C:\TNM\tnm7se_build_13\tnm7se\tnm7se\data\__b003.mp3
-> crowdfade
Shut up crowd.
heat= 0, personalheat= 3
Cleaning up
------------------------------------------------
-> cd C:\TNM7SE\WWE
-> winplugin ..\plugins\tnmmatch\tnmmatch.exe
Changing to WWE
-> crowdfade
Shut up crowd.
heat= 0, personalheat= 3
Cleaning up
------------------------------------------------
-> cd C:\TNM7SE\WWE
-> winplugin ..\plugins\tnmmatch\tnmmatch.exe
Changing to WWE
-> crowdfade
Shut up crowd.
heat= 0, personalheat= 3
Cleaning up
------------------------------------------------
-> cd C:\TNM7SE\WWE
-> winplugin ..\plugins\tnmmatch\tnmmatch.exe
Changing to WWE
-> crowdfade
Shut up crowd.
heat= 0, personalheat= 3
Cleaning up
------------------------------------------------
-> cd C:\TNM7SE\WWE
-> winplugin ..\plugins\tnmmatch\tnmmatch.exe
Changing to WWE
-> crowdfade
Shut up crowd.
heat= 0, personalheat= 3
Cleaning up
------------------------------------------------
-> cd C:\TNM7SE\WWE
-> winplugin ..\plugins\tnmmatch\tnmmatch.exe
Changing to WWE
-> crowdfade
Shut up crowd.
heat= 0, personalheat= 3
Cleaning up
------------------------------------------------
-> cd C:\TNM7SE\WWE
-> winplugin ..\plugins\tnmmatch\tnmmatch.exe
Changing to WWE
-> crowdfade
Shut up crowd.
heat= 0, personalheat= 3
Cleaning up
------------------------------------------------
-> cd C:\TNM7SE\WWE
-> winplugin ..\plugins\tnmmatch\tnmmatch.exe
Changing to WWE
-> crowdfade
Shut up crowd.
heat= 0, personalheat= 3
Cleaning up
------------------------------------------------
-> cd C:\TNM7SE\WWE
-> winplugin ..\plugins\tnmmatch\tnmmatch.exe
Changing to WWE
-> crowdfade
Shut up crowd.
heat= 0, personalheat= 3
Cleaning up
------------------------------------------------
-> cd C:\TNM7SE\WWE
-> winplugin ..\plugins\tnmmatch\tnmmatch.exe
Changing to WWE
-> crowdfade
Shut up crowd.
heat= 0, personalheat= 3
Cleaning up
------------------------------------------------
-> cd C:\TNM7SE\WWE
-> winplugin ..\plugins\tnmmatch\tnmmatch.exe
Changing to WWE
TNM 7 SE Windows Wrapper Service, Build 4.087

Listening for service requests...

C:\TNM\tnm7se_build_13\tnm7se\tnm7se\data\__c004.mp3
C:\TNM\tnm7se_build_13\tnm7se\tnm7se\data\__b003.mp3
TNM 7 SE Windows Wrapper Service, Build 4.087

Listening for service requests...

C:\TNM\tnm7se_build_13\tnm7se\tnm7se\data\__c004.mp3
C:\TNM\tnm7se_build_13\tnm7se\tnm7se\data\__b003.mp3
TNM 7 SE Windows Wrapper Service, Build 4.087

Listening for service requests...

C:\TNM\tnm7se_build_13\tnm7se\tnm7se\data\__c004.mp3
C:\TNM\tnm7se_build_13\tnm7se\tnm7se\data\__b003.mp3
-> crowdfade
Shut up crowd.
heat= 0, personalheat= 3
Cleaning up
------------------------------------------------
-> cd C:\TNM\TNM7SE~1\TNM7SE\TNM7SE\TEST1
-> winplugin ..\plugins\tnmmatch\tnmmatch.exe
Changing to TEST1
TNM 7 SE Windows Wrapper Service, Build 4.087

Listening for service requests...

C:\TNM\tnm7se_build_13\tnm7se\tnm7se\data\__c004.mp3
C:\TNM\tnm7se_build_13\tnm7se\tnm7se\data\__b003.mp3
-> crowdfade
Shut up crowd.
heat= 0, personalheat= 3
Cleaning up
------------------------------------------------
-> cd C:\TNM\TNM7SE~1\TNM7SE\TNM7SE\WWE
-> winplugin ..\plugins\tnmmatch\tnmmatch.exe
Changing to WWE
-> crowdfade
Shut up crowd.
heat= 0, personalheat= 3
Cleaning up
------------------------------------------------
-> cd C:\TNM\TNM7SE~1\TNM7SE\TNM7SE\WWE
-> winplugin ..\plugins\tnmmatch\tnmmatch.exe
Changing to WWE
-> crowdfade
Shut up crowd.
heat= 0, personalheat= 3
Cleaning up
------------------------------------------------
-> cd C:\TNM\TNM7SE~1\TNM7SE\TNM7SE\WWE
-> winplugin ..\plugins\tnmmatch\tnmmatch.exe
Changing to WWE
-> crowdfade
Shut up crowd.
heat= 0, personalheat= 3
Cleaning up
------------------------------------------------
-> cd C:\TNM\TNM7SE~1\TNM7SE\TNM7SE\WWE
-> winplugin ..\plugins\tnmmatch\tnmmatch.exe
Changing to WWE
-> crowdfade
Shut up crowd.
heat= 0, personalheat= 3
Cleaning up
------------------------------------------------
-> cd C:\TNM\TNM7SE~1\TNM7SE\TNM7SE\WWE
-> winplugin ..\plugins\tnmmatch\tnmmatch.exe
Changing to WWE
-> crowdfade
Shut up crowd.
heat= 0, personalheat= 3
Cleaning up
------------------------------------------------
-> cd C:\TNM\TNM7SE~1\TNM7SE\TNM7SE\WWE
-> winplugin ..\plugins\tnmmatch\tnmmatch.exe
Changing to WWE
-> crowdfade
Shut up crowd.
heat= 0, personalheat= 3
Cleaning up
------------------------------------------------
-> cd C:\TNM\TNM7SE~1\TNM7SE\TNM7SE\WWE
-> winplugin ..\plugins\tnmmatch\tnmmatch.exe
Changing to WWE
-> crowdfade
Shut up crowd.
heat= 0, personalheat= 3
Cleaning up
------------------------------------------------
-> cd C:\TNM\TNM7SE~1\TNM7SE\TNM7SE\WWE
-> winplugin ..\plugins\tnmmatch\tnmmatch.exe
Changing to WWE
-> crowdfade
Shut up crowd.
heat= 0, personalheat= 3
Cleaning up
------------------------------------------------
-> cd C:\TNM\TNM7SE~1\TNM7SE\TNM7SE\WWE
-> winplugin ..\plugins\tnmmatch\tnmmatch.exe
Changing to WWE
-> crowdfade
Shut up crowd.
heat= 0, personalheat= 3
Cleaning up
------------------------------------------------
-> cd C:\TNM\TNM7SE~1\TNM7SE\TNM7SE\NXT
-> winplugin ..\plugins\tnmmatch\tnmmatch.exe
Changing to NXT
-> crowdfade
Shut up crowd.
heat= 0, personalheat= 3
Cleaning up
------------------------------------------------
-> cd C:\TNM\TNM7SE~1\TNM7SE\TNM7SE\NXT
-> winplugin ..\plugins\tnmmatch\tnmmatch.exe
Changing to NXT
-> crowdfade
Shut up crowd.
heat= 0, personalheat= 3
Cleaning up
------------------------------------------------
-> cd C:\TNM\TNM7SE~1\TNM7SE\TNM7SE\NXT
-> winplugin ..\plugins\tnmmatch\tnmmatch.exe
Changing to NXT
TNM 7 SE Windows Wrapper Service, Build 4.087

Listening for service requests...

C:\TNM\tnm7se_build_13\tnm7se\tnm7se\data\__c004.mp3
C:\TNM\tnm7se_build_13\tnm7se\tnm7se\data\__b003.mp3
-> crowdfade
Shut up crowd.
heat= 0, personalheat= 3
Cleaning up
------------------------------------------------
-> cd C:\TNM\TNM7SE~1\TNM7SE\TNM7SE\NXT
-> winplugin ..\plugins\tnmmatch\tnmmatch.exe
Changing to NXT
-> crowdfade
Shut up crowd.
heat= 0, personalheat= 3
Cleaning up
------------------------------------------------
-> cd C:\TNM\TNM7SE~1\TNM7SE\TNM7SE\NXT
-> winplugin ..\plugins\tnmmatch\tnmmatch.exe
Changing to NXT
-> crowdfade
Shut up crowd.
heat= 0, personalheat= 3
Cleaning up
------------------------------------------------
-> cd C:\TNM\TNM7SE~1\TNM7SE\TNM7SE\NXT
-> winplugin ..\plugins\tnmmatch\tnmmatch.exe
Changing to NXT
TNM 7 SE Windows Wrapper Service, Build 4.087

Listening for service requests...

C:\TNM\tnm7se_build_13\tnm7se\tnm7se\data\__c004.mp3
C:\TNM\tnm7se_build_13\tnm7se\tnm7se\data\__b003.mp3
-> crowdfade
Shut up crowd.
heat= 0, personalheat= 3
Cleaning up
------------------------------------------------
-> cd C:\TNM\TNM7SE~1\TNM7SE\TNM7SE\CMLL
-> winplugin ..\plugins\tnmmatch\tnmmatch.exe
Changing to CMLL
-> crowdfade
Shut up crowd.
heat= 0, personalheat= 3
Cleaning up
------------------------------------------------
-> cd C:\TNM\TNM7SE~1\TNM7SE\TNM7SE\CMLL
-> winplugin ..\plugins\tnmmatch\tnmmatch.exe
Changing to CMLL
-> crowdfade
Shut up crowd.
heat= 0, personalheat= 3
Cleaning up
------------------------------------------------
-> cd C:\TNM\TNM7SE~1\TNM7SE\TNM7SE\CMLL
-> winplugin ..\plugins\tnmmatch\tnmmatch.exe
Changing to CMLL
-> crowdfade
Shut up crowd.
heat= 0, personalheat= 3
Cleaning up
------------------------------------------------
-> cd C:\TNM\TNM7SE~1\TNM7SE\TNM7SE\CMLL
-> winplugin ..\plugins\tnmmatch\tnmmatch.exe
Changing to CMLL
-> crowdfade
Shut up crowd.
heat= 0, personalheat= 3
Cleaning up
------------------------------------------------
-> cd C:\TNM\TNM7SE~1\TNM7SE\TNM7SE\CMLL
-> winplugin ..\plugins\tnmmatch\tnmmatch.exe
Changing to CMLL
-> crowdfade
Shut up crowd.
heat= 0, personalheat= 3
Cleaning up
------------------------------------------------
-> cd C:\TNM\TNM7SE~1\TNM7SE\TNM7SE\CMLL
-> winplugin ..\plugins\tnmmatch\tnmmatch.exe
Changing to CMLL
-> crowdfade
Shut up crowd.
heat= 0, personalheat= 3
Cleaning up
------------------------------------------------
-> cd C:\TNM\TNM7SE~1\TNM7SE\TNM7SE\CMLL
-> winplugin ..\plugins\tnmmatch\tnmmatch.exe
Changing to CMLL
-> crowdfade
Shut up crowd.
heat= 0, personalheat= 3
Cleaning up
------------------------------------------------
-> cd C:\TNM\TNM7SE~1\TNM7SE\TNM7SE\MLW
-> winplugin ..\plugins\tnmmatch\tnmmatch.exe
Changing to MLW
-> crowdfade
Shut up crowd.
heat= 0, personalheat= 3
Cleaning up
------------------------------------------------
-> cd C:\TNM\TNM7SE~1\TNM7SE\TNM7SE\MLW
-> winplugin ..\plugins\tnmmatch\tnmmatch.exe
Changing to MLW
-> crowdfade
Shut up crowd.
heat= 0, personalheat= 3
Cleaning up
------------------------------------------------
-> cd C:\TNM\TNM7SE~1\TNM7SE\TNM7SE\MLW
-> winplugin ..\plugins\tnmmatch\tnmmatch.exe
Changing to MLW
-> crowdfade
Shut up crowd.
heat= 0, personalheat= 3
Cleaning up
------------------------------------------------
-> cd C:\TNM\TNM7SE~1\TNM7SE\TNM7SE\MLW
-> winplugin ..\plugins\tnmmatch\tnmmatch.exe
Changing to MLW
-> crowdfade
Shut up crowd.
heat= 0, personalheat= 3
Cleaning up
------------------------------------------------
-> cd C:\TNM\TNM7SE~1\TNM7SE\TNM7SE\MLW
-> winplugin ..\plugins\tnmmatch\tnmmatch.exe
Changing to MLW
-> crowdfade
Shut up crowd.
heat= 0, personalheat= 3
Cleaning up
------------------------------------------------
-> cd C:\TNM\TNM7SE~1\TNM7SE\TNM7SE\MLW
-> winplugin ..\plugins\tnmmatch\tnmmatch.exe
Changing to MLW
-> crowdfade
Shut up crowd.
heat= 0, personalheat= 3
Cleaning up
------------------------------------------------
-> cd C:\TNM\TNM7SE~1\TNM7SE\TNM7SE\MLW
-> winplugin ..\plugins\tnmmatch\tnmmatch.exe
Changing to MLW
-> crowdfade
Shut up crowd.
heat= 0, personalheat= 3
Cleaning up
------------------------------------------------
-> cd C:\TNM\TNM7SE~1\TNM7SE\TNM7SE\MLW
-> winplugin ..\plugins\tnmmatch\tnmmatch.exe
Changing to MLW
-> crowdfade
Shut up crowd.
heat= 0, personalheat= 3
Cleaning up
------------------------------------------------
-> cd C:\TNM\TNM7SE~1\TNM7SE\TNM7SE\MLW
-> winplugin ..\plugins\tnmmatch\tnmmatch.exe
Changing to MLW
-> crowdfade
Shut up crowd.
heat= 0, personalheat= 3
Cleaning up
------------------------------------------------
-> cd C:\TNM\TNM7SE~1\TNM7SE\TNM7SE\MLW
-> winplugin ..\plugins\tnmmatch\tnmmatch.exe
Changing to MLW
-> crowdfade
Shut up crowd.
heat= 0, personalheat= 3
Cleaning up
------------------------------------------------
-> cd C:\TNM\TNM7SE~1\TNM7SE\TNM7SE\MLW
-> winplugin ..\plugins\tnmmatch\tnmmatch.exe
Changing to MLW
-> crowdfade
Shut up crowd.
heat= 0, personalheat= 3
Cleaning up
------------------------------------------------
-> cd C:\TNM\TNM7SE~1\TNM7SE\TNM7SE\MLW
-> winplugin ..\plugins\tnmmatch\tnmmatch.exe
Changing to MLW
-> crowdfade
Shut up crowd.
heat= 0, personalheat= 3
Cleaning up
------------------------------------------------
-> cd C:\TNM\TNM7SE~1\TNM7SE\TNM7SE\MLW
-> winplugin ..\plugins\tnmmatch\tnmmatch.exe
Changing to MLW
-> crowdfade
Shut up crowd.
heat= 0, personalheat= 3
Cleaning up
------------------------------------------------
-> cd C:\TNM\TNM7SE~1\TNM7SE\TNM7SE\MLW
-> winplugin ..\plugins\tnmmatch\tnmmatch.exe
Changing to MLW
-> crowdfade
Shut up crowd.
heat= 0, personalheat= 3
Cleaning up
------------------------------------------------
-> cd C:\TNM\TNM7SE~1\TNM7SE\TNM7SE\MLW
-> winplugin ..\plugins\tnmmatch\tnmmatch.exe
Changing to MLW
-> crowdfade
Shut up crowd.
heat= 0, personalheat= 3
Cleaning up
------------------------------------------------
-> cd C:\TNM\TNM7SE~1\TNM7SE\TNM7SE\NXT
-> winplugin ..\plugins\tnmmatch\tnmmatch.exe
Changing to NXT
-> crowdfade
Shut up crowd.
heat= 0, personalheat= 3
Cleaning up
------------------------------------------------
-> cd C:\TNM\TNM7SE~1\TNM7SE\TNM7SE\NXT
-> winplugin ..\plugins\tnmmatch\tnmmatch.exe
Changing to NXT
-> crowdfade
Shut up crowd.
heat= 0, personalheat= 3
Cleaning up
------------------------------------------------
-> cd C:\TNM\TNM7SE~1\TNM7SE\TNM7SE\NXT
-> winplugin ..\plugins\tnmmatch\tnmmatch.exe
Changing to NXT
-> crowdfade
Shut up crowd.
heat= 0, personalheat= 3
Cleaning up
------------------------------------------------
-> cd C:\TNM\TNM7SE~1\TNM7SE\TNM7SE\NXT
-> winplugin ..\plugins\tnmmatch\tnmmatch.exe
Changing to NXT
-> crowdfade
Shut up crowd.
heat= 0, personalheat= 3
Cleaning up
------------------------------------------------
-> cd C:\TNM\TNM7SE~1\TNM7SE\TNM7SE\NXT
-> winplugin ..\plugins\tnmmatch\tnmmatch.exe
Changing to NXT
-> crowdfade
Shut up crowd.
heat= 0, personalheat= 3
Cleaning up
------------------------------------------------
-> cd C:\TNM\TNM7SE~1\TNM7SE\TNM7SE\NXT
-> winplugin ..\plugins\tnmmatch\tnmmatch.exe
Changing to NXT
-> crowdfade
Shut up crowd.
heat= 0, personalheat= 3
Cleaning up
------------------------------------------------
-> cd C:\TNM\TNM7SE~1\TNM7SE\TNM7SE\IMPACT
-> winplugin ..\plugins\tnmmatch\tnmmatch.exe
Changing to IMPACT
-> crowdfade
Shut up crowd.
heat= 0, personalheat= 3
Cleaning up
------------------------------------------------
-> cd C:\TNM\TNM7SE~1\TNM7SE\TNM7SE\IMPACT
-> winplugin ..\plugins\tnmmatch\tnmmatch.exe
Changing to IMPACT
-> crowdfade
Shut up crowd.
heat= 0, personalheat= 3
Cleaning up
------------------------------------------------
-> cd C:\TNM\TNM7SE~1\TNM7SE\TNM7SE\IMPACT
-> winplugin ..\plugins\tnmmatch\tnmmatch.exe
Changing to IMPACT
-> crowdfade
Shut up crowd.
heat= 0, personalheat= 3
Cleaning up
------------------------------------------------
-> cd C:\TNM\TNM7SE~1\TNM7SE\TNM7SE\IMPACT
-> winplugin ..\plugins\tnmmatch\tnmmatch.exe
Changing to IMPACT
-> crowdfade
Shut up crowd.
heat= 0, personalheat= 3
Cleaning up
------------------------------------------------
-> cd C:\TNM\TNM7SE~1\TNM7SE\TNM7SE\IMPACT
-> winplugin ..\plugins\tnmmatch\tnmmatch.exe
Changing to IMPACT
-> notepad .\WWE\card.tmp
Cleaning up
------------------------------------------------
-> notepad .\WWE\card.tmp
Cleaning up
------------------------------------------------
-> crowdfade
Shut up crowd.
heat= 0, personalheat= 3
Cleaning up
------------------------------------------------
-> cd C:\TNM\TNM7SE~1\TNM7SE\TNM7SE\WWE
-> winplugin ..\plugins\tnmmatch\tnmmatch.exe
Changing to WWE
-> crowdfade
Shut up crowd.
heat= 0, personalheat= 3
Cleaning up
------------------------------------------------
-> cd C:\TNM\TNM7SE~1\TNM7SE\TNM7SE\WWE
-> winplugin ..\plugins\tnmmatch\tnmmatch.exe
Changing to WWE
-> crowdfade
Shut up crowd.
heat= 0, personalheat= 3
Cleaning up
------------------------------------------------
-> cd C:\TNM\TNM7SE~1\TNM7SE\TNM7SE\WWE
-> winplugin ..\plugins\tnmmatch\tnmmatch.exe
Changing to WWE
-> crowdfade
Shut up crowd.
heat= 0, personalheat= 3
Cleaning up
------------------------------------------------
-> cd C:\TNM\TNM7SE~1\TNM7SE\TNM7SE\WWE
-> winplugin ..\plugins\tnmmatch\tnmmatch.exe
Changing to WWE
-> crowdfade
Shut up crowd.
heat= 0, personalheat= 3
Cleaning up
------------------------------------------------
-> cd C:\TNM\TNM7SE~1\TNM7SE\TNM7SE\WWE
-> winplugin ..\plugins\tnmmatch\tnmmatch.exe
Changing to WWE
-> crowdfade
Shut up crowd.
heat= 0, personalheat= 3
Cleaning up
------------------------------------------------
-> cd C:\TNM\TNM7SE~1\TNM7SE\TNM7SE\WWE
-> winplugin ..\plugins\tnmmatch\tnmmatch.exe
Changing to WWE
-> crowdfade
Shut up crowd.
heat= 0, personalheat= 3
Cleaning up
------------------------------------------------
-> cd C:\TNM\TNM7SE~1\TNM7SE\TNM7SE\WWE
-> winplugin ..\plugins\tnmmatch\tnmmatch.exe
Changing to WWE
-> crowdfade
Shut up crowd.
heat= 0, personalheat= 3
Cleaning up
------------------------------------------------
-> cd C:\TNM\TNM7SE~1\TNM7SE\TNM7SE\WWE
-> winplugin ..\plugins\tnmmatch\tnmmatch.exe
Changing to WWE
-> notepad .\WWE\card.tmp
Cleaning up
------------------------------------------------
-> crowdfade
Shut up crowd.
heat= 0, personalheat= 3
Cleaning up
------------------------------------------------
-> cd C:\TNM\TNM7SE~1\TNM7SE\TNM7SE\WWE
-> winplugin ..\plugins\tnmmatch\tnmmatch.exe
Changing to WWE
-> crowdfade
Shut up crowd.
heat= 0, personalheat= 3
Cleaning up
------------------------------------------------
-> cd C:\TNM\TNM7SE~1\TNM7SE\TNM7SE\WWE
-> winplugin ..\plugins\tnmmatch\tnmmatch.exe
Changing to WWE
-> crowdfade
Shut up crowd.
heat= 0, personalheat= 3
Cleaning up
------------------------------------------------
-> cd C:\TNM\TNM7SE~1\TNM7SE\TNM7SE\WWE
-> winplugin ..\plugins\tnmmatch\tnmmatch.exe
Changing to WWE
-> crowdfade
Shut up crowd.
heat= 0, personalheat= 3
Cleaning up
------------------------------------------------
-> cd C:\TNM\TNM7SE~1\TNM7SE\TNM7SE\WWE
-> winplugin ..\plugins\tnmmatch\tnmmatch.exe
Changing to WWE
-> crowdfade
Shut up crowd.
heat= 0, personalheat= 3
Cleaning up
------------------------------------------------
-> cd C:\TNM\TNM7SE~1\TNM7SE\TNM7SE\WWE
-> winplugin ..\plugins\tnmmatch\tnmmatch.exe
Changing to WWE
-> crowdfade
Shut up crowd.
heat= 0, personalheat= 3
Cleaning up
------------------------------------------------
-> cd C:\TNM\TNM7SE~1\TNM7SE\TNM7SE\WWE
-> winplugin ..\plugins\tnmmatch\tnmmatch.exe
Changing to WWE
-> crowdfade
Shut up crowd.
heat= 0, personalheat= 3
Cleaning up
------------------------------------------------
-> cd C:\TNM\TNM7SE~1\TNM7SE\TNM7SE\WWE
-> winplugin ..\plugins\tnmmatch\tnmmatch.exe
Changing to WWE
-> crowdfade
Shut up crowd.
heat= 0, personalheat= 3
Cleaning up
------------------------------------------------
-> cd C:\TNM\TNM7SE~1\TNM7SE\TNM7SE\WWE
-> winplugin ..\plugins\tnmmatch\tnmmatch.exe
Changing to WWE
-> crowdfade
Shut up crowd.
heat= 0, personalheat= 3
Cleaning up
------------------------------------------------
-> cd C:\TNM\TNM7SE~1\TNM7SE\TNM7SE\WWE
-> winplugin ..\plugins\tnmmatch\tnmmatch.exe
Changing to WWE
-> crowdfade
Shut up crowd.
heat= 0, personalheat= 3
Cleaning up
------------------------------------------------
-> cd C:\TNM\TNM7SE~1\TNM7SE\TNM7SE\WWE
-> winplugin ..\plugins\tnmmatch\tnmmatch.exe
Changing to WWE
-> crowdfade
Shut up crowd.
heat= 0, personalheat= 3
Cleaning up
------------------------------------------------
-> cd C:\TNM\TNM7SE~1\TNM7SE\TNM7SE\WWE
-> winplugin ..\plugins\tnmmatch\tnmmatch.exe
Changing to WWE
-> crowdfade
Shut up crowd.
heat= 0, personalheat= 3
Cleaning up
------------------------------------------------
-> cd C:\TNM\TNM7SE~1\TNM7SE\TNM7SE\WWE
-> winplugin ..\plugins\tnmmatch\tnmmatch.exe
Changing to WWE
-> crowdfade
Shut up crowd.
heat= 0, personalheat= 3
Cleaning up
------------------------------------------------
-> cd C:\TNM\TNM7SE~1\TNM7SE\TNM7SE\WWE
-> winplugin ..\plugins\tnmmatch\tnmmatch.exe
Changing to WWE
-> crowdfade
Shut up crowd.
heat= 0, personalheat= 3
Cleaning up
------------------------------------------------
-> cd C:\TNM\TNM7SE~1\TNM7SE\TNM7SE\WWE
-> winplugin ..\plugins\tnmmatch\tnmmatch.exe
Changing to WWE
-> crowdfade
Shut up crowd.
heat= 0, personalheat= 3
Cleaning up
------------------------------------------------
-> cd C:\TNM\TNM7SE~1\TNM7SE\TNM7SE\WWE
-> winplugin ..\plugins\tnmmatch\tnmmatch.exe
Changing to WWE
-> crowdfade
Shut up crowd.
heat= 0, personalheat= 3
Cleaning up
------------------------------------------------
-> cd C:\TNM\TNM7SE~1\TNM7SE\TNM7SE\WWE
-> winplugin ..\plugins\tnmmatch\tnmmatch.exe
Changing to WWE
-> crowdfade
Shut up crowd.
heat= 0, personalheat= 3
Cleaning up
------------------------------------------------
-> cd C:\TNM\TNM7SE~1\TNM7SE\TNM7SE\WWE
-> winplugin ..\plugins\tnmmatch\tnmmatch.exe
Changing to WWE
-> crowdfade
Shut up crowd.
heat= 0, personalheat= 3
Cleaning up
------------------------------------------------
-> cd C:\TNM\TNM7SE~1\TNM7SE\TNM7SE\WWE
-> winplugin ..\plugins\tnmmatch\tnmmatch.exe
Changing to WWE
-> crowdfade
Shut up crowd.
heat= 0, personalheat= 3
Cleaning up
------------------------------------------------
-> cd C:\TNM\TNM7SE~1\TNM7SE\TNM7SE\WWE
-> winplugin ..\plugins\tnmmatch\tnmmatch.exe
Changing to WWE
-> crowdfade
Shut up crowd.
heat= 0, personalheat= 3
Cleaning up
------------------------------------------------
-> cd C:\TNM\TNM7SE~1\TNM7SE\TNM7SE\WWE
-> winplugin ..\plugins\tnmmatch\tnmmatch.exe
Changing to WWE
-> crowdfade
Shut up crowd.
heat= 0, personalheat= 3
Cleaning up
------------------------------------------------
-> cd C:\TNM\TNM7SE~1\TNM7SE\TNM7SE\WWE
-> winplugin ..\plugins\tnmmatch\tnmmatch.exe
Changing to WWE
-> crowdfade
Shut up crowd.
heat= 0, personalheat= 3
Cleaning up
------------------------------------------------
-> cd C:\TNM\TNM7SE~1\TNM7SE\TNM7SE\WWE
-> winplugin ..\plugins\tnmmatch\tnmmatch.exe
Changing to WWE
-> crowdfade
Shut up crowd.
heat= 0, personalheat= 3
Cleaning up
------------------------------------------------
-> cd C:\TNM\TNM7SE~1\TNM7SE\TNM7SE\WWE
-> winplugin ..\plugins\tnmmatch\tnmmatch.exe
Changing to WWE
-> crowdfade
Shut up crowd.
heat= 0, personalheat= 3
Cleaning up
------------------------------------------------
-> cd C:\TNM\TNM7SE~1\TNM7SE\TNM7SE\WWE
-> winplugin ..\plugins\tnmmatch\tnmmatch.exe
Changing to WWE
-> crowdfade
Shut up crowd.
heat= 0, personalheat= 3
Cleaning up
------------------------------------------------
-> cd C:\TNM\TNM7SE~1\TNM7SE\TNM7SE\WWE
-> winplugin ..\plugins\tnmmatch\tnmmatch.exe
Changing to WWE
-> crowdfade
Shut up crowd.
heat= 0, personalheat= 3
Cleaning up
------------------------------------------------
-> cd C:\TNM\TNM7SE~1\TNM7SE\TNM7SE\WWE
-> winplugin ..\plugins\tnmmatch\tnmmatch.exe
Changing to WWE
-> crowdfade
Shut up crowd.
heat= 0, personalheat= 3
Cleaning up
------------------------------------------------
-> cd C:\TNM\TNM7SE~1\TNM7SE\TNM7SE\WWE
-> winplugin ..\plugins\tnmmatch\tnmmatch.exe
Changing to WWE
-> crowdfade
Shut up crowd.
heat= 0, personalheat= 3
Cleaning up
------------------------------------------------
-> cd C:\TNM\TNM7SE~1\TNM7SE\TNM7SE\WWE
-> winplugin ..\plugins\tnmmatch\tnmmatch.exe
Changing to WWE
-> crowdfade
Shut up crowd.
heat= 0, personalheat= 3
Cleaning up
------------------------------------------------
-> cd C:\TNM\TNM7SE~1\TNM7SE\TNM7SE\WWE
-> winplugin ..\plugins\tnmmatch\tnmmatch.exe
Changing to WWE
-> crowdfade
Shut up crowd.
heat= 0, personalheat= 3
Cleaning up
------------------------------------------------
-> cd C:\TNM\TNM7SE~1\TNM7SE\TNM7SE\WWE
-> winplugin ..\plugins\tnmmatch\tnmmatch.exe
Changing to WWE
-> crowdfade
Shut up crowd.
heat= 0, personalheat= 3
Cleaning up
------------------------------------------------
-> cd C:\TNM\TNM7SE~1\TNM7SE\TNM7SE\WWE
-> winplugin ..\plugins\tnmmatch\tnmmatch.exe
Changing to WWE
-> crowdfade
Shut up crowd.
heat= 0, personalheat= 3
Cleaning up
------------------------------------------------
-> cd C:\TNM\TNM7SE~1\TNM7SE\TNM7SE\WWE
-> winplugin ..\plugins\tnmmatch\tnmmatch.exe
Changing to WWE
-> crowdfade
Shut up crowd.
heat= 0, personalheat= 3
Cleaning up
------------------------------------------------
-> cd C:\TNM\TNM7SE~1\TNM7SE\TNM7SE\WWE
-> winplugin ..\plugins\tnmmatch\tnmmatch.exe
Changing to WWE
-> crowdfade
Shut up crowd.
heat= 0, personalheat= 3
Cleaning up
------------------------------------------------
-> cd C:\TNM\TNM7SE~1\TNM7SE\TNM7SE\WWE
-> winplugin ..\plugins\tnmmatch\tnmmatch.exe
Changing to WWE
-> crowdfade
Shut up crowd.
heat= 0, personalheat= 3
Cleaning up
------------------------------------------------
-> cd C:\TNM\TNM7SE~1\TNM7SE\TNM7SE\WWE
-> winplugin ..\plugins\tnmmatch\tnmmatch.exe
Changing to WWE
-> crowdfade
Shut up crowd.
heat= 0, personalheat= 3
Cleaning up
------------------------------------------------
-> cd C:\TNM\TNM7SE~1\TNM7SE\TNM7SE\WWE
-> winplugin ..\plugins\tnmmatch\tnmmatch.exe
Changing to WWE
-> crowdfade
Shut up crowd.
heat= 0, personalheat= 3
Cleaning up
------------------------------------------------
-> cd C:\TNM\TNM7SE~1\TNM7SE\TNM7SE\WWE
-> winplugin ..\plugins\tnmmatch\tnmmatch.exe
Changing to WWE
-> crowdfade
Shut up crowd.
heat= 0, personalheat= 3
Cleaning up
------------------------------------------------
-> cd C:\TNM\TNM7SE~1\TNM7SE\TNM7SE\NXT
-> winplugin ..\plugins\tnmmatch\tnmmatch.exe
Changing to NXT
-> crowdfade
Shut up crowd.
heat= 0, personalheat= 3
Cleaning up
------------------------------------------------
-> cd C:\TNM\TNM7SE~1\TNM7SE\TNM7SE\NXT
-> winplugin ..\plugins\tnmmatch\tnmmatch.exe
Changing to NXT
-> crowdfade
Shut up crowd.
heat= 0, personalheat= 3
Cleaning up
------------------------------------------------
-> cd C:\TNM\TNM7SE~1\TNM7SE\TNM7SE\NXT
-> winplugin ..\plugins\tnmmatch\tnmmatch.exe
Changing to NXT
-> crowdfade
Shut up crowd.
heat= 0, personalheat= 3
Cleaning up
------------------------------------------------
-> cd C:\TNM\TNM7SE~1\TNM7SE\TNM7SE\NXT
-> winplugin ..\plugins\tnmmatch\tnmmatch.exe
Changing to NXT
-> crowdfade
Shut up crowd.
heat= 0, personalheat= 3
Cleaning up
------------------------------------------------
-> cd C:\TNM\TNM7SE~1\TNM7SE\TNM7SE\NXT
-> winplugin ..\plugins\tnmmatch\tnmmatch.exe
Changing to NXT
-> crowdfade
Shut up crowd.
heat= 0, personalheat= 3
Cleaning up
------------------------------------------------
-> cd C:\TNM\TNM7SE~1\TNM7SE\TNM7SE\NXT
-> winplugin ..\plugins\tnmmatch\tnmmatch.exe
Changing to NXT
-> crowdfade
Shut up crowd.
heat= 0, personalheat= 3
Cleaning up
------------------------------------------------
-> cd C:\TNM\TNM7SE~1\TNM7SE\TNM7SE\CMLL
-> winplugin ..\plugins\tnmmatch\tnmmatch.exe
Changing to CMLL
-> crowdfade
Shut up crowd.
heat= 0, personalheat= 3
Cleaning up
------------------------------------------------
-> cd C:\TNM\TNM7SE~1\TNM7SE\TNM7SE\CMLL
-> winplugin ..\plugins\tnmmatch\tnmmatch.exe
Changing to CMLL
-> crowdfade
Shut up crowd.
heat= 0, personalheat= 3
Cleaning up
------------------------------------------------
-> cd C:\TNM\TNM7SE~1\TNM7SE\TNM7SE\CMLL
-> winplugin ..\plugins\tnmmatch\tnmmatch.exe
Changing to CMLL
TNM 7 SE Windows Wrapper Service, Build 4.087

Listening for service requests...

C:\TNM\tnm7se_build_13\tnm7se\tnm7se\data\__c004.mp3
C:\TNM\tnm7se_build_13\tnm7se\tnm7se\data\__b003.mp3
TNM 7 SE Windows Wrapper Service, Build 4.087

Listening for service requests...

C:\TNM\tnm7se_build_13\tnm7se\tnm7se\data\__c004.mp3
C:\TNM\tnm7se_build_13\tnm7se\tnm7se\data\__b003.mp3
-> crowdfade
Shut up crowd.
heat= 0, personalheat= 3
Cleaning up
------------------------------------------------
-> cd C:\TNM\TNM7SE~1\TNM7SE\TNM7SE\WWE
-> winplugin ..\plugins\tnmmatch\tnmmatch.exe
Changing to WWE
-> crowdfade
Shut up crowd.
heat= 0, personalheat= 3
Cleaning up
------------------------------------------------
-> cd C:\TNM\TNM7SE~1\TNM7SE\TNM7SE\WWE
-> winplugin ..\plugins\tnmmatch\tnmmatch.exe
Changing to WWE
-> crowdfade
Shut up crowd.
heat= 0, personalheat= 3
Cleaning up
------------------------------------------------
-> cd C:\TNM\TNM7SE~1\TNM7SE\TNM7SE\WWE
-> winplugin ..\plugins\tnmmatch\tnmmatch.exe
Changing to WWE
-> crowdfade
Shut up crowd.
heat= 0, personalheat= 3
Cleaning up
------------------------------------------------
-> cd C:\TNM\TNM7SE~1\TNM7SE\TNM7SE\WWE
-> winplugin ..\plugins\tnmmatch\tnmmatch.exe
Changing to WWE
-> crowdfade
Shut up crowd.
heat= 0, personalheat= 3
Cleaning up
------------------------------------------------
-> cd C:\TNM\TNM7SE~1\TNM7SE\TNM7SE\WWE
-> winplugin ..\plugins\tnmmatch\tnmmatch.exe
Changing to WWE
-> crowdfade
Shut up crowd.
heat= 0, personalheat= 3
Cleaning up
------------------------------------------------
-> cd C:\TNM\TNM7SE~1\TNM7SE\TNM7SE\WWE
-> winplugin ..\plugins\tnmmatch\tnmmatch.exe
Changing to WWE
-> crowdfade
Shut up crowd.
heat= 0, personalheat= 3
Cleaning up
------------------------------------------------
-> cd C:\TNM\TNM7SE~1\TNM7SE\TNM7SE\WWE
-> winplugin ..\plugins\tnmmatch\tnmmatch.exe
Changing to WWE
-> crowdfade
Shut up crowd.
heat= 0, personalheat= 3
Cleaning up
------------------------------------------------
-> cd C:\TNM\TNM7SE~1\TNM7SE\TNM7SE\WWE
-> winplugin ..\plugins\tnmmatch\tnmmatch.exe
Changing to WWE
-> crowdfade
Shut up crowd.
heat= 0, personalheat= 3
Cleaning up
------------------------------------------------
-> cd C:\TNM\TNM7SE~1\TNM7SE\TNM7SE\WWE
-> winplugin ..\plugins\tnmmatch\tnmmatch.exe
Changing to WWE
-> crowdfade
Shut up crowd.
heat= 0, personalheat= 3
Cleaning up
------------------------------------------------
-> cd C:\TNM\TNM7SE~1\TNM7SE\TNM7SE\WWE
-> winplugin ..\plugins\tnmmatch\tnmmatch.exe
Changing to WWE
-> notepad .\IMPACT\card.tmp
Cleaning up
------------------------------------------------
Cleaning up
------------------------------------------------
-> crowdfade
Shut up crowd.
heat= 0, personalheat= 3
Cleaning up
------------------------------------------------
-> cd C:\TNM\TNM7SE~1\TNM7SE\TNM7SE\IMPACT
-> winplugin ..\plugins\tnmmatch\tnmmatch.exe
Changing to IMPACT
-> crowdfade
Shut up crowd.
heat= 0, personalheat= 3
Cleaning up
------------------------------------------------
-> cd C:\TNM\TNM7SE~1\TNM7SE\TNM7SE\IMPACT
-> winplugin ..\plugins\tnmmatch\tnmmatch.exe
Changing to IMPACT
-> crowdfade
Shut up crowd.
heat= 0, personalheat= 3
Cleaning up
------------------------------------------------
-> cd C:\TNM\TNM7SE~1\TNM7SE\TNM7SE\IMPACT
-> winplugin ..\plugins\tnmmatch\tnmmatch.exe
Changing to IMPACT
-> crowdfade
Shut up crowd.
heat= 0, personalheat= 3
Cleaning up
------------------------------------------------
-> cd C:\TNM\TNM7SE~1\TNM7SE\TNM7SE\IMPACT
-> winplugin ..\plugins\tnmmatch\tnmmatch.exe
Changing to IMPACT
-> crowdfade
Shut up crowd.
heat= 0, personalheat= 3
Cleaning up
------------------------------------------------
-> cd C:\TNM\TNM7SE~1\TNM7SE\TNM7SE\IMPACT
-> winplugin ..\plugins\tnmmatch\tnmmatch.exe
Changing to IMPACT
-> crowdfade
Shut up crowd.
heat= 0, personalheat= 3
Cleaning up
------------------------------------------------
-> cd C:\TNM\TNM7SE~1\TNM7SE\TNM7SE\NJPW
-> winplugin ..\plugins\tnmmatch\tnmmatch.exe
Changing to NJPW
-> crowdfade
Shut up crowd.
heat= 0, personalheat= 3
Cleaning up
------------------------------------------------
-> cd C:\TNM\TNM7SE~1\TNM7SE\TNM7SE\NJPW
-> winplugin ..\plugins\tnmmatch\tnmmatch.exe
Changing to NJPW
-> crowdfade
Shut up crowd.
heat= 0, personalheat= 3
Cleaning up
------------------------------------------------
-> cd C:\TNM\TNM7SE~1\TNM7SE\TNM7SE\NJPW
-> winplugin ..\plugins\tnmmatch\tnmmatch.exe
Changing to NJPW
-> crowdfade
Shut up crowd.
heat= 0, personalheat= 3
Cleaning up
------------------------------------------------
-> cd C:\TNM\TNM7SE~1\TNM7SE\TNM7SE\NJPW
-> winplugin ..\plugins\tnmmatch\tnmmatch.exe
Changing to NJPW
-> crowdfade
Shut up crowd.
heat= 0, personalheat= 3
Cleaning up
------------------------------------------------
-> cd C:\TNM\TNM7SE~1\TNM7SE\TNM7SE\NJPW
-> winplugin ..\plugins\tnmmatch\tnmmatch.exe
Changing to NJPW
-> crowdfade
Shut up crowd.
heat= 0, personalheat= 3
Cleaning up
------------------------------------------------
-> cd C:\TNM\TNM7SE~1\TNM7SE\TNM7SE\NJPW
-> winplugin ..\plugins\tnmmatch\tnmmatch.exe
Changing to NJPW
-> crowdfade
Shut up crowd.
heat= 0, personalheat= 3
Cleaning up
------------------------------------------------
-> cd C:\TNM\TNM7SE~1\TNM7SE\TNM7SE\NJPW
-> winplugin ..\plugins\tnmmatch\tnmmatch.exe
Changing to NJPW
-> crowdfade
Shut up crowd.
heat= 0, personalheat= 3
Cleaning up
------------------------------------------------
-> cd C:\TNM\TNM7SE~1\TNM7SE\TNM7SE\NJPW
-> winplugin ..\plugins\tnmmatch\tnmmatch.exe
Changing to NJPW
-> crowdfade
Shut up crowd.
heat= 0, personalheat= 3
Cleaning up
------------------------------------------------
-> cd C:\TNM\TNM7SE~1\TNM7SE\TNM7SE\IMPACT
-> winplugin ..\plugins\tnmmatch\tnmmatch.exe
Changing to IMPACT
-> crowdfade
Shut up crowd.
heat= 0, personalheat= 3
Cleaning up
------------------------------------------------
-> cd C:\TNM\TNM7SE~1\TNM7SE\TNM7SE\IMPACT
-> winplugin ..\plugins\tnmmatch\tnmmatch.exe
Changing to IMPACT
-> crowdfade
Shut up crowd.
heat= 0, personalheat= 3
Cleaning up
------------------------------------------------
-> cd C:\TNM\TNM7SE~1\TNM7SE\TNM7SE\IMPACT
-> winplugin ..\plugins\tnmmatch\tnmmatch.exe
Changing to IMPACT
-> crowdfade
Shut up crowd.
heat= 0, personalheat= 3
Cleaning up
------------------------------------------------
-> cd C:\TNM\TNM7SE~1\TNM7SE\TNM7SE\IMPACT
-> winplugin ..\plugins\tnmmatch\tnmmatch.exe
Changing to IMPACT
-> crowdfade
Shut up crowd.
heat= 0, personalheat= 3
Cleaning up
------------------------------------------------
-> cd C:\TNM\TNM7SE~1\TNM7SE\TNM7SE\IMPACT
-> winplugin ..\plugins\tnmmatch\tnmmatch.exe
Changing to IMPACT
-> crowdfade
Shut up crowd.
heat= 0, personalheat= 3
Cleaning up
------------------------------------------------
-> cd C:\TNM\TNM7SE~1\TNM7SE\TNM7SE\IMPACT
-> winplugin ..\plugins\tnmmatch\tnmmatch.exe
Changing to IMPACT
TNM 7 SE Windows Wrapper Service, Build 4.087

Listening for service requests...

C:\TNM\tnm7se_build_13\tnm7se\tnm7se\data\__c004.mp3
C:\TNM\tnm7se_build_13\tnm7se\tnm7se\data\__b003.mp3
-> crowdfade
Shut up crowd.
heat= 0, personalheat= 3
Cleaning up
------------------------------------------------
-> cd C:\TNM\TNM7SE~1\TNM7SE\TNM7SE\CMLL
-> winplugin ..\plugins\tnmmatch\tnmmatch.exe
Changing to CMLL
-> crowdfade
Shut up crowd.
heat= 0, personalheat= 3
Cleaning up
------------------------------------------------
-> cd C:\TNM\TNM7SE~1\TNM7SE\TNM7SE\CMLL
-> winplugin ..\plugins\tnmmatch\tnmmatch.exe
Changing to CMLL
-> crowdfade
Shut up crowd.
heat= 0, personalheat= 3
Cleaning up
------------------------------------------------
-> cd C:\TNM\TNM7SE~1\TNM7SE\TNM7SE\CMLL
-> winplugin ..\plugins\tnmmatch\tnmmatch.exe
Changing to CMLL
-> crowdfade
Shut up crowd.
heat= 0, personalheat= 3
Cleaning up
------------------------------------------------
-> cd C:\TNM\TNM7SE~1\TNM7SE\TNM7SE\CMLL
-> winplugin ..\plugins\tnmmatch\tnmmatch.exe
Changing to CMLL
-> crowdfade
Shut up crowd.
heat= 0, personalheat= 3
Cleaning up
------------------------------------------------
-> cd C:\TNM\TNM7SE~1\TNM7SE\TNM7SE\CMLL
-> winplugin ..\plugins\tnmmatch\tnmmatch.exe
Changing to CMLL
-> crowdfade
Shut up crowd.
heat= 0, personalheat= 3
Cleaning up
------------------------------------------------
-> cd C:\TNM\TNM7SE~1\TNM7SE\TNM7SE\CMLL
-> winplugin ..\plugins\tnmmatch\tnmmatch.exe
Changing to CMLL
-> crowdfade
Shut up crowd.
heat= 0, personalheat= 3
Cleaning up
------------------------------------------------
-> cd C:\TNM\TNM7SE~1\TNM7SE\TNM7SE\CMLL
-> winplugin ..\plugins\tnmmatch\tnmmatch.exe
Changing to CMLL
TNM 7 SE Windows Wrapper Service, Build 4.087

Listening for service requests...

C:\TNM\tnm7se_build_13\tnm7se\tnm7se\data\__c004.mp3
C:\TNM\tnm7se_build_13\tnm7se\tnm7se\data\__b003.mp3
-> crowdfade
Shut up crowd.
heat= 0, personalheat= 3
Cleaning up
------------------------------------------------
-> cd C:\TNM\TNM7SE~1\TNM7SE\TNM7SE\CMLL
-> winplugin ..\plugins\tnmmatch\tnmmatch.exe
Changing to CMLL
-> crowdfade
Shut up crowd.
heat= 0, personalheat= 3
Cleaning up
------------------------------------------------
-> cd C:\TNM\TNM7SE~1\TNM7SE\TNM7SE\CMLL
-> winplugin ..\plugins\tnmmatch\tnmmatch.exe
Changing to CMLL
-> crowdfade
Shut up crowd.
heat= 0, personalheat= 3
Cleaning up
------------------------------------------------
-> cd C:\TNM\TNM7SE~1\TNM7SE\TNM7SE\CMLL
-> winplugin ..\plugins\tnmmatch\tnmmatch.exe
Changing to CMLL
-> crowdfade
Shut up crowd.
heat= 0, personalheat= 3
Cleaning up
------------------------------------------------
-> cd C:\TNM\TNM7SE~1\TNM7SE\TNM7SE\NJPW
-> winplugin ..\plugins\tnmmatch\tnmmatch.exe
Changing to NJPW
-> crowdfade
Shut up crowd.
heat= 0, personalheat= 3
Cleaning up
------------------------------------------------
-> cd C:\TNM\TNM7SE~1\TNM7SE\TNM7SE\NJPW
-> winplugin ..\plugins\tnmmatch\tnmmatch.exe
Changing to NJPW
-> crowdfade
Shut up crowd.
heat= 0, personalheat= 3
Cleaning up
------------------------------------------------
-> cd C:\TNM\TNM7SE~1\TNM7SE\TNM7SE\NJPW
-> winplugin ..\plugins\tnmmatch\tnmmatch.exe
Changing to NJPW
-> crowdfade
Shut up crowd.
heat= 0, personalheat= 3
Cleaning up
------------------------------------------------
-> cd C:\TNM\TNM7SE~1\TNM7SE\TNM7SE\NJPW
-> winplugin ..\plugins\tnmmatch\tnmmatch.exe
Changing to NJPW
-> crowdfade
Shut up crowd.
heat= 0, personalheat= 3
Cleaning up
------------------------------------------------
-> cd C:\TNM\TNM7SE~1\TNM7SE\TNM7SE\NJPW
-> winplugin ..\plugins\tnmmatch\tnmmatch.exe
Changing to NJPW
-> crowdfade
Shut up crowd.
heat= 0, personalheat= 3
Cleaning up
------------------------------------------------
-> cd C:\TNM\TNM7SE~1\TNM7SE\TNM7SE\NJPW
-> winplugin ..\plugins\tnmmatch\tnmmatch.exe
Changing to NJPW
-> crowdfade
Shut up crowd.
heat= 0, personalheat= 3
Cleaning up
------------------------------------------------
-> cd C:\TNM\TNM7SE~1\TNM7SE\TNM7SE\NJPW
-> winplugin ..\plugins\tnmmatch\tnmmatch.exe
Changing to NJPW
-> crowdfade
Shut up crowd.
heat= 0, personalheat= 3
Cleaning up
------------------------------------------------
-> cd C:\TNM\TNM7SE~1\TNM7SE\TNM7SE\NJPW
-> winplugin ..\plugins\tnmmatch\tnmmatch.exe
Changing to NJPW
-> crowdfade
Shut up crowd.
heat= 0, personalheat= 3
Cleaning up
------------------------------------------------
-> cd C:\TNM\TNM7SE~1\TNM7SE\TNM7SE\NJPW
-> winplugin ..\plugins\tnmmatch\tnmmatch.exe
Changing to NJPW
-> crowdfade
Shut up crowd.
heat= 0, personalheat= 3
Cleaning up
------------------------------------------------
-> cd C:\TNM\TNM7SE~1\TNM7SE\TNM7SE\WWE
-> winplugin ..\plugins\tnmmatch\tnmmatch.exe
Changing to WWE
-> crowdfade
Shut up crowd.
heat= 0, personalheat= 3
Cleaning up
------------------------------------------------
-> cd C:\TNM\TNM7SE~1\TNM7SE\TNM7SE\WWE
-> winplugin ..\plugins\tnmmatch\tnmmatch.exe
Changing to WWE
-> crowdfade
Shut up crowd.
heat= 0, personalheat= 3
Cleaning up
------------------------------------------------
-> cd C:\TNM\TNM7SE~1\TNM7SE\TNM7SE\WWE
-> winplugin ..\plugins\tnmmatch\tnmmatch.exe
Changing to WWE
-> crowdfade
Shut up crowd.
heat= 0, personalheat= 3
Cleaning up
------------------------------------------------
-> cd C:\TNM\TNM7SE~1\TNM7SE\TNM7SE\WWE
-> winplugin ..\plugins\tnmmatch\tnmmatch.exe
Changing to WWE
-> crowdfade
Shut up crowd.
heat= 0, personalheat= 3
Cleaning up
------------------------------------------------
-> cd C:\TNM\TNM7SE~1\TNM7SE\TNM7SE\WWE
-> winplugin ..\plugins\tnmmatch\tnmmatch.exe
Changing to WWE
-> crowdfade
Shut up crowd.
heat= 0, personalheat= 3
Cleaning up
------------------------------------------------
-> cd C:\TNM\TNM7SE~1\TNM7SE\TNM7SE\WWE
-> winplugin ..\plugins\tnmmatch\tnmmatch.exe
Changing to WWE
-> crowdfade
Shut up crowd.
heat= 0, personalheat= 3
Cleaning up
------------------------------------------------
-> cd C:\TNM\TNM7SE~1\TNM7SE\TNM7SE\WWE
-> winplugin ..\plugins\tnmmatch\tnmmatch.exe
Changing to WWE
-> crowdfade
Shut up crowd.
heat= 0, personalheat= 3
Cleaning up
------------------------------------------------
-> cd C:\TNM\TNM7SE~1\TNM7SE\TNM7SE\WWE
-> winplugin ..\plugins\tnmmatch\tnmmatch.exe
Changing to WWE
-> crowdfade
Shut up crowd.
heat= 0, personalheat= 3
Cleaning up
------------------------------------------------
-> cd C:\TNM\TNM7SE~1\TNM7SE\TNM7SE\WWE
-> winplugin ..\plugins\tnmmatch\tnmmatch.exe
Changing to WWE
-> crowdfade
Shut up crowd.
heat= 0, personalheat= 3
Cleaning up
------------------------------------------------
-> cd C:\TNM\TNM7SE~1\TNM7SE\TNM7SE\WWE
-> winplugin ..\plugins\tnmmatch\tnmmatch.exe
Changing to WWE
-> crowdfade
Shut up crowd.
heat= 0, personalheat= 3
Cleaning up
------------------------------------------------
-> cd C:\TNM\TNM7SE~1\TNM7SE\TNM7SE\WWE
-> winplugin ..\plugins\tnmmatch\tnmmatch.exe
Changing to WWE
-> crowdfade
Shut up crowd.
heat= 0, personalheat= 3
Cleaning up
------------------------------------------------
-> cd C:\TNM\TNM7SE~1\TNM7SE\TNM7SE\WWE
-> winplugin ..\plugins\tnmmatch\tnmmatch.exe
Changing to WWE
-> crowdfade
Shut up crowd.
heat= 0, personalheat= 3
Cleaning up
------------------------------------------------
-> cd C:\TNM\TNM7SE~1\TNM7SE\TNM7SE\WWE
-> winplugin ..\plugins\tnmmatch\tnmmatch.exe
Changing to WWE
-> crowdfade
Shut up crowd.
heat= 0, personalheat= 3
Cleaning up
------------------------------------------------
-> cd C:\TNM\TNM7SE~1\TNM7SE\TNM7SE\WWE
-> winplugin ..\plugins\tnmmatch\tnmmatch.exe
Changing to WWE
-> crowdfade
Shut up crowd.
heat= 0, personalheat= 3
Cleaning up
------------------------------------------------
-> cd C:\TNM\TNM7SE~1\TNM7SE\TNM7SE\WWE
-> winplugin ..\plugins\tnmmatch\tnmmatch.exe
Changing to WWE
-> crowdfade
Shut up crowd.
heat= 0, personalheat= 3
Cleaning up
------------------------------------------------
-> cd C:\TNM\TNM7SE~1\TNM7SE\TNM7SE\WWE
-> winplugin ..\plugins\tnmmatch\tnmmatch.exe
Changing to WWE
-> crowdfade
Shut up crowd.
heat= 0, personalheat= 3
Cleaning up
------------------------------------------------
-> cd C:\TNM\TNM7SE~1\TNM7SE\TNM7SE\WWE
-> winplugin ..\plugins\tnmmatch\tnmmatch.exe
Changing to WWE
-> crowdfade
Shut up crowd.
heat= 0, personalheat= 3
Cleaning up
------------------------------------------------
-> cd C:\TNM\TNM7SE~1\TNM7SE\TNM7SE\WWE
-> winplugin ..\plugins\tnmmatch\tnmmatch.exe
Changing to WWE
-> crowdfade
Shut up crowd.
heat= 0, personalheat= 3
Cleaning up
------------------------------------------------
-> cd C:\TNM\TNM7SE~1\TNM7SE\TNM7SE\NXT
-> winplugin ..\plugins\tnmmatch\tnmmatch.exe
Changing to NXT
-> crowdfade
Shut up crowd.
heat= 0, personalheat= 3
Cleaning up
------------------------------------------------
-> cd C:\TNM\TNM7SE~1\TNM7SE\TNM7SE\NXT
-> winplugin ..\plugins\tnmmatch\tnmmatch.exe
Changing to NXT
-> crowdfade
Shut up crowd.
heat= 0, personalheat= 3
Cleaning up
------------------------------------------------
-> cd C:\TNM\TNM7SE~1\TNM7SE\TNM7SE\NXT
-> winplugin ..\plugins\tnmmatch\tnmmatch.exe
Changing to NXT
-> crowdfade
Shut up crowd.
heat= 0, personalheat= 3
Cleaning up
------------------------------------------------
-> cd C:\TNM\TNM7SE~1\TNM7SE\TNM7SE\NXT
-> winplugin ..\plugins\tnmmatch\tnmmatch.exe
Changing to NXT
-> crowdfade
Shut up crowd.
heat= 0, personalheat= 3
Cleaning up
------------------------------------------------
-> cd C:\TNM\TNM7SE~1\TNM7SE\TNM7SE\NXT
-> winplugin ..\plugins\tnmmatch\tnmmatch.exe
Changing to NXT
-> crowdfade
Shut up crowd.
heat= 0, personalheat= 3
Cleaning up
------------------------------------------------
-> cd C:\TNM\TNM7SE~1\TNM7SE\TNM7SE\NXT
-> winplugin ..\plugins\tnmmatch\tnmmatch.exe
Changing to NXT
TNM 7 SE Windows Wrapper Service, Build 4.087

Listening for service requests...

C:\TNM\tnm7se_build_13\tnm7se\tnm7se\data\__c004.mp3
C:\TNM\tnm7se_build_13\tnm7se\tnm7se\data\__b003.mp3
-> start tnm7se_manual.pdf
tnm7se_manual.pdf
Cleaning up
------------------------------------------------
-> start tnm7se_manual.pdf
tnm7se_manual.pdf
Cleaning up
------------------------------------------------
TNM 7 SE Windows Wrapper Service, Build 4.087

Listening for service requests...

C:\TNM\tnm7se_build_13\tnm7se\tnm7se\data\__c004.mp3
C:\TNM\tnm7se_build_13\tnm7se\tnm7se\data\__b003.mp3
TNM 7 SE Windows Wrapper Service, Build 4.087

Listening for service requests...

C:\TNM\tnm7se_build_13\tnm7se\tnm7se\data\__c004.mp3
C:\TNM\tnm7se_build_13\tnm7se\tnm7se\data\__b003.mp3
TNM 7 SE Windows Wrapper Service, Build 4.087

Listening for service requests...

C:\TNM\tnm7se_build_13\tnm7se\tnm7se\data\__c004.mp3
C:\TNM\tnm7se_build_13\tnm7se\tnm7se\data\__b003.mp3
TNM 7 SE Windows Wrapper Service, Build 4.087

Listening for service requests...

C:\TNM\tnm7se_build_13\tnm7se\tnm7se\data\__c004.mp3
C:\TNM\tnm7se_build_13\tnm7se\tnm7se\data\__b003.mp3
TNM 7 SE Windows Wrapper Service, Build 4.087

Listening for service requests...

C:\TNM\tnm7se_build_13\tnm7se\tnm7se\data\__c004.mp3
C:\TNM\tnm7se_build_13\tnm7se\tnm7se\data\__b003.mp3
TNM 7 SE Windows Wrapper Service, Build 4.087

Listening for service requests...

C:\TNM\tnm7se_build_13\tnm7se\tnm7se\data\__c004.mp3
C:\TNM\tnm7se_build_13\tnm7se\tnm7se\data\__b003.mp3
-> crowdfade
Shut up crowd.
heat= 0, personalheat= 3
Cleaning up
------------------------------------------------
-> cd C:\TNM\TNM7SE~1\TNM7SE\TNM7SE\IMPACT
-> winplugin ..\plugins\tnmmatch\tnmmatch.exe
Changing to IMPACT
-> crowdfade
Shut up crowd.
heat= 0, personalheat= 3
Cleaning up
------------------------------------------------
-> cd C:\TNM\TNM7SE~1\TNM7SE\TNM7SE\IMPACT
-> winplugin ..\plugins\tnmmatch\tnmmatch.exe
Changing to IMPACT
-> crowdfade
Shut up crowd.
heat= 0, personalheat= 3
Cleaning up
------------------------------------------------
-> cd C:\TNM\TNM7SE~1\TNM7SE\TNM7SE\IMPACT
-> winplugin ..\plugins\tnmmatch\tnmmatch.exe
Changing to IMPACT
-> crowdfade
Shut up crowd.
heat= 0, personalheat= 3
Cleaning up
------------------------------------------------
-> cd C:\TNM\TNM7SE~1\TNM7SE\TNM7SE\CMLL
-> winplugin ..\plugins\tnmmatch\tnmmatch.exe
Changing to CMLL
-> crowdfade
Shut up crowd.
heat= 0, personalheat= 3
Cleaning up
------------------------------------------------
-> cd C:\TNM\TNM7SE~1\TNM7SE\TNM7SE\CMLL
-> winplugin ..\plugins\tnmmatch\tnmmatch.exe
Changing to CMLL
-> crowdfade
Shut up crowd.
heat= 0, personalheat= 3
Cleaning up
------------------------------------------------
-> cd C:\TNM\TNM7SE~1\TNM7SE\TNM7SE\CMLL
-> winplugin ..\plugins\tnmmatch\tnmmatch.exe
Changing to CMLL
-> crowdfade
Shut up crowd.
heat= 0, personalheat= 3
Cleaning up
------------------------------------------------
-> cd C:\TNM\TNM7SE~1\TNM7SE\TNM7SE\CMLL
-> winplugin ..\plugins\tnmmatch\tnmmatch.exe
Changing to CMLL
-> crowdfade
Shut up crowd.
heat= 0, personalheat= 3
Cleaning up
------------------------------------------------
-> cd C:\TNM\TNM7SE~1\TNM7SE\TNM7SE\CMLL
-> winplugin ..\plugins\tnmmatch\tnmmatch.exe
Changing to CMLL
-> crowdfade
Shut up crowd.
heat= 0, personalheat= 3
Cleaning up
------------------------------------------------
-> cd C:\TNM\TNM7SE~1\TNM7SE\TNM7SE\CMLL
-> winplugin ..\plugins\tnmmatch\tnmmatch.exe
Changing to CMLL
-> crowdfade
Shut up crowd.
heat= 0, personalheat= 3
Cleaning up
------------------------------------------------
-> cd C:\TNM\TNM7SE~1\TNM7SE\TNM7SE\CMLL
-> winplugin ..\plugins\tnmmatch\tnmmatch.exe
Changing to CMLL
-> crowdfade
Shut up crowd.
heat= 0, personalheat= 3
Cleaning up
------------------------------------------------
-> cd C:\TNM\TNM7SE~1\TNM7SE\TNM7SE\CMLL
-> winplugin ..\plugins\tnmmatch\tnmmatch.exe
Changing to CMLL
-> crowdfade
Shut up crowd.
heat= 0, personalheat= 3
Cleaning up
------------------------------------------------
-> cd C:\TNM\TNM7SE~1\TNM7SE\TNM7SE\CMLL
-> winplugin ..\plugins\tnmmatch\tnmmatch.exe
Changing to CMLL
-> crowdfade
Shut up crowd.
heat= 0, personalheat= 3
Cleaning up
------------------------------------------------
-> cd C:\TNM\TNM7SE~1\TNM7SE\TNM7SE\CMLL
-> winplugin ..\plugins\tnmmatch\tnmmatch.exe
Changing to CMLL
-> crowdfade
Shut up crowd.
heat= 0, personalheat= 3
Cleaning up
------------------------------------------------
-> cd C:\TNM\TNM7SE~1\TNM7SE\TNM7SE\CMLL
-> winplugin ..\plugins\tnmmatch\tnmmatch.exe
Changing to CMLL
-> crowdfade
Shut up crowd.
heat= 0, personalheat= 3
Cleaning up
------------------------------------------------
-> cd C:\TNM\TNM7SE~1\TNM7SE\TNM7SE\CMLL
-> winplugin ..\plugins\tnmmatch\tnmmatch.exe
Changing to CMLL
-> crowdfade
Shut up crowd.
heat= 0, personalheat= 3
Cleaning up
------------------------------------------------
-> cd C:\TNM\TNM7SE~1\TNM7SE\TNM7SE\AEW
-> winplugin ..\plugins\tnmmatch\tnmmatch.exe
Changing to AEW
-> crowdfade
Shut up crowd.
heat= 0, personalheat= 3
Cleaning up
------------------------------------------------
-> cd C:\TNM\TNM7SE~1\TNM7SE\TNM7SE\AEW
-> winplugin ..\plugins\tnmmatch\tnmmatch.exe
Changing to AEW
-> crowdfade
Shut up crowd.
heat= 0, personalheat= 3
Cleaning up
------------------------------------------------
-> cd C:\TNM\TNM7SE~1\TNM7SE\TNM7SE\AEW
-> winplugin ..\plugins\tnmmatch\tnmmatch.exe
Changing to AEW
-> crowdfade
Shut up crowd.
heat= 0, personalheat= 3
Cleaning up
------------------------------------------------
-> cd C:\TNM\TNM7SE~1\TNM7SE\TNM7SE\AEW
-> winplugin ..\plugins\tnmmatch\tnmmatch.exe
Changing to AEW
-> crowdfade
Shut up crowd.
heat= 0, personalheat= 3
Cleaning up
------------------------------------------------
-> cd C:\TNM\TNM7SE~1\TNM7SE\TNM7SE\AEW
-> winplugin ..\plugins\tnmmatch\tnmmatch.exe
Changing to AEW
-> crowdfade
Shut up crowd.
heat= 0, personalheat= 3
Cleaning up
------------------------------------------------
-> cd C:\TNM\TNM7SE~1\TNM7SE\TNM7SE\AEW
-> winplugin ..\plugins\tnmmatch\tnmmatch.exe
Changing to AEW
-> crowdfade
Shut up crowd.
heat= 0, personalheat= 3
Cleaning up
------------------------------------------------
-> cd C:\TNM\TNM7SE~1\TNM7SE\TNM7SE\AEW
-> winplugin ..\plugins\tnmmatch\tnmmatch.exe
Changing to AEW
-> crowdfade
Shut up crowd.
heat= 0, personalheat= 3
Cleaning up
------------------------------------------------
-> cd C:\TNM\TNM7SE~1\TNM7SE\TNM7SE\WWE
-> winplugin ..\plugins\tnmmatch\tnmmatch.exe
Changing to WWE
-> crowdfade
Shut up crowd.
heat= 0, personalheat= 3
Cleaning up
------------------------------------------------
-> cd C:\TNM\TNM7SE~1\TNM7SE\TNM7SE\WWE
-> winplugin ..\plugins\tnmmatch\tnmmatch.exe
Changing to WWE
-> crowdfade
Shut up crowd.
heat= 0, personalheat= 3
Cleaning up
------------------------------------------------
-> cd C:\TNM\TNM7SE~1\TNM7SE\TNM7SE\WWE
-> winplugin ..\plugins\tnmmatch\tnmmatch.exe
Changing to WWE
-> crowdfade
Shut up crowd.
heat= 0, personalheat= 3
Cleaning up
------------------------------------------------
-> cd C:\TNM\TNM7SE~1\TNM7SE\TNM7SE\WWE
-> winplugin ..\plugins\tnmmatch\tnmmatch.exe
Changing to WWE
-> crowdfade
Shut up crowd.
heat= 0, personalheat= 3
Cleaning up
------------------------------------------------
-> cd C:\TNM\TNM7SE~1\TNM7SE\TNM7SE\WWE
-> winplugin ..\plugins\tnmmatch\tnmmatch.exe
Changing to WWE
-> crowdfade
Shut up crowd.
heat= 0, personalheat= 3
Cleaning up
------------------------------------------------
-> cd C:\TNM\TNM7SE~1\TNM7SE\TNM7SE\WWE
-> winplugin ..\plugins\tnmmatch\tnmmatch.exe
Changing to WWE
-> crowdfade
Shut up crowd.
heat= 0, personalheat= 3
Cleaning up
------------------------------------------------
-> cd C:\TNM\TNM7SE~1\TNM7SE\TNM7SE\WWE
-> winplugin ..\plugins\tnmmatch\tnmmatch.exe
Changing to WWE
-> crowdfade
Shut up crowd.
heat= 0, personalheat= 3
Cleaning up
------------------------------------------------
-> cd C:\TNM\TNM7SE~1\TNM7SE\TNM7SE\WWE
-> winplugin ..\plugins\tnmmatch\tnmmatch.exe
Changing to WWE
-> crowdfade
Shut up crowd.
heat= 0, personalheat= 3
Cleaning up
------------------------------------------------
-> cd C:\TNM\TNM7SE~1\TNM7SE\TNM7SE\WWE
-> winplugin ..\plugins\tnmmatch\tnmmatch.exe
Changing to WWE
