Creating tnmdbwrp.do!
 84367 
start https://discord.gg/fUCRp7z
Renaming TNMDBWRP.DO! to TNMDBWRP.DO
Waiting for tnmdbwrp.do to disappear
Waiting for tnmdbwrp.do to disappear
Waiting for tnmdbwrp.do to disappear
Waiting for tnmdbwrp.do to disappear
Waiting for tnmdbwrp.do to disappear
Waiting for tnmdbwrp.do to disappear
Waiting for tnmdbwrp.do to disappear
Waiting for tnmdbwrp.do to disappear
Waiting for tnmdbwrp.do to disappear
Waiting for tnmdbwrp.do to disappear
Waiting for tnmdbwrp.do to disappear
Creating tnmdbwrp.do!
 84062 
saveposition
Renaming TNMDBWRP.DO! to TNMDBWRP.DO
Waiting for tnmdbwrp.do to disappear
Disappeared
Creating tnmdbwrp.do!
 89443 
start tnm7se_manual.pdf
Renaming TNMDBWRP.DO! to TNMDBWRP.DO
Waiting for tnmdbwrp.do to disappear
Disappeared
Creating tnmdbwrp.do!
 34110 
cd C:\TNM7SE
.\plugins\JOBGEN\JOBGEN.exe .\plugins\JOBGEN .\plugins\JOBGEN\data
Renaming TNMDBWRP.DO! to TNMDBWRP.DO
Waiting for .\data\34110.ok to appear.
Waiting for .\data\34110.ok to appear.
Waiting for .\data\34110.ok to appear.
Waiting for .\data\34110.ok to appear.
Waiting for .\data\34110.ok to appear.
Waiting for .\data\34110.ok to appear.
Waiting for .\data\34110.ok to appear.
Waiting for .\data\34110.ok to appear.
Waiting for .\data\34110.ok to appear.
Waiting for .\data\34110.ok to appear.
Waiting for .\data\34110.ok to appear.
Waiting for .\data\34110.ok to appear.
Waiting for .\data\34110.ok to appear.
Waiting for .\data\34110.ok to appear.
Waiting for .\data\34110.ok to appear.
Waiting for .\data\34110.ok to appear.
Waiting for .\data\34110.ok to appear.
Waiting for .\data\34110.ok to appear.
Waiting for .\data\34110.ok to appear.
Waiting for .\data\34110.ok to appear.
Waiting for .\data\34110.ok to appear.
Waiting for .\data\34110.ok to appear.
Waiting for .\data\34110.ok to appear.
Waiting for .\data\34110.ok to appear.
Waiting for .\data\34110.ok to appear.
Waiting for .\data\34110.ok to appear.
Waiting for .\data\34110.ok to appear.
Waiting for .\data\34110.ok to appear.
Waiting for .\data\34110.ok to appear.
Waiting for .\data\34110.ok to appear.
Waiting for .\data\34110.ok to appear.
Waiting for .\data\34110.ok to appear.
Waiting for .\data\34110.ok to appear.
Waiting for .\data\34110.ok to appear.
Waiting for .\data\34110.ok to appear.
Waiting for .\data\34110.ok to appear.
Waiting for .\data\34110.ok to appear.
Waiting for .\data\34110.ok to appear.
Waiting for .\data\34110.ok to appear.
Waiting for .\data\34110.ok to appear.
Waiting for .\data\34110.ok to appear.
Waiting for .\data\34110.ok to appear.
Waiting for .\data\34110.ok to appear.
Waiting for .\data\34110.ok to appear.
Creating tnmdbwrp.do!
 16853 
cd C:\TNM7SE
.\plugins\IMPWIZ\IMPWIZ.exe .\plugins\IMPWIZ .\plugins\IMPWIZ\data
Renaming TNMDBWRP.DO! to TNMDBWRP.DO
Waiting for .\data\16853.ok to appear.
Waiting for .\data\16853.ok to appear.
Waiting for .\data\16853.ok to appear.
Waiting for .\data\16853.ok to appear.
Waiting for .\data\16853.ok to appear.
Waiting for .\data\16853.ok to appear.
Waiting for .\data\16853.ok to appear.
Waiting for .\data\16853.ok to appear.
Waiting for .\data\16853.ok to appear.
Waiting for .\data\16853.ok to appear.
Waiting for .\data\16853.ok to appear.
Waiting for .\data\16853.ok to appear.
Waiting for .\data\16853.ok to appear.
Waiting for .\data\16853.ok to appear.
Waiting for .\data\16853.ok to appear.
Waiting for .\data\16853.ok to appear.
Waiting for .\data\16853.ok to appear.
Waiting for .\data\16853.ok to appear.
Waiting for .\data\16853.ok to appear.
Waiting for .\data\16853.ok to appear.
Waiting for .\data\16853.ok to appear.
Waiting for .\data\16853.ok to appear.
Waiting for .\data\16853.ok to appear.
Waiting for .\data\16853.ok to appear.
Waiting for .\data\16853.ok to appear.
Waiting for .\data\16853.ok to appear.
Waiting for .\data\16853.ok to appear.
Waiting for .\data\16853.ok to appear.
Waiting for .\data\16853.ok to appear.
Waiting for .\data\16853.ok to appear.
Waiting for .\data\16853.ok to appear.
Waiting for .\data\16853.ok to appear.
Waiting for .\data\16853.ok to appear.
Waiting for .\data\16853.ok to appear.
Waiting for .\data\16853.ok to appear.
Waiting for .\data\16853.ok to appear.
Waiting for .\data\16853.ok to appear.
Waiting for .\data\16853.ok to appear.
Waiting for .\data\16853.ok to appear.
Waiting for .\data\16853.ok to appear.
Waiting for .\data\16853.ok to appear.
Waiting for .\data\16853.ok to appear.
Waiting for .\data\16853.ok to appear.
Waiting for .\data\16853.ok to appear.
Waiting for .\data\16853.ok to appear.
Waiting for .\data\16853.ok to appear.
Waiting for .\data\16853.ok to appear.
Waiting for .\data\16853.ok to appear.
Waiting for .\data\16853.ok to appear.
Waiting for .\data\16853.ok to appear.
Waiting for .\data\16853.ok to appear.
Waiting for .\data\16853.ok to appear.
Waiting for .\data\16853.ok to appear.
Waiting for .\data\16853.ok to appear.
Waiting for .\data\16853.ok to appear.
Waiting for .\data\16853.ok to appear.
Waiting for .\data\16853.ok to appear.
Waiting for .\data\16853.ok to appear.
Waiting for .\data\16853.ok to appear.
Waiting for .\data\16853.ok to appear.
Waiting for .\data\16853.ok to appear.
Waiting for .\data\16853.ok to appear.
Waiting for .\data\16853.ok to appear.
Waiting for .\data\16853.ok to appear.
Waiting for .\data\16853.ok to appear.
Waiting for .\data\16853.ok to appear.
Waiting for .\data\16853.ok to appear.
Waiting for .\data\16853.ok to appear.
Waiting for .\data\16853.ok to appear.
Waiting for .\data\16853.ok to appear.
Waiting for .\data\16853.ok to appear.
Waiting for .\data\16853.ok to appear.
Waiting for .\data\16853.ok to appear.
Waiting for .\data\16853.ok to appear.
Waiting for .\data\16853.ok to appear.
Waiting for .\data\16853.ok to appear.
Waiting for .\data\16853.ok to appear.
Waiting for .\data\16853.ok to appear.
Waiting for .\data\16853.ok to appear.
Waiting for .\data\16853.ok to appear.
Waiting for .\data\16853.ok to appear.
Waiting for .\data\16853.ok to appear.
Waiting for .\data\16853.ok to appear.
Waiting for .\data\16853.ok to appear.
Waiting for .\data\16853.ok to appear.
Waiting for .\data\16853.ok to appear.
Waiting for .\data\16853.ok to appear.
Waiting for .\data\16853.ok to appear.
Waiting for .\data\16853.ok to appear.
Waiting for .\data\16853.ok to appear.
Waiting for .\data\16853.ok to appear.
Waiting for .\data\16853.ok to appear.
Waiting for .\data\16853.ok to appear.
Waiting for .\data\16853.ok to appear.
Waiting for .\data\16853.ok to appear.
Waiting for .\data\16853.ok to appear.
Waiting for .\data\16853.ok to appear.
Waiting for .\data\16853.ok to appear.
Waiting for .\data\16853.ok to appear.
Waiting for .\data\16853.ok to appear.
Waiting for .\data\16853.ok to appear.
Waiting for .\data\16853.ok to appear.
Waiting for .\data\16853.ok to appear.
Waiting for .\data\16853.ok to appear.
Waiting for .\data\16853.ok to appear.
Waiting for .\data\16853.ok to appear.
Waiting for .\data\16853.ok to appear.
Waiting for .\data\16853.ok to appear.
Waiting for .\data\16853.ok to appear.
Waiting for .\data\16853.ok to appear.
Waiting for .\data\16853.ok to appear.
Waiting for .\data\16853.ok to appear.
Waiting for .\data\16853.ok to appear.
Waiting for .\data\16853.ok to appear.
Waiting for .\data\16853.ok to appear.
Waiting for .\data\16853.ok to appear.
Waiting for .\data\16853.ok to appear.
Waiting for .\data\16853.ok to appear.
Waiting for .\data\16853.ok to appear.
Waiting for .\data\16853.ok to appear.
Waiting for .\data\16853.ok to appear.
Waiting for .\data\16853.ok to appear.
Waiting for .\data\16853.ok to appear.
Waiting for .\data\16853.ok to appear.
Waiting for .\data\16853.ok to appear.
Waiting for .\data\16853.ok to appear.
Waiting for .\data\16853.ok to appear.
Waiting for .\data\16853.ok to appear.
Waiting for .\data\16853.ok to appear.
Waiting for .\data\16853.ok to appear.
Waiting for .\data\16853.ok to appear.
Waiting for .\data\16853.ok to appear.
Waiting for .\data\16853.ok to appear.
Waiting for .\data\16853.ok to appear.
Waiting for .\data\16853.ok to appear.
Waiting for .\data\16853.ok to appear.
Waiting for .\data\16853.ok to appear.
Waiting for .\data\16853.ok to appear.
Waiting for .\data\16853.ok to appear.
Waiting for .\data\16853.ok to appear.
Waiting for .\data\16853.ok to appear.
Waiting for .\data\16853.ok to appear.
Waiting for .\data\16853.ok to appear.
Waiting for .\data\16853.ok to appear.
Waiting for .\data\16853.ok to appear.
Waiting for .\data\16853.ok to appear.
Waiting for .\data\16853.ok to appear.
Waiting for .\data\16853.ok to appear.
Waiting for .\data\16853.ok to appear.
Waiting for .\data\16853.ok to appear.
Waiting for .\data\16853.ok to appear.
Waiting for .\data\16853.ok to appear.
Waiting for .\data\16853.ok to appear.
Waiting for .\data\16853.ok to appear.
Waiting for .\data\16853.ok to appear.
Waiting for .\data\16853.ok to appear.
Waiting for .\data\16853.ok to appear.
Waiting for .\data\16853.ok to appear.
Waiting for .\data\16853.ok to appear.
Waiting for .\data\16853.ok to appear.
Waiting for .\data\16853.ok to appear.
Waiting for .\data\16853.ok to appear.
Waiting for .\data\16853.ok to appear.
Waiting for .\data\16853.ok to appear.
Waiting for .\data\16853.ok to appear.
Waiting for .\data\16853.ok to appear.
Waiting for .\data\16853.ok to appear.
Waiting for .\data\16853.ok to appear.
Waiting for .\data\16853.ok to appear.
Waiting for .\data\16853.ok to appear.
Waiting for .\data\16853.ok to appear.
Waiting for .\data\16853.ok to appear.
Waiting for .\data\16853.ok to appear.
Waiting for .\data\16853.ok to appear.
Waiting for .\data\16853.ok to appear.
Waiting for .\data\16853.ok to appear.
Waiting for .\data\16853.ok to appear.
Waiting for .\data\16853.ok to appear.
Waiting for .\data\16853.ok to appear.
Waiting for .\data\16853.ok to appear.
Waiting for .\data\16853.ok to appear.
Waiting for .\data\16853.ok to appear.
Waiting for .\data\16853.ok to appear.
Waiting for .\data\16853.ok to appear.
Waiting for .\data\16853.ok to appear.
Waiting for .\data\16853.ok to appear.
Waiting for .\data\16853.ok to appear.
Waiting for .\data\16853.ok to appear.
Waiting for .\data\16853.ok to appear.
Waiting for .\data\16853.ok to appear.
Waiting for .\data\16853.ok to appear.
Waiting for .\data\16853.ok to appear.
Waiting for .\data\16853.ok to appear.
Waiting for .\data\16853.ok to appear.
Waiting for .\data\16853.ok to appear.
Waiting for .\data\16853.ok to appear.
Waiting for .\data\16853.ok to appear.
Waiting for .\data\16853.ok to appear.
Waiting for .\data\16853.ok to appear.
Waiting for .\data\16853.ok to appear.
Waiting for .\data\16853.ok to appear.
Waiting for .\data\16853.ok to appear.
Waiting for .\data\16853.ok to appear.
Waiting for .\data\16853.ok to appear.
Waiting for .\data\16853.ok to appear.
Waiting for .\data\16853.ok to appear.
Waiting for .\data\16853.ok to appear.
Waiting for .\data\16853.ok to appear.
Waiting for .\data\16853.ok to appear.
Waiting for .\data\16853.ok to appear.
Waiting for .\data\16853.ok to appear.
Waiting for .\data\16853.ok to appear.
Waiting for .\data\16853.ok to appear.
Waiting for .\data\16853.ok to appear.
Waiting for .\data\16853.ok to appear.
Waiting for .\data\16853.ok to appear.
Waiting for .\data\16853.ok to appear.
Waiting for .\data\16853.ok to appear.
Waiting for .\data\16853.ok to appear.
Waiting for .\data\16853.ok to appear.
Waiting for .\data\16853.ok to appear.
Waiting for .\data\16853.ok to appear.
Waiting for .\data\16853.ok to appear.
Waiting for .\data\16853.ok to appear.
Waiting for .\data\16853.ok to appear.
Waiting for .\data\16853.ok to appear.
Waiting for .\data\16853.ok to appear.
Waiting for .\data\16853.ok to appear.
Waiting for .\data\16853.ok to appear.
Waiting for .\data\16853.ok to appear.
Waiting for .\data\16853.ok to appear.
Waiting for .\data\16853.ok to appear.
Waiting for .\data\16853.ok to appear.
Waiting for .\data\16853.ok to appear.
Waiting for .\data\16853.ok to appear.
Waiting for .\data\16853.ok to appear.
Waiting for .\data\16853.ok to appear.
Waiting for .\data\16853.ok to appear.
Waiting for .\data\16853.ok to appear.
Waiting for .\data\16853.ok to appear.
Waiting for .\data\16853.ok to appear.
Waiting for .\data\16853.ok to appear.
Waiting for .\data\16853.ok to appear.
Waiting for .\data\16853.ok to appear.
Waiting for .\data\16853.ok to appear.
Waiting for .\data\16853.ok to appear.
Waiting for .\data\16853.ok to appear.
Waiting for .\data\16853.ok to appear.
Waiting for .\data\16853.ok to appear.
Waiting for .\data\16853.ok to appear.
Waiting for .\data\16853.ok to appear.
Waiting for .\data\16853.ok to appear.
Waiting for .\data\16853.ok to appear.
Waiting for .\data\16853.ok to appear.
Waiting for .\data\16853.ok to appear.
Waiting for .\data\16853.ok to appear.
Waiting for .\data\16853.ok to appear.
Waiting for .\data\16853.ok to appear.
Waiting for .\data\16853.ok to appear.
Waiting for .\data\16853.ok to appear.
Waiting for .\data\16853.ok to appear.
Waiting for .\data\16853.ok to appear.
Waiting for .\data\16853.ok to appear.
Waiting for .\data\16853.ok to appear.
Waiting for .\data\16853.ok to appear.
Waiting for .\data\16853.ok to appear.
Waiting for .\data\16853.ok to appear.
Waiting for .\data\16853.ok to appear.
Waiting for .\data\16853.ok to appear.
Waiting for .\data\16853.ok to appear.
Waiting for .\data\16853.ok to appear.
Waiting for .\data\16853.ok to appear.
Waiting for .\data\16853.ok to appear.
Waiting for .\data\16853.ok to appear.
Waiting for .\data\16853.ok to appear.
Waiting for .\data\16853.ok to appear.
Waiting for .\data\16853.ok to appear.
Waiting for .\data\16853.ok to appear.
Waiting for .\data\16853.ok to appear.
Waiting for .\data\16853.ok to appear.
Waiting for .\data\16853.ok to appear.
Waiting for .\data\16853.ok to appear.
Waiting for .\data\16853.ok to appear.
Waiting for .\data\16853.ok to appear.
Waiting for .\data\16853.ok to appear.
Waiting for .\data\16853.ok to appear.
Waiting for .\data\16853.ok to appear.
Waiting for .\data\16853.ok to appear.
Waiting for .\data\16853.ok to appear.
Waiting for .\data\16853.ok to appear.
Waiting for .\data\16853.ok to appear.
Waiting for .\data\16853.ok to appear.
Waiting for .\data\16853.ok to appear.
Waiting for .\data\16853.ok to appear.
Waiting for .\data\16853.ok to appear.
Waiting for .\data\16853.ok to appear.
Waiting for .\data\16853.ok to appear.
Waiting for .\data\16853.ok to appear.
Waiting for .\data\16853.ok to appear.
Waiting for .\data\16853.ok to appear.
Waiting for .\data\16853.ok to appear.
Waiting for .\data\16853.ok to appear.
Waiting for .\data\16853.ok to appear.
Waiting for .\data\16853.ok to appear.
Waiting for .\data\16853.ok to appear.
Waiting for .\data\16853.ok to appear.
Waiting for .\data\16853.ok to appear.
Waiting for .\data\16853.ok to appear.
Waiting for .\data\16853.ok to appear.
Waiting for .\data\16853.ok to appear.
Waiting for .\data\16853.ok to appear.
Waiting for .\data\16853.ok to appear.
Waiting for .\data\16853.ok to appear.
Waiting for .\data\16853.ok to appear.
Waiting for .\data\16853.ok to appear.
Waiting for .\data\16853.ok to appear.
Waiting for .\data\16853.ok to appear.
Waiting for .\data\16853.ok to appear.
Waiting for .\data\16853.ok to appear.
Waiting for .\data\16853.ok to appear.
Waiting for .\data\16853.ok to appear.
Waiting for .\data\16853.ok to appear.
Waiting for .\data\16853.ok to appear.
Waiting for .\data\16853.ok to appear.
Waiting for .\data\16853.ok to appear.
Waiting for .\data\16853.ok to appear.
Waiting for .\data\16853.ok to appear.
Waiting for .\data\16853.ok to appear.
Waiting for .\data\16853.ok to appear.
Waiting for .\data\16853.ok to appear.
Waiting for .\data\16853.ok to appear.
Waiting for .\data\16853.ok to appear.
Waiting for .\data\16853.ok to appear.
Waiting for .\data\16853.ok to appear.
Waiting for .\data\16853.ok to appear.
Waiting for .\data\16853.ok to appear.
Waiting for .\data\16853.ok to appear.
Waiting for .\data\16853.ok to appear.
Waiting for .\data\16853.ok to appear.
Waiting for .\data\16853.ok to appear.
Waiting for .\data\16853.ok to appear.
Waiting for .\data\16853.ok to appear.
Waiting for .\data\16853.ok to appear.
Waiting for .\data\16853.ok to appear.
Waiting for .\data\16853.ok to appear.
Waiting for .\data\16853.ok to appear.
Waiting for .\data\16853.ok to appear.
Waiting for .\data\16853.ok to appear.
Waiting for .\data\16853.ok to appear.
Waiting for .\data\16853.ok to appear.
Waiting for .\data\16853.ok to appear.
Waiting for .\data\16853.ok to appear.
Waiting for .\data\16853.ok to appear.
Waiting for .\data\16853.ok to appear.
Waiting for .\data\16853.ok to appear.
Waiting for .\data\16853.ok to appear.
Waiting for .\data\16853.ok to appear.
Waiting for .\data\16853.ok to appear.
Waiting for .\data\16853.ok to appear.
Waiting for .\data\16853.ok to appear.
Waiting for .\data\16853.ok to appear.
Waiting for .\data\16853.ok to appear.
Waiting for .\data\16853.ok to appear.
Waiting for .\data\16853.ok to appear.
Waiting for .\data\16853.ok to appear.
Waiting for .\data\16853.ok to appear.
Waiting for .\data\16853.ok to appear.
Waiting for .\data\16853.ok to appear.
Waiting for .\data\16853.ok to appear.
Waiting for .\data\16853.ok to appear.
Waiting for .\data\16853.ok to appear.
Waiting for .\data\16853.ok to appear.
Waiting for .\data\16853.ok to appear.
Waiting for .\data\16853.ok to appear.
Waiting for .\data\16853.ok to appear.
Waiting for .\data\16853.ok to appear.
Waiting for .\data\16853.ok to appear.
Waiting for .\data\16853.ok to appear.
Waiting for .\data\16853.ok to appear.
Waiting for .\data\16853.ok to appear.
Waiting for .\data\16853.ok to appear.
Waiting for .\data\16853.ok to appear.
Waiting for .\data\16853.ok to appear.
Waiting for .\data\16853.ok to appear.
Waiting for .\data\16853.ok to appear.
Waiting for .\data\16853.ok to appear.
Waiting for .\data\16853.ok to appear.
Waiting for .\data\16853.ok to appear.
Waiting for .\data\16853.ok to appear.
Waiting for .\data\16853.ok to appear.
Waiting for .\data\16853.ok to appear.
Waiting for .\data\16853.ok to appear.
Waiting for .\data\16853.ok to appear.
Waiting for .\data\16853.ok to appear.
Waiting for .\data\16853.ok to appear.
Waiting for .\data\16853.ok to appear.
Waiting for .\data\16853.ok to appear.
Waiting for .\data\16853.ok to appear.
Waiting for .\data\16853.ok to appear.
Waiting for .\data\16853.ok to appear.
Waiting for .\data\16853.ok to appear.
Waiting for .\data\16853.ok to appear.
Waiting for .\data\16853.ok to appear.
Waiting for .\data\16853.ok to appear.
Waiting for .\data\16853.ok to appear.
Waiting for .\data\16853.ok to appear.
Waiting for .\data\16853.ok to appear.
Waiting for .\data\16853.ok to appear.
Waiting for .\data\16853.ok to appear.
Waiting for .\data\16853.ok to appear.
Waiting for .\data\16853.ok to appear.
Waiting for .\data\16853.ok to appear.
Waiting for .\data\16853.ok to appear.
Waiting for .\data\16853.ok to appear.
Waiting for .\data\16853.ok to appear.
Waiting for .\data\16853.ok to appear.
Waiting for .\data\16853.ok to appear.
Waiting for .\data\16853.ok to appear.
Waiting for .\data\16853.ok to appear.
Waiting for .\data\16853.ok to appear.
Waiting for .\data\16853.ok to appear.
Waiting for .\data\16853.ok to appear.
Waiting for .\data\16853.ok to appear.
Waiting for .\data\16853.ok to appear.
Waiting for .\data\16853.ok to appear.
Waiting for .\data\16853.ok to appear.
Waiting for .\data\16853.ok to appear.
Waiting for .\data\16853.ok to appear.
Waiting for .\data\16853.ok to appear.
Waiting for .\data\16853.ok to appear.
Waiting for .\data\16853.ok to appear.
Waiting for .\data\16853.ok to appear.
Waiting for .\data\16853.ok to appear.
Waiting for .\data\16853.ok to appear.
Waiting for .\data\16853.ok to appear.
Waiting for .\data\16853.ok to appear.
Waiting for .\data\16853.ok to appear.
Waiting for .\data\16853.ok to appear.
Waiting for .\data\16853.ok to appear.
Waiting for .\data\16853.ok to appear.
Waiting for .\data\16853.ok to appear.
Waiting for .\data\16853.ok to appear.
Waiting for .\data\16853.ok to appear.
Waiting for .\data\16853.ok to appear.
Waiting for .\data\16853.ok to appear.
Waiting for .\data\16853.ok to appear.
Waiting for .\data\16853.ok to appear.
Waiting for .\data\16853.ok to appear.
Waiting for .\data\16853.ok to appear.
Waiting for .\data\16853.ok to appear.
Waiting for .\data\16853.ok to appear.
Waiting for .\data\16853.ok to appear.
Waiting for .\data\16853.ok to appear.
Waiting for .\data\16853.ok to appear.
Waiting for .\data\16853.ok to appear.
Waiting for .\data\16853.ok to appear.
Waiting for .\data\16853.ok to appear.
Waiting for .\data\16853.ok to appear.
Waiting for .\data\16853.ok to appear.
Waiting for .\data\16853.ok to appear.
Waiting for .\data\16853.ok to appear.
Waiting for .\data\16853.ok to appear.
Waiting for .\data\16853.ok to appear.
Waiting for .\data\16853.ok to appear.
Waiting for .\data\16853.ok to appear.
Waiting for .\data\16853.ok to appear.
Waiting for .\data\16853.ok to appear.
Waiting for .\data\16853.ok to appear.
Waiting for .\data\16853.ok to appear.
Waiting for .\data\16853.ok to appear.
Waiting for .\data\16853.ok to appear.
Waiting for .\data\16853.ok to appear.
Waiting for .\data\16853.ok to appear.
Waiting for .\data\16853.ok to appear.
Waiting for .\data\16853.ok to appear.
Waiting for .\data\16853.ok to appear.
Waiting for .\data\16853.ok to appear.
Waiting for .\data\16853.ok to appear.
Waiting for .\data\16853.ok to appear.
Waiting for .\data\16853.ok to appear.
Waiting for .\data\16853.ok to appear.
Waiting for .\data\16853.ok to appear.
Waiting for .\data\16853.ok to appear.
Waiting for .\data\16853.ok to appear.
Waiting for .\data\16853.ok to appear.
Waiting for .\data\16853.ok to appear.
Waiting for .\data\16853.ok to appear.
Waiting for .\data\16853.ok to appear.
Waiting for .\data\16853.ok to appear.
Waiting for .\data\16853.ok to appear.
Waiting for .\data\16853.ok to appear.
Waiting for .\data\16853.ok to appear.
Waiting for .\data\16853.ok to appear.
Waiting for .\data\16853.ok to appear.
Waiting for .\data\16853.ok to appear.
Waiting for .\data\16853.ok to appear.
Waiting for .\data\16853.ok to appear.
Waiting for .\data\16853.ok to appear.
Waiting for .\data\16853.ok to appear.
Waiting for .\data\16853.ok to appear.
Waiting for .\data\16853.ok to appear.
Waiting for .\data\16853.ok to appear.
Waiting for .\data\16853.ok to appear.
Waiting for .\data\16853.ok to appear.
Waiting for .\data\16853.ok to appear.
Waiting for .\data\16853.ok to appear.
Waiting for .\data\16853.ok to appear.
Waiting for .\data\16853.ok to appear.
Waiting for .\data\16853.ok to appear.
Waiting for .\data\16853.ok to appear.
Waiting for .\data\16853.ok to appear.
Waiting for .\data\16853.ok to appear.
Waiting for .\data\16853.ok to appear.
Waiting for .\data\16853.ok to appear.
Waiting for .\data\16853.ok to appear.
Waiting for .\data\16853.ok to appear.
Waiting for .\data\16853.ok to appear.
Waiting for .\data\16853.ok to appear.
Waiting for .\data\16853.ok to appear.
Waiting for .\data\16853.ok to appear.
Waiting for .\data\16853.ok to appear.
Waiting for .\data\16853.ok to appear.
Waiting for .\data\16853.ok to appear.
Waiting for .\data\16853.ok to appear.
Waiting for .\data\16853.ok to appear.
Waiting for .\data\16853.ok to appear.
Waiting for .\data\16853.ok to appear.
Waiting for .\data\16853.ok to appear.
Waiting for .\data\16853.ok to appear.
Waiting for .\data\16853.ok to appear.
Waiting for .\data\16853.ok to appear.
Waiting for .\data\16853.ok to appear.
Waiting for .\data\16853.ok to appear.
Waiting for .\data\16853.ok to appear.
Waiting for .\data\16853.ok to appear.
Waiting for .\data\16853.ok to appear.
Waiting for .\data\16853.ok to appear.
Waiting for .\data\16853.ok to appear.
Waiting for .\data\16853.ok to appear.
Waiting for .\data\16853.ok to appear.
Waiting for .\data\16853.ok to appear.
Waiting for .\data\16853.ok to appear.
Waiting for .\data\16853.ok to appear.
Waiting for .\data\16853.ok to appear.
Waiting for .\data\16853.ok to appear.
Waiting for .\data\16853.ok to appear.
Waiting for .\data\16853.ok to appear.
Waiting for .\data\16853.ok to appear.
Waiting for .\data\16853.ok to appear.
Waiting for .\data\16853.ok to appear.
Waiting for .\data\16853.ok to appear.
Waiting for .\data\16853.ok to appear.
Waiting for .\data\16853.ok to appear.
Waiting for .\data\16853.ok to appear.
Waiting for .\data\16853.ok to appear.
Waiting for .\data\16853.ok to appear.
Waiting for .\data\16853.ok to appear.
Waiting for .\data\16853.ok to appear.
Waiting for .\data\16853.ok to appear.
Waiting for .\data\16853.ok to appear.
Waiting for .\data\16853.ok to appear.
Waiting for .\data\16853.ok to appear.
Waiting for .\data\16853.ok to appear.
Waiting for .\data\16853.ok to appear.
Waiting for .\data\16853.ok to appear.
Waiting for .\data\16853.ok to appear.
Waiting for .\data\16853.ok to appear.
Waiting for .\data\16853.ok to appear.
Waiting for .\data\16853.ok to appear.
Waiting for .\data\16853.ok to appear.
Waiting for .\data\16853.ok to appear.
Waiting for .\data\16853.ok to appear.
Waiting for .\data\16853.ok to appear.
Waiting for .\data\16853.ok to appear.
Waiting for .\data\16853.ok to appear.
Waiting for .\data\16853.ok to appear.
Waiting for .\data\16853.ok to appear.
Waiting for .\data\16853.ok to appear.
Waiting for .\data\16853.ok to appear.
Waiting for .\data\16853.ok to appear.
Creating tnmdbwrp.do!
 36676 
cd C:\TNM7SE
.\plugins\IMPWIZ\IMPWIZ.exe .\plugins\IMPWIZ .\plugins\IMPWIZ\data
Renaming TNMDBWRP.DO! to TNMDBWRP.DO
Waiting for .\data\36676.ok to appear.
Waiting for .\data\36676.ok to appear.
Waiting for .\data\36676.ok to appear.
Waiting for .\data\36676.ok to appear.
Waiting for .\data\36676.ok to appear.
Waiting for .\data\36676.ok to appear.
Waiting for .\data\36676.ok to appear.
Waiting for .\data\36676.ok to appear.
Waiting for .\data\36676.ok to appear.
Waiting for .\data\36676.ok to appear.
Creating tnmdbwrp.do!
 93249 
cd C:\TNM7SE
.\plugins\IMPWIZ\IMPWIZ.exe .\plugins\IMPWIZ .\plugins\IMPWIZ\data
Renaming TNMDBWRP.DO! to TNMDBWRP.DO
Waiting for .\data\93249.ok to appear.
Waiting for .\data\93249.ok to appear.
Waiting for .\data\93249.ok to appear.
Waiting for .\data\93249.ok to appear.
Waiting for .\data\93249.ok to appear.
Waiting for .\data\93249.ok to appear.
Waiting for .\data\93249.ok to appear.
Waiting for .\data\93249.ok to appear.
Waiting for .\data\93249.ok to appear.
Waiting for .\data\93249.ok to appear.
Waiting for .\data\93249.ok to appear.
Waiting for .\data\93249.ok to appear.
Waiting for .\data\93249.ok to appear.
Waiting for .\data\93249.ok to appear.
Waiting for .\data\93249.ok to appear.
Waiting for .\data\93249.ok to appear.
Waiting for .\data\93249.ok to appear.
Waiting for .\data\93249.ok to appear.
Waiting for .\data\93249.ok to appear.
Waiting for .\data\93249.ok to appear.
Waiting for .\data\93249.ok to appear.
Waiting for .\data\93249.ok to appear.
Waiting for .\data\93249.ok to appear.
Waiting for .\data\93249.ok to appear.
Creating tnmdbwrp.do!
 53634 
cd C:\TNM7SE
.\plugins\JOBGEN\JOBGEN.exe .\plugins\JOBGEN .\plugins\JOBGEN\data
Renaming TNMDBWRP.DO! to TNMDBWRP.DO
Waiting for .\data\53634.ok to appear.
Waiting for .\data\53634.ok to appear.
Waiting for .\data\53634.ok to appear.
Waiting for .\data\53634.ok to appear.
Waiting for .\data\53634.ok to appear.
Waiting for .\data\53634.ok to appear.
Waiting for .\data\53634.ok to appear.
Waiting for .\data\53634.ok to appear.
Waiting for .\data\53634.ok to appear.
Waiting for .\data\53634.ok to appear.
Waiting for .\data\53634.ok to appear.
Waiting for .\data\53634.ok to appear.
Waiting for .\data\53634.ok to appear.
Waiting for .\data\53634.ok to appear.
Waiting for .\data\53634.ok to appear.
Waiting for .\data\53634.ok to appear.
Waiting for .\data\53634.ok to appear.
Waiting for .\data\53634.ok to appear.
Waiting for .\data\53634.ok to appear.
Waiting for .\data\53634.ok to appear.
Waiting for .\data\53634.ok to appear.
Waiting for .\data\53634.ok to appear.
Waiting for .\data\53634.ok to appear.
Waiting for .\data\53634.ok to appear.
Waiting for .\data\53634.ok to appear.
Waiting for .\data\53634.ok to appear.
Waiting for .\data\53634.ok to appear.
Waiting for .\data\53634.ok to appear.
Waiting for .\data\53634.ok to appear.
Waiting for .\data\53634.ok to appear.
Waiting for .\data\53634.ok to appear.
Waiting for .\data\53634.ok to appear.
Waiting for .\data\53634.ok to appear.
Waiting for .\data\53634.ok to appear.
Creating tnmdbwrp.do!
 81541 
start tnm7se_manual.pdf
Renaming TNMDBWRP.DO! to TNMDBWRP.DO
Waiting for tnmdbwrp.do to disappear
Disappeared
Creating tnmdbwrp.do!
 70802 
start tnm7se_manual.pdf
Renaming TNMDBWRP.DO! to TNMDBWRP.DO
Waiting for tnmdbwrp.do to disappear
Disappeared
