Cedric Alexander
	Cedric Alexander
		             1             1            -50 
		             6             6             0 
		             80            80            0 
		             0             0 
		             0             0 
		Factor:  0 
	Akira Tozawa
		             1             1            -50 
		             6             6             0 
		             80            85            0 
		             0             0 
		             0             0 
		Factor:  183 
	Drew Gulak
		             1             2             50 
		             6             5             0 
		             80            80            0 
		             0             0 
		             0             0 
		Factor:  216 
Akira Tozawa
	Cedric Alexander
		             1             1            -50 
		             6             6             0 
		             85            80            0 
		             0             0 
		             0             0 
		Factor:  183 
	Akira Tozawa
		             1             1            -50 
		             6             6             0 
		             85            85            0 
		             0             0 
		             0             0 
		Factor:  0 
	Drew Gulak
		             1             2             50 
		             6             5             0 
		             85            80            0 
		             0             0 
		             0             0 
		Factor:  216 
Drew Gulak
	Cedric Alexander
		             2             1             50 
		             5             6             0 
		             80            80            0 
		             0             0 
		             0             0 
		Factor:  216 
	Akira Tozawa
		             2             1             50 
		             5             6             0 
		             80            85            0 
		             0             0 
		             0             0 
		Factor:  216 
	Drew Gulak
		             2             2            -50 
		             5             5             0 
		             80            80            0 
		             0             0 
		             0             0 
		Factor:  0 
