
Match no. 0 
Participants:      Seth Rollins Buddy Murphy 
Total number of moves:  101 
Total damage:           2831 
Moves/time:             .121103117505995 
Damage/time:            3.39448441247002 
Damage/moves:           28.029702970297 
Average heat: 7 -> 1 
Damage/move bonus:-1 
Finish class: 2             bonus: .5 
Workrate bonus: 5 
Cumulative rating (so far):** 1/4
Near falls:             10 and 1 - 10 and 1 per fall
Final rating:      ** 3/4
Buddy Murphy: 4 -> 4 

Match no. 0 
Participants:      Billie Kay Peyton Royce Lacey Evans Ruby Riott 
Total number of moves:  86 
Total damage:           2627 
Moves/time:             .1321044546851 
Damage/time:            4.03533026113671 
Damage/moves:           30.546511627907 
Average heat: 6 -> .5 
Damage/move bonus:-.5 
Finish class: 7             bonus:-.75 
Workrate bonus: 3.083333 
Cumulative rating (so far):3/4*
Near falls:             5 and 1 - 5 and 1 per fall
Final rating:      *
Billie Kay: 5 -> 5 
Peyton Royce: 6 -> 6 
Lacey Evans: 5 -> 5 
Ruby Riott: 5 -> 5 

Match no. 0 
Participants:      Kevin Owens EC3 
Total number of moves:  82 
Total damage:           2245 
Moves/time:             .111111111111111 
Damage/time:            3.0420054200542 
Damage/moves:           27.3780487804878 
Average heat: 10 -> 2.5 
Damage/move bonus:-1 
Finish class: 2             bonus: 1 
Workrate bonus: 5 
Cumulative rating (so far):*** 1/2
Near falls:             9 and 1 - 9 and 1 per fall
Final rating:      *** 3/4
Kevin Owens: 7 -> 8 

Match no. 0 
Participants:      Eric Young The Miz 
Total number of moves:  19 
Total damage:           428 
Moves/time:             .112426035502958 
Damage/time:            2.53254437869822 
Damage/moves:           22.5263157894737 
Average heat: 5 -> 0 
Damage/move bonus:-1.5 
Finish class: 7             bonus:-.75 
Workrate bonus: 5 
Cumulative rating (so far):3/4*
Near falls:             0 and 0 - 0 and 0 per fall
Final rating:      3/4*
Eric Young: 5 -> 5 
The Miz: 5 -> 5 

Match no. 0 
Participants:      Eric Young Noam Dar 
Total number of moves:  96 
Total damage:           2801 
Moves/time:             .109464082098062 
Damage/time:            3.19384264538198 
Damage/moves:           29.1770833333333 
Average heat: 9 -> 2 
Damage/move bonus:-1 
Finish class: 2             bonus: 0 
Workrate bonus: 5 
Cumulative rating (so far):** 1/2
Near falls:             3 and 1 - 3 and 1 per fall
Final rating:      ** 3/4
Eric Young: 5 -> 6 
Noam Dar: 7 -> 8 

Match no. 0 
Participants:      Finn Balor Fandango 
Total number of moves:  70 
Total damage:           2130 
Moves/time:             .103703703703704 
Damage/time:            3.15555555555556 
Damage/moves:           30.4285714285714 
Average heat: 8 -> 1.5 
Damage/move bonus:-.5 
Finish class: 11            bonus: 0 
Workrate bonus: 5 
Cumulative rating (so far):** 1/2
Near falls:             7 and 2 - 7 and 2 per fall
Final rating:      ***

Match no. 0 
Participants:      Lince Dorado Mustafa Ali Gran Metalik Kalisto Noam Dar Jack Gallagher Tony Nese Finn Balor 
Total number of moves:  50 
Total damage:           2282 
Moves/time:             .127877237851662 
Damage/time:            5.83631713554987 
Damage/moves:           45.64 
Average heat: 6 -> .5 
Damage/move bonus: 1 
Finish class: 4             bonus: .5 
Workrate bonus: 5 
Cumulative rating (so far):*** 1/4
Near falls:             9 and 2 - 9 and 2 per fall
Final rating:      *** 1/2
Lince Dorado: 5 -> 5 
Mustafa Ali: 7 -> 7 
Gran Metalik: 5 -> 5 
Kalisto: 6 -> 6 
Noam Dar: 8 -> 8 
Jack Gallagher: 6 -> 6 
Tony Nese: 5 -> 5 

Match no. 0 
Participants:      Danny Burch Oney Lorcan Sami Zayn Lio Rush 
Total number of moves:  73 
Total damage:           2386 
Moves/time:             .118122977346278 
Damage/time:            3.86084142394822 
Damage/moves:           32.6849315068493 
Average heat: 6 -> .5 
Damage/move bonus:-.5 
Finish class: 4             bonus: 1 
Workrate bonus: 5 
Cumulative rating (so far):** 1/2
Near falls:             9 and 1 - 9 and 1 per fall
Final rating:      ***
Danny Burch: 5 -> 5 
Sami Zayn: 9 -> 9 
Lio Rush: 7 -> 7 

Match no. 0 
Participants:      Cedric Alexander Akira Tozawa Drew Gulak 
Total number of moves:  83 
Total damage:           3074 
Moves/time:             .100606060606061 
Damage/time:            3.72606060606061 
Damage/moves:           37.0361445783132 
Average heat: 8 -> 1.5 
Damage/move bonus: 0 
Finish class: 2             bonus: .75 
Workrate bonus: 5 
Cumulative rating (so far):*** 1/4
Near falls:             12 and 3 - 12 and 3 per fall
Final rating:      ****
Cedric Alexander: 6 -> 7 
Akira Tozawa: 6 -> 7 

Match no. 0 
Participants:      Sheamus Tony Nese 
Total number of moves:  32 
Total damage:           986 
Moves/time:             .122137404580153 
Damage/time:            3.76335877862595 
Damage/moves:           30.8125 
Average heat: 7 -> 1 
Damage/move bonus:-.5 
Finish class: 3             bonus: 0 
Workrate bonus: 5 
Cumulative rating (so far):** 1/4
Near falls:             6 and 1 - 6 and 1 per fall
Final rating:      ** 1/2
Sheamus: 5 -> 6 

Match no. 0 
Participants:      Tucker Dash Wilder 
Total number of moves:  96 
Total damage:           2743 
Moves/time:             .118226600985222 
Damage/time:            3.37807881773399 
Damage/moves:           28.5729166666667 
Average heat: 7 -> 1 
Damage/move bonus:-1 
Finish class: 2             bonus: .25 
Workrate bonus: 4.166666 
Cumulative rating (so far):* 3/4
Near falls:             10 and 1 - 10 and 1 per fall
Final rating:      ** 1/4
Tucker: 5 -> 6 
Dash Wilder: 5 -> 5 

Match no. 0 
Participants:      Harper Ember Moon Mustafa Ali 
Total number of moves:  85 
Total damage:           3063 
Moves/time:             .117891816920943 
Damage/time:            4.24826629680999 
Damage/moves:           36.035294117647 
Average heat: 7 -> 1 
Damage/move bonus: 0 
Finish class: 4             bonus: .5 
Workrate bonus: 5 
Cumulative rating (so far):***
Near falls:             12 and 2 - 12 and 2 per fall
Final rating:      *** 1/4
Harper: 6 -> 6 
Ember Moon: 6 -> 7 
Mustafa Ali: 7 -> 7 

Match no. 0 
Participants:      Billie Kay Mickie James Alicia Fox Charlotte Flair 
Total number of moves:  18 
Total damage:           626 
Moves/time:             .106508875739645 
Damage/time:            3.70414201183432 
Damage/moves:           34.7777777777778 
Average heat: 6 -> .5 
Damage/move bonus:-.5 
Finish class: 11            bonus: .25 
Workrate bonus: 4.333333 
Cumulative rating (so far):**
Near falls:             2 and 0 - 2 and 0 per fall
Final rating:      **
Billie Kay: 5 -> 5 
Mickie James: 5 -> 5 
Alicia Fox: 5 -> 5 
Charlotte Flair: 5 -> 5 

Match no. 0 
Participants:      Kevin Owens Zack Ryder 
Total number of moves:  79 
Total damage:           2662 
Moves/time:             .101542416452442 
Damage/time:            3.42159383033419 
Damage/moves:           33.6962025316456 
Average heat: 10 -> 2.5 
Damage/move bonus:-.5 
Finish class: 2             bonus: .25 
Workrate bonus: 5 
Cumulative rating (so far):*** 1/4
Near falls:             12 and 2 - 12 and 2 per fall
Final rating:      *** 3/4

Match no. 0 
Participants:      Harper Seth Rollins Xavier Woods Rusev 
Total number of moves:  130 
Total damage:           4879 
Moves/time:             .107615894039735 
Damage/time:            4.03890728476821 
Damage/moves:           37.5307692307692 
Average heat: 7 -> 1 
Damage/move bonus: 0 
Finish class: 9             bonus: 0 
Workrate bonus: 5 
Cumulative rating (so far):** 1/2
Near falls:             17 and 5 - 5.66666666666667 and 1.66666666666667 per fall
Final rating:      ***
Harper: 6 -> 6 
Seth Rollins: 5 -> 5 
Rusev: 5 -> 5 

Match no. 0 
Participants:      Scott Dawson Rhyno 
Total number of moves:  100 
Total damage:           2636 
Moves/time:             .112107623318386 
Damage/time:            2.95515695067264 
Damage/moves:           26.36 
Average heat: 8 -> 1.5 
Damage/move bonus:-1 
Finish class: 4             bonus: .5 
Workrate bonus: 5 
Cumulative rating (so far):** 1/2
Near falls:             4 and 1 - 4 and 1 per fall
Final rating:      ** 3/4

Match no. 0 
Participants:      Otis Tucker Erik Ivar 
Total number of moves:  10 
Total damage:           247 
Moves/time:             .112359550561798 
Damage/time:            2.7752808988764 
Damage/moves:           24.7 
Average heat: 6 -> .5 
Damage/move bonus:-1.5 
Finish class: 4             bonus: 0 
Workrate bonus: 4 
Cumulative rating (so far):*
Near falls:             1 and 0 - 1 and 0 per fall
Final rating:      *
Otis: 6 -> 6 
Tucker: 6 -> 6 
Erik: 5 -> 5 
Ivar: 7 -> 7 

Match no. 0 
Participants:      Lana Charlotte Flair Becky Lynch 
Total number of moves:  96 
Total damage:           3213 
Moves/time:             .119700748129676 
Damage/time:            4.00623441396509 
Damage/moves:           33.46875 
Average heat: 6 -> .5 
Damage/move bonus:-.5 
Finish class: 5             bonus: .5 
Workrate bonus: 5 
Cumulative rating (so far):** 1/4
Near falls:             5 and 4 - 5 and 4 per fall
Final rating:      ** 3/4
Lana: 5 -> 5 
Charlotte Flair: 5 -> 6 
