Creating tnmdbwrp.do!
 60451 
crowdfade
Renaming TNMDBWRP.DO! to TNMDBWRP.DO
Waiting for ..\data\60451.ok to appear.
Creating tnmdbwrp.do!
 54363 
cd C:\TNM7SE\WWE
winplugin ..\plugins\tnmmatch\tnmmatch.exe
Renaming TNMDBWRP.DO! to TNMDBWRP.DO
Waiting for ..\data\54363.ok to appear.
Waiting for ..\data\54363.ok to appear.
Waiting for ..\data\54363.ok to appear.
Waiting for ..\data\54363.ok to appear.
Waiting for ..\data\54363.ok to appear.
Waiting for ..\data\54363.ok to appear.
Creating tnmdbwrp.do!
 14850 
crowdfade
Renaming TNMDBWRP.DO! to TNMDBWRP.DO
Waiting for ..\data\14850.ok to appear.
Creating tnmdbwrp.do!
 8762 
cd C:\TNM7SE\WWE
winplugin ..\plugins\tnmmatch\tnmmatch.exe
Renaming TNMDBWRP.DO! to TNMDBWRP.DO
Waiting for ..\data\8762.ok to appear.
Waiting for ..\data\8762.ok to appear.
Waiting for ..\data\8762.ok to appear.
Waiting for ..\data\8762.ok to appear.
Waiting for ..\data\8762.ok to appear.
Creating tnmdbwrp.do!
 5657 
crowdfade
Renaming TNMDBWRP.DO! to TNMDBWRP.DO
Waiting for ..\data\5657.ok to appear.
Creating tnmdbwrp.do!
 99569 
cd C:\TNM7SE\WWE
winplugin ..\plugins\tnmmatch\tnmmatch.exe
Renaming TNMDBWRP.DO! to TNMDBWRP.DO
Waiting for ..\data\99569.ok to appear.
Waiting for ..\data\99569.ok to appear.
Waiting for ..\data\99569.ok to appear.
Waiting for ..\data\99569.ok to appear.
Creating tnmdbwrp.do!
 79715 
crowdfade
Renaming TNMDBWRP.DO! to TNMDBWRP.DO
Waiting for ..\data\79715.ok to appear.
Creating tnmdbwrp.do!
 73628 
cd C:\TNM7SE\WWE
winplugin ..\plugins\tnmmatch\tnmmatch.exe
Renaming TNMDBWRP.DO! to TNMDBWRP.DO
Waiting for ..\data\73628.ok to appear.
Waiting for ..\data\73628.ok to appear.
Waiting for ..\data\73628.ok to appear.
Waiting for ..\data\73628.ok to appear.
Waiting for ..\data\73628.ok to appear.
Creating tnmdbwrp.do!
 71803 
crowdfade
Renaming TNMDBWRP.DO! to TNMDBWRP.DO
Waiting for ..\data\71803.ok to appear.
Creating tnmdbwrp.do!
 65715 
cd C:\TNM7SE\WWE
winplugin ..\plugins\tnmmatch\tnmmatch.exe
Renaming TNMDBWRP.DO! to TNMDBWRP.DO
Waiting for ..\data\65715.ok to appear.
Waiting for ..\data\65715.ok to appear.
Waiting for ..\data\65715.ok to appear.
Waiting for ..\data\65715.ok to appear.
Creating tnmdbwrp.do!
 6542 
crowdfade
Renaming TNMDBWRP.DO! to TNMDBWRP.DO
Waiting for ..\data\6542.ok to appear.
Waiting for ..\data\6542.ok to appear.
Creating tnmdbwrp.do!
 94367 
cd C:\TNM7SE\WWE
winplugin ..\plugins\tnmmatch\tnmmatch.exe
Renaming TNMDBWRP.DO! to TNMDBWRP.DO
Waiting for ..\data\94367.ok to appear.
Waiting for ..\data\94367.ok to appear.
Waiting for ..\data\94367.ok to appear.
Waiting for ..\data\94367.ok to appear.
Creating tnmdbwrp.do!
 42717 
crowdfade
Renaming TNMDBWRP.DO! to TNMDBWRP.DO
Waiting for ..\data\42717.ok to appear.
Creating tnmdbwrp.do!
 36630 
cd C:\TNM7SE\WWE
winplugin ..\plugins\tnmmatch\tnmmatch.exe
Renaming TNMDBWRP.DO! to TNMDBWRP.DO
Waiting for ..\data\36630.ok to appear.
Waiting for ..\data\36630.ok to appear.
Waiting for ..\data\36630.ok to appear.
Waiting for ..\data\36630.ok to appear.
Creating tnmdbwrp.do!
 12163 
crowdfade
Renaming TNMDBWRP.DO! to TNMDBWRP.DO
Waiting for ..\data\12163.ok to appear.
Creating tnmdbwrp.do!
 6075 
cd C:\TNM7SE\WWE
winplugin ..\plugins\tnmmatch\tnmmatch.exe
Renaming TNMDBWRP.DO! to TNMDBWRP.DO
Waiting for ..\data\6075.ok to appear.
Waiting for ..\data\6075.ok to appear.
Waiting for ..\data\6075.ok to appear.
Waiting for ..\data\6075.ok to appear.
Waiting for ..\data\6075.ok to appear.
Waiting for ..\data\6075.ok to appear.
Waiting for ..\data\6075.ok to appear.
Waiting for ..\data\6075.ok to appear.
Creating tnmdbwrp.do!
 70941 
crowdfade
Renaming TNMDBWRP.DO! to TNMDBWRP.DO
Waiting for ..\data\70941.ok to appear.
Creating tnmdbwrp.do!
 64854 
cd C:\TNM7SE\WWE
winplugin ..\plugins\tnmmatch\tnmmatch.exe
Renaming TNMDBWRP.DO! to TNMDBWRP.DO
Waiting for ..\data\64854.ok to appear.
Waiting for ..\data\64854.ok to appear.
Waiting for ..\data\64854.ok to appear.
Waiting for ..\data\64854.ok to appear.
Waiting for ..\data\64854.ok to appear.
Creating tnmdbwrp.do!
 5564 
crowdfade
Renaming TNMDBWRP.DO! to TNMDBWRP.DO
Waiting for ..\data\5564.ok to appear.
Creating tnmdbwrp.do!
 99476 
cd C:\TNM7SE\WWE
winplugin ..\plugins\tnmmatch\tnmmatch.exe
Renaming TNMDBWRP.DO! to TNMDBWRP.DO
Waiting for ..\data\99476.ok to appear.
Waiting for ..\data\99476.ok to appear.
Waiting for ..\data\99476.ok to appear.
Waiting for ..\data\99476.ok to appear.
Creating tnmdbwrp.do!
 51971 
crowdfade
Renaming TNMDBWRP.DO! to TNMDBWRP.DO
Waiting for ..\data\51971.ok to appear.
Creating tnmdbwrp.do!
 50496 
cd C:\TNM\TNM7SE~1\TNM7SE\TNM7SE\WWE
winplugin ..\plugins\tnmmatch\tnmmatch.exe
Renaming TNMDBWRP.DO! to TNMDBWRP.DO
Waiting for ..\data\50496.ok to appear.
Waiting for ..\data\50496.ok to appear.
Waiting for ..\data\50496.ok to appear.
Waiting for ..\data\50496.ok to appear.
Creating tnmdbwrp.do!
 66335 
crowdfade
Renaming TNMDBWRP.DO! to TNMDBWRP.DO
Waiting for ..\data\66335.ok to appear.
Creating tnmdbwrp.do!
 64861 
cd C:\TNM\TNM7SE~1\TNM7SE\TNM7SE\WWE
winplugin ..\plugins\tnmmatch\tnmmatch.exe
Renaming TNMDBWRP.DO! to TNMDBWRP.DO
Waiting for ..\data\64861.ok to appear.
Waiting for ..\data\64861.ok to appear.
Waiting for ..\data\64861.ok to appear.
Waiting for ..\data\64861.ok to appear.
Waiting for ..\data\64861.ok to appear.
Creating tnmdbwrp.do!
 10190 
crowdfade
Renaming TNMDBWRP.DO! to TNMDBWRP.DO
Waiting for ..\data\10190.ok to appear.
Creating tnmdbwrp.do!
 8715 
cd C:\TNM\TNM7SE~1\TNM7SE\TNM7SE\WWE
winplugin ..\plugins\tnmmatch\tnmmatch.exe
Renaming TNMDBWRP.DO! to TNMDBWRP.DO
Waiting for ..\data\8715.ok to appear.
Waiting for ..\data\8715.ok to appear.
Waiting for ..\data\8715.ok to appear.
Waiting for ..\data\8715.ok to appear.
Creating tnmdbwrp.do!
 22248 
crowdfade
Renaming TNMDBWRP.DO! to TNMDBWRP.DO
Waiting for ..\data\22248.ok to appear.
Creating tnmdbwrp.do!
 20773 
cd C:\TNM\TNM7SE~1\TNM7SE\TNM7SE\WWE
winplugin ..\plugins\tnmmatch\tnmmatch.exe
Renaming TNMDBWRP.DO! to TNMDBWRP.DO
Waiting for ..\data\20773.ok to appear.
Waiting for ..\data\20773.ok to appear.
Waiting for ..\data\20773.ok to appear.
Waiting for ..\data\20773.ok to appear.
Waiting for ..\data\20773.ok to appear.
Waiting for ..\data\20773.ok to appear.
Waiting for ..\data\20773.ok to appear.
Creating tnmdbwrp.do!
 14608 
crowdfade
Renaming TNMDBWRP.DO! to TNMDBWRP.DO
Waiting for ..\data\14608.ok to appear.
Creating tnmdbwrp.do!
 13133 
cd C:\TNM\TNM7SE~1\TNM7SE\TNM7SE\WWE
winplugin ..\plugins\tnmmatch\tnmmatch.exe
Renaming TNMDBWRP.DO! to TNMDBWRP.DO
Waiting for ..\data\13133.ok to appear.
Waiting for ..\data\13133.ok to appear.
Waiting for ..\data\13133.ok to appear.
Waiting for ..\data\13133.ok to appear.
Creating tnmdbwrp.do!
 80428 
crowdfade
Renaming TNMDBWRP.DO! to TNMDBWRP.DO
Waiting for ..\data\80428.ok to appear.
Creating tnmdbwrp.do!
 78953 
cd C:\TNM\TNM7SE~1\TNM7SE\TNM7SE\WWE
winplugin ..\plugins\tnmmatch\tnmmatch.exe
Renaming TNMDBWRP.DO! to TNMDBWRP.DO
Waiting for ..\data\78953.ok to appear.
Waiting for ..\data\78953.ok to appear.
Waiting for ..\data\78953.ok to appear.
Waiting for ..\data\78953.ok to appear.
Creating tnmdbwrp.do!
 86826 
crowdfade
Renaming TNMDBWRP.DO! to TNMDBWRP.DO
Waiting for ..\data\86826.ok to appear.
Creating tnmdbwrp.do!
 82214 
cd C:\TNM\TNM7SE~1\TNM7SE\TNM7SE\WWE
winplugin ..\plugins\tnmmatch\tnmmatch.exe
Renaming TNMDBWRP.DO! to TNMDBWRP.DO
Waiting for ..\data\82214.ok to appear.
Waiting for ..\data\82214.ok to appear.
Waiting for ..\data\82214.ok to appear.
Waiting for ..\data\82214.ok to appear.
Creating tnmdbwrp.do!
 23157 
crowdfade
Renaming TNMDBWRP.DO! to TNMDBWRP.DO
Waiting for ..\data\23157.ok to appear.
Creating tnmdbwrp.do!
 18544 
cd C:\TNM\TNM7SE~1\TNM7SE\TNM7SE\WWE
winplugin ..\plugins\tnmmatch\tnmmatch.exe
Renaming TNMDBWRP.DO! to TNMDBWRP.DO
Waiting for ..\data\18544.ok to appear.
Waiting for ..\data\18544.ok to appear.
Waiting for ..\data\18544.ok to appear.
Waiting for ..\data\18544.ok to appear.
Creating tnmdbwrp.do!
 28335 
crowdfade
Renaming TNMDBWRP.DO! to TNMDBWRP.DO
Waiting for ..\data\28335.ok to appear.
Creating tnmdbwrp.do!
 26860 
cd C:\TNM\TNM7SE~1\TNM7SE\TNM7SE\WWE
winplugin ..\plugins\tnmmatch\tnmmatch.exe
Renaming TNMDBWRP.DO! to TNMDBWRP.DO
Waiting for ..\data\26860.ok to appear.
Waiting for ..\data\26860.ok to appear.
Waiting for ..\data\26860.ok to appear.
Waiting for ..\data\26860.ok to appear.
Creating tnmdbwrp.do!
 82673 
notepad .\WWE\card.tmp
Renaming TNMDBWRP.DO! to TNMDBWRP.DO
Waiting for ..\data\82673.ok to appear.
Waiting for ..\data\82673.ok to appear.
Waiting for ..\data\82673.ok to appear.
Waiting for ..\data\82673.ok to appear.
Waiting for ..\data\82673.ok to appear.
Waiting for ..\data\82673.ok to appear.
Waiting for ..\data\82673.ok to appear.
Waiting for ..\data\82673.ok to appear.
Creating tnmdbwrp.do!
 43082 
notepad .\WWE\card.tmp
Renaming TNMDBWRP.DO! to TNMDBWRP.DO
Waiting for ..\data\43082.ok to appear.
Waiting for ..\data\43082.ok to appear.
Waiting for ..\data\43082.ok to appear.
Waiting for ..\data\43082.ok to appear.
Waiting for ..\data\43082.ok to appear.
Waiting for ..\data\43082.ok to appear.
Waiting for ..\data\43082.ok to appear.
Waiting for ..\data\43082.ok to appear.
Creating tnmdbwrp.do!
 48851 
crowdfade
Renaming TNMDBWRP.DO! to TNMDBWRP.DO
Waiting for ..\data\48851.ok to appear.
Creating tnmdbwrp.do!
 42763 
cd C:\TNM\TNM7SE~1\TNM7SE\TNM7SE\WWE
winplugin ..\plugins\tnmmatch\tnmmatch.exe
Renaming TNMDBWRP.DO! to TNMDBWRP.DO
Waiting for ..\data\42763.ok to appear.
Waiting for ..\data\42763.ok to appear.
Waiting for ..\data\42763.ok to appear.
Waiting for ..\data\42763.ok to appear.
Waiting for ..\data\42763.ok to appear.
Creating tnmdbwrp.do!
 65405 
crowdfade
Renaming TNMDBWRP.DO! to TNMDBWRP.DO
Waiting for ..\data\65405.ok to appear.
Creating tnmdbwrp.do!
 59318 
cd C:\TNM\TNM7SE~1\TNM7SE\TNM7SE\WWE
winplugin ..\plugins\tnmmatch\tnmmatch.exe
Renaming TNMDBWRP.DO! to TNMDBWRP.DO
Waiting for ..\data\59318.ok to appear.
Waiting for ..\data\59318.ok to appear.
Waiting for ..\data\59318.ok to appear.
Waiting for ..\data\59318.ok to appear.
Creating tnmdbwrp.do!
 71298 
crowdfade
Renaming TNMDBWRP.DO! to TNMDBWRP.DO
Waiting for ..\data\71298.ok to appear.
Creating tnmdbwrp.do!
 65211 
cd C:\TNM\TNM7SE~1\TNM7SE\TNM7SE\WWE
winplugin ..\plugins\tnmmatch\tnmmatch.exe
Renaming TNMDBWRP.DO! to TNMDBWRP.DO
Waiting for ..\data\65211.ok to appear.
Waiting for ..\data\65211.ok to appear.
Waiting for ..\data\65211.ok to appear.
Waiting for ..\data\65211.ok to appear.
Creating tnmdbwrp.do!
 45279 
crowdfade
Renaming TNMDBWRP.DO! to TNMDBWRP.DO
Waiting for ..\data\45279.ok to appear.
Creating tnmdbwrp.do!
 39191 
cd C:\TNM\TNM7SE~1\TNM7SE\TNM7SE\WWE
winplugin ..\plugins\tnmmatch\tnmmatch.exe
Renaming TNMDBWRP.DO! to TNMDBWRP.DO
Waiting for ..\data\39191.ok to appear.
Waiting for ..\data\39191.ok to appear.
Waiting for ..\data\39191.ok to appear.
Waiting for ..\data\39191.ok to appear.
Creating tnmdbwrp.do!
 87581 
crowdfade
Renaming TNMDBWRP.DO! to TNMDBWRP.DO
Waiting for ..\data\87581.ok to appear.
Creating tnmdbwrp.do!
 81493 
cd C:\TNM\TNM7SE~1\TNM7SE\TNM7SE\WWE
winplugin ..\plugins\tnmmatch\tnmmatch.exe
Renaming TNMDBWRP.DO! to TNMDBWRP.DO
Waiting for ..\data\81493.ok to appear.
Waiting for ..\data\81493.ok to appear.
Waiting for ..\data\81493.ok to appear.
Waiting for ..\data\81493.ok to appear.
Creating tnmdbwrp.do!
 10184 
crowdfade
Renaming TNMDBWRP.DO! to TNMDBWRP.DO
Waiting for ..\data\10184.ok to appear.
Creating tnmdbwrp.do!
 4096 
cd C:\TNM\TNM7SE~1\TNM7SE\TNM7SE\WWE
winplugin ..\plugins\tnmmatch\tnmmatch.exe
Renaming TNMDBWRP.DO! to TNMDBWRP.DO
Waiting for ..\data\4096.ok to appear.
Waiting for ..\data\4096.ok to appear.
Waiting for ..\data\4096.ok to appear.
Waiting for ..\data\4096.ok to appear.
Creating tnmdbwrp.do!
 16077 
crowdfade
Renaming TNMDBWRP.DO! to TNMDBWRP.DO
Waiting for ..\data\16077.ok to appear.
Creating tnmdbwrp.do!
 9989 
cd C:\TNM\TNM7SE~1\TNM7SE\TNM7SE\WWE
winplugin ..\plugins\tnmmatch\tnmmatch.exe
Renaming TNMDBWRP.DO! to TNMDBWRP.DO
Waiting for ..\data\9989.ok to appear.
Waiting for ..\data\9989.ok to appear.
Waiting for ..\data\9989.ok to appear.
Waiting for ..\data\9989.ok to appear.
Waiting for ..\data\9989.ok to appear.
Waiting for ..\data\9989.ok to appear.
Waiting for ..\data\9989.ok to appear.
Creating tnmdbwrp.do!
 64388 
crowdfade
Renaming TNMDBWRP.DO! to TNMDBWRP.DO
Waiting for ..\data\64388.ok to appear.
Creating tnmdbwrp.do!
 58300 
cd C:\TNM\TNM7SE~1\TNM7SE\TNM7SE\WWE
winplugin ..\plugins\tnmmatch\tnmmatch.exe
Renaming TNMDBWRP.DO! to TNMDBWRP.DO
Waiting for ..\data\58300.ok to appear.
Waiting for ..\data\58300.ok to appear.
Waiting for ..\data\58300.ok to appear.
Waiting for ..\data\58300.ok to appear.
Waiting for ..\data\58300.ok to appear.
Waiting for ..\data\58300.ok to appear.
Waiting for ..\data\58300.ok to appear.
Waiting for ..\data\58300.ok to appear.
Waiting for ..\data\58300.ok to appear.
Waiting for ..\data\58300.ok to appear.
Creating tnmdbwrp.do!
 25061 
notepad .\WWE\card.tmp
Renaming TNMDBWRP.DO! to TNMDBWRP.DO
Waiting for ..\data\25061.ok to appear.
Waiting for ..\data\25061.ok to appear.
Waiting for ..\data\25061.ok to appear.
Waiting for ..\data\25061.ok to appear.
Waiting for ..\data\25061.ok to appear.
Waiting for ..\data\25061.ok to appear.
Waiting for ..\data\25061.ok to appear.
Waiting for ..\data\25061.ok to appear.
Waiting for ..\data\25061.ok to appear.
Waiting for ..\data\25061.ok to appear.
Waiting for ..\data\25061.ok to appear.
Waiting for ..\data\25061.ok to appear.
Creating tnmdbwrp.do!
 56957 
crowdfade
Renaming TNMDBWRP.DO! to TNMDBWRP.DO
Waiting for ..\data\56957.ok to appear.
Creating tnmdbwrp.do!
 50870 
cd C:\TNM\TNM7SE~1\TNM7SE\TNM7SE\WWE
winplugin ..\plugins\tnmmatch\tnmmatch.exe
Renaming TNMDBWRP.DO! to TNMDBWRP.DO
Waiting for ..\data\50870.ok to appear.
Waiting for ..\data\50870.ok to appear.
Waiting for ..\data\50870.ok to appear.
Waiting for ..\data\50870.ok to appear.
Creating tnmdbwrp.do!
 12870 
crowdfade
Renaming TNMDBWRP.DO! to TNMDBWRP.DO
Waiting for ..\data\12870.ok to appear.
Creating tnmdbwrp.do!
 6782 
cd C:\TNM\TNM7SE~1\TNM7SE\TNM7SE\WWE
winplugin ..\plugins\tnmmatch\tnmmatch.exe
Renaming TNMDBWRP.DO! to TNMDBWRP.DO
Waiting for ..\data\6782.ok to appear.
Waiting for ..\data\6782.ok to appear.
Waiting for ..\data\6782.ok to appear.
Waiting for ..\data\6782.ok to appear.
Creating tnmdbwrp.do!
 29424 
crowdfade
Renaming TNMDBWRP.DO! to TNMDBWRP.DO
Waiting for ..\data\29424.ok to appear.
Creating tnmdbwrp.do!
 23337 
cd C:\TNM\TNM7SE~1\TNM7SE\TNM7SE\WWE
winplugin ..\plugins\tnmmatch\tnmmatch.exe
Renaming TNMDBWRP.DO! to TNMDBWRP.DO
Waiting for ..\data\23337.ok to appear.
Waiting for ..\data\23337.ok to appear.
Waiting for ..\data\23337.ok to appear.
Waiting for ..\data\23337.ok to appear.
Creating tnmdbwrp.do!
 92899 
crowdfade
Renaming TNMDBWRP.DO! to TNMDBWRP.DO
Waiting for ..\data\92899.ok to appear.
Creating tnmdbwrp.do!
 86811 
cd C:\TNM\TNM7SE~1\TNM7SE\TNM7SE\WWE
winplugin ..\plugins\tnmmatch\tnmmatch.exe
Renaming TNMDBWRP.DO! to TNMDBWRP.DO
Waiting for ..\data\86811.ok to appear.
Waiting for ..\data\86811.ok to appear.
Waiting for ..\data\86811.ok to appear.
Waiting for ..\data\86811.ok to appear.
Creating tnmdbwrp.do!
 74241 
crowdfade
Renaming TNMDBWRP.DO! to TNMDBWRP.DO
Waiting for ..\data\74241.ok to appear.
Creating tnmdbwrp.do!
 68154 
cd C:\TNM\TNM7SE~1\TNM7SE\TNM7SE\WWE
winplugin ..\plugins\tnmmatch\tnmmatch.exe
Renaming TNMDBWRP.DO! to TNMDBWRP.DO
Waiting for ..\data\68154.ok to appear.
Waiting for ..\data\68154.ok to appear.
Waiting for ..\data\68154.ok to appear.
Waiting for ..\data\68154.ok to appear.
Waiting for ..\data\68154.ok to appear.
Creating tnmdbwrp.do!
 93706 
crowdfade
Renaming TNMDBWRP.DO! to TNMDBWRP.DO
Waiting for ..\data\93706.ok to appear.
Creating tnmdbwrp.do!
 90757 
cd C:\TNM\TNM7SE~1\TNM7SE\TNM7SE\WWE
winplugin ..\plugins\tnmmatch\tnmmatch.exe
Renaming TNMDBWRP.DO! to TNMDBWRP.DO
Waiting for ..\data\90757.ok to appear.
Waiting for ..\data\90757.ok to appear.
Waiting for ..\data\90757.ok to appear.
Waiting for ..\data\90757.ok to appear.
Creating tnmdbwrp.do!
 90632 
crowdfade
Renaming TNMDBWRP.DO! to TNMDBWRP.DO
Waiting for ..\data\90632.ok to appear.
Creating tnmdbwrp.do!
 28476 
cd C:\TNM\TNM7SE~1\TNM7SE\TNM7SE\WWE
winplugin ..\plugins\tnmmatch\tnmmatch.exe
Renaming TNMDBWRP.DO! to TNMDBWRP.DO
Waiting for ..\data\28476.ok to appear.
Waiting for ..\data\28476.ok to appear.
Waiting for ..\data\28476.ok to appear.
Waiting for ..\data\28476.ok to appear.
Creating tnmdbwrp.do!
 95089 
crowdfade
Renaming TNMDBWRP.DO! to TNMDBWRP.DO
Waiting for ..\data\95089.ok to appear.
Creating tnmdbwrp.do!
 89002 
cd C:\TNM\TNM7SE~1\TNM7SE\TNM7SE\WWE
winplugin ..\plugins\tnmmatch\tnmmatch.exe
Renaming TNMDBWRP.DO! to TNMDBWRP.DO
Waiting for ..\data\89002.ok to appear.
Waiting for ..\data\89002.ok to appear.
Waiting for ..\data\89002.ok to appear.
Waiting for ..\data\89002.ok to appear.
Creating tnmdbwrp.do!
 57089 
crowdfade
Renaming TNMDBWRP.DO! to TNMDBWRP.DO
Waiting for ..\data\57089.ok to appear.
Creating tnmdbwrp.do!
 51002 
cd C:\TNM\TNM7SE~1\TNM7SE\TNM7SE\WWE
winplugin ..\plugins\tnmmatch\tnmmatch.exe
Renaming TNMDBWRP.DO! to TNMDBWRP.DO
Waiting for ..\data\51002.ok to appear.
Waiting for ..\data\51002.ok to appear.
Waiting for ..\data\51002.ok to appear.
Waiting for ..\data\51002.ok to appear.
Creating tnmdbwrp.do!
 75157 
crowdfade
Renaming TNMDBWRP.DO! to TNMDBWRP.DO
Waiting for ..\data\75157.ok to appear.
Creating tnmdbwrp.do!
 69070 
cd C:\TNM\TNM7SE~1\TNM7SE\TNM7SE\WWE
winplugin ..\plugins\tnmmatch\tnmmatch.exe
Renaming TNMDBWRP.DO! to TNMDBWRP.DO
Waiting for ..\data\69070.ok to appear.
Waiting for ..\data\69070.ok to appear.
Waiting for ..\data\69070.ok to appear.
Waiting for ..\data\69070.ok to appear.
Creating tnmdbwrp.do!
 3887 
crowdfade
Renaming TNMDBWRP.DO! to TNMDBWRP.DO
Waiting for ..\data\3887.ok to appear.
Creating tnmdbwrp.do!
 97799 
cd C:\TNM\TNM7SE~1\TNM7SE\TNM7SE\WWE
winplugin ..\plugins\tnmmatch\tnmmatch.exe
Renaming TNMDBWRP.DO! to TNMDBWRP.DO
Waiting for ..\data\97799.ok to appear.
Waiting for ..\data\97799.ok to appear.
Waiting for ..\data\97799.ok to appear.
Waiting for ..\data\97799.ok to appear.
Creating tnmdbwrp.do!
 90120 
crowdfade
Renaming TNMDBWRP.DO! to TNMDBWRP.DO
Waiting for ..\data\90120.ok to appear.
Creating tnmdbwrp.do!
 84033 
cd C:\TNM\TNM7SE~1\TNM7SE\TNM7SE\WWE
winplugin ..\plugins\tnmmatch\tnmmatch.exe
Renaming TNMDBWRP.DO! to TNMDBWRP.DO
Waiting for ..\data\84033.ok to appear.
Waiting for ..\data\84033.ok to appear.
Waiting for ..\data\84033.ok to appear.
Waiting for ..\data\84033.ok to appear.
Creating tnmdbwrp.do!
 17186 
crowdfade
Renaming TNMDBWRP.DO! to TNMDBWRP.DO
Waiting for ..\data\17186.ok to appear.
Creating tnmdbwrp.do!
 14237 
cd C:\TNM\TNM7SE~1\TNM7SE\TNM7SE\WWE
winplugin ..\plugins\tnmmatch\tnmmatch.exe
Renaming TNMDBWRP.DO! to TNMDBWRP.DO
Waiting for ..\data\14237.ok to appear.
Waiting for ..\data\14237.ok to appear.
Waiting for ..\data\14237.ok to appear.
Waiting for ..\data\14237.ok to appear.
Creating tnmdbwrp.do!
 33780 
crowdfade
Renaming TNMDBWRP.DO! to TNMDBWRP.DO
Waiting for ..\data\33780.ok to appear.
Creating tnmdbwrp.do!
 27692 
cd C:\TNM\TNM7SE~1\TNM7SE\TNM7SE\WWE
winplugin ..\plugins\tnmmatch\tnmmatch.exe
Renaming TNMDBWRP.DO! to TNMDBWRP.DO
Waiting for ..\data\27692.ok to appear.
Waiting for ..\data\27692.ok to appear.
Waiting for ..\data\27692.ok to appear.
Waiting for ..\data\27692.ok to appear.
Creating tnmdbwrp.do!
 71507 
crowdfade
Renaming TNMDBWRP.DO! to TNMDBWRP.DO
Waiting for ..\data\71507.ok to appear.
Creating tnmdbwrp.do!
 68558 
cd C:\TNM\TNM7SE~1\TNM7SE\TNM7SE\WWE
winplugin ..\plugins\tnmmatch\tnmmatch.exe
Renaming TNMDBWRP.DO! to TNMDBWRP.DO
Waiting for ..\data\68558.ok to appear.
Waiting for ..\data\68558.ok to appear.
Waiting for ..\data\68558.ok to appear.
Waiting for ..\data\68558.ok to appear.
Creating tnmdbwrp.do!
 68441 
crowdfade
Renaming TNMDBWRP.DO! to TNMDBWRP.DO
Waiting for ..\data\68441.ok to appear.
Creating tnmdbwrp.do!
 62354 
cd C:\TNM\TNM7SE~1\TNM7SE\TNM7SE\WWE
winplugin ..\plugins\tnmmatch\tnmmatch.exe
Renaming TNMDBWRP.DO! to TNMDBWRP.DO
Waiting for ..\data\62354.ok to appear.
Waiting for ..\data\62354.ok to appear.
Waiting for ..\data\62354.ok to appear.
Waiting for ..\data\62354.ok to appear.
Creating tnmdbwrp.do!
 18305 
crowdfade
Renaming TNMDBWRP.DO! to TNMDBWRP.DO
Waiting for ..\data\18305.ok to appear.
Creating tnmdbwrp.do!
 12217 
cd C:\TNM\TNM7SE~1\TNM7SE\TNM7SE\WWE
winplugin ..\plugins\tnmmatch\tnmmatch.exe
Renaming TNMDBWRP.DO! to TNMDBWRP.DO
Waiting for ..\data\12217.ok to appear.
Waiting for ..\data\12217.ok to appear.
Waiting for ..\data\12217.ok to appear.
Waiting for ..\data\12217.ok to appear.
Creating tnmdbwrp.do!
 4577 
crowdfade
Renaming TNMDBWRP.DO! to TNMDBWRP.DO
Waiting for ..\data\4577.ok to appear.
Creating tnmdbwrp.do!
 98490 
cd C:\TNM\TNM7SE~1\TNM7SE\TNM7SE\WWE
winplugin ..\plugins\tnmmatch\tnmmatch.exe
Renaming TNMDBWRP.DO! to TNMDBWRP.DO
Waiting for ..\data\98490.ok to appear.
Waiting for ..\data\98490.ok to appear.
Waiting for ..\data\98490.ok to appear.
Waiting for ..\data\98490.ok to appear.
Creating tnmdbwrp.do!
 22645 
crowdfade
Renaming TNMDBWRP.DO! to TNMDBWRP.DO
Waiting for ..\data\22645.ok to appear.
Creating tnmdbwrp.do!
 16558 
cd C:\TNM\TNM7SE~1\TNM7SE\TNM7SE\WWE
winplugin ..\plugins\tnmmatch\tnmmatch.exe
Renaming TNMDBWRP.DO! to TNMDBWRP.DO
Waiting for ..\data\16558.ok to appear.
Waiting for ..\data\16558.ok to appear.
Waiting for ..\data\16558.ok to appear.
Waiting for ..\data\16558.ok to appear.
Creating tnmdbwrp.do!
 96782 
crowdfade
Renaming TNMDBWRP.DO! to TNMDBWRP.DO
Waiting for ..\data\96782.ok to appear.
Creating tnmdbwrp.do!
 90694 
cd C:\TNM\TNM7SE~1\TNM7SE\TNM7SE\WWE
winplugin ..\plugins\tnmmatch\tnmmatch.exe
Renaming TNMDBWRP.DO! to TNMDBWRP.DO
Waiting for ..\data\90694.ok to appear.
Waiting for ..\data\90694.ok to appear.
Waiting for ..\data\90694.ok to appear.
Waiting for ..\data\90694.ok to appear.
Creating tnmdbwrp.do!
 45171 
crowdfade
Renaming TNMDBWRP.DO! to TNMDBWRP.DO
Waiting for ..\data\45171.ok to appear.
Creating tnmdbwrp.do!
 39083 
cd C:\TNM\TNM7SE~1\TNM7SE\TNM7SE\WWE
winplugin ..\plugins\tnmmatch\tnmmatch.exe
Renaming TNMDBWRP.DO! to TNMDBWRP.DO
Waiting for ..\data\39083.ok to appear.
Waiting for ..\data\39083.ok to appear.
Waiting for ..\data\39083.ok to appear.
Waiting for ..\data\39083.ok to appear.
Creating tnmdbwrp.do!
 95035 
crowdfade
Renaming TNMDBWRP.DO! to TNMDBWRP.DO
Waiting for ..\data\95035.ok to appear.
Creating tnmdbwrp.do!
 88947 
cd C:\TNM\TNM7SE~1\TNM7SE\TNM7SE\WWE
winplugin ..\plugins\tnmmatch\tnmmatch.exe
Renaming TNMDBWRP.DO! to TNMDBWRP.DO
Waiting for ..\data\88947.ok to appear.
Waiting for ..\data\88947.ok to appear.
Waiting for ..\data\88947.ok to appear.
Waiting for ..\data\88947.ok to appear.
Creating tnmdbwrp.do!
 69171 
crowdfade
Renaming TNMDBWRP.DO! to TNMDBWRP.DO
Waiting for ..\data\69171.ok to appear.
Creating tnmdbwrp.do!
 63083 
cd C:\TNM\TNM7SE~1\TNM7SE\TNM7SE\WWE
winplugin ..\plugins\tnmmatch\tnmmatch.exe
Renaming TNMDBWRP.DO! to TNMDBWRP.DO
Waiting for ..\data\63083.ok to appear.
Waiting for ..\data\63083.ok to appear.
Waiting for ..\data\63083.ok to appear.
Waiting for ..\data\63083.ok to appear.
Creating tnmdbwrp.do!
 19035 
crowdfade
Renaming TNMDBWRP.DO! to TNMDBWRP.DO
Waiting for ..\data\19035.ok to appear.
Creating tnmdbwrp.do!
 12947 
cd C:\TNM\TNM7SE~1\TNM7SE\TNM7SE\WWE
winplugin ..\plugins\tnmmatch\tnmmatch.exe
Renaming TNMDBWRP.DO! to TNMDBWRP.DO
Waiting for ..\data\12947.ok to appear.
Waiting for ..\data\12947.ok to appear.
Waiting for ..\data\12947.ok to appear.
Waiting for ..\data\12947.ok to appear.
Creating tnmdbwrp.do!
 99219 
crowdfade
Renaming TNMDBWRP.DO! to TNMDBWRP.DO
Waiting for ..\data\99219.ok to appear.
Creating tnmdbwrp.do!
 93132 
cd C:\TNM\TNM7SE~1\TNM7SE\TNM7SE\WWE
winplugin ..\plugins\tnmmatch\tnmmatch.exe
Renaming TNMDBWRP.DO! to TNMDBWRP.DO
Waiting for ..\data\93132.ok to appear.
Waiting for ..\data\93132.ok to appear.
Waiting for ..\data\93132.ok to appear.
Waiting for ..\data\93132.ok to appear.
Creating tnmdbwrp.do!
 91540 
crowdfade
Renaming TNMDBWRP.DO! to TNMDBWRP.DO
Waiting for ..\data\91540.ok to appear.
Creating tnmdbwrp.do!
 85453 
cd C:\TNM\TNM7SE~1\TNM7SE\TNM7SE\WWE
winplugin ..\plugins\tnmmatch\tnmmatch.exe
Renaming TNMDBWRP.DO! to TNMDBWRP.DO
Waiting for ..\data\85453.ok to appear.
Waiting for ..\data\85453.ok to appear.
Waiting for ..\data\85453.ok to appear.
Waiting for ..\data\85453.ok to appear.
Creating tnmdbwrp.do!
 45745 
crowdfade
Renaming TNMDBWRP.DO! to TNMDBWRP.DO
Waiting for ..\data\45745.ok to appear.
Creating tnmdbwrp.do!
 39657 
cd C:\TNM\TNM7SE~1\TNM7SE\TNM7SE\WWE
winplugin ..\plugins\tnmmatch\tnmmatch.exe
Renaming TNMDBWRP.DO! to TNMDBWRP.DO
Waiting for ..\data\39657.ok to appear.
Waiting for ..\data\39657.ok to appear.
Waiting for ..\data\39657.ok to appear.
Waiting for ..\data\39657.ok to appear.
Creating tnmdbwrp.do!
 62338 
crowdfade
Renaming TNMDBWRP.DO! to TNMDBWRP.DO
Waiting for ..\data\62338.ok to appear.
Creating tnmdbwrp.do!
 56250 
cd C:\TNM\TNM7SE~1\TNM7SE\TNM7SE\WWE
winplugin ..\plugins\tnmmatch\tnmmatch.exe
Renaming TNMDBWRP.DO! to TNMDBWRP.DO
Waiting for ..\data\56250.ok to appear.
Waiting for ..\data\56250.ok to appear.
Waiting for ..\data\56250.ok to appear.
Waiting for ..\data\56250.ok to appear.
Creating tnmdbwrp.do!
 36474 
crowdfade
Renaming TNMDBWRP.DO! to TNMDBWRP.DO
Waiting for ..\data\36474.ok to appear.
Creating tnmdbwrp.do!
 30387 
cd C:\TNM\TNM7SE~1\TNM7SE\TNM7SE\WWE
winplugin ..\plugins\tnmmatch\tnmmatch.exe
Renaming TNMDBWRP.DO! to TNMDBWRP.DO
Waiting for ..\data\30387.ok to appear.
Waiting for ..\data\30387.ok to appear.
Waiting for ..\data\30387.ok to appear.
Waiting for ..\data\30387.ok to appear.
Creating tnmdbwrp.do!
 54542 
crowdfade
Renaming TNMDBWRP.DO! to TNMDBWRP.DO
Waiting for ..\data\54542.ok to appear.
Creating tnmdbwrp.do!
 48455 
cd C:\TNM\TNM7SE~1\TNM7SE\TNM7SE\WWE
winplugin ..\plugins\tnmmatch\tnmmatch.exe
Renaming TNMDBWRP.DO! to TNMDBWRP.DO
Waiting for ..\data\48455.ok to appear.
Waiting for ..\data\48455.ok to appear.
Waiting for ..\data\48455.ok to appear.
Waiting for ..\data\48455.ok to appear.
Creating tnmdbwrp.do!
 36202 
crowdfade
Renaming TNMDBWRP.DO! to TNMDBWRP.DO
Waiting for ..\data\36202.ok to appear.
Creating tnmdbwrp.do!
 33252 
cd C:\TNM\TNM7SE~1\TNM7SE\TNM7SE\WWE
winplugin ..\plugins\tnmmatch\tnmmatch.exe
Renaming TNMDBWRP.DO! to TNMDBWRP.DO
Waiting for ..\data\33252.ok to appear.
Waiting for ..\data\33252.ok to appear.
Waiting for ..\data\33252.ok to appear.
Waiting for ..\data\33252.ok to appear.
Creating tnmdbwrp.do!
 22474 
crowdfade
Renaming TNMDBWRP.DO! to TNMDBWRP.DO
Waiting for ..\data\22474.ok to appear.
Creating tnmdbwrp.do!
 16387 
cd C:\TNM\TNM7SE~1\TNM7SE\TNM7SE\WWE
winplugin ..\plugins\tnmmatch\tnmmatch.exe
Renaming TNMDBWRP.DO! to TNMDBWRP.DO
Waiting for ..\data\16387.ok to appear.
Waiting for ..\data\16387.ok to appear.
Waiting for ..\data\16387.ok to appear.
Waiting for ..\data\16387.ok to appear.
Creating tnmdbwrp.do!
 40542 
crowdfade
Renaming TNMDBWRP.DO! to TNMDBWRP.DO
Waiting for ..\data\40542.ok to appear.
Creating tnmdbwrp.do!
 37593 
cd C:\TNM\TNM7SE~1\TNM7SE\TNM7SE\WWE
winplugin ..\plugins\tnmmatch\tnmmatch.exe
Renaming TNMDBWRP.DO! to TNMDBWRP.DO
Waiting for ..\data\37593.ok to appear.
Waiting for ..\data\37593.ok to appear.
Waiting for ..\data\37593.ok to appear.
Waiting for ..\data\37593.ok to appear.
Creating tnmdbwrp.do!
 81136 
crowdfade
Renaming TNMDBWRP.DO! to TNMDBWRP.DO
Waiting for ..\data\81136.ok to appear.
Creating tnmdbwrp.do!
 75048 
cd C:\TNM\TNM7SE~1\TNM7SE\TNM7SE\WWE
winplugin ..\plugins\tnmmatch\tnmmatch.exe
Renaming TNMDBWRP.DO! to TNMDBWRP.DO
Waiting for ..\data\75048.ok to appear.
Waiting for ..\data\75048.ok to appear.
Waiting for ..\data\75048.ok to appear.
Waiting for ..\data\75048.ok to appear.
Waiting for ..\data\75048.ok to appear.
Waiting for ..\data\75048.ok to appear.
Waiting for ..\data\75048.ok to appear.
Waiting for ..\data\75048.ok to appear.
Waiting for ..\data\75048.ok to appear.
Waiting for ..\data\75048.ok to appear.
Creating tnmdbwrp.do!
 91525 
crowdfade
Renaming TNMDBWRP.DO! to TNMDBWRP.DO
Waiting for ..\data\91525.ok to appear.
Creating tnmdbwrp.do!
 85437 
cd C:\TNM\TNM7SE~1\TNM7SE\TNM7SE\WWE
winplugin ..\plugins\tnmmatch\tnmmatch.exe
Renaming TNMDBWRP.DO! to TNMDBWRP.DO
Waiting for ..\data\85437.ok to appear.
Waiting for ..\data\85437.ok to appear.
Waiting for ..\data\85437.ok to appear.
Waiting for ..\data\85437.ok to appear.
Creating tnmdbwrp.do!
 65622 
crowdfade
Renaming TNMDBWRP.DO! to TNMDBWRP.DO
Waiting for ..\data\65622.ok to appear.
Creating tnmdbwrp.do!
 59534 
cd C:\TNM\TNM7SE~1\TNM7SE\TNM7SE\WWE
winplugin ..\plugins\tnmmatch\tnmmatch.exe
Renaming TNMDBWRP.DO! to TNMDBWRP.DO
Waiting for ..\data\59534.ok to appear.
Waiting for ..\data\59534.ok to appear.
Waiting for ..\data\59534.ok to appear.
Waiting for ..\data\59534.ok to appear.
Creating tnmdbwrp.do!
 71554 
crowdfade
Renaming TNMDBWRP.DO! to TNMDBWRP.DO
Waiting for ..\data\71554.ok to appear.
Creating tnmdbwrp.do!
 68604 
cd C:\TNM\TNM7SE~1\TNM7SE\TNM7SE\WWE
winplugin ..\plugins\tnmmatch\tnmmatch.exe
Renaming TNMDBWRP.DO! to TNMDBWRP.DO
Waiting for ..\data\68604.ok to appear.
Waiting for ..\data\68604.ok to appear.
Waiting for ..\data\68604.ok to appear.
Waiting for ..\data\68604.ok to appear.
Creating tnmdbwrp.do!
 76833 
crowdfade
Renaming TNMDBWRP.DO! to TNMDBWRP.DO
Waiting for ..\data\76833.ok to appear.
Creating tnmdbwrp.do!
 75358 
cd C:\TNM\TNM7SE~1\TNM7SE\TNM7SE\WWE
winplugin ..\plugins\tnmmatch\tnmmatch.exe
Renaming TNMDBWRP.DO! to TNMDBWRP.DO
Waiting for ..\data\75358.ok to appear.
Waiting for ..\data\75358.ok to appear.
Waiting for ..\data\75358.ok to appear.
Waiting for ..\data\75358.ok to appear.
Creating tnmdbwrp.do!
 10857 
crowdfade
Renaming TNMDBWRP.DO! to TNMDBWRP.DO
Waiting for ..\data\10857.ok to appear.
Creating tnmdbwrp.do!
 9383 
cd C:\TNM\TNM7SE~1\TNM7SE\TNM7SE\WWE
winplugin ..\plugins\tnmmatch\tnmmatch.exe
Renaming TNMDBWRP.DO! to TNMDBWRP.DO
Waiting for ..\data\9383.ok to appear.
Waiting for ..\data\9383.ok to appear.
Waiting for ..\data\9383.ok to appear.
Waiting for ..\data\9383.ok to appear.
Waiting for ..\data\9383.ok to appear.
Creating tnmdbwrp.do!
 65373 
crowdfade
Renaming TNMDBWRP.DO! to TNMDBWRP.DO
Waiting for ..\data\65373.ok to appear.
Creating tnmdbwrp.do!
 60760 
cd C:\TNM\TNM7SE~1\TNM7SE\TNM7SE\WWE
winplugin ..\plugins\tnmmatch\tnmmatch.exe
Renaming TNMDBWRP.DO! to TNMDBWRP.DO
Waiting for ..\data\60760.ok to appear.
Waiting for ..\data\60760.ok to appear.
Waiting for ..\data\60760.ok to appear.
Waiting for ..\data\60760.ok to appear.
Creating tnmdbwrp.do!
 13840 
crowdfade
Renaming TNMDBWRP.DO! to TNMDBWRP.DO
Waiting for ..\data\13840.ok to appear.
Creating tnmdbwrp.do!
 9227 
cd C:\TNM\TNM7SE~1\TNM7SE\TNM7SE\WWE
winplugin ..\plugins\tnmmatch\tnmmatch.exe
Renaming TNMDBWRP.DO! to TNMDBWRP.DO
Waiting for ..\data\9227.ok to appear.
Waiting for ..\data\9227.ok to appear.
Waiting for ..\data\9227.ok to appear.
Waiting for ..\data\9227.ok to appear.
Creating tnmdbwrp.do!
 83402 
crowdfade
Renaming TNMDBWRP.DO! to TNMDBWRP.DO
Waiting for ..\data\83402.ok to appear.
Creating tnmdbwrp.do!
 81927 
cd C:\TNM\TNM7SE~1\TNM7SE\TNM7SE\WWE
winplugin ..\plugins\tnmmatch\tnmmatch.exe
Renaming TNMDBWRP.DO! to TNMDBWRP.DO
Waiting for ..\data\81927.ok to appear.
Waiting for ..\data\81927.ok to appear.
Waiting for ..\data\81927.ok to appear.
Waiting for ..\data\81927.ok to appear.
Waiting for ..\data\81927.ok to appear.
Waiting for ..\data\81927.ok to appear.
Creating tnmdbwrp.do!
 11339 
crowdfade
Renaming TNMDBWRP.DO! to TNMDBWRP.DO
Waiting for ..\data\11339.ok to appear.
Creating tnmdbwrp.do!
 9864 
cd C:\TNM\TNM7SE~1\TNM7SE\TNM7SE\WWE
winplugin ..\plugins\tnmmatch\tnmmatch.exe
Renaming TNMDBWRP.DO! to TNMDBWRP.DO
Waiting for ..\data\9864.ok to appear.
Waiting for ..\data\9864.ok to appear.
Waiting for ..\data\9864.ok to appear.
Waiting for ..\data\9864.ok to appear.
Creating tnmdbwrp.do!
 99125 
crowdfade
Renaming TNMDBWRP.DO! to TNMDBWRP.DO
Waiting for ..\data\99125.ok to appear.
Creating tnmdbwrp.do!
 97650 
cd C:\TNM\TNM7SE~1\TNM7SE\TNM7SE\WWE
winplugin ..\plugins\tnmmatch\tnmmatch.exe
Renaming TNMDBWRP.DO! to TNMDBWRP.DO
Waiting for ..\data\97650.ok to appear.
Waiting for ..\data\97650.ok to appear.
Waiting for ..\data\97650.ok to appear.
Waiting for ..\data\97650.ok to appear.
Waiting for ..\data\97650.ok to appear.
Waiting for ..\data\97650.ok to appear.
Creating tnmdbwrp.do!
 63470 
crowdfade
Renaming TNMDBWRP.DO! to TNMDBWRP.DO
Waiting for ..\data\63470.ok to appear.
Creating tnmdbwrp.do!
 61995 
cd C:\TNM\TNM7SE~1\TNM7SE\TNM7SE\WWE
winplugin ..\plugins\tnmmatch\tnmmatch.exe
Renaming TNMDBWRP.DO! to TNMDBWRP.DO
Waiting for ..\data\61995.ok to appear.
Waiting for ..\data\61995.ok to appear.
Waiting for ..\data\61995.ok to appear.
Waiting for ..\data\61995.ok to appear.
Creating tnmdbwrp.do!
 81499 
crowdfade
Renaming TNMDBWRP.DO! to TNMDBWRP.DO
Waiting for ..\data\81499.ok to appear.
Creating tnmdbwrp.do!
 80025 
cd C:\TNM\TNM7SE~1\TNM7SE\TNM7SE\WWE
winplugin ..\plugins\tnmmatch\tnmmatch.exe
Renaming TNMDBWRP.DO! to TNMDBWRP.DO
Waiting for ..\data\80025.ok to appear.
Waiting for ..\data\80025.ok to appear.
Waiting for ..\data\80025.ok to appear.
Waiting for ..\data\80025.ok to appear.
Waiting for ..\data\80025.ok to appear.
Waiting for ..\data\80025.ok to appear.
Waiting for ..\data\80025.ok to appear.
Waiting for ..\data\80025.ok to appear.
Waiting for ..\data\80025.ok to appear.
Waiting for ..\data\80025.ok to appear.
Waiting for ..\data\80025.ok to appear.
Waiting for ..\data\80025.ok to appear.
Waiting for ..\data\80025.ok to appear.
Waiting for ..\data\80025.ok to appear.
Waiting for ..\data\80025.ok to appear.
Creating tnmdbwrp.do!
 13893 
crowdfade
Renaming TNMDBWRP.DO! to TNMDBWRP.DO
Waiting for ..\data\13893.ok to appear.
Creating tnmdbwrp.do!
 12419 
cd C:\TNM\TNM7SE~1\TNM7SE\TNM7SE\WWE
winplugin ..\plugins\tnmmatch\tnmmatch.exe
Renaming TNMDBWRP.DO! to TNMDBWRP.DO
Waiting for ..\data\12419.ok to appear.
Waiting for ..\data\12419.ok to appear.
Waiting for ..\data\12419.ok to appear.
Waiting for ..\data\12419.ok to appear.
Waiting for ..\data\12419.ok to appear.
Creating tnmdbwrp.do!
 20028 
crowdfade
Renaming TNMDBWRP.DO! to TNMDBWRP.DO
Waiting for ..\data\20028.ok to appear.
Creating tnmdbwrp.do!
 28903 
cd C:\TNM\TNM7SE~1\TNM7SE\TNM7SE\WWE
winplugin ..\plugins\tnmmatch\tnmmatch.exe
Renaming TNMDBWRP.DO! to TNMDBWRP.DO
Waiting for ..\data\28903.ok to appear.
Waiting for ..\data\28903.ok to appear.
Waiting for ..\data\28903.ok to appear.
Waiting for ..\data\28903.ok to appear.
Waiting for ..\data\28903.ok to appear.
Waiting for ..\data\28903.ok to appear.
Creating tnmdbwrp.do!
 72035 
crowdfade
Renaming TNMDBWRP.DO! to TNMDBWRP.DO
Waiting for ..\data\72035.ok to appear.
Creating tnmdbwrp.do!
 80911 
cd C:\TNM\TNM7SE~1\TNM7SE\TNM7SE\WWE
winplugin ..\plugins\tnmmatch\tnmmatch.exe
Renaming TNMDBWRP.DO! to TNMDBWRP.DO
Waiting for ..\data\80911.ok to appear.
Waiting for ..\data\80911.ok to appear.
Waiting for ..\data\80911.ok to appear.
Waiting for ..\data\80911.ok to appear.
Creating tnmdbwrp.do!
 61041 
crowdfade
Renaming TNMDBWRP.DO! to TNMDBWRP.DO
Waiting for ..\data\61041.ok to appear.
Creating tnmdbwrp.do!
 66778 
cd C:\TNM\TNM7SE~1\TNM7SE\TNM7SE\WWE
winplugin ..\plugins\tnmmatch\tnmmatch.exe
Renaming TNMDBWRP.DO! to TNMDBWRP.DO
Waiting for ..\data\66778.ok to appear.
Waiting for ..\data\66778.ok to appear.
Waiting for ..\data\66778.ok to appear.
Waiting for ..\data\66778.ok to appear.
Creating tnmdbwrp.do!
 7395 
crowdfade
Renaming TNMDBWRP.DO! to TNMDBWRP.DO
Waiting for ..\data\7395.ok to appear.
Creating tnmdbwrp.do!
 16270 
cd C:\TNM\TNM7SE~1\TNM7SE\TNM7SE\WWE
winplugin ..\plugins\tnmmatch\tnmmatch.exe
Renaming TNMDBWRP.DO! to TNMDBWRP.DO
Waiting for ..\data\16270.ok to appear.
Waiting for ..\data\16270.ok to appear.
Waiting for ..\data\16270.ok to appear.
Waiting for ..\data\16270.ok to appear.
Creating tnmdbwrp.do!
 90352 
crowdfade
Renaming TNMDBWRP.DO! to TNMDBWRP.DO
Waiting for ..\data\90352.ok to appear.
Creating tnmdbwrp.do!
 96090 
cd C:\TNM\TNM7SE~1\TNM7SE\TNM7SE\WWE
winplugin ..\plugins\tnmmatch\tnmmatch.exe
Renaming TNMDBWRP.DO! to TNMDBWRP.DO
Waiting for ..\data\96090.ok to appear.
Waiting for ..\data\96090.ok to appear.
Waiting for ..\data\96090.ok to appear.
Waiting for ..\data\96090.ok to appear.
Waiting for ..\data\96090.ok to appear.
Waiting for ..\data\96090.ok to appear.
Waiting for ..\data\96090.ok to appear.
Waiting for ..\data\96090.ok to appear.
Creating tnmdbwrp.do!
 48097 
crowdfade
Renaming TNMDBWRP.DO! to TNMDBWRP.DO
Waiting for ..\data\48097.ok to appear.
Creating tnmdbwrp.do!
 53835 
cd C:\TNM\TNM7SE~1\TNM7SE\TNM7SE\WWE
winplugin ..\plugins\tnmmatch\tnmmatch.exe
Renaming TNMDBWRP.DO! to TNMDBWRP.DO
Waiting for ..\data\53835.ok to appear.
Waiting for ..\data\53835.ok to appear.
Waiting for ..\data\53835.ok to appear.
Waiting for ..\data\53835.ok to appear.
Creating tnmdbwrp.do!
 58471 
crowdfade
Renaming TNMDBWRP.DO! to TNMDBWRP.DO
Waiting for ..\data\58471.ok to appear.
Creating tnmdbwrp.do!
 64208 
cd C:\TNM\TNM7SE~1\TNM7SE\TNM7SE\WWE
winplugin ..\plugins\tnmmatch\tnmmatch.exe
Renaming TNMDBWRP.DO! to TNMDBWRP.DO
Waiting for ..\data\64208.ok to appear.
Waiting for ..\data\64208.ok to appear.
Waiting for ..\data\64208.ok to appear.
Waiting for ..\data\64208.ok to appear.
Creating tnmdbwrp.do!
 26504 
crowdfade
Renaming TNMDBWRP.DO! to TNMDBWRP.DO
Waiting for ..\data\26504.ok to appear.
Creating tnmdbwrp.do!
 35379 
cd C:\TNM\TNM7SE~1\TNM7SE\TNM7SE\WWE
winplugin ..\plugins\tnmmatch\tnmmatch.exe
Renaming TNMDBWRP.DO! to TNMDBWRP.DO
Waiting for ..\data\35379.ok to appear.
Waiting for ..\data\35379.ok to appear.
Waiting for ..\data\35379.ok to appear.
Waiting for ..\data\35379.ok to appear.
Waiting for ..\data\35379.ok to appear.
Creating tnmdbwrp.do!
 78511 
crowdfade
Renaming TNMDBWRP.DO! to TNMDBWRP.DO
Waiting for ..\data\78511.ok to appear.
Creating tnmdbwrp.do!
 84249 
cd C:\TNM\TNM7SE~1\TNM7SE\TNM7SE\WWE
winplugin ..\plugins\tnmmatch\tnmmatch.exe
Renaming TNMDBWRP.DO! to TNMDBWRP.DO
Waiting for ..\data\84249.ok to appear.
Waiting for ..\data\84249.ok to appear.
Waiting for ..\data\84249.ok to appear.
Waiting for ..\data\84249.ok to appear.
Creating tnmdbwrp.do!
 6625 
crowdfade
Renaming TNMDBWRP.DO! to TNMDBWRP.DO
Waiting for ..\data\6625.ok to appear.
Creating tnmdbwrp.do!
 61063 
cd C:\TNM\TNM7SE~1\TNM7SE\TNM7SE\WWE
winplugin ..\plugins\tnmmatch\tnmmatch.exe
Renaming TNMDBWRP.DO! to TNMDBWRP.DO
Waiting for ..\data\61063.ok to appear.
Waiting for ..\data\61063.ok to appear.
Waiting for ..\data\61063.ok to appear.
Waiting for ..\data\61063.ok to appear.
Creating tnmdbwrp.do!
 17860 
crowdfade
Renaming TNMDBWRP.DO! to TNMDBWRP.DO
Waiting for ..\data\17860.ok to appear.
Creating tnmdbwrp.do!
 72298 
cd C:\TNM\TNM7SE~1\TNM7SE\TNM7SE\WWE
winplugin ..\plugins\tnmmatch\tnmmatch.exe
Renaming TNMDBWRP.DO! to TNMDBWRP.DO
Waiting for ..\data\72298.ok to appear.
Waiting for ..\data\72298.ok to appear.
Waiting for ..\data\72298.ok to appear.
Waiting for ..\data\72298.ok to appear.
Creating tnmdbwrp.do!
 59339 
crowdfade
Renaming TNMDBWRP.DO! to TNMDBWRP.DO
Waiting for ..\data\59339.ok to appear.
Creating tnmdbwrp.do!
 13777 
cd C:\TNM\TNM7SE~1\TNM7SE\TNM7SE\WWE
winplugin ..\plugins\tnmmatch\tnmmatch.exe
Renaming TNMDBWRP.DO! to TNMDBWRP.DO
Waiting for ..\data\13777.ok to appear.
Waiting for ..\data\13777.ok to appear.
Waiting for ..\data\13777.ok to appear.
Waiting for ..\data\13777.ok to appear.
Creating tnmdbwrp.do!
 76623 
crowdfade
Renaming TNMDBWRP.DO! to TNMDBWRP.DO
Waiting for ..\data\76623.ok to appear.
Creating tnmdbwrp.do!
 31061 
cd C:\TNM\TNM7SE~1\TNM7SE\TNM7SE\WWE
winplugin ..\plugins\tnmmatch\tnmmatch.exe
Renaming TNMDBWRP.DO! to TNMDBWRP.DO
Waiting for ..\data\31061.ok to appear.
Waiting for ..\data\31061.ok to appear.
Waiting for ..\data\31061.ok to appear.
Waiting for ..\data\31061.ok to appear.
Creating tnmdbwrp.do!
 48500 
crowdfade
Renaming TNMDBWRP.DO! to TNMDBWRP.DO
Waiting for ..\data\48500.ok to appear.
Creating tnmdbwrp.do!
 99800 
cd C:\TNM\TNM7SE~1\TNM7SE\TNM7SE\WWE
winplugin ..\plugins\tnmmatch\tnmmatch.exe
Renaming TNMDBWRP.DO! to TNMDBWRP.DO
Waiting for ..\data\99800.ok to appear.
Waiting for ..\data\99800.ok to appear.
Waiting for ..\data\99800.ok to appear.
Waiting for ..\data\99800.ok to appear.
Creating tnmdbwrp.do!
 5142 
crowdfade
Renaming TNMDBWRP.DO! to TNMDBWRP.DO
Waiting for ..\data\5142.ok to appear.
Creating tnmdbwrp.do!
 59580 
cd C:\TNM\TNM7SE~1\TNM7SE\TNM7SE\WWE
winplugin ..\plugins\tnmmatch\tnmmatch.exe
Renaming TNMDBWRP.DO! to TNMDBWRP.DO
Waiting for ..\data\59580.ok to appear.
Waiting for ..\data\59580.ok to appear.
Waiting for ..\data\59580.ok to appear.
Waiting for ..\data\59580.ok to appear.
Creating tnmdbwrp.do!
 98364 
crowdfade
Renaming TNMDBWRP.DO! to TNMDBWRP.DO
Waiting for ..\data\98364.ok to appear.
Creating tnmdbwrp.do!
 49664 
cd C:\TNM\TNM7SE~1\TNM7SE\TNM7SE\WWE
winplugin ..\plugins\tnmmatch\tnmmatch.exe
Renaming TNMDBWRP.DO! to TNMDBWRP.DO
Waiting for ..\data\49664.ok to appear.
Waiting for ..\data\49664.ok to appear.
Waiting for ..\data\49664.ok to appear.
Waiting for ..\data\49664.ok to appear.
Waiting for ..\data\49664.ok to appear.
Waiting for ..\data\49664.ok to appear.
Creating tnmdbwrp.do!
 94125 
crowdfade
Renaming TNMDBWRP.DO! to TNMDBWRP.DO
Waiting for ..\data\94125.ok to appear.
Creating tnmdbwrp.do!
 45424 
cd C:\TNM\TNM7SE~1\TNM7SE\TNM7SE\WWE
winplugin ..\plugins\tnmmatch\tnmmatch.exe
Renaming TNMDBWRP.DO! to TNMDBWRP.DO
Waiting for ..\data\45424.ok to appear.
Waiting for ..\data\45424.ok to appear.
Waiting for ..\data\45424.ok to appear.
Waiting for ..\data\45424.ok to appear.
Creating tnmdbwrp.do!
 38514 
crowdfade
Renaming TNMDBWRP.DO! to TNMDBWRP.DO
Waiting for ..\data\38514.ok to appear.
Creating tnmdbwrp.do!
 92952 
cd C:\TNM\TNM7SE~1\TNM7SE\TNM7SE\WWE
winplugin ..\plugins\tnmmatch\tnmmatch.exe
Renaming TNMDBWRP.DO! to TNMDBWRP.DO
Waiting for ..\data\92952.ok to appear.
Waiting for ..\data\92952.ok to appear.
Waiting for ..\data\92952.ok to appear.
Waiting for ..\data\92952.ok to appear.
Waiting for ..\data\92952.ok to appear.
Waiting for ..\data\92952.ok to appear.
Waiting for ..\data\92952.ok to appear.
Waiting for ..\data\92952.ok to appear.
Waiting for ..\data\92952.ok to appear.
Waiting for ..\data\92952.ok to appear.
Waiting for ..\data\92952.ok to appear.
Waiting for ..\data\92952.ok to appear.
Waiting for ..\data\92952.ok to appear.
Waiting for ..\data\92952.ok to appear.
Waiting for ..\data\92952.ok to appear.
Waiting for ..\data\92952.ok to appear.
Waiting for ..\data\92952.ok to appear.
Waiting for ..\data\92952.ok to appear.
Waiting for ..\data\92952.ok to appear.
Waiting for ..\data\92952.ok to appear.
Waiting for ..\data\92952.ok to appear.
Waiting for ..\data\92952.ok to appear.
Waiting for ..\data\92952.ok to appear.
Waiting for ..\data\92952.ok to appear.
Waiting for ..\data\92952.ok to appear.
Waiting for ..\data\92952.ok to appear.
