
Match no. 0 
Participants:      Shota Umino Titan Dragon Lee Karl Fredericks Jonathan Gresham Bandido 
Total number of moves:  108 
Total damage:           3730 
Moves/time:             .108651911468813 
Damage/time:            3.75251509054326 
Damage/moves:           34.537037037037 
Average heat: 5 -> 0 
Damage/move bonus:-.5 
Finish class: 11            bonus: 0 
Workrate bonus: 5 
Cumulative rating (so far):* 3/4
Near falls:             12 and 0 - 12 and 0 per fall
Final rating:      **
Shota Umino: 5 -> 5 
Titan: 5 -> 5 
Dragon Lee: 5 -> 5 
Karl Fredericks: 5 -> 5 
Jonathan Gresham: 5 -> 5 
Bandido: 5 -> 6 

Match no. 0 
Participants:      SHO YOH Ryusuke Taguchi Robbie Eagles El Phantasmo Taiji Ishimori 
Total number of moves:  90 
Total damage:           3321 
Moves/time:             .134128166915052 
Damage/time:            4.94932935916542 
Damage/moves:           36.9 
Average heat: 6 -> .5 
Damage/move bonus: 0 
Finish class: 2             bonus: .25 
Workrate bonus: 5 
Cumulative rating (so far):** 1/2
Near falls:             9 and 3 - 9 and 3 per fall
Final rating:      ***
SHO: 5 -> 6 
YOH: 5 -> 5 
Ryusuke Taguchi: 5 -> 5 
Robbie Eagles: 5 -> 5 
El Phantasmo: 5 -> 6 

Match no. 0 
Participants:      Tiger Mask IV Jushin Liger YOSHI-HASHI Toru Yano Tomohiro Ishii DOUKI Yoshinobu Kanemaru Zack Sabre Jr. Minoru Suzuki Taichi 
Total number of moves:  152 
Total damage:           5273 
Moves/time:             .145593869731801 
Damage/time:            5.0507662835249 
Damage/moves:           34.6907894736842 
Average heat: 6 -> .5 
Damage/move bonus:-.5 
Finish class: 2             bonus: .75 
Workrate bonus: 5 
Cumulative rating (so far):** 1/2
Near falls:             16 and 4 - 16 and 4 per fall
Final rating:      ** 3/4
Tiger Mask IV: 5 -> 5 
Toru Yano: 5 -> 5 
DOUKI: 5 -> 6 
Zack Sabre Jr.: 5 -> 6 
Minoru Suzuki: 5 -> 5 
Taichi: 5 -> 5 

Match no. 0 
Participants:      Toa Henare Tomoaki Honma Togi Makabe Kota Ibushi BUSHI SANADA EVIL Tetsuya Naito 
Total number of moves:  55 
Total damage:           2023 
Moves/time:             .134146341463415 
Damage/time:            4.93414634146341 
Damage/moves:           36.7818181818182 
Average heat: 5 -> 0 
Damage/move bonus: 0 
Finish class: 7             bonus:-.75 
Workrate bonus: 5 
Cumulative rating (so far):* 1/2
Near falls:             10 and 3 - 10 and 3 per fall
Final rating:      **
Toa Henare: 5 -> 5 
Tomoaki Honma: 5 -> 5 
Togi Makabe: 5 -> 5 
Kota Ibushi: 5 -> 5 
BUSHI: 5 -> 5 
SANADA: 5 -> 5 
EVIL: 5 -> 5 
Tetsuya Naito: 5 -> 5 

Match no. 0 
Participants:      Rocky Romero Kazuchika Okada Brody King Marty Scurll 
Total number of moves:  113 
Total damage:           3659 
Moves/time:             .131855309218203 
Damage/time:            4.26954492415402 
Damage/moves:           32.3805309734513 
Average heat: 7 -> 1 
Damage/move bonus:-.5 
Finish class: 2             bonus: 0 
Workrate bonus: 5 
Cumulative rating (so far):** 1/4
Near falls:             11 and 0 - 11 and 0 per fall
Final rating:      ** 1/2
Brody King: 5 -> 6 
Marty Scurll: 5 -> 5 

Match no. 0 
Participants:      Hiroshi Tanahashi Jay White 
Total number of moves:  79 
Total damage:           2768 
Moves/time:             .117559523809524 
Damage/time:            4.11904761904762 
Damage/moves:           35.0379746835443 
Average heat: 9 -> 2 
Damage/move bonus: 0 
Finish class: 2             bonus: 0 
Workrate bonus: 5 
Cumulative rating (so far):*** 1/4
Near falls:             10 and 2 - 10 and 2 per fall
Final rating:      *** 1/2

Match no. 0 
Participants:      Juice Robinson Jon Moxley 
Total number of moves:  23 
Total damage:           620 
Moves/time:             .156462585034014 
Damage/time:            4.21768707482993 
Damage/moves:           26.9565217391304 
Average heat: 6 -> .5 
Damage/move bonus:-1 
Finish class: 2             bonus: 1 
Workrate bonus: 5 
Cumulative rating (so far):** 1/4
Near falls:             4 and 0 - 4 and 0 per fall
Final rating:      ** 1/2
Juice Robinson: 5 -> 5 

Match no. 0 
Participants:      Will Ospreay Shingo Takagi 
Total number of moves:  97 
Total damage:           2920 
Moves/time:             .115065243179122 
Damage/time:            3.4638196915777 
Damage/moves:           30.1030927835052 
Average heat: 8 -> 1.5 
Damage/move bonus:-.5 
Finish class: 2             bonus: 0 
Workrate bonus: 5 
Cumulative rating (so far):** 1/2
Near falls:             11 and 1 - 11 and 1 per fall
Final rating:      ***
Shingo Takagi: 5 -> 6 

Match no. 0 
Participants:      Shota Umino Jon Moxley 
Total number of moves:  69 
Total damage:           2029 
Moves/time:             .131679389312977 
Damage/time:            3.87213740458015 
Damage/moves:           29.4057971014493 
Average heat: 5 -> 0 
Damage/move bonus:-1 
Finish class: 2             bonus: 0 
Workrate bonus: 3.666667 
Cumulative rating (so far):3/4*
Near falls:             4 and 0 - 4 and 0 per fall
Final rating:      *
Shota Umino: 5 -> 5 

Match no. 0 
Participants:      Shingo Takagi Satoshi Kojima 
Total number of moves:  98 
Total damage:           2897 
Moves/time:             .114888628370457 
Damage/time:            3.39624853458382 
Damage/moves:           29.5612244897959 
Average heat: 7 -> 1 
Damage/move bonus:-1 
Finish class: 2             bonus: 1 
Workrate bonus: 5 
Cumulative rating (so far):** 1/2
Near falls:             9 and 1 - 9 and 1 per fall
Final rating:      ***
Shingo Takagi: 6 -> 6 

Match no. 0 
Participants:      Jushin Liger YOSHI-HASHI Minoru Suzuki Zack Sabre Jr. 
Total number of moves:  85 
Total damage:           2521 
Moves/time:             .133647798742138 
Damage/time:            3.96383647798742 
Damage/moves:           29.6588235294118 
Average heat: 7 -> 1 
Damage/move bonus:-1 
Finish class: 4             bonus: .5 
Workrate bonus: 5 
Cumulative rating (so far):** 1/4
Near falls:             10 and 4 - 10 and 4 per fall
Final rating:      ***
YOSHI-HASHI: 5 -> 5 

Match no. 0 
Participants:      Juice Robinson Ryusuke Taguchi Hiroshi Tanahashi Jay White Chase Owens Taiji Ishimori 
Total number of moves:  31 
Total damage:           1108 
Moves/time:             .14622641509434 
Damage/time:            5.22641509433962 
Damage/moves:           35.741935483871 
Average heat: 5 -> 0 
Damage/move bonus: 0 
Finish class: 3             bonus: 0 
Workrate bonus: 5 
Cumulative rating (so far):**
Near falls:             3 and 1 - 3 and 1 per fall
Final rating:      ** 1/4
Juice Robinson: 5 -> 5 
Ryusuke Taguchi: 5 -> 5 
Jay White: 5 -> 5 
Chase Owens: 5 -> 5 
Taiji Ishimori: 5 -> 5 

Match no. 0 
Participants:      Tomohiro Ishii Taichi 
Total number of moves:  412 
Total damage:           14136 
Moves/time:             .111141084434853 
Damage/time:            3.81332613973564 
Damage/moves:           34.3106796116505 
Average heat: 9 -> 2 
Damage/move bonus:-.5 
Finish class: 5             bonus: .5 
Workrate bonus: 5 
Cumulative rating (so far):*** 1/4
Near falls:             0 and 0 - 0 and 0 per fall
Final rating:      *** 1/4
Tomohiro Ishii: 5 -> 7 

Match no. 0 
Participants:      Tama Tonga Tanga Loa EVIL SANADA 
Total number of moves:  96 
Total damage:           2867 
Moves/time:             .146564885496183 
Damage/time:            4.37709923664122 
Damage/moves:           29.8645833333333 
Average heat: 7 -> 1 
Damage/move bonus:-1 
Finish class: 2             bonus: .75 
Workrate bonus: 5 
Cumulative rating (so far):** 1/2
Near falls:             8 and 2 - 8 and 2 per fall
Final rating:      ** 3/4
Tanga Loa: 5 -> 5 

Match no. 0 
Participants:      Will Ospreay Dragon Lee 
Total number of moves:  75 
Total damage:           2396 
Moves/time:             .120578778135048 
Damage/time:            3.85209003215434 
Damage/moves:           31.9466666666667 
Average heat: 8 -> 1.5 
Damage/move bonus:-.5 
Finish class: 2             bonus: .75 
Workrate bonus: 5 
Cumulative rating (so far):***
Near falls:             6 and 0 - 6 and 0 per fall
Final rating:      *** 1/4
Dragon Lee: 5 -> 6 

Match no. 0 
Participants:      Tetsuya Naito Kota Ibushi 
Total number of moves:  61 
Total damage:           1906 
Moves/time:             .103741496598639 
Damage/time:            3.24149659863946 
Damage/moves:           31.2459016393443 
Average heat: 8 -> 1.5 
Damage/move bonus:-.5 
Finish class: 2             bonus: 1 
Workrate bonus: 5 
Cumulative rating (so far):*** 1/4
Near falls:             12 and 3 - 12 and 3 per fall
Final rating:      *** 3/4
Tetsuya Naito: 5 -> 7 
Kota Ibushi: 5 -> 6 

Match no. 0 
Participants:      Kazuchika Okada Chris Jericho 
Total number of moves:  72 
Total damage:           2158 
Moves/time:             .1089258698941 
Damage/time:            3.26475037821483 
Damage/moves:           29.9722222222222 
Average heat: 8 -> 1.5 
Damage/move bonus:-1 
Finish class: 11            bonus: .5 
Workrate bonus: 5 
Cumulative rating (so far):** 1/2
Near falls:             8 and 0 - 8 and 0 per fall
Final rating:      ** 3/4
