Creating tnmdbwrp.do!
 97440 
crowdfade
Renaming TNMDBWRP.DO! to TNMDBWRP.DO
Waiting for ..\data\97440.ok to appear.
Creating tnmdbwrp.do!
 95965 
cd C:\TNM\TNM7SE~1\TNM7SE\TNM7SE\NJPW
winplugin ..\plugins\tnmmatch\tnmmatch.exe
Renaming TNMDBWRP.DO! to TNMDBWRP.DO
Waiting for ..\data\95965.ok to appear.
Waiting for ..\data\95965.ok to appear.
Waiting for ..\data\95965.ok to appear.
Waiting for ..\data\95965.ok to appear.
Waiting for ..\data\95965.ok to appear.
Waiting for ..\data\95965.ok to appear.
Waiting for ..\data\95965.ok to appear.
Waiting for ..\data\95965.ok to appear.
Waiting for ..\data\95965.ok to appear.
Waiting for ..\data\95965.ok to appear.
Creating tnmdbwrp.do!
 43523 
crowdfade
Renaming TNMDBWRP.DO! to TNMDBWRP.DO
Waiting for ..\data\43523.ok to appear.
Creating tnmdbwrp.do!
 42048 
cd C:\TNM\TNM7SE~1\TNM7SE\TNM7SE\NJPW
winplugin ..\plugins\tnmmatch\tnmmatch.exe
Renaming TNMDBWRP.DO! to TNMDBWRP.DO
Waiting for ..\data\42048.ok to appear.
Waiting for ..\data\42048.ok to appear.
Waiting for ..\data\42048.ok to appear.
Waiting for ..\data\42048.ok to appear.
Creating tnmdbwrp.do!
 19966 
crowdfade
Renaming TNMDBWRP.DO! to TNMDBWRP.DO
Waiting for ..\data\19966.ok to appear.
Creating tnmdbwrp.do!
 15353 
cd C:\TNM\TNM7SE~1\TNM7SE\TNM7SE\NJPW
winplugin ..\plugins\tnmmatch\tnmmatch.exe
Renaming TNMDBWRP.DO! to TNMDBWRP.DO
Waiting for ..\data\15353.ok to appear.
Waiting for ..\data\15353.ok to appear.
Waiting for ..\data\15353.ok to appear.
Waiting for ..\data\15353.ok to appear.
Creating tnmdbwrp.do!
 89489 
crowdfade
Renaming TNMDBWRP.DO! to TNMDBWRP.DO
Waiting for ..\data\89489.ok to appear.
Creating tnmdbwrp.do!
 88014 
cd C:\TNM\TNM7SE~1\TNM7SE\TNM7SE\NJPW
winplugin ..\plugins\tnmmatch\tnmmatch.exe
Renaming TNMDBWRP.DO! to TNMDBWRP.DO
Waiting for ..\data\88014.ok to appear.
Waiting for ..\data\88014.ok to appear.
Waiting for ..\data\88014.ok to appear.
Waiting for ..\data\88014.ok to appear.
Waiting for ..\data\88014.ok to appear.
Creating tnmdbwrp.do!
 36403 
crowdfade
Renaming TNMDBWRP.DO! to TNMDBWRP.DO
Waiting for ..\data\36403.ok to appear.
Creating tnmdbwrp.do!
 31790 
cd C:\TNM\TNM7SE~1\TNM7SE\TNM7SE\NJPW
winplugin ..\plugins\tnmmatch\tnmmatch.exe
Renaming TNMDBWRP.DO! to TNMDBWRP.DO
Waiting for ..\data\31790.ok to appear.
Waiting for ..\data\31790.ok to appear.
Waiting for ..\data\31790.ok to appear.
Waiting for ..\data\31790.ok to appear.
Creating tnmdbwrp.do!
 6797 
crowdfade
Renaming TNMDBWRP.DO! to TNMDBWRP.DO
Waiting for ..\data\6797.ok to appear.
Creating tnmdbwrp.do!
 2184 
cd C:\TNM\TNM7SE~1\TNM7SE\TNM7SE\NJPW
winplugin ..\plugins\tnmmatch\tnmmatch.exe
Renaming TNMDBWRP.DO! to TNMDBWRP.DO
Waiting for ..\data\2184.ok to appear.
Waiting for ..\data\2184.ok to appear.
Waiting for ..\data\2184.ok to appear.
Waiting for ..\data\2184.ok to appear.
Waiting for ..\data\2184.ok to appear.
Creating tnmdbwrp.do!
 26379 
crowdfade
Renaming TNMDBWRP.DO! to TNMDBWRP.DO
Waiting for ..\data\26379.ok to appear.
Creating tnmdbwrp.do!
 24904 
cd C:\TNM\TNM7SE~1\TNM7SE\TNM7SE\NJPW
winplugin ..\plugins\tnmmatch\tnmmatch.exe
Renaming TNMDBWRP.DO! to TNMDBWRP.DO
Waiting for ..\data\24904.ok to appear.
Waiting for ..\data\24904.ok to appear.
Waiting for ..\data\24904.ok to appear.
Waiting for ..\data\24904.ok to appear.
Creating tnmdbwrp.do!
 46792 
crowdfade
Renaming TNMDBWRP.DO! to TNMDBWRP.DO
Waiting for ..\data\46792.ok to appear.
Creating tnmdbwrp.do!
 42180 
cd C:\TNM\TNM7SE~1\TNM7SE\TNM7SE\NJPW
winplugin ..\plugins\tnmmatch\tnmmatch.exe
Renaming TNMDBWRP.DO! to TNMDBWRP.DO
Waiting for ..\data\42180.ok to appear.
Waiting for ..\data\42180.ok to appear.
Waiting for ..\data\42180.ok to appear.
Waiting for ..\data\42180.ok to appear.
Waiting for ..\data\42180.ok to appear.
Waiting for ..\data\42180.ok to appear.
Waiting for ..\data\42180.ok to appear.
Waiting for ..\data\42180.ok to appear.
Waiting for ..\data\42180.ok to appear.
Waiting for ..\data\42180.ok to appear.
Waiting for ..\data\42180.ok to appear.
Waiting for ..\data\42180.ok to appear.
Waiting for ..\data\42180.ok to appear.
Creating tnmdbwrp.do!
 10006 
crowdfade
Renaming TNMDBWRP.DO! to TNMDBWRP.DO
Waiting for ..\data\10006.ok to appear.
Creating tnmdbwrp.do!
 24619 
cd C:\TNM\TNM7SE~1\TNM7SE\TNM7SE\NJPW
winplugin ..\plugins\tnmmatch\tnmmatch.exe
Renaming TNMDBWRP.DO! to TNMDBWRP.DO
Waiting for ..\data\24619.ok to appear.
Waiting for ..\data\24619.ok to appear.
Waiting for ..\data\24619.ok to appear.
Waiting for ..\data\24619.ok to appear.
Waiting for ..\data\24619.ok to appear.
Creating tnmdbwrp.do!
 68854 
crowdfade
Renaming TNMDBWRP.DO! to TNMDBWRP.DO
Waiting for ..\data\68854.ok to appear.
Creating tnmdbwrp.do!
 83467 
cd C:\TNM\TNM7SE~1\TNM7SE\TNM7SE\NJPW
winplugin ..\plugins\tnmmatch\tnmmatch.exe
Renaming TNMDBWRP.DO! to TNMDBWRP.DO
Waiting for ..\data\83467.ok to appear.
Waiting for ..\data\83467.ok to appear.
Waiting for ..\data\83467.ok to appear.
Waiting for ..\data\83467.ok to appear.
Waiting for ..\data\83467.ok to appear.
Waiting for ..\data\83467.ok to appear.
Waiting for ..\data\83467.ok to appear.
Creating tnmdbwrp.do!
 32733 
crowdfade
Renaming TNMDBWRP.DO! to TNMDBWRP.DO
Waiting for ..\data\32733.ok to appear.
Creating tnmdbwrp.do!
 47346 
cd C:\TNM\TNM7SE~1\TNM7SE\TNM7SE\NJPW
winplugin ..\plugins\tnmmatch\tnmmatch.exe
Renaming TNMDBWRP.DO! to TNMDBWRP.DO
Waiting for ..\data\47346.ok to appear.
Waiting for ..\data\47346.ok to appear.
Waiting for ..\data\47346.ok to appear.
Waiting for ..\data\47346.ok to appear.
Waiting for ..\data\47346.ok to appear.
Waiting for ..\data\47346.ok to appear.
Waiting for ..\data\47346.ok to appear.
Waiting for ..\data\47346.ok to appear.
Waiting for ..\data\47346.ok to appear.
Waiting for ..\data\47346.ok to appear.
Creating tnmdbwrp.do!
 67867 
crowdfade
Renaming TNMDBWRP.DO! to TNMDBWRP.DO
Waiting for ..\data\67867.ok to appear.
Creating tnmdbwrp.do!
 85618 
cd C:\TNM\TNM7SE~1\TNM7SE\TNM7SE\NJPW
winplugin ..\plugins\tnmmatch\tnmmatch.exe
Renaming TNMDBWRP.DO! to TNMDBWRP.DO
Waiting for ..\data\85618.ok to appear.
Waiting for ..\data\85618.ok to appear.
Waiting for ..\data\85618.ok to appear.
Waiting for ..\data\85618.ok to appear.
Waiting for ..\data\85618.ok to appear.
Waiting for ..\data\85618.ok to appear.
Creating tnmdbwrp.do!
 62301 
crowdfade
Renaming TNMDBWRP.DO! to TNMDBWRP.DO
Waiting for ..\data\62301.ok to appear.
Creating tnmdbwrp.do!
 76914 
cd C:\TNM\TNM7SE~1\TNM7SE\TNM7SE\NJPW
winplugin ..\plugins\tnmmatch\tnmmatch.exe
Renaming TNMDBWRP.DO! to TNMDBWRP.DO
Waiting for ..\data\76914.ok to appear.
Waiting for ..\data\76914.ok to appear.
Waiting for ..\data\76914.ok to appear.
Waiting for ..\data\76914.ok to appear.
Waiting for ..\data\76914.ok to appear.
Waiting for ..\data\76914.ok to appear.
Waiting for ..\data\76914.ok to appear.
Waiting for ..\data\76914.ok to appear.
Waiting for ..\data\76914.ok to appear.
Waiting for ..\data\76914.ok to appear.
Waiting for ..\data\76914.ok to appear.
Waiting for ..\data\76914.ok to appear.
Waiting for ..\data\76914.ok to appear.
Waiting for ..\data\76914.ok to appear.
Waiting for ..\data\76914.ok to appear.
Waiting for ..\data\76914.ok to appear.
Waiting for ..\data\76914.ok to appear.
Waiting for ..\data\76914.ok to appear.
Waiting for ..\data\76914.ok to appear.
Waiting for ..\data\76914.ok to appear.
Waiting for ..\data\76914.ok to appear.
Waiting for ..\data\76914.ok to appear.
Waiting for ..\data\76914.ok to appear.
Waiting for ..\data\76914.ok to appear.
Waiting for ..\data\76914.ok to appear.
Waiting for ..\data\76914.ok to appear.
Waiting for ..\data\76914.ok to appear.
Creating tnmdbwrp.do!
 51423 
crowdfade
Renaming TNMDBWRP.DO! to TNMDBWRP.DO
Waiting for ..\data\51423.ok to appear.
Creating tnmdbwrp.do!
 66036 
cd C:\TNM\TNM7SE~1\TNM7SE\TNM7SE\NJPW
winplugin ..\plugins\tnmmatch\tnmmatch.exe
Renaming TNMDBWRP.DO! to TNMDBWRP.DO
Waiting for ..\data\66036.ok to appear.
Waiting for ..\data\66036.ok to appear.
Waiting for ..\data\66036.ok to appear.
Waiting for ..\data\66036.ok to appear.
Creating tnmdbwrp.do!
 29518 
crowdfade
Renaming TNMDBWRP.DO! to TNMDBWRP.DO
Waiting for ..\data\29518.ok to appear.
Creating tnmdbwrp.do!
 47269 
cd C:\TNM\TNM7SE~1\TNM7SE\TNM7SE\NJPW
winplugin ..\plugins\tnmmatch\tnmmatch.exe
Renaming TNMDBWRP.DO! to TNMDBWRP.DO
Waiting for ..\data\47269.ok to appear.
Waiting for ..\data\47269.ok to appear.
Waiting for ..\data\47269.ok to appear.
Waiting for ..\data\47269.ok to appear.
Waiting for ..\data\47269.ok to appear.
Waiting for ..\data\47269.ok to appear.
Waiting for ..\data\47269.ok to appear.
Creating tnmdbwrp.do!
 21436 
crowdfade
Renaming TNMDBWRP.DO! to TNMDBWRP.DO
Waiting for ..\data\21436.ok to appear.
Creating tnmdbwrp.do!
 36049 
cd C:\TNM\TNM7SE~1\TNM7SE\TNM7SE\NJPW
winplugin ..\plugins\tnmmatch\tnmmatch.exe
Renaming TNMDBWRP.DO! to TNMDBWRP.DO
Waiting for ..\data\36049.ok to appear.
Waiting for ..\data\36049.ok to appear.
Waiting for ..\data\36049.ok to appear.
Waiting for ..\data\36049.ok to appear.
Waiting for ..\data\36049.ok to appear.
Waiting for ..\data\36049.ok to appear.
Waiting for ..\data\36049.ok to appear.
Waiting for ..\data\36049.ok to appear.
Waiting for ..\data\36049.ok to appear.
Waiting for ..\data\36049.ok to appear.
Waiting for ..\data\36049.ok to appear.
Waiting for ..\data\36049.ok to appear.
Waiting for ..\data\36049.ok to appear.
Waiting for ..\data\36049.ok to appear.
Waiting for ..\data\36049.ok to appear.
Waiting for ..\data\36049.ok to appear.
Creating tnmdbwrp.do!
 49900 
crowdfade
Renaming TNMDBWRP.DO! to TNMDBWRP.DO
Waiting for ..\data\49900.ok to appear.
Creating tnmdbwrp.do!
 64513 
cd C:\TNM\TNM7SE~1\TNM7SE\TNM7SE\NJPW
winplugin ..\plugins\tnmmatch\tnmmatch.exe
Renaming TNMDBWRP.DO! to TNMDBWRP.DO
Waiting for ..\data\64513.ok to appear.
Waiting for ..\data\64513.ok to appear.
Waiting for ..\data\64513.ok to appear.
Waiting for ..\data\64513.ok to appear.
Waiting for ..\data\64513.ok to appear.
