***************************************************************
*                      New Plugin Launch                      *
***************************************************************
-> Handing off control to W32GateC
******
Log entry:         08-04-2021 21:37:22
Command line raw:  ..\plugins\tnmmatch\tnmmatch.exe
Application:       ..\plugins\tnmmatch\tnmmatch.exe
Command line post: 
Current directory: C:\TNM\tnm7se_build_13\tnm7se\tnm7se\NJPW
Desired x pos:     0
Desired y pos:     0
Window title:      TNM - New Generation Match Engine
Curr process ID:   3284
CreateProcess ret: 1
Plugin Process ID: 3436
Plugin Thread ID:  2904
Process Handle:    120
Thread Handle:     124
6 wrestlers: Shota Umino, Titan, Dragon Lee, Karl Fredericks, Jonathan Gresham, Bandido
Scanning open windows for launched application.
Plugin PID: 3436 with window handle 590652
Waiting for process to terminate.
Returned from WaitForSingleObject after 6.45599999999324 seconds
GetExitCodeProcess: returned 1 with exit code 0
=> Looks OK
*** Match engine log:
   -> Match Engine Console started and running
   -> About to run match
   -> About to run match
   -> About to run match
   -> About to run match
   -> About to run match
   -> Outputting match results
   -> Finishing up and exiting match engine
Exiting console invokation layer
-> Returned from W32GateC
**** waiting for next command
***************************************************************
*                      New Plugin Launch                      *
***************************************************************
-> Handing off control to W32GateC
******
Log entry:         08-04-2021 21:37:37
Command line raw:  ..\plugins\tnmmatch\tnmmatch.exe
Application:       ..\plugins\tnmmatch\tnmmatch.exe
Command line post: 
Current directory: C:\TNM\tnm7se_build_13\tnm7se\tnm7se\NJPW
Desired x pos:     0
Desired y pos:     0
Window title:      TNM - New Generation Match Engine
Curr process ID:   2964
CreateProcess ret: 1
Plugin Process ID: 3676
Plugin Thread ID:  2780
Process Handle:    120
Thread Handle:     124
6 wrestlers: SHO, YOH, Ryusuke Taguchi, Robbie Eagles, El Phantasmo, Taiji Ishimori
Scanning open windows for launched application.
Plugin PID: 3676 with window handle 656188
Waiting for process to terminate.
Returned from WaitForSingleObject after -1.62714286489063E-12 seconds
GetExitCodeProcess: returned 1 with exit code 0
=> Looks OK
*** Match engine log:
   -> Match Engine Console started and running
   -> About to run match
   -> Outputting match results
   -> Finishing up and exiting match engine
Exiting console invokation layer
-> Returned from W32GateC
**** waiting for next command
***************************************************************
*                      New Plugin Launch                      *
***************************************************************
-> Handing off control to W32GateC
******
Log entry:         08-04-2021 21:37:49
Command line raw:  ..\plugins\tnmmatch\tnmmatch.exe
Application:       ..\plugins\tnmmatch\tnmmatch.exe
Command line post: 
Current directory: C:\TNM\tnm7se_build_13\tnm7se\tnm7se\NJPW
Desired x pos:     0
Desired y pos:     0
Window title:      TNM - New Generation Match Engine
Curr process ID:   2956
CreateProcess ret: 1
Plugin Process ID: 3008
Plugin Thread ID:  3844
Process Handle:    120
Thread Handle:     124
10 wrestlers: Tiger Mask IV, Jushin Liger, YOSHI-HASHI, Toru Yano, Tomohiro Ishii, DOUKI, Yoshinobu Kanemaru, Zack Sabre Jr., Minoru Suzuki, Taichi
Scanning open windows for launched application.
Plugin PID: 3008 with window handle 721724
Waiting for process to terminate.
Returned from WaitForSingleObject after .40900000000466 seconds
GetExitCodeProcess: returned 1 with exit code 0
=> Looks OK
*** Match engine log:
   -> Match Engine Console started and running
   -> About to run match
   -> Outputting match results
   -> Finishing up and exiting match engine
Exiting console invokation layer
-> Returned from W32GateC
**** waiting for next command
***************************************************************
*                      New Plugin Launch                      *
***************************************************************
-> Handing off control to W32GateC
******
Log entry:         08-04-2021 21:38:03
Command line raw:  ..\plugins\tnmmatch\tnmmatch.exe
Application:       ..\plugins\tnmmatch\tnmmatch.exe
Command line post: 
Current directory: C:\TNM\tnm7se_build_13\tnm7se\tnm7se\NJPW
Desired x pos:     0
Desired y pos:     0
Window title:      TNM - New Generation Match Engine
Curr process ID:   2972
CreateProcess ret: 1
Plugin Process ID: 4044
Plugin Thread ID:  1200
Process Handle:    120
Thread Handle:     124
8 wrestlers: Toa Henare, Tomoaki Honma, Togi Makabe, Kota Ibushi, BUSHI, SANADA, EVIL, Tetsuya Naito
Scanning open windows for launched application.
Plugin PID: 4044 with window handle 787260
Waiting for process to terminate.
Returned from WaitForSingleObject after 1.10699999999779 seconds
GetExitCodeProcess: returned 1 with exit code 0
=> Looks OK
*** Match engine log:
   -> Match Engine Console started and running
   -> About to run match
   -> Outputting match results
   -> Finishing up and exiting match engine
Exiting console invokation layer
-> Returned from W32GateC
**** waiting for next command
***************************************************************
*                      New Plugin Launch                      *
***************************************************************
-> Handing off control to W32GateC
******
Log entry:         08-04-2021 21:38:18
Command line raw:  ..\plugins\tnmmatch\tnmmatch.exe
Application:       ..\plugins\tnmmatch\tnmmatch.exe
Command line post: 
Current directory: C:\TNM\tnm7se_build_13\tnm7se\tnm7se\NJPW
Desired x pos:     0
Desired y pos:     0
Window title:      TNM - New Generation Match Engine
Curr process ID:   4032
CreateProcess ret: 1
Plugin Process ID: 1112
Plugin Thread ID:  3180
Process Handle:    120
Thread Handle:     124
4 wrestlers: Rocky Romero, Kazuchika Okada, Brody King, Marty Scurll
Scanning open windows for launched application.
Plugin PID: 1112 with window handle 852796
Waiting for process to terminate.
Returned from WaitForSingleObject after 2.67874611381558E-12 seconds
GetExitCodeProcess: returned 1 with exit code 0
=> Looks OK
*** Match engine log:
   -> Match Engine Console started and running
   -> About to run match
   -> Outputting match results
   -> Finishing up and exiting match engine
Exiting console invokation layer
-> Returned from W32GateC
**** waiting for next command
***************************************************************
*                      New Plugin Launch                      *
***************************************************************
-> Handing off control to W32GateC
******
Log entry:         08-04-2021 21:38:28
Command line raw:  ..\plugins\tnmmatch\tnmmatch.exe
Application:       ..\plugins\tnmmatch\tnmmatch.exe
Command line post: 
Current directory: C:\TNM\tnm7se_build_13\tnm7se\tnm7se\NJPW
Desired x pos:     0
Desired y pos:     0
Window title:      TNM - New Generation Match Engine
Curr process ID:   3044
CreateProcess ret: 1
Plugin Process ID: 3872
Plugin Thread ID:  3160
Process Handle:    120
Thread Handle:     124
2 wrestlers: Hiroshi Tanahashi, Jay White
Scanning open windows for launched application.
Plugin PID: 3872 with window handle 918332
Waiting for process to terminate.
Returned from WaitForSingleObject after .764000000004657 seconds
GetExitCodeProcess: returned 1 with exit code 0
=> Looks OK
*** Match engine log:
   -> Match Engine Console started and running
   -> About to run match
   -> Outputting match results
   -> Finishing up and exiting match engine
Exiting console invokation layer
-> Returned from W32GateC
**** waiting for next command
***************************************************************
*                      New Plugin Launch                      *
***************************************************************
-> Handing off control to W32GateC
******
Log entry:         08-04-2021 21:38:36
Command line raw:  ..\plugins\tnmmatch\tnmmatch.exe
Application:       ..\plugins\tnmmatch\tnmmatch.exe
Command line post: 
Current directory: C:\TNM\tnm7se_build_13\tnm7se\tnm7se\NJPW
Desired x pos:     0
Desired y pos:     0
Window title:      TNM - New Generation Match Engine
Curr process ID:   3304
CreateProcess ret: 1
Plugin Process ID: 2676
Plugin Thread ID:  3836
Process Handle:    120
Thread Handle:     124
2 wrestlers: Juice Robinson, Jon Moxley
Scanning open windows for launched application.
Plugin PID: 2676 with window handle 983868
Waiting for process to terminate.
Returned from WaitForSingleObject after .450000000001864 seconds
GetExitCodeProcess: returned 1 with exit code 0
=> Looks OK
*** Match engine log:
   -> Match Engine Console started and running
   -> About to run match
   -> Outputting match results
   -> Finishing up and exiting match engine
Exiting console invokation layer
-> Returned from W32GateC
**** waiting for next command
***************************************************************
*                      New Plugin Launch                      *
***************************************************************
-> Handing off control to W32GateC
******
Log entry:         08-04-2021 21:38:45
Command line raw:  ..\plugins\tnmmatch\tnmmatch.exe
Application:       ..\plugins\tnmmatch\tnmmatch.exe
Command line post: 
Current directory: C:\TNM\tnm7se_build_13\tnm7se\tnm7se\NJPW
Desired x pos:     0
Desired y pos:     0
Window title:      TNM - New Generation Match Engine
Curr process ID:   3568
CreateProcess ret: 1
Plugin Process ID: 3680
Plugin Thread ID:  2640
Process Handle:    120
Thread Handle:     124
2 wrestlers: Will Ospreay, Shingo Takagi
Scanning open windows for launched application.
Plugin PID: 3680 with window handle 1049404
Waiting for process to terminate.
Returned from WaitForSingleObject after 9.32899999999604 seconds
GetExitCodeProcess: returned 1 with exit code 0
=> Looks OK
*** Match engine log:
   -> Match Engine Console started and running
   -> About to run match
   -> About to run match
   -> About to run match
   -> About to run match
   -> About to run match
   -> About to run match
   -> About to run match
   -> Outputting match results
   -> Finishing up and exiting match engine
Exiting console invokation layer
-> Returned from W32GateC
**** waiting for next command
***************************************************************
*                      New Plugin Launch                      *
***************************************************************
-> Handing off control to W32GateC
******
Log entry:         08-06-2021 00:20:51
Command line raw:  ..\plugins\tnmmatch\tnmmatch.exe
Application:       ..\plugins\tnmmatch\tnmmatch.exe
Command line post: 
Current directory: C:\TNM\tnm7se_build_13\tnm7se\tnm7se\NJPW
Desired x pos:     0
Desired y pos:     0
Window title:      TNM - New Generation Match Engine
Curr process ID:   1852
CreateProcess ret: 1
Plugin Process ID: 3440
Plugin Thread ID:  3720
Process Handle:    120
Thread Handle:     124
2 wrestlers: Shota Umino, Jon Moxley
Scanning open windows for launched application.
Plugin PID: 3440 with window handle 655880
Waiting for process to terminate.
Returned from WaitForSingleObject after 1.47600000000002 seconds
GetExitCodeProcess: returned 1 with exit code 0
=> Looks OK
*** Match engine log:
   -> Match Engine Console started and running
   -> About to run match
   -> Outputting match results
   -> Finishing up and exiting match engine
Exiting console invokation layer
-> Returned from W32GateC
**** waiting for next command
***************************************************************
*                      New Plugin Launch                      *
***************************************************************
-> Handing off control to W32GateC
******
Log entry:         08-06-2021 00:21:00
Command line raw:  ..\plugins\tnmmatch\tnmmatch.exe
Application:       ..\plugins\tnmmatch\tnmmatch.exe
Command line post: 
Current directory: C:\TNM\tnm7se_build_13\tnm7se\tnm7se\NJPW
Desired x pos:     0
Desired y pos:     0
Window title:      TNM - New Generation Match Engine
Curr process ID:   3824
CreateProcess ret: 1
Plugin Process ID: 2240
Plugin Thread ID:  3556
Process Handle:    120
Thread Handle:     124
2 wrestlers: Shingo Takagi, Satoshi Kojima
Scanning open windows for launched application.
Plugin PID: 2240 with window handle 721416
Waiting for process to terminate.
Returned from WaitForSingleObject after 3.25500000000005 seconds
GetExitCodeProcess: returned 1 with exit code 0
=> Looks OK
*** Match engine log:
   -> Match Engine Console started and running
   -> About to run match
   -> Outputting match results
   -> Finishing up and exiting match engine
Exiting console invokation layer
-> Returned from W32GateC
**** waiting for next command
***************************************************************
*                      New Plugin Launch                      *
***************************************************************
-> Handing off control to W32GateC
******
Log entry:         08-06-2021 00:21:10
Command line raw:  ..\plugins\tnmmatch\tnmmatch.exe
Application:       ..\plugins\tnmmatch\tnmmatch.exe
Command line post: 
Current directory: C:\TNM\tnm7se_build_13\tnm7se\tnm7se\NJPW
Desired x pos:     0
Desired y pos:     0
Window title:      TNM - New Generation Match Engine
Curr process ID:   2716
CreateProcess ret: 1
Plugin Process ID: 312
Plugin Thread ID:  3880
Process Handle:    120
Thread Handle:     124
4 wrestlers: Jushin Liger, YOSHI-HASHI, Minoru Suzuki, Zack Sabre Jr.
Scanning open windows for launched application.
Plugin PID: 312 with window handle 786952
Waiting for process to terminate.
Returned from WaitForSingleObject after 6.1010000000001 seconds
GetExitCodeProcess: returned 1 with exit code 0
=> Looks OK
*** Match engine log:
   -> Match Engine Console started and running
   -> About to run match
   -> About to run match
   -> About to run match
   -> About to run match
   -> About to run match
   -> Outputting match results
   -> Finishing up and exiting match engine
Exiting console invokation layer
-> Returned from W32GateC
**** waiting for next command
***************************************************************
*                      New Plugin Launch                      *
***************************************************************
-> Handing off control to W32GateC
******
Log entry:         08-06-2021 00:21:24
Command line raw:  ..\plugins\tnmmatch\tnmmatch.exe
Application:       ..\plugins\tnmmatch\tnmmatch.exe
Command line post: 
Current directory: C:\TNM\tnm7se_build_13\tnm7se\tnm7se\NJPW
Desired x pos:     0
Desired y pos:     0
Window title:      TNM - New Generation Match Engine
Curr process ID:   3764
CreateProcess ret: 1
Plugin Process ID: 856
Plugin Thread ID:  2688
Process Handle:    120
Thread Handle:     124
6 wrestlers: Juice Robinson, Ryusuke Taguchi, Hiroshi Tanahashi, Jay White, Chase Owens, Taiji Ishimori
Scanning open windows for launched application.
Plugin PID: 856 with window handle 852488
Waiting for process to terminate.
Returned from WaitForSingleObject after 2.64300000000004 seconds
GetExitCodeProcess: returned 1 with exit code 0
=> Looks OK
*** Match engine log:
   -> Match Engine Console started and running
   -> About to run match
   -> Outputting match results
   -> Finishing up and exiting match engine
Exiting console invokation layer
-> Returned from W32GateC
**** waiting for next command
***************************************************************
*                      New Plugin Launch                      *
***************************************************************
-> Handing off control to W32GateC
******
Log entry:         08-06-2021 00:21:34
Command line raw:  ..\plugins\tnmmatch\tnmmatch.exe
Application:       ..\plugins\tnmmatch\tnmmatch.exe
Command line post: 
Current directory: C:\TNM\tnm7se_build_13\tnm7se\tnm7se\NJPW
Desired x pos:     0
Desired y pos:     0
Window title:      TNM - New Generation Match Engine
Curr process ID:   1292
CreateProcess ret: 1
Plugin Process ID: 3684
Plugin Thread ID:  3372
Process Handle:    120
Thread Handle:     124
2 wrestlers: Tomohiro Ishii, Taichi
Scanning open windows for launched application.
Plugin PID: 3684 with window handle 918024
Waiting for process to terminate.
Returned from WaitForSingleObject after 22.953 seconds
GetExitCodeProcess: returned 1 with exit code 0
=> Looks OK
*** Match engine log:
   -> Match Engine Console started and running
   -> About to run match
   -> Outputting match results
   -> Finishing up and exiting match engine
Exiting console invokation layer
-> Returned from W32GateC
**** waiting for next command
***************************************************************
*                      New Plugin Launch                      *
***************************************************************
-> Handing off control to W32GateC
******
Log entry:         08-06-2021 00:22:06
Command line raw:  ..\plugins\tnmmatch\tnmmatch.exe
Application:       ..\plugins\tnmmatch\tnmmatch.exe
Command line post: 
Current directory: C:\TNM\tnm7se_build_13\tnm7se\tnm7se\NJPW
Desired x pos:     0
Desired y pos:     0
Window title:      TNM - New Generation Match Engine
Curr process ID:   3312
CreateProcess ret: 1
Plugin Process ID: 1248
Plugin Thread ID:  3480
Process Handle:    120
Thread Handle:     124
4 wrestlers: Tama Tonga, Tanga Loa, EVIL, SANADA
Scanning open windows for launched application.
Plugin PID: 1248 with window handle 1507870
Waiting for process to terminate.
Returned from WaitForSingleObject after -1.0369483049999E-13 seconds
GetExitCodeProcess: returned 1 with exit code 0
=> Looks OK
*** Match engine log:
   -> Match Engine Console started and running
   -> About to run match
   -> Outputting match results
   -> Finishing up and exiting match engine
Exiting console invokation layer
-> Returned from W32GateC
**** waiting for next command
***************************************************************
*                      New Plugin Launch                      *
***************************************************************
-> Handing off control to W32GateC
******
Log entry:         08-06-2021 00:22:13
Command line raw:  ..\plugins\tnmmatch\tnmmatch.exe
Application:       ..\plugins\tnmmatch\tnmmatch.exe
Command line post: 
Current directory: C:\TNM\tnm7se_build_13\tnm7se\tnm7se\NJPW
Desired x pos:     0
Desired y pos:     0
Window title:      TNM - New Generation Match Engine
Curr process ID:   1984
CreateProcess ret: 1
Plugin Process ID: 2744
Plugin Thread ID:  2656
Process Handle:    120
Thread Handle:     124
2 wrestlers: Will Ospreay, Dragon Lee
Scanning open windows for launched application.
Plugin PID: 2744 with window handle 1573406
Waiting for process to terminate.
Returned from WaitForSingleObject after 2.82099999999996 seconds
GetExitCodeProcess: returned 1 with exit code 0
=> Looks OK
*** Match engine log:
   -> Match Engine Console started and running
   -> About to run match
   -> About to run match
   -> About to run match
   -> Outputting match results
   -> Finishing up and exiting match engine
Exiting console invokation layer
-> Returned from W32GateC
**** waiting for next command
***************************************************************
*                      New Plugin Launch                      *
***************************************************************
-> Handing off control to W32GateC
******
Log entry:         08-06-2021 00:22:23
Command line raw:  ..\plugins\tnmmatch\tnmmatch.exe
Application:       ..\plugins\tnmmatch\tnmmatch.exe
Command line post: 
Current directory: C:\TNM\tnm7se_build_13\tnm7se\tnm7se\NJPW
Desired x pos:     0
Desired y pos:     0
Window title:      TNM - New Generation Match Engine
Curr process ID:   3548
CreateProcess ret: 1
Plugin Process ID: 2736
Plugin Thread ID:  3816
Process Handle:    120
Thread Handle:     124
2 wrestlers: Tetsuya Naito, Kota Ibushi
Scanning open windows for launched application.
Plugin PID: 2736 with window handle 1114632
Waiting for process to terminate.
Returned from WaitForSingleObject after 12.2120000000001 seconds
GetExitCodeProcess: returned 1 with exit code 0
=> Looks OK
*** Match engine log:
   -> Match Engine Console started and running
   -> About to run match
   -> About to run match
   -> About to run match
   -> About to run match
   -> About to run match
   -> About to run match
   -> About to run match
   -> About to run match
   -> About to run match
   -> About to run match
   -> About to run match
   -> Outputting match results
   -> Finishing up and exiting match engine
Exiting console invokation layer
-> Returned from W32GateC
**** waiting for next command
***************************************************************
*                      New Plugin Launch                      *
***************************************************************
-> Handing off control to W32GateC
******
Log entry:         08-06-2021 00:22:43
Command line raw:  ..\plugins\tnmmatch\tnmmatch.exe
Application:       ..\plugins\tnmmatch\tnmmatch.exe
Command line post: 
Current directory: C:\TNM\tnm7se_build_13\tnm7se\tnm7se\NJPW
Desired x pos:     0
Desired y pos:     0
Window title:      TNM - New Generation Match Engine
Curr process ID:   2488
CreateProcess ret: 1
Plugin Process ID: 1848
Plugin Thread ID:  2292
Process Handle:    120
Thread Handle:     124
2 wrestlers: Kazuchika Okada, Chris Jericho
Scanning open windows for launched application.
Plugin PID: 1848 with window handle 1180168
Waiting for process to terminate.
Returned from WaitForSingleObject after .991999999999967 seconds
GetExitCodeProcess: returned 1 with exit code 0
=> Looks OK
*** Match engine log:
   -> Match Engine Console started and running
   -> About to run match
   -> Outputting match results
   -> Finishing up and exiting match engine
Exiting console invokation layer
-> Returned from W32GateC
**** waiting for next command
