Chris Jericho
	Chris Jericho
		             2             2            -50 
		             5             5             0 
		             90            90            0 
		             0             0 
		             0             0 
		Factor:  0 
	Kenny Omega
		             2             1             50 
		             5             5             0 
		             90            100           0 
		             0             0 
		             0             0 
		Factor:  216 
Kenny Omega
	Chris Jericho
		             1             2             50 
		             5             5             0 
		             100           90            0 
		             0             0 
		             0             0 
		Factor:  216 
	Kenny Omega
		             1             1            -50 
		             5             5             0 
		             100           100           0 
		             0             0 
		             0             0 
		Factor:  0 
