
Match no. 0 
Participants:	    Tommy Dreamer Sunny Daze Sonny Kiss Shawn Spears Orange Cassidy Michael Nakazawa Maxwell Jacob Friedman Marq Quen Marko Stunt Luchasaurus Jungle Boy Joey Janela Jimmy Havoc Isiah Kassidy Glacier Dustin Thomas Brian Pillman Jr. Brandon Cutler Billy Ace Romero Adam Page 
Total number of moves:  903 
Total damage:           29532 
Moves/time:             .268350668647845 
Damage/time:            8.77622585438336 
Damage/moves:           32.7043189368771 
Average heat: 6 -> .5 
Damage/move bonus:-.5 
Finish class: 10            bonus: 1 
Workrate bonus: .5079365 
Cumulative rating (so far):3/4*
Near falls:             31 and 9 - 31 and 9 per fall
Final rating:      * 1/4
Sonny Kiss: 5 -> 5 
Shawn Spears: 5 -> 5 
Orange Cassidy: 5 -> 6 
Michael Nakazawa: 5 -> 5 
Marq Quen: 5 -> 6 
Marko Stunt: 5 -> 5 
Luchasaurus: 5 -> 5 
Jungle Boy: 5 -> 6 
Joey Janela: 5 -> 5 
Jimmy Havoc: 5 -> 6 
Isiah Kassidy: 5 -> 5 
Dustin Thomas: 5 -> 5 
Brian Pillman Jr.: 5 -> 5 
Brandon Cutler: 5 -> 5 
Billy: 5 -> 6 
Ace Romero: 5 -> 2 
Adam Page: 5 -> 5 

Match no. 0 
Participants:	    Christopher Daniels Frankie Kazarian Scorpio Sky CIMA El Lindaman T-HAWK 
Total number of moves:  68 
Total damage:           3008 
Moves/time:             .117241379310345 
Damage/time:            5.18620689655172 
Damage/moves:           44.2352941176471 
Average heat: 6 -> .5 
Damage/move bonus: .5 
Finish class: 2             bonus: 1 
Workrate bonus: 5 
Cumulative rating (so far):*** 1/4
Near falls:             5 and 0 - 5 and 0 per fall
Final rating:      *** 1/4
Christopher Daniels: 5 -> 5 
Frankie Kazarian: 5 -> 6 
Scorpio Sky: 5 -> 5 
El Lindaman: 5 -> 6 

Match no. 0 
Participants:	    Tommy Dreamer Sunny Daze Sonny Kiss Shawn Spears Orange Cassidy Michael Nakazawa Maxwell Jacob Friedman Marq Quen Marko Stunt Luchasaurus Jungle Boy Joey Janela Jimmy Havoc Isiah Kassidy Glacier Dustin Thomas Brian Pillman Jr. Brandon Cutler Billy Ace Romero Adam Page 
Total number of moves:  751 
Total damage:           22792 
Moves/time:             .255790190735695 
Damage/time:            7.76294277929155 
Damage/moves:           30.3488681757656 
Average heat: 6 -> .5 
Damage/move bonus:-.5 
Finish class: 10            bonus: 0 
Workrate bonus: .5714286 
Cumulative rating (so far):1/4*
Near falls:             42 and 8 - 42 and 8 per fall
Final rating:      3/4*
Sonny Kiss: 5 -> 5 
Michael Nakazawa: 5 -> 5 
Maxwell Jacob Friedman: 5 -> 6 
Marko Stunt: 5 -> 5 
Jungle Boy: 6 -> 6 
Jimmy Havoc: 6 -> 7 
Glacier: 5 -> 5 
Brian Pillman Jr.: 5 -> 5 
Brandon Cutler: 5 -> 5 
Ace Romero: 2 -> 1 
Adam Page: 5 -> 6 

Match no. 0 
Participants:	    Tommy Dreamer Sunny Daze Sonny Kiss Shawn Spears Orange Cassidy Michael Nakazawa Maxwell Jacob Friedman Marq Quen Marko Stunt Luchasaurus Jungle Boy Joey Janela Jimmy Havoc Isiah Kassidy Glacier Dustin Thomas Brian Pillman Jr. Brandon Cutler Billy Ace Romero Adam Page 
Total number of moves:  652 
Total damage:           20665 
Moves/time:             .224595246296934 
Damage/time:            7.1184981054082 
Damage/moves:           31.6947852760736 
Average heat: 5 -> 0 
Damage/move bonus:-.5 
Finish class: 10            bonus: .75 
Workrate bonus: .6349207 
Cumulative rating (so far):1/2*
Near falls:             23 and 3 - 23 and 3 per fall
Final rating:      3/4*
Tommy Dreamer: 5 -> 5 
Sonny Kiss: 5 -> 6 
Shawn Spears: 5 -> 5 
Orange Cassidy: 6 -> 6 
Michael Nakazawa: 5 -> 5 
Maxwell Jacob Friedman: 6 -> 6 
Marq Quen: 6 -> 6 
Marko Stunt: 5 -> 6 
Luchasaurus: 5 -> 5 
Joey Janela: 5 -> 6 
Jimmy Havoc: 7 -> 7 
Isiah Kassidy: 5 -> 6 
Glacier: 5 -> 5 
Brian Pillman Jr.: 5 -> 5 
Brandon Cutler: 5 -> 5 
Billy: 6 -> 6 
Ace Romero: 1 -> 1 
Adam Page: 6 -> 7 

Match no. 0 
Participants:	    Tommy Dreamer Sunny Daze Sonny Kiss Shawn Spears Orange Cassidy Michael Nakazawa Maxwell Jacob Friedman Marq Quen Marko Stunt Luchasaurus Jungle Boy Joey Janela Jimmy Havoc Isiah Kassidy Glacier Dustin Thomas Brian Pillman Jr. Brandon Cutler Billy Ace Romero Adam Page 
Total number of moves:  658 
Total damage:           21401 
Moves/time:             .206918238993711 
Damage/time:            6.72987421383648 
Damage/moves:           32.5243161094225 
Average heat: 5 -> 0 
Damage/move bonus:-.5 
Finish class: 10            bonus: .75 
Workrate bonus: .5079365 
Cumulative rating (so far):1/4*
Near falls:             22 and 1 - 22 and 1 per fall
Final rating:      1/2*
Tommy Dreamer: 5 -> 5 
Sunny Daze: 5 -> 3 
Sonny Kiss: 6 -> 6 
Shawn Spears: 5 -> 5 
Orange Cassidy: 6 -> 6 
Michael Nakazawa: 5 -> 5 
Maxwell Jacob Friedman: 6 -> 6 
Marq Quen: 6 -> 6 
Marko Stunt: 6 -> 6 
Luchasaurus: 5 -> 5 
Jungle Boy: 6 -> 6 
Joey Janela: 6 -> 6 
Jimmy Havoc: 7 -> 8 
Isiah Kassidy: 6 -> 6 
Glacier: 5 -> 5 
Brian Pillman Jr.: 5 -> 5 
Brandon Cutler: 5 -> 5 
Billy: 6 -> 6 
Ace Romero: 1 -> 1 
Adam Page: 7 -> 8 

Match no. 0 
Participants:      Christopher Daniels Frankie Kazarian Scorpio Sky CIMA El Lindaman T-HAWK 
Total number of moves:  73 
Total damage:           2746 
Moves/time:             .129662522202487 
Damage/time:            4.87744227353464 
Damage/moves:           37.6164383561644 
Average heat: 7 -> 1 
Damage/move bonus: 0 
Finish class: 2             bonus: .25 
Workrate bonus: 5 
Cumulative rating (so far):** 3/4
Near falls:             7 and 2 - 7 and 2 per fall
Final rating:      ***
Christopher Daniels: 5 -> 6 
Frankie Kazarian: 6 -> 6 
Scorpio Sky: 5 -> 5 
El Lindaman: 6 -> 6 
T-HAWK: 5 -> 7 

Match no. 0 
Participants:      Britt Baker Awesome Kong Kylie Rae Nyla Rose 
Total number of moves:  131 
Total damage:           3889 
Moves/time:             .108894430590191 
Damage/time:            3.23275145469659 
Damage/moves:           29.6870229007634 
Average heat: 6 -> .5 
Damage/move bonus:-1 
Finish class: 9             bonus:-.25 
Workrate bonus: 3.333333 
Cumulative rating (so far):*
Near falls:             16 and 2 - 16 and 2 per fall
Final rating:      * 1/2
Britt Baker: 5 -> 6 
Awesome Kong: 5 -> 5 
Kylie Rae: 5 -> 5 

Match no. 0 
Participants:      Chuck Taylor Trent Angelico Jack Evans 
Total number of moves:  111 
Total damage:           3790 
Moves/time:             .123883928571428 
Damage/time:            4.22991071428571 
Damage/moves:           34.1441441441441 
Average heat: 5 -> 0 
Damage/move bonus:-.5 
Finish class: 2             bonus: .25 
Workrate bonus: 5 
Cumulative rating (so far):* 3/4
Near falls:             13 and 3 - 13 and 3 per fall
Final rating:      ** 1/2
Chuck Taylor: 5 -> 5 
Trent: 5 -> 5 
Angelico: 5 -> 6 
Jack Evans: 5 -> 5 

Match no. 0 
Participants:      Hikaru Shida Riho Ryo Mizunami Aja Kong Emi Sakura Yuka Sakazaki 
Total number of moves:  134 
Total damage:           4189 
Moves/time:             .145336225596529 
Damage/time:            4.54338394793926 
Damage/moves:           31.2611940298507 
Average heat: 5 -> 0 
Damage/move bonus:-.5 
Finish class: 2             bonus: .5 
Workrate bonus: 5 
Cumulative rating (so far):**
Near falls:             14 and 3 - 14 and 3 per fall
Final rating:      ** 1/2
Hikaru Shida: 5 -> 5 
Riho: 5 -> 5 
Ryo Mizunami: 5 -> 5 
Aja Kong: 5 -> 6 
Emi Sakura: 5 -> 5 
Yuka Sakazaki: 5 -> 6 

Match no. 0 
Participants:      Cody Dustin Rhodes 
Total number of moves:  29 
Total damage:           1103 
Moves/time:             .112403100775194 
Damage/time:            4.27519379844961 
Damage/moves:           38.0344827586207 
Average heat: 7 -> 1 
Damage/move bonus: 0 
Finish class: 5             bonus: .25 
Workrate bonus: 5 
Cumulative rating (so far):** 3/4
Near falls:             7 and 0 - 7 and 0 per fall
Final rating:      ***
Cody: 5 -> 5 
Dustin Rhodes: 5 -> 6 

Match no. 0 
Participants:      Matt Jackson Nick Jackson Penta el Zero M Fenix 
Total number of moves:  131 
Total damage:           5113 
Moves/time:             .109440267335004 
Damage/time:            4.27151211361738 
Damage/moves:           39.030534351145 
Average heat: 7 -> 1 
Damage/move bonus: 0 
Finish class: 4             bonus: 1 
Workrate bonus: 5 
Cumulative rating (so far):*** 1/4
Near falls:             15 and 2 - 15 and 2 per fall
Final rating:      *** 3/4
Matt Jackson: 5 -> 6 
Fenix: 5 -> 6 

Match no. 0 
Participants:      Kip Sabian Sammy Guevara 
Total number of moves:  110 
Total damage:           3478 
Moves/time:             .134638922888617 
Damage/time:            4.25703794369645 
Damage/moves:           31.6181818181818 
Average heat: 7 -> 1 
Damage/move bonus:-.5 
Finish class: 2             bonus: 0 
Workrate bonus: 5 
Cumulative rating (so far):** 1/4
Near falls:             11 and 3 - 11 and 3 per fall
Final rating:      ** 3/4
Sammy Guevara: 5 -> 6 

Match no. 0 
Participants:      Chris Jericho Kenny Omega 
Total number of moves:  79 
Total damage:           2447 
Moves/time:             .108965517241379 
Damage/time:            3.3751724137931 
Damage/moves:           30.9746835443038 
Average heat: 8 -> 1.5 
Damage/move bonus:-.5 
Finish class: 2             bonus: 1 
Workrate bonus: 5 
Cumulative rating (so far):*** 1/4
Near falls:             11 and 4 - 11 and 4 per fall
Final rating:      *** 3/4
Chris Jericho: 5 -> 7 
Kenny Omega: 5 -> 7 
