Current folder is now C:\TNM\tnm7se_build_13\tnm7se\tnm7se\AEW
Executing Windows console plugin ..\plugins\tnmmatch\tnmmatch.exe
Cleaning up
------------------------------------------------
Current folder is now C:\TNM\tnm7se_build_13\tnm7se\tnm7se\AEW
Executing Windows console plugin ..\plugins\tnmmatch\tnmmatch.exe
Cleaning up
------------------------------------------------
Current folder is now C:\TNM\tnm7se_build_13\tnm7se\tnm7se\AEW
Executing Windows console plugin ..\plugins\tnmmatch\tnmmatch.exe
Cleaning up
------------------------------------------------
Current folder is now C:\TNM\tnm7se_build_13\tnm7se\tnm7se\AEW
Executing Windows console plugin ..\plugins\tnmmatch\tnmmatch.exe
Cleaning up
------------------------------------------------
Current folder is now C:\TNM\tnm7se_build_13\tnm7se\tnm7se\AEW
Executing Windows console plugin ..\plugins\tnmmatch\tnmmatch.exe
Cleaning up
------------------------------------------------
Current folder is now C:\TNM\tnm7se_build_13\tnm7se\tnm7se\AEW
Executing Windows console plugin ..\plugins\tnmmatch\tnmmatch.exe
Cleaning up
------------------------------------------------
Current folder is now C:\TNM\tnm7se_build_13\tnm7se\tnm7se\AEW
Executing Windows console plugin ..\plugins\tnmmatch\tnmmatch.exe
Cleaning up
------------------------------------------------
Current folder is now C:\TNM\tnm7se_build_13\tnm7se\tnm7se\AEW
Executing Windows console plugin ..\plugins\tnmmatch\tnmmatch.exe
Cleaning up
------------------------------------------------
Current folder is now C:\TNM\tnm7se_build_13\tnm7se\tnm7se\AEW
Executing Windows console plugin ..\plugins\tnmmatch\tnmmatch.exe
Cleaning up
------------------------------------------------
Current folder is now C:\TNM\tnm7se_build_13\tnm7se\tnm7se\AEW
Executing Windows console plugin ..\plugins\tnmmatch\tnmmatch.exe
Cleaning up
------------------------------------------------
Current folder is now C:\TNM\tnm7se_build_13\tnm7se\tnm7se\AEW
Executing Windows console plugin ..\plugins\tnmmatch\tnmmatch.exe
Cleaning up
------------------------------------------------
Current folder is now C:\TNM\tnm7se_build_13\tnm7se\tnm7se\AEW
Executing Windows console plugin ..\plugins\tnmmatch\tnmmatch.exe
Cleaning up
------------------------------------------------
Current folder is now C:\TNM\tnm7se_build_13\tnm7se\tnm7se\AEW
Executing Windows console plugin ..\plugins\tnmmatch\tnmmatch.exe
Cleaning up
------------------------------------------------
Current folder is now C:\TNM\tnm7se_build_13\tnm7se\tnm7se\AEW
Executing Windows console plugin ..\plugins\tnmmatch\tnmmatch.exe
Cleaning up
------------------------------------------------
Current folder is now C:\TNM\tnm7se_build_13\tnm7se\tnm7se\AEW
Executing Windows console plugin ..\plugins\tnmmatch\tnmmatch.exe
Cleaning up
------------------------------------------------
Current folder is now C:\TNM\tnm7se_build_13\tnm7se\tnm7se\AEW
Executing Windows console plugin ..\plugins\tnmmatch\tnmmatch.exe
Cleaning up
------------------------------------------------
Current folder is now C:\TNM\tnm7se_build_13\tnm7se\tnm7se\AEW
Executing Windows console plugin ..\plugins\tnmmatch\tnmmatch.exe
Cleaning up
------------------------------------------------
Current folder is now C:\TNM\tnm7se_build_13\tnm7se\tnm7se\AEW
Executing Windows console plugin ..\plugins\tnmmatch\tnmmatch.exe
Cleaning up
------------------------------------------------
Current folder is now C:\TNM\tnm7se_build_13\tnm7se\tnm7se\AEW
Executing plugin ..\plugins\TNMWCWZB\TNMWCWZB.exe ..\plugins\TNMWCWZB ..\plugins\TNMWCWZB\data
Cleaning up
------------------------------------------------
Current folder is now C:\TNM\tnm7se_build_13\tnm7se\tnm7se\AEW
Executing Windows console plugin ..\plugins\tnmmatch\tnmmatch.exe
Cleaning up
------------------------------------------------
Current folder is now C:\TNM\tnm7se_build_13\tnm7se\tnm7se\AEW
Executing Windows console plugin ..\plugins\tnmmatch\tnmmatch.exe
Cleaning up
------------------------------------------------
Current folder is now C:\TNM\tnm7se_build_13\tnm7se\tnm7se\AEW
Executing Windows console plugin ..\plugins\tnmmatch\tnmmatch.exe
Cleaning up
------------------------------------------------
Current folder is now C:\TNM\tnm7se_build_13\tnm7se\tnm7se\AEW
Executing Windows console plugin ..\plugins\tnmmatch\tnmmatch.exe
Cleaning up
------------------------------------------------
Current folder is now C:\TNM\tnm7se_build_13\tnm7se\tnm7se\AEW
Executing Windows console plugin ..\plugins\tnmmatch\tnmmatch.exe
Cleaning up
------------------------------------------------
Current folder is now C:\TNM\tnm7se_build_13\tnm7se\tnm7se\AEW
Executing Windows console plugin ..\plugins\tnmmatch\tnmmatch.exe
Cleaning up
------------------------------------------------
Current folder is now C:\TNM\tnm7se_build_13\tnm7se\tnm7se\AEW
Executing Windows console plugin ..\plugins\tnmmatch\tnmmatch.exe
Cleaning up
------------------------------------------------
