Creating tnmdbwrp.do!
 18672 
crowdfade
Renaming TNMDBWRP.DO! to TNMDBWRP.DO
Waiting for ..\data\18672.ok to appear.
Waiting for ..\data\18672.ok to appear.
Waiting for ..\data\18672.ok to appear.
Waiting for ..\data\18672.ok to appear.
Waiting for ..\data\18672.ok to appear.
Waiting for ..\data\18672.ok to appear.
Waiting for ..\data\18672.ok to appear.
Creating tnmdbwrp.do!
 20962 
cd C:\TNM\TNM7SE~1\TNM7SE\TNM7SE\AEW
winplugin ..\plugins\tnmmatch\tnmmatch.exe
Renaming TNMDBWRP.DO! to TNMDBWRP.DO
Waiting for ..\data\20962.ok to appear.
Waiting for ..\data\20962.ok to appear.
Waiting for ..\data\20962.ok to appear.
Waiting for ..\data\20962.ok to appear.
Waiting for ..\data\20962.ok to appear.
Waiting for ..\data\20962.ok to appear.
Creating tnmdbwrp.do!
 39364 
crowdfade
Renaming TNMDBWRP.DO! to TNMDBWRP.DO
Waiting for ..\data\39364.ok to appear.
Waiting for ..\data\39364.ok to appear.
Waiting for ..\data\39364.ok to appear.
Waiting for ..\data\39364.ok to appear.
Waiting for ..\data\39364.ok to appear.
Waiting for ..\data\39364.ok to appear.
Waiting for ..\data\39364.ok to appear.
Creating tnmdbwrp.do!
 44792 
cd C:\TNM\TNM7SE~1\TNM7SE\TNM7SE\AEW
winplugin ..\plugins\tnmmatch\tnmmatch.exe
Renaming TNMDBWRP.DO! to TNMDBWRP.DO
Waiting for ..\data\44792.ok to appear.
Waiting for ..\data\44792.ok to appear.
Waiting for ..\data\44792.ok to appear.
Waiting for ..\data\44792.ok to appear.
Waiting for ..\data\44792.ok to appear.
Waiting for ..\data\44792.ok to appear.
Waiting for ..\data\44792.ok to appear.
Waiting for ..\data\44792.ok to appear.
Waiting for ..\data\44792.ok to appear.
Waiting for ..\data\44792.ok to appear.
Waiting for ..\data\44792.ok to appear.
Waiting for ..\data\44792.ok to appear.
Waiting for ..\data\44792.ok to appear.
Waiting for ..\data\44792.ok to appear.
Waiting for ..\data\44792.ok to appear.
Waiting for ..\data\44792.ok to appear.
Waiting for ..\data\44792.ok to appear.
Waiting for ..\data\44792.ok to appear.
Waiting for ..\data\44792.ok to appear.
Waiting for ..\data\44792.ok to appear.
Waiting for ..\data\44792.ok to appear.
Waiting for ..\data\44792.ok to appear.
Waiting for ..\data\44792.ok to appear.
Waiting for ..\data\44792.ok to appear.
Waiting for ..\data\44792.ok to appear.
Waiting for ..\data\44792.ok to appear.
Waiting for ..\data\44792.ok to appear.
Waiting for ..\data\44792.ok to appear.
Waiting for ..\data\44792.ok to appear.
Waiting for ..\data\44792.ok to appear.
Waiting for ..\data\44792.ok to appear.
Waiting for ..\data\44792.ok to appear.
Waiting for ..\data\44792.ok to appear.
Waiting for ..\data\44792.ok to appear.
Waiting for ..\data\44792.ok to appear.
Creating tnmdbwrp.do!
 57557 
crowdfade
Renaming TNMDBWRP.DO! to TNMDBWRP.DO
Waiting for ..\data\57557.ok to appear.
Waiting for ..\data\57557.ok to appear.
Waiting for ..\data\57557.ok to appear.
Waiting for ..\data\57557.ok to appear.
Waiting for ..\data\57557.ok to appear.
Creating tnmdbwrp.do!
 30621 
cd C:\TNM\TNM7SE~1\TNM7SE\TNM7SE\AEW
winplugin ..\plugins\tnmmatch\tnmmatch.exe
Renaming TNMDBWRP.DO! to TNMDBWRP.DO
Waiting for ..\data\30621.ok to appear.
Waiting for ..\data\30621.ok to appear.
Waiting for ..\data\30621.ok to appear.
Waiting for ..\data\30621.ok to appear.
Waiting for ..\data\30621.ok to appear.
Waiting for ..\data\30621.ok to appear.
Waiting for ..\data\30621.ok to appear.
Waiting for ..\data\30621.ok to appear.
Waiting for ..\data\30621.ok to appear.
Waiting for ..\data\30621.ok to appear.
Waiting for ..\data\30621.ok to appear.
Waiting for ..\data\30621.ok to appear.
Waiting for ..\data\30621.ok to appear.
Waiting for ..\data\30621.ok to appear.
Waiting for ..\data\30621.ok to appear.
Waiting for ..\data\30621.ok to appear.
Waiting for ..\data\30621.ok to appear.
Waiting for ..\data\30621.ok to appear.
Waiting for ..\data\30621.ok to appear.
Waiting for ..\data\30621.ok to appear.
Waiting for ..\data\30621.ok to appear.
Waiting for ..\data\30621.ok to appear.
Waiting for ..\data\30621.ok to appear.
Waiting for ..\data\30621.ok to appear.
Waiting for ..\data\30621.ok to appear.
Waiting for ..\data\30621.ok to appear.
Waiting for ..\data\30621.ok to appear.
Waiting for ..\data\30621.ok to appear.
Waiting for ..\data\30621.ok to appear.
Waiting for ..\data\30621.ok to appear.
Waiting for ..\data\30621.ok to appear.
Waiting for ..\data\30621.ok to appear.
Waiting for ..\data\30621.ok to appear.
Waiting for ..\data\30621.ok to appear.
Creating tnmdbwrp.do!
 9455 
crowdfade
Renaming TNMDBWRP.DO! to TNMDBWRP.DO
Waiting for ..\data\9455.ok to appear.
Waiting for ..\data\9455.ok to appear.
Waiting for ..\data\9455.ok to appear.
Waiting for ..\data\9455.ok to appear.
Waiting for ..\data\9455.ok to appear.
Creating tnmdbwrp.do!
 82519 
cd C:\TNM\TNM7SE~1\TNM7SE\TNM7SE\AEW
winplugin ..\plugins\tnmmatch\tnmmatch.exe
Renaming TNMDBWRP.DO! to TNMDBWRP.DO
Waiting for ..\data\82519.ok to appear.
Waiting for ..\data\82519.ok to appear.
Waiting for ..\data\82519.ok to appear.
Waiting for ..\data\82519.ok to appear.
Waiting for ..\data\82519.ok to appear.
Waiting for ..\data\82519.ok to appear.
Waiting for ..\data\82519.ok to appear.
Waiting for ..\data\82519.ok to appear.
Waiting for ..\data\82519.ok to appear.
Waiting for ..\data\82519.ok to appear.
Waiting for ..\data\82519.ok to appear.
Creating tnmdbwrp.do!
 17569 
crowdfade
Renaming TNMDBWRP.DO! to TNMDBWRP.DO
Waiting for ..\data\17569.ok to appear.
Waiting for ..\data\17569.ok to appear.
Creating tnmdbwrp.do!
 46795 
cd C:\TNM\TNM7SE~1\TNM7SE\TNM7SE\AEW
winplugin ..\plugins\tnmmatch\tnmmatch.exe
Renaming TNMDBWRP.DO! to TNMDBWRP.DO
Waiting for ..\data\46795.ok to appear.
Waiting for ..\data\46795.ok to appear.
Waiting for ..\data\46795.ok to appear.
Waiting for ..\data\46795.ok to appear.
Waiting for ..\data\46795.ok to appear.
Waiting for ..\data\46795.ok to appear.
Waiting for ..\data\46795.ok to appear.
Waiting for ..\data\46795.ok to appear.
Waiting for ..\data\46795.ok to appear.
Waiting for ..\data\46795.ok to appear.
Waiting for ..\data\46795.ok to appear.
Waiting for ..\data\46795.ok to appear.
Creating tnmdbwrp.do!
 6333 
crowdfade
Renaming TNMDBWRP.DO! to TNMDBWRP.DO
Waiting for ..\data\6333.ok to appear.
Waiting for ..\data\6333.ok to appear.
Waiting for ..\data\6333.ok to appear.
Waiting for ..\data\6333.ok to appear.
Waiting for ..\data\6333.ok to appear.
Waiting for ..\data\6333.ok to appear.
Waiting for ..\data\6333.ok to appear.
Waiting for ..\data\6333.ok to appear.
Creating tnmdbwrp.do!
 26374 
cd C:\TNM\TNM7SE~1\TNM7SE\TNM7SE\AEW
winplugin ..\plugins\tnmmatch\tnmmatch.exe
Renaming TNMDBWRP.DO! to TNMDBWRP.DO
Waiting for ..\data\26374.ok to appear.
Waiting for ..\data\26374.ok to appear.
Waiting for ..\data\26374.ok to appear.
Waiting for ..\data\26374.ok to appear.
Waiting for ..\data\26374.ok to appear.
Waiting for ..\data\26374.ok to appear.
Waiting for ..\data\26374.ok to appear.
Waiting for ..\data\26374.ok to appear.
Waiting for ..\data\26374.ok to appear.
Waiting for ..\data\26374.ok to appear.
Waiting for ..\data\26374.ok to appear.
Waiting for ..\data\26374.ok to appear.
Waiting for ..\data\26374.ok to appear.
Waiting for ..\data\26374.ok to appear.
Waiting for ..\data\26374.ok to appear.
Waiting for ..\data\26374.ok to appear.
Waiting for ..\data\26374.ok to appear.
Waiting for ..\data\26374.ok to appear.
Waiting for ..\data\26374.ok to appear.
Waiting for ..\data\26374.ok to appear.
Waiting for ..\data\26374.ok to appear.
Waiting for ..\data\26374.ok to appear.
Waiting for ..\data\26374.ok to appear.
Waiting for ..\data\26374.ok to appear.
Waiting for ..\data\26374.ok to appear.
Waiting for ..\data\26374.ok to appear.
Waiting for ..\data\26374.ok to appear.
Waiting for ..\data\26374.ok to appear.
Waiting for ..\data\26374.ok to appear.
Waiting for ..\data\26374.ok to appear.
Waiting for ..\data\26374.ok to appear.
Waiting for ..\data\26374.ok to appear.
Waiting for ..\data\26374.ok to appear.
Waiting for ..\data\26374.ok to appear.
Waiting for ..\data\26374.ok to appear.
Waiting for ..\data\26374.ok to appear.
Waiting for ..\data\26374.ok to appear.
Waiting for ..\data\26374.ok to appear.
Waiting for ..\data\26374.ok to appear.
Waiting for ..\data\26374.ok to appear.
Waiting for ..\data\26374.ok to appear.
Waiting for ..\data\26374.ok to appear.
Creating tnmdbwrp.do!
 59908 
crowdfade
Renaming TNMDBWRP.DO! to TNMDBWRP.DO
Waiting for ..\data\59908.ok to appear.
Waiting for ..\data\59908.ok to appear.
Waiting for ..\data\59908.ok to appear.
Waiting for ..\data\59908.ok to appear.
Waiting for ..\data\59908.ok to appear.
Waiting for ..\data\59908.ok to appear.
Waiting for ..\data\59908.ok to appear.
Creating tnmdbwrp.do!
 65336 
cd C:\TNM\TNM7SE~1\TNM7SE\TNM7SE\AEW
winplugin ..\plugins\tnmmatch\tnmmatch.exe
Renaming TNMDBWRP.DO! to TNMDBWRP.DO
Waiting for ..\data\65336.ok to appear.
Waiting for ..\data\65336.ok to appear.
Waiting for ..\data\65336.ok to appear.
Waiting for ..\data\65336.ok to appear.
Waiting for ..\data\65336.ok to appear.
Waiting for ..\data\65336.ok to appear.
Waiting for ..\data\65336.ok to appear.
Waiting for ..\data\65336.ok to appear.
Waiting for ..\data\65336.ok to appear.
Waiting for ..\data\65336.ok to appear.
Waiting for ..\data\65336.ok to appear.
Waiting for ..\data\65336.ok to appear.
Waiting for ..\data\65336.ok to appear.
Waiting for ..\data\65336.ok to appear.
Waiting for ..\data\65336.ok to appear.
Waiting for ..\data\65336.ok to appear.
Waiting for ..\data\65336.ok to appear.
Waiting for ..\data\65336.ok to appear.
Waiting for ..\data\65336.ok to appear.
Waiting for ..\data\65336.ok to appear.
Creating tnmdbwrp.do!
 39619 
crowdfade
Renaming TNMDBWRP.DO! to TNMDBWRP.DO
Waiting for ..\data\39619.ok to appear.
Waiting for ..\data\39619.ok to appear.
Waiting for ..\data\39619.ok to appear.
Waiting for ..\data\39619.ok to appear.
Waiting for ..\data\39619.ok to appear.
Creating tnmdbwrp.do!
 15821 
cd C:\TNM\TNM7SE~1\TNM7SE\TNM7SE\AEW
winplugin ..\plugins\tnmmatch\tnmmatch.exe
Renaming TNMDBWRP.DO! to TNMDBWRP.DO
Waiting for ..\data\15821.ok to appear.
Waiting for ..\data\15821.ok to appear.
Waiting for ..\data\15821.ok to appear.
Waiting for ..\data\15821.ok to appear.
Waiting for ..\data\15821.ok to appear.
Waiting for ..\data\15821.ok to appear.
Waiting for ..\data\15821.ok to appear.
Waiting for ..\data\15821.ok to appear.
Waiting for ..\data\15821.ok to appear.
Waiting for ..\data\15821.ok to appear.
Waiting for ..\data\15821.ok to appear.
Waiting for ..\data\15821.ok to appear.
Waiting for ..\data\15821.ok to appear.
Waiting for ..\data\15821.ok to appear.
Waiting for ..\data\15821.ok to appear.
Waiting for ..\data\15821.ok to appear.
Waiting for ..\data\15821.ok to appear.
Waiting for ..\data\15821.ok to appear.
Waiting for ..\data\15821.ok to appear.
Waiting for ..\data\15821.ok to appear.
Waiting for ..\data\15821.ok to appear.
Waiting for ..\data\15821.ok to appear.
Creating tnmdbwrp.do!
 29051 
crowdfade
Renaming TNMDBWRP.DO! to TNMDBWRP.DO
Waiting for ..\data\29051.ok to appear.
Waiting for ..\data\29051.ok to appear.
Waiting for ..\data\29051.ok to appear.
Waiting for ..\data\29051.ok to appear.
Waiting for ..\data\29051.ok to appear.
Waiting for ..\data\29051.ok to appear.
Waiting for ..\data\29051.ok to appear.
Creating tnmdbwrp.do!
 81765 
cd C:\TNM\TNM7SE~1\TNM7SE\TNM7SE\AEW
winplugin ..\plugins\tnmmatch\tnmmatch.exe
Renaming TNMDBWRP.DO! to TNMDBWRP.DO
Waiting for ..\data\81765.ok to appear.
Waiting for ..\data\81765.ok to appear.
Waiting for ..\data\81765.ok to appear.
Waiting for ..\data\81765.ok to appear.
Waiting for ..\data\81765.ok to appear.
Waiting for ..\data\81765.ok to appear.
Waiting for ..\data\81765.ok to appear.
Waiting for ..\data\81765.ok to appear.
Waiting for ..\data\81765.ok to appear.
Waiting for ..\data\81765.ok to appear.
Waiting for ..\data\81765.ok to appear.
Waiting for ..\data\81765.ok to appear.
Waiting for ..\data\81765.ok to appear.
Waiting for ..\data\81765.ok to appear.
Waiting for ..\data\81765.ok to appear.
Waiting for ..\data\81765.ok to appear.
Waiting for ..\data\81765.ok to appear.
Waiting for ..\data\81765.ok to appear.
Waiting for ..\data\81765.ok to appear.
Waiting for ..\data\81765.ok to appear.
Waiting for ..\data\81765.ok to appear.
Creating tnmdbwrp.do!
 48468 
crowdfade
Renaming TNMDBWRP.DO! to TNMDBWRP.DO
Waiting for ..\data\48468.ok to appear.
Waiting for ..\data\48468.ok to appear.
Creating tnmdbwrp.do!
 57343 
cd C:\TNM\TNM7SE~1\TNM7SE\TNM7SE\AEW
winplugin ..\plugins\tnmmatch\tnmmatch.exe
Renaming TNMDBWRP.DO! to TNMDBWRP.DO
Waiting for ..\data\57343.ok to appear.
Waiting for ..\data\57343.ok to appear.
Waiting for ..\data\57343.ok to appear.
Waiting for ..\data\57343.ok to appear.
Waiting for ..\data\57343.ok to appear.
Waiting for ..\data\57343.ok to appear.
Waiting for ..\data\57343.ok to appear.
Waiting for ..\data\57343.ok to appear.
Waiting for ..\data\57343.ok to appear.
Waiting for ..\data\57343.ok to appear.
Waiting for ..\data\57343.ok to appear.
Waiting for ..\data\57343.ok to appear.
Waiting for ..\data\57343.ok to appear.
Waiting for ..\data\57343.ok to appear.
Waiting for ..\data\57343.ok to appear.
Waiting for ..\data\57343.ok to appear.
Waiting for ..\data\57343.ok to appear.
Waiting for ..\data\57343.ok to appear.
Waiting for ..\data\57343.ok to appear.
Waiting for ..\data\57343.ok to appear.
Waiting for ..\data\57343.ok to appear.
Waiting for ..\data\57343.ok to appear.
Waiting for ..\data\57343.ok to appear.
Waiting for ..\data\57343.ok to appear.
Waiting for ..\data\57343.ok to appear.
Waiting for ..\data\57343.ok to appear.
Waiting for ..\data\57343.ok to appear.
Waiting for ..\data\57343.ok to appear.
Waiting for ..\data\57343.ok to appear.
Waiting for ..\data\57343.ok to appear.
Waiting for ..\data\57343.ok to appear.
Waiting for ..\data\57343.ok to appear.
Waiting for ..\data\57343.ok to appear.
Waiting for ..\data\57343.ok to appear.
Waiting for ..\data\57343.ok to appear.
Waiting for ..\data\57343.ok to appear.
Waiting for ..\data\57343.ok to appear.
Waiting for ..\data\57343.ok to appear.
Waiting for ..\data\57343.ok to appear.
Waiting for ..\data\57343.ok to appear.
Waiting for ..\data\57343.ok to appear.
Waiting for ..\data\57343.ok to appear.
Waiting for ..\data\57343.ok to appear.
Waiting for ..\data\57343.ok to appear.
Waiting for ..\data\57343.ok to appear.
Waiting for ..\data\57343.ok to appear.
Waiting for ..\data\57343.ok to appear.
Waiting for ..\data\57343.ok to appear.
Waiting for ..\data\57343.ok to appear.
Waiting for ..\data\57343.ok to appear.
Waiting for ..\data\57343.ok to appear.
Waiting for ..\data\57343.ok to appear.
Waiting for ..\data\57343.ok to appear.
Waiting for ..\data\57343.ok to appear.
Waiting for ..\data\57343.ok to appear.
Waiting for ..\data\57343.ok to appear.
Waiting for ..\data\57343.ok to appear.
Waiting for ..\data\57343.ok to appear.
Waiting for ..\data\57343.ok to appear.
Waiting for ..\data\57343.ok to appear.
Waiting for ..\data\57343.ok to appear.
Waiting for ..\data\57343.ok to appear.
Waiting for ..\data\57343.ok to appear.
Waiting for ..\data\57343.ok to appear.
Waiting for ..\data\57343.ok to appear.
Waiting for ..\data\57343.ok to appear.
Waiting for ..\data\57343.ok to appear.
Waiting for ..\data\57343.ok to appear.
Waiting for ..\data\57343.ok to appear.
Waiting for ..\data\57343.ok to appear.
Waiting for ..\data\57343.ok to appear.
Waiting for ..\data\57343.ok to appear.
Waiting for ..\data\57343.ok to appear.
Waiting for ..\data\57343.ok to appear.
Waiting for ..\data\57343.ok to appear.
Waiting for ..\data\57343.ok to appear.
Waiting for ..\data\57343.ok to appear.
Waiting for ..\data\57343.ok to appear.
Waiting for ..\data\57343.ok to appear.
Waiting for ..\data\57343.ok to appear.
Waiting for ..\data\57343.ok to appear.
Waiting for ..\data\57343.ok to appear.
Waiting for ..\data\57343.ok to appear.
Waiting for ..\data\57343.ok to appear.
Waiting for ..\data\57343.ok to appear.
Waiting for ..\data\57343.ok to appear.
Waiting for ..\data\57343.ok to appear.
Waiting for ..\data\57343.ok to appear.
Waiting for ..\data\57343.ok to appear.
Waiting for ..\data\57343.ok to appear.
Waiting for ..\data\57343.ok to appear.
Waiting for ..\data\57343.ok to appear.
Waiting for ..\data\57343.ok to appear.
Waiting for ..\data\57343.ok to appear.
Waiting for ..\data\57343.ok to appear.
Waiting for ..\data\57343.ok to appear.
Waiting for ..\data\57343.ok to appear.
Waiting for ..\data\57343.ok to appear.
Waiting for ..\data\57343.ok to appear.
Waiting for ..\data\57343.ok to appear.
Waiting for ..\data\57343.ok to appear.
Waiting for ..\data\57343.ok to appear.
Waiting for ..\data\57343.ok to appear.
Waiting for ..\data\57343.ok to appear.
Waiting for ..\data\57343.ok to appear.
Waiting for ..\data\57343.ok to appear.
Waiting for ..\data\57343.ok to appear.
Waiting for ..\data\57343.ok to appear.
Waiting for ..\data\57343.ok to appear.
Waiting for ..\data\57343.ok to appear.
Waiting for ..\data\57343.ok to appear.
Waiting for ..\data\57343.ok to appear.
Waiting for ..\data\57343.ok to appear.
Waiting for ..\data\57343.ok to appear.
Waiting for ..\data\57343.ok to appear.
Waiting for ..\data\57343.ok to appear.
Waiting for ..\data\57343.ok to appear.
Waiting for ..\data\57343.ok to appear.
Waiting for ..\data\57343.ok to appear.
Waiting for ..\data\57343.ok to appear.
Waiting for ..\data\57343.ok to appear.
Waiting for ..\data\57343.ok to appear.
Waiting for ..\data\57343.ok to appear.
Creating tnmdbwrp.do!
 17526 
crowdfade
Renaming TNMDBWRP.DO! to TNMDBWRP.DO
Waiting for ..\data\17526.ok to appear.
Waiting for ..\data\17526.ok to appear.
Creating tnmdbwrp.do!
 23264 
cd C:\TNM7SE\AEW
winplugin ..\plugins\tnmmatch\tnmmatch.exe
Renaming TNMDBWRP.DO! to TNMDBWRP.DO
Waiting for ..\data\23264.ok to appear.
Waiting for ..\data\23264.ok to appear.
Waiting for ..\data\23264.ok to appear.
Waiting for ..\data\23264.ok to appear.
Creating tnmdbwrp.do!
 67102 
crowdfade
Renaming TNMDBWRP.DO! to TNMDBWRP.DO
Waiting for ..\data\67102.ok to appear.
Creating tnmdbwrp.do!
 76133 
cd C:\TNM7SE\AEW
winplugin ..\plugins\tnmmatch\tnmmatch.exe
Renaming TNMDBWRP.DO! to TNMDBWRP.DO
Waiting for ..\data\76133.ok to appear.
Waiting for ..\data\76133.ok to appear.
Waiting for ..\data\76133.ok to appear.
Waiting for ..\data\76133.ok to appear.
Waiting for ..\data\76133.ok to appear.
Waiting for ..\data\76133.ok to appear.
Waiting for ..\data\76133.ok to appear.
Waiting for ..\data\76133.ok to appear.
Creating tnmdbwrp.do!
 31913 
crowdfade
Renaming TNMDBWRP.DO! to TNMDBWRP.DO
Waiting for ..\data\31913.ok to appear.
Waiting for ..\data\31913.ok to appear.
Creating tnmdbwrp.do!
 55952 
cd C:\TNM7SE\AEW
winplugin ..\plugins\tnmmatch\tnmmatch.exe
Renaming TNMDBWRP.DO! to TNMDBWRP.DO
Waiting for ..\data\55952.ok to appear.
Waiting for ..\data\55952.ok to appear.
Waiting for ..\data\55952.ok to appear.
Waiting for ..\data\55952.ok to appear.
Creating tnmdbwrp.do!
 94364 
crowdfade
Renaming TNMDBWRP.DO! to TNMDBWRP.DO
Waiting for ..\data\94364.ok to appear.
Creating tnmdbwrp.do!
 45664 
cd C:\TNM7SE\AEW
winplugin ..\plugins\tnmmatch\tnmmatch.exe
Renaming TNMDBWRP.DO! to TNMDBWRP.DO
Waiting for ..\data\45664.ok to appear.
Waiting for ..\data\45664.ok to appear.
Waiting for ..\data\45664.ok to appear.
Waiting for ..\data\45664.ok to appear.
Waiting for ..\data\45664.ok to appear.
Creating tnmdbwrp.do!
 5133 
crowdfade
Renaming TNMDBWRP.DO! to TNMDBWRP.DO
Waiting for ..\data\5133.ok to appear.
Creating tnmdbwrp.do!
 59571 
cd C:\TNM7SE\AEW
winplugin ..\plugins\tnmmatch\tnmmatch.exe
Renaming TNMDBWRP.DO! to TNMDBWRP.DO
Waiting for ..\data\59571.ok to appear.
Waiting for ..\data\59571.ok to appear.
Waiting for ..\data\59571.ok to appear.
Waiting for ..\data\59571.ok to appear.
Waiting for ..\data\59571.ok to appear.
Waiting for ..\data\59571.ok to appear.
Creating tnmdbwrp.do!
 58158 
crowdfade
Renaming TNMDBWRP.DO! to TNMDBWRP.DO
Waiting for ..\data\58158.ok to appear.
Creating tnmdbwrp.do!
 9458 
cd C:\TNM7SE\AEW
winplugin ..\plugins\tnmmatch\tnmmatch.exe
Renaming TNMDBWRP.DO! to TNMDBWRP.DO
Waiting for ..\data\9458.ok to appear.
Waiting for ..\data\9458.ok to appear.
Waiting for ..\data\9458.ok to appear.
Waiting for ..\data\9458.ok to appear.
Creating tnmdbwrp.do!
 47715 
crowdfade
Renaming TNMDBWRP.DO! to TNMDBWRP.DO
Waiting for ..\data\47715.ok to appear.
Creating tnmdbwrp.do!
 2152 
cd C:\TNM7SE\AEW
winplugin ..\plugins\tnmmatch\tnmmatch.exe
Renaming TNMDBWRP.DO! to TNMDBWRP.DO
Waiting for ..\data\2152.ok to appear.
Waiting for ..\data\2152.ok to appear.
Waiting for ..\data\2152.ok to appear.
Waiting for ..\data\2152.ok to appear.
Waiting for ..\data\2152.ok to appear.
Creating tnmdbwrp.do!
 43631 
crowdfade
Renaming TNMDBWRP.DO! to TNMDBWRP.DO
Waiting for ..\data\43631.ok to appear.
Creating tnmdbwrp.do!
 43405 
crowdfade
Renaming TNMDBWRP.DO! to TNMDBWRP.DO
Waiting for ..\data\43405.ok to appear.
Creating tnmdbwrp.do!
 97843 
cd C:\TNM7SE\AEW
winplugin ..\plugins\tnmmatch\tnmmatch.exe
Renaming TNMDBWRP.DO! to TNMDBWRP.DO
Waiting for ..\data\97843.ok to appear.
Waiting for ..\data\97843.ok to appear.
Waiting for ..\data\97843.ok to appear.
Waiting for ..\data\97843.ok to appear.
Waiting for ..\data\97843.ok to appear.
Waiting for ..\data\97843.ok to appear.
Creating tnmdbwrp.do!
 35384 
cd C:\TNM7SE\AEW
..\plugins\TNMWCWZB\TNMWCWZB.exe ..\plugins\TNMWCWZB ..\plugins\TNMWCWZB\data
Renaming TNMDBWRP.DO! to TNMDBWRP.DO
Waiting for ..\data\35384.ok to appear.
Waiting for ..\data\35384.ok to appear.
Waiting for ..\data\35384.ok to appear.
Waiting for ..\data\35384.ok to appear.
Waiting for ..\data\35384.ok to appear.
Waiting for ..\data\35384.ok to appear.
Waiting for ..\data\35384.ok to appear.
Waiting for ..\data\35384.ok to appear.
Waiting for ..\data\35384.ok to appear.
Waiting for ..\data\35384.ok to appear.
Waiting for ..\data\35384.ok to appear.
Waiting for ..\data\35384.ok to appear.
Waiting for ..\data\35384.ok to appear.
Waiting for ..\data\35384.ok to appear.
Waiting for ..\data\35384.ok to appear.
Waiting for ..\data\35384.ok to appear.
Waiting for ..\data\35384.ok to appear.
Waiting for ..\data\35384.ok to appear.
Waiting for ..\data\35384.ok to appear.
Waiting for ..\data\35384.ok to appear.
Waiting for ..\data\35384.ok to appear.
Waiting for ..\data\35384.ok to appear.
Waiting for ..\data\35384.ok to appear.
Waiting for ..\data\35384.ok to appear.
Waiting for ..\data\35384.ok to appear.
Creating tnmdbwrp.do!
 55886 
crowdfade
Renaming TNMDBWRP.DO! to TNMDBWRP.DO
Waiting for ..\data\55886.ok to appear.
Creating tnmdbwrp.do!
 49798 
cd C:\TNM\TNM7SE~1\TNM7SE\TNM7SE\AEW
winplugin ..\plugins\tnmmatch\tnmmatch.exe
Renaming TNMDBWRP.DO! to TNMDBWRP.DO
Waiting for ..\data\49798.ok to appear.
Waiting for ..\data\49798.ok to appear.
Waiting for ..\data\49798.ok to appear.
Waiting for ..\data\49798.ok to appear.
Creating tnmdbwrp.do!
 57205 
crowdfade
Renaming TNMDBWRP.DO! to TNMDBWRP.DO
Waiting for ..\data\57205.ok to appear.
Creating tnmdbwrp.do!
 51118 
cd C:\TNM\TNM7SE~1\TNM7SE\TNM7SE\AEW
winplugin ..\plugins\tnmmatch\tnmmatch.exe
Renaming TNMDBWRP.DO! to TNMDBWRP.DO
Waiting for ..\data\51118.ok to appear.
Waiting for ..\data\51118.ok to appear.
Waiting for ..\data\51118.ok to appear.
Waiting for ..\data\51118.ok to appear.
Waiting for ..\data\51118.ok to appear.
Creating tnmdbwrp.do!
 4119 
crowdfade
Renaming TNMDBWRP.DO! to TNMDBWRP.DO
Waiting for ..\data\4119.ok to appear.
Creating tnmdbwrp.do!
 98032 
cd C:\TNM\TNM7SE~1\TNM7SE\TNM7SE\AEW
winplugin ..\plugins\tnmmatch\tnmmatch.exe
Renaming TNMDBWRP.DO! to TNMDBWRP.DO
Waiting for ..\data\98032.ok to appear.
Waiting for ..\data\98032.ok to appear.
Waiting for ..\data\98032.ok to appear.
Waiting for ..\data\98032.ok to appear.
Creating tnmdbwrp.do!
 99351 
crowdfade
Renaming TNMDBWRP.DO! to TNMDBWRP.DO
Waiting for ..\data\99351.ok to appear.
Creating tnmdbwrp.do!
 96402 
cd C:\TNM\TNM7SE~1\TNM7SE\TNM7SE\AEW
winplugin ..\plugins\tnmmatch\tnmmatch.exe
Renaming TNMDBWRP.DO! to TNMDBWRP.DO
Waiting for ..\data\96402.ok to appear.
Waiting for ..\data\96402.ok to appear.
Waiting for ..\data\96402.ok to appear.
Waiting for ..\data\96402.ok to appear.
Creating tnmdbwrp.do!
 46265 
crowdfade
Renaming TNMDBWRP.DO! to TNMDBWRP.DO
Waiting for ..\data\46265.ok to appear.
Creating tnmdbwrp.do!
 40178 
cd C:\TNM\TNM7SE~1\TNM7SE\TNM7SE\AEW
winplugin ..\plugins\tnmmatch\tnmmatch.exe
Renaming TNMDBWRP.DO! to TNMDBWRP.DO
Waiting for ..\data\40178.ok to appear.
Waiting for ..\data\40178.ok to appear.
Waiting for ..\data\40178.ok to appear.
Waiting for ..\data\40178.ok to appear.
Creating tnmdbwrp.do!
 2178 
crowdfade
Renaming TNMDBWRP.DO! to TNMDBWRP.DO
Waiting for ..\data\2178.ok to appear.
Creating tnmdbwrp.do!
 96090 
cd C:\TNM\TNM7SE~1\TNM7SE\TNM7SE\AEW
winplugin ..\plugins\tnmmatch\tnmmatch.exe
Renaming TNMDBWRP.DO! to TNMDBWRP.DO
Waiting for ..\data\96090.ok to appear.
Waiting for ..\data\96090.ok to appear.
Waiting for ..\data\96090.ok to appear.
Waiting for ..\data\96090.ok to appear.
Creating tnmdbwrp.do!
 70188 
crowdfade
Renaming TNMDBWRP.DO! to TNMDBWRP.DO
Waiting for ..\data\70188.ok to appear.
Creating tnmdbwrp.do!
 64100 
cd C:\TNM\TNM7SE~1\TNM7SE\TNM7SE\AEW
winplugin ..\plugins\tnmmatch\tnmmatch.exe
Renaming TNMDBWRP.DO! to TNMDBWRP.DO
Waiting for ..\data\64100.ok to appear.
Waiting for ..\data\64100.ok to appear.
Waiting for ..\data\64100.ok to appear.
Waiting for ..\data\64100.ok to appear.
