Mance Warner
	Mance Warner
		             1             1            -50 
		             5             5             0 
		             78            78            0 
		             0             0 
		             0             0 
		Factor:  0 
	Sami Callihan
		             1             2             50 
		             5             5             0 
		             78            88            0 
		             0             0 
		             0             0 
		Factor:  216 
Sami Callihan
	Mance Warner
		             2             1             50 
		             5             5             0 
		             88            78            0 
		             0             0 
		             0             0 
		Factor:  216 
	Sami Callihan
		             2             2            -50 
		             5             5             0 
		             88            88            0 
		             0             0 
		             0             0 
		Factor:  0 
