
Match no. 0 
Participants:      Jordan Oliver Isaias Velazquez 
Total number of moves:  54 
Total damage:           1277 
Moves/time:             .101503759398496 
Damage/time:            2.40037593984962 
Damage/moves:           23.6481481481481 
Average heat: 3 ->-1 
Damage/move bonus:-1.5 
Finish class: 2             bonus: 0 
Workrate bonus:-9 
Cumulative rating (so far):-*****
Near falls:             5 and 2 - 5 and 2 per fall
Sucker-of-a-match bonus: 1 
Final rating:      -*****
Jordan Oliver: 5 -> 5 

Match no. 0 
Participants:      Low Ki Tom Coffey 
Total number of moves:  43 
Total damage:           807 
Moves/time:             .109137055837563 
Damage/time:            2.04822335025381 
Damage/moves:           18.7674418604651 
Average heat: 5 -> 0 
Damage/move bonus:-2 
Finish class: 5             bonus: .75 
Workrate bonus:-4.833333 
Cumulative rating (so far):-** 3/4
Near falls:             1 and 0 - 1 and 0 per fall
Sucker-of-a-match bonus: 1 
Final rating:      -*** 3/4

Match no. 0 
Participants:      Air Wolf Ace Austin 
Total number of moves:  71 
Total damage:           2474 
Moves/time:             .109062980030722 
Damage/time:            3.80030721966206 
Damage/moves:           34.8450704225352 
Average heat: 9 -> 2 
Damage/move bonus:-.5 
Finish class: 11            bonus: 0 
Workrate bonus: 5 
Cumulative rating (so far):***
Near falls:             10 and 1 - 10 and 1 per fall
Final rating:      *** 1/4

Match no. 0 
Participants:      Tom Lawlor Ross Von Erich Marshall Von Erich Jacob Fatu Josef Samael Simon Gotch 
Total number of moves:  102 
Total damage:           2625 
Moves/time:             .162939297124601 
Damage/time:            4.19329073482428 
Damage/moves:           25.735294117647 
Average heat: 7 -> 1 
Damage/move bonus:-1 
Finish class: 4             bonus: .25 
Workrate bonus: 4.333333 
Cumulative rating (so far):**
Near falls:             7 and 1 - 7 and 1 per fall
Final rating:      ** 1/4
Tom Lawlor: 5 -> 6 
Ross Von Erich: 5 -> 5 
Marshall Von Erich: 5 -> 5 
Jacob Fatu: 5 -> 6 
Simon Gotch: 5 -> 6 

Match no. 0 
Participants:      Gringo Loco Myron Reed 
Total number of moves:  75 
Total damage:           2199 
Moves/time:             .126475548060708 
Damage/time:            3.70826306913997 
Damage/moves:           29.32 
Average heat: 8 -> 1.5 
Damage/move bonus:-1 
Finish class: 2             bonus: .25 
Workrate bonus: 5 
Cumulative rating (so far):** 1/2
Near falls:             8 and 0 - 8 and 0 per fall
Final rating:      ** 3/4
Gringo Loco: 5 -> 6 

Match no. 0 
Participants:      Alexander Hammerstone Brian Pillman Jr. 
Total number of moves:  68 
Total damage:           2179 
Moves/time:             .116838487972508 
Damage/time:            3.74398625429553 
Damage/moves:           32.0441176470588 
Average heat: 7 -> 1 
Damage/move bonus:-.5 
Finish class: 2             bonus: .5 
Workrate bonus: 3.666667 
Cumulative rating (so far):**
Near falls:             4 and 0 - 4 and 0 per fall
Final rating:      ** 1/4
Brian Pillman Jr.: 5 -> 5 

Match no. 0 
Participants:      Teddy Hart Jimmy Havoc 
Total number of moves:  66 
Total damage:           2386 
Moves/time:             9.80683506686478E-2 
Damage/time:            3.54531946508172 
Damage/moves:           36.1515151515152 
Average heat: 8 -> 1.5 
Damage/move bonus: 0 
Finish class: 2             bonus: .5 
Workrate bonus: 5 
Cumulative rating (so far):*** 1/4
Near falls:             5 and 2 - 5 and 2 per fall
Final rating:      *** 1/2
Jimmy Havoc: 5 -> 7 

Match no. 0 
Participants:      Flamita Rey Horus 
Total number of moves:  69 
Total damage:           2275 
Moves/time:             .132947976878613 
Damage/time:            4.38342967244701 
Damage/moves:           32.9710144927536 
Average heat: 6 -> .5 
Damage/move bonus:-.5 
Finish class: 5             bonus: .75 
Workrate bonus: 5 
Cumulative rating (so far):** 1/2
Near falls:             12 and 2 - 12 and 2 per fall
Final rating:      ***
Flamita: 5 -> 5 
Rey Horus: 5 -> 5 

Match no. 0 
Participants:      Davey Boy Smith Jr. Maxwell Jacob Friedman 
Total number of moves:  66 
Total damage:           2491 
Moves/time:             .1056 
Damage/time:            3.9856 
Damage/moves:           37.7424242424242 
Average heat: 9 -> 2 
Damage/move bonus: 0 
Finish class: 11            bonus: .25 
Workrate bonus: 5 
Cumulative rating (so far):*** 1/4
Near falls:             8 and 1 - 8 and 1 per fall
Final rating:      *** 3/4

Match no. 0 
Participants:      Jacob Fatu Sam Back Ariel Dominguez 
Total number of moves:  99 
Total damage:           2821 
Moves/time:             .107375271149675 
Damage/time:            3.05965292841648 
Damage/moves:           28.4949494949495 
Average heat: 6 -> .5 
Damage/move bonus:-1 
Finish class: 7             bonus:-1 
Workrate bonus:-4.111111 
Cumulative rating (so far):-** 1/2
Near falls:             6 and 1 - 3 and .5 per fall
Sucker-of-a-match bonus: 2 
Final rating:      -**** 1/2
Jacob Fatu: 6 -> 6 

Match no. 0 
Participants:      Richard Holliday Kotto Brazil 
Total number of moves:  57 
Total damage:           1991 
Moves/time:             9.28338762214984E-2 
Damage/time:            3.24267100977199 
Damage/moves:           34.9298245614035 
Average heat: 5 -> 0 
Damage/move bonus:-.5 
Finish class: 3             bonus: .25 
Workrate bonus: 4.166666 
Cumulative rating (so far):* 1/2
Near falls:             10 and 3 - 10 and 3 per fall
Final rating:      **
Kotto Brazil: 5 -> 5 

Match no. 0 
Participants:      Josef Samael Tom Lawlor 
Total number of moves:  3 
Total damage:           262 
Moves/time:             7.69230769230769E-2 
Damage/time:            6.71794871794872 
Damage/moves:           87.3333333333333 
Average heat: 6 -> .5 
Damage/move bonus: 2.5 
Finish class: 4             bonus: .5 
Workrate bonus: 4.166666 
Cumulative rating (so far):*
Near falls:             0 and 0 - 0 and 0 per fall
Final rating:      *
Josef Samael: 5 -> 5 
Tom Lawlor: 6 -> 6 

Match no. 0 
Participants:      Austin Aries Ricky Martinez 
Total number of moves:  70 
Total damage:           1576 
Moves/time:             .121107266435986 
Damage/time:            2.72664359861592 
Damage/moves:           22.5142857142857 
Average heat: 5 -> 0 
Damage/move bonus:-1.5 
Finish class: 2             bonus: .25 
Workrate bonus:-6.5 
Cumulative rating (so far):-*** 1/4
Near falls:             2 and 0 - 2 and 0 per fall
Sucker-of-a-match bonus: 1 
Final rating:      -**** 1/4
Ricky Martinez: 5 -> 3 

Match no. 0 
Participants:      Austin Aries Adam Brooks 
Total number of moves:  30 
Total damage:           1077 
Moves/time:             8.67052023121387E-2 
Damage/time:            3.11271676300578 
Damage/moves:           35.9 
Average heat: 5 -> 0 
Damage/move bonus: 0 
Finish class: 4             bonus: 0 
Workrate bonus: 5 
Cumulative rating (so far):**
Near falls:             7 and 0 - 7 and 0 per fall
Final rating:      ** 1/4
Austin Aries: 5 -> 5 
Adam Brooks: 5 -> 5 

Match no. 0 
Participants:      Mance Warner Sami Callihan 
Total number of moves:  26 
Total damage:           994 
Moves/time:             .12807881773399 
Damage/time:            4.89655172413793 
Damage/moves:           38.2307692307692 
Average heat: 5 -> 0 
Damage/move bonus: 0 
Finish class: 2             bonus: 1 
Workrate bonus: 4 
Cumulative rating (so far):** 1/4
Near falls:             3 and 0 - 3 and 0 per fall
Final rating:      ** 1/4
Mance Warner: 5 -> 5 
Sami Callihan: 5 -> 5 
