Creating tnmdbwrp.do!
 9250 
crowdfade
Renaming TNMDBWRP.DO! to TNMDBWRP.DO
Waiting for ..\data\9250.ok to appear.
Creating tnmdbwrp.do!
 7775 
cd C:\TNM\TNM7SE~1\TNM7SE\TNM7SE\MLW
winplugin ..\plugins\tnmmatch\tnmmatch.exe
Renaming TNMDBWRP.DO! to TNMDBWRP.DO
Waiting for ..\data\7775.ok to appear.
Waiting for ..\data\7775.ok to appear.
Waiting for ..\data\7775.ok to appear.
Waiting for ..\data\7775.ok to appear.
Creating tnmdbwrp.do!
 3124 
crowdfade
Renaming TNMDBWRP.DO! to TNMDBWRP.DO
Waiting for ..\data\3124.ok to appear.
Creating tnmdbwrp.do!
 1649 
cd C:\TNM\TNM7SE~1\TNM7SE\TNM7SE\MLW
winplugin ..\plugins\tnmmatch\tnmmatch.exe
Renaming TNMDBWRP.DO! to TNMDBWRP.DO
Waiting for ..\data\1649.ok to appear.
Waiting for ..\data\1649.ok to appear.
Waiting for ..\data\1649.ok to appear.
Waiting for ..\data\1649.ok to appear.
Creating tnmdbwrp.do!
 51590 
crowdfade
Renaming TNMDBWRP.DO! to TNMDBWRP.DO
Waiting for ..\data\51590.ok to appear.
Creating tnmdbwrp.do!
 46978 
cd C:\TNM\TNM7SE~1\TNM7SE\TNM7SE\MLW
winplugin ..\plugins\tnmmatch\tnmmatch.exe
Renaming TNMDBWRP.DO! to TNMDBWRP.DO
Waiting for ..\data\46978.ok to appear.
Waiting for ..\data\46978.ok to appear.
Waiting for ..\data\46978.ok to appear.
Waiting for ..\data\46978.ok to appear.
Creating tnmdbwrp.do!
 56125 
crowdfade
Renaming TNMDBWRP.DO! to TNMDBWRP.DO
Waiting for ..\data\56125.ok to appear.
Creating tnmdbwrp.do!
 51513 
cd C:\TNM\TNM7SE~1\TNM7SE\TNM7SE\MLW
winplugin ..\plugins\tnmmatch\tnmmatch.exe
Renaming TNMDBWRP.DO! to TNMDBWRP.DO
Waiting for ..\data\51513.ok to appear.
Waiting for ..\data\51513.ok to appear.
Waiting for ..\data\51513.ok to appear.
Waiting for ..\data\51513.ok to appear.
Waiting for ..\data\51513.ok to appear.
Waiting for ..\data\51513.ok to appear.
Creating tnmdbwrp.do!
 73401 
crowdfade
Renaming TNMDBWRP.DO! to TNMDBWRP.DO
Waiting for ..\data\73401.ok to appear.
Creating tnmdbwrp.do!
 71926 
cd C:\TNM\TNM7SE~1\TNM7SE\TNM7SE\MLW
winplugin ..\plugins\tnmmatch\tnmmatch.exe
Renaming TNMDBWRP.DO! to TNMDBWRP.DO
Waiting for ..\data\71926.ok to appear.
Waiting for ..\data\71926.ok to appear.
Waiting for ..\data\71926.ok to appear.
Waiting for ..\data\71926.ok to appear.
Creating tnmdbwrp.do!
 12038 
crowdfade
Renaming TNMDBWRP.DO! to TNMDBWRP.DO
Waiting for ..\data\12038.ok to appear.
Creating tnmdbwrp.do!
 7425 
cd C:\TNM\TNM7SE~1\TNM7SE\TNM7SE\MLW
winplugin ..\plugins\tnmmatch\tnmmatch.exe
Renaming TNMDBWRP.DO! to TNMDBWRP.DO
Waiting for ..\data\7425.ok to appear.
Waiting for ..\data\7425.ok to appear.
Waiting for ..\data\7425.ok to appear.
Waiting for ..\data\7425.ok to appear.
Creating tnmdbwrp.do!
 5911 
crowdfade
Renaming TNMDBWRP.DO! to TNMDBWRP.DO
Waiting for ..\data\5911.ok to appear.
Creating tnmdbwrp.do!
 1299 
cd C:\TNM\TNM7SE~1\TNM7SE\TNM7SE\MLW
winplugin ..\plugins\tnmmatch\tnmmatch.exe
Renaming TNMDBWRP.DO! to TNMDBWRP.DO
Waiting for ..\data\1299.ok to appear.
Waiting for ..\data\1299.ok to appear.
Waiting for ..\data\1299.ok to appear.
Waiting for ..\data\1299.ok to appear.
Waiting for ..\data\1299.ok to appear.
Waiting for ..\data\1299.ok to appear.
Creating tnmdbwrp.do!
 58121 
crowdfade
Renaming TNMDBWRP.DO! to TNMDBWRP.DO
Waiting for ..\data\58121.ok to appear.
Creating tnmdbwrp.do!
 53508 
cd C:\TNM\TNM7SE~1\TNM7SE\TNM7SE\MLW
winplugin ..\plugins\tnmmatch\tnmmatch.exe
Renaming TNMDBWRP.DO! to TNMDBWRP.DO
Waiting for ..\data\53508.ok to appear.
Waiting for ..\data\53508.ok to appear.
Waiting for ..\data\53508.ok to appear.
Waiting for ..\data\53508.ok to appear.
Creating tnmdbwrp.do!
 27722 
crowdfade
Renaming TNMDBWRP.DO! to TNMDBWRP.DO
Waiting for ..\data\27722.ok to appear.
Creating tnmdbwrp.do!
 26247 
cd C:\TNM\TNM7SE~1\TNM7SE\TNM7SE\MLW
winplugin ..\plugins\tnmmatch\tnmmatch.exe
Renaming TNMDBWRP.DO! to TNMDBWRP.DO
Waiting for ..\data\26247.ok to appear.
Waiting for ..\data\26247.ok to appear.
Waiting for ..\data\26247.ok to appear.
Waiting for ..\data\26247.ok to appear.
Creating tnmdbwrp.do!
 66359 
crowdfade
Renaming TNMDBWRP.DO! to TNMDBWRP.DO
Waiting for ..\data\66359.ok to appear.
Creating tnmdbwrp.do!
 61746 
cd C:\TNM\TNM7SE~1\TNM7SE\TNM7SE\MLW
winplugin ..\plugins\tnmmatch\tnmmatch.exe
Renaming TNMDBWRP.DO! to TNMDBWRP.DO
Waiting for ..\data\61746.ok to appear.
Waiting for ..\data\61746.ok to appear.
Waiting for ..\data\61746.ok to appear.
Waiting for ..\data\61746.ok to appear.
Creating tnmdbwrp.do!
 89722 
crowdfade
Renaming TNMDBWRP.DO! to TNMDBWRP.DO
Waiting for ..\data\89722.ok to appear.
Creating tnmdbwrp.do!
 10213 
cd C:\TNM\TNM7SE~1\TNM7SE\TNM7SE\MLW
winplugin ..\plugins\tnmmatch\tnmmatch.exe
Renaming TNMDBWRP.DO! to TNMDBWRP.DO
Waiting for ..\data\10213.ok to appear.
Waiting for ..\data\10213.ok to appear.
Waiting for ..\data\10213.ok to appear.
Waiting for ..\data\10213.ok to appear.
Creating tnmdbwrp.do!
 84427 
crowdfade
Renaming TNMDBWRP.DO! to TNMDBWRP.DO
Waiting for ..\data\84427.ok to appear.
Creating tnmdbwrp.do!
 79814 
cd C:\TNM\TNM7SE~1\TNM7SE\TNM7SE\MLW
winplugin ..\plugins\tnmmatch\tnmmatch.exe
Renaming TNMDBWRP.DO! to TNMDBWRP.DO
Waiting for ..\data\79814.ok to appear.
Waiting for ..\data\79814.ok to appear.
Waiting for ..\data\79814.ok to appear.
Waiting for ..\data\79814.ok to appear.
Creating tnmdbwrp.do!
 32777 
crowdfade
Renaming TNMDBWRP.DO! to TNMDBWRP.DO
Waiting for ..\data\32777.ok to appear.
Creating tnmdbwrp.do!
 28164 
cd C:\TNM\TNM7SE~1\TNM7SE\TNM7SE\MLW
winplugin ..\plugins\tnmmatch\tnmmatch.exe
Renaming TNMDBWRP.DO! to TNMDBWRP.DO
Waiting for ..\data\28164.ok to appear.
Waiting for ..\data\28164.ok to appear.
Waiting for ..\data\28164.ok to appear.
Waiting for ..\data\28164.ok to appear.
Creating tnmdbwrp.do!
 60753 
crowdfade
Renaming TNMDBWRP.DO! to TNMDBWRP.DO
Waiting for ..\data\60753.ok to appear.
Creating tnmdbwrp.do!
 56140 
cd C:\TNM\TNM7SE~1\TNM7SE\TNM7SE\MLW
winplugin ..\plugins\tnmmatch\tnmmatch.exe
Renaming TNMDBWRP.DO! to TNMDBWRP.DO
Waiting for ..\data\56140.ok to appear.
Waiting for ..\data\56140.ok to appear.
Waiting for ..\data\56140.ok to appear.
Waiting for ..\data\56140.ok to appear.
Creating tnmdbwrp.do!
 6082 
crowdfade
Renaming TNMDBWRP.DO! to TNMDBWRP.DO
Waiting for ..\data\6082.ok to appear.
Creating tnmdbwrp.do!
 4607 
cd C:\TNM\TNM7SE~1\TNM7SE\TNM7SE\MLW
winplugin ..\plugins\tnmmatch\tnmmatch.exe
Renaming TNMDBWRP.DO! to TNMDBWRP.DO
Waiting for ..\data\4607.ok to appear.
Waiting for ..\data\4607.ok to appear.
Waiting for ..\data\4607.ok to appear.
Waiting for ..\data\4607.ok to appear.
