A-Kid
	A-Kid
		             1             1            -50 
		             5             5             0 
		             84            84            0 
		             0             0 
		             0             0 
		Factor:  0 
	Zack Gibson
		             1             2             50 
		             5             5             0 
		             84            76            0 
		             0             0 
		             0             0 
		Factor:  216 
	Riddick Moss
		             1             2             50 
		             5             5             0 
		             84            55           -25 
		             0             0 
		             0             0 
		Factor:  208 
	Kassius Ohno
		             1             1            -50 
		             5             7             0 
		             84            85            0 
		             0             0 
		             0             0 
		Factor:  183 
Zack Gibson
	A-Kid
		             2             1             50 
		             5             5             0 
		             76            84            0 
		             0             0 
		             0             0 
		Factor:  216 
	Zack Gibson
		             2             2            -50 
		             5             5             0 
		             76            76            0 
		             0             0 
		             0             0 
		Factor:  0 
	Riddick Moss
		             2             2            -50 
		             5             5             0 
		             76            55           -25 
		             0             0 
		             0             0 
		Factor:  175 
	Kassius Ohno
		             2             1             50 
		             5             7             0 
		             76            85            0 
		             0             0 
		             0             0 
		Factor:  216 
Riddick Moss
	A-Kid
		             2             1             50 
		             5             5             0 
		             55            84           -25 
		             0             0 
		             0             0 
		Factor:  208 
	Zack Gibson
		             2             2            -50 
		             5             5             0 
		             55            76           -25 
		             0             0 
		             0             0 
		Factor:  175 
	Riddick Moss
		             2             2            -50 
		             5             5             0 
		             55            55            0 
		             0             0 
		             0             0 
		Factor:  0 
	Kassius Ohno
		             2             1             50 
		             5             7             0 
		             55            85           -25 
		             0             0 
		             0             0 
		Factor:  208 
Kassius Ohno
	A-Kid
		             1             1            -50 
		             7             5             0 
		             85            84            0 
		             0             0 
		             0             0 
		Factor:  183 
	Zack Gibson
		             1             2             50 
		             7             5             0 
		             85            76            0 
		             0             0 
		             0             0 
		Factor:  216 
	Riddick Moss
		             1             2             50 
		             7             5             0 
		             85            55           -25 
		             0             0 
		             0             0 
		Factor:  208 
	Kassius Ohno
		             1             1            -50 
		             7             7             0 
		             85            85            0 
		             0             0 
		             0             0 
		Factor:  0 
