
Match no. 0 
Participants:      Mia Yim Bianca Belair 
Total number of moves:  96 
Total damage:           2784 
Moves/time:             .118959107806691 
Damage/time:            3.44981412639405 
Damage/moves:           29 
Average heat: 7 -> 1 
Damage/move bonus:-1 
Finish class: 2             bonus: .75 
Workrate bonus: 3.833333 
Cumulative rating (so far):**
Near falls:             9 and 2 - 9 and 2 per fall
Final rating:      ** 1/2
Mia Yim: 5 -> 5 

Match no. 0 
Participants:      KUSHIDA Drew Gulak 
Total number of moves:  64 
Total damage:           2574 
Moves/time:             .104918032786885 
Damage/time:            4.21967213114754 
Damage/moves:           40.21875 
Average heat: 7 -> 1 
Damage/move bonus: .5 
Finish class: 2             bonus: .75 
Workrate bonus: 5 
Cumulative rating (so far):*** 1/4
Near falls:             3 and 1 - 3 and 1 per fall
Final rating:      *** 1/2
KUSHIDA: 5 -> 5 

Match no. 0 
Participants:      Oney Lorcan Danny Burch Jaxson Ryker Wesley Blake 
Total number of moves:  117 
Total damage:           3802 
Moves/time:             .118661257606491 
Damage/time:            3.85598377281947 
Damage/moves:           32.4957264957265 
Average heat: 6 -> .5 
Damage/move bonus:-.5 
Finish class: 9             bonus: 0 
Workrate bonus: 3.75 
Cumulative rating (so far):* 1/2
Near falls:             4 and 1 - 4 and 1 per fall
Final rating:      * 3/4
Oney Lorcan: 5 -> 5 
Danny Burch: 5 -> 5 
Jaxson Ryker: 5 -> 5 
Wesley Blake: 5 -> 5 

Match no. 0 
Participants:      Joe Coffey Wolfgang A-Kid Dave Mastiff 
Total number of moves:  80 
Total damage:           2958 
Moves/time:             .12012012012012 
Damage/time:            4.44144144144144 
Damage/moves:           36.975 
Average heat: 6 -> .5 
Damage/move bonus: 0 
Finish class: 2             bonus: 0 
Workrate bonus: 4.666666 
Cumulative rating (so far):** 1/4
Near falls:             8 and 2 - 8 and 2 per fall
Final rating:      ** 1/2
Wolfgang: 5 -> 5 
A-Kid: 5 -> 5 
Dave Mastiff: 5 -> 5 

Match no. 0 
Participants:      Kassius Ohno Jack Gallagher 
Total number of moves:  53 
Total damage:           2045 
Moves/time:             .104125736738703 
Damage/time:            4.01768172888016 
Damage/moves:           38.5849056603774 
Average heat: 8 -> 1.5 
Damage/move bonus: 0 
Finish class: 4             bonus: .25 
Workrate bonus: 5 
Cumulative rating (so far):***
Near falls:             8 and 1 - 8 and 1 per fall
Final rating:      *** 1/4
Kassius Ohno: 5 -> 7 
Jack Gallagher: 5 -> 6 

Match no. 0 
Participants:      Toni Storm Rhea Ripley 
Total number of moves:  71 
Total damage:           2198 
Moves/time:             .110764430577223 
Damage/time:            3.42901716068643 
Damage/moves:           30.9577464788732 
Average heat: 8 -> 1.5 
Damage/move bonus:-.5 
Finish class: 2             bonus: 1 
Workrate bonus: 5 
Cumulative rating (so far):*** 1/4
Near falls:             7 and 0 - 7 and 0 per fall
Final rating:      *** 1/2
Rhea Ripley: 5 -> 5 

Match no. 0 
Participants:      Keith Lee Kona Reeves 
Total number of moves:  81 
Total damage:           2790 
Moves/time:             .110054347826087 
Damage/time:            3.79076086956522 
Damage/moves:           34.4444444444444 
Average heat: 6 -> .5 
Damage/move bonus:-.5 
Finish class: 2             bonus: .5 
Workrate bonus: 4.333333 
Cumulative rating (so far):**
Near falls:             13 and 2 - 13 and 2 per fall
Final rating:      ** 1/2
Keith Lee: 5 -> 5 
Kona Reeves: 5 -> 5 

Match no. 0 
Participants:      Mia Yim Bianca Belair 
Total number of moves:  84 
Total damage:           2591 
Moves/time:             .11830985915493 
Damage/time:            3.64929577464789 
Damage/moves:           30.8452380952381 
Average heat: 7 -> 1 
Damage/move bonus:-.5 
Finish class: 11            bonus: 0 
Workrate bonus: 3.833333 
Cumulative rating (so far):* 3/4
Near falls:             18 and 0 - 18 and 0 per fall
Final rating:      ** 1/4
Mia Yim: 5 -> 5 

Match no. 0 
Participants:      Matt Riddle Roderick Strong 
Total number of moves:  119 
Total damage:           3518 
Moves/time:             .116552399608227 
Damage/time:            3.44564152791381 
Damage/moves:           29.563025210084 
Average heat: 10 -> 2.5 
Damage/move bonus:-1 
Finish class: 3             bonus: 0 
Workrate bonus: 5 
Cumulative rating (so far):***
Near falls:             6 and 2 - 6 and 2 per fall
Final rating:      *** 1/4

Match no. 0 
Participants:      Angelo Dawkins Montez Ford Oney Lorcan Danny Burch Kyle O'Reilly Bobby Fish Steve Cutler Wesley Blake 
Total number of moves:  380 
Total damage:           12656 
Moves/time:             .150257018584421 
Damage/time:            5.00434954527481 
Damage/moves:           33.3052631578947 
Average heat: 7 -> 1 
Damage/move bonus:-.5 
Finish class: 10            bonus: .25 
Workrate bonus: 4.458333 
Cumulative rating (so far):** 1/4
Near falls:             0 and 1 - 0 and 1 per fall
Final rating:      ** 1/4
Angelo Dawkins: 5 -> 5 
Oney Lorcan: 5 -> 6 
Bobby Fish: 5 -> 5 
Steve Cutler: 5 -> 5 
Wesley Blake: 5 -> 5 

Match no. 0 
Participants:      Velveteen Dream Tyler Breeze 
Total number of moves:  76 
Total damage:           2700 
Moves/time:             .113095238095238 
Damage/time:            4.01785714285714 
Damage/moves:           35.5263157894737 
Average heat: 6 -> .5 
Damage/move bonus: 0 
Finish class: 2             bonus: .75 
Workrate bonus: 4.166666 
Cumulative rating (so far):** 1/2
Near falls:             9 and 0 - 9 and 0 per fall
Final rating:      ** 3/4

Match no. 0 
Participants:      Adam Cole Johnny Gargano 
Total number of moves:  69 
Total damage:           2366 
Moves/time:             9.50413223140496E-2 
Damage/time:            3.25895316804408 
Damage/moves:           34.2898550724638 
Average heat: 8 -> 1.5 
Damage/move bonus:-.5 
Finish class: 11            bonus: .25 
Workrate bonus: 5 
Cumulative rating (so far):** 3/4
Near falls:             9 and 1 - 9 and 1 per fall
Final rating:      ***
Johnny Gargano: 5 -> 5 

Match no. 0 
Participants:      Oney Lorcan Danny Burch Johnny Gargano Tommaso Ciampa 
Total number of moves:  30 
Total damage:           735 
Moves/time:             .198675496688742 
Damage/time:            4.86754966887417 
Damage/moves:           24.5 
Average heat: 5 -> 0 
Damage/move bonus:-1.5 
Finish class: 7             bonus:-1 
Workrate bonus: 5 
Cumulative rating (so far):1/2*
Near falls:             0 and 0 - 0 and 0 per fall
Final rating:      1/2*
Oney Lorcan: 6 -> 6 
Danny Burch: 5 -> 5 
Johnny Gargano: 5 -> 5 
Tommaso Ciampa: 5 -> 5 

Match no. 0 
Participants:      Tyler Bate Joe Coffey A-Kid Keith Lee 
Total number of moves:  56 
Total damage:           2045 
Moves/time:             .111553784860558 
Damage/time:            4.07370517928287 
Damage/moves:           36.5178571428571 
Average heat: 5 -> 0 
Damage/move bonus: 0 
Finish class: 4             bonus: 1 
Workrate bonus: 5 
Cumulative rating (so far):** 1/2
Near falls:             5 and 2 - 5 and 2 per fall
Final rating:      ***
Tyler Bate: 5 -> 5 
Joe Coffey: 5 -> 5 

Match no. 0 
Participants:      Shayna Baezler Toni Storm Piper Niven 
Total number of moves:  132 
Total damage:           4242 
Moves/time:             .109908409658618 
Damage/time:            3.53205661948376 
Damage/moves:           32.1363636363636 
Average heat: 8 -> 1.5 
Damage/move bonus:-.5 
Finish class: 9             bonus: 0 
Workrate bonus: 4.555555 
Cumulative rating (so far):** 1/2
Near falls:             13 and 3 - 13 and 3 per fall
Final rating:      ***
Shayna Baezler: 5 -> 6 
Piper Niven: 5 -> 5 

Match no. 0 
Participants:      Joe Coffey A-Kid Pete Dunne Matt Riddle 
Total number of moves:  78 
Total damage:           2179 
Moves/time:             .12111801242236 
Damage/time:            3.38354037267081 
Damage/moves:           27.9358974358974 
Average heat: 4 ->-.5 
Damage/move bonus:-1 
Finish class: 4             bonus: .25 
Workrate bonus: 5 
Cumulative rating (so far):* 1/4
Near falls:             9 and 1 - 9 and 1 per fall
Final rating:      * 1/2
Joe Coffey: 5 -> 5 
A-Kid: 5 -> 5 
Pete Dunne: 5 -> 5 

Match no. 0 
Participants:      Oney Lorcan Danny Burch El Ligero Mansoor 
Total number of moves:  23 
Total damage:           752 
Moves/time:             .151315789473684 
Damage/time:            4.94736842105263 
Damage/moves:           32.695652173913 
Average heat: 5 -> 0 
Damage/move bonus:-.5 
Finish class: 2             bonus: .25 
Workrate bonus: 5 
Cumulative rating (so far):* 3/4
Near falls:             1 and 0 - 1 and 0 per fall
Final rating:      **
Oney Lorcan: 6 -> 6 
Danny Burch: 5 -> 5 
El Ligero: 5 -> 5 
Mansoor: 5 -> 5 

Match no. 0 
Participants:      Rachael Evers Dakota Kai 
Total number of moves:  97 
Total damage:           2803 
Moves/time:             .11438679245283 
Damage/time:            3.30542452830189 
Damage/moves:           28.8969072164948 
Average heat: 8 -> 1.5 
Damage/move bonus:-1 
Finish class: 2             bonus: .25 
Workrate bonus: 3 
Cumulative rating (so far):* 3/4
Near falls:             8 and 3 - 8 and 3 per fall
Final rating:      **
Dakota Kai: 5 -> 6 

Match no. 0 
Participants:      Angelo Dawkins Montez Ford Johnny Gargano Tommaso Ciampa 
Total number of moves:  90 
Total damage:           3394 
Moves/time:             .128388017118402 
Damage/time:            4.8416547788873 
Damage/moves:           37.7111111111111 
Average heat: 6 -> .5 
Damage/move bonus: 0 
Finish class: 2             bonus: 1 
Workrate bonus: 5 
Cumulative rating (so far):***
Near falls:             9 and 2 - 9 and 2 per fall
Final rating:      *** 1/4
Montez Ford: 5 -> 5 
Johnny Gargano: 5 -> 5 
Tommaso Ciampa: 5 -> 6 

Match no. 0 
Participants:      Danny Burch Alexander Wolfe 
Total number of moves:  71 
Total damage:           2812 
Moves/time:             .100852272727273 
Damage/time:            3.99431818181818 
Damage/moves:           39.6056338028169 
Average heat: 6 -> .5 
Damage/move bonus: 0 
Finish class: 4             bonus: .5 
Workrate bonus: 5 
Cumulative rating (so far):** 1/2
Near falls:             9 and 1 - 9 and 1 per fall
Final rating:      ***
Danny Burch: 5 -> 6 
Alexander Wolfe: 5 -> 5 

Match no. 0 
Participants:      Danny Burch Shane Thorne Tino Sabbatelli Kyle O'Reilly 
Total number of moves:  98 
Total damage:           3313 
Moves/time:             .128440366972477 
Damage/time:            4.34207077326343 
Damage/moves:           33.8061224489796 
Average heat: 6 -> .5 
Damage/move bonus:-.5 
Finish class: 4             bonus: 1 
Workrate bonus: 5 
Cumulative rating (so far):** 1/2
Near falls:             4 and 2 - 4 and 2 per fall
Final rating:      ** 3/4
Danny Burch: 6 -> 6 
Shane Thorne: 5 -> 6 

Match no. 0 
Participants:      Shane Thorne Babatunde 
Total number of moves:  0 
Total damage:           0 
Moves/time:             0 
Damage/time:            0 
Damage/moves:           0 
Average heat: 5 -> 0 
Damage/move bonus:-2 
Finish class: 11            bonus: .25 
Workrate bonus: 5 
Cumulative rating (so far):*
Near falls:             1 and 0 - 1 and 0 per fall
Final rating:      *
Shane Thorne: 6 -> 6 
Babatunde: 5 -> 5 

Match no. 0 
Participants:      Aliyah Rachael Evers 
Total number of moves:  59 
Total damage:           2794 
Moves/time:             .101027397260274 
Damage/time:            4.78424657534246 
Damage/moves:           47.3559322033898 
Average heat: 8 -> 1.5 
Damage/move bonus: 1 
Finish class: 2             bonus: 1 
Workrate bonus: 2.166667 
Cumulative rating (so far):***
Near falls:             4 and 0 - 4 and 0 per fall
Final rating:      ***
Rachael Evers: 5 -> 5 

Match no. 0 
Participants:      A-Kid Zack Gibson Riddick Moss Kassius Ohno 
Total number of moves:  111 
Total damage:           3606 
Moves/time:             .126712328767123 
Damage/time:            4.11643835616438 
Damage/moves:           32.4864864864865 
Average heat: 7 -> 1 
Damage/move bonus:-.5 
Finish class: 2             bonus: .5 
Workrate bonus: 5 
Cumulative rating (so far):** 1/2
Near falls:             9 and 0 - 9 and 0 per fall
Final rating:      ** 3/4
A-Kid: 5 -> 6 
Zack Gibson: 5 -> 4 
Kassius Ohno: 7 -> 8 
