Creating tnmdbwrp.do!
 29282 
crowdfade
Renaming TNMDBWRP.DO! to TNMDBWRP.DO
Waiting for ..\data\29282.ok to appear.
Creating tnmdbwrp.do!
 27808 
cd C:\TNM\TNM7SE~1\TNM7SE\TNM7SE\NXT
winplugin ..\plugins\tnmmatch\tnmmatch.exe
Renaming TNMDBWRP.DO! to TNMDBWRP.DO
Waiting for ..\data\27808.ok to appear.
Waiting for ..\data\27808.ok to appear.
Waiting for ..\data\27808.ok to appear.
Waiting for ..\data\27808.ok to appear.
Creating tnmdbwrp.do!
 79224 
crowdfade
Renaming TNMDBWRP.DO! to TNMDBWRP.DO
Waiting for ..\data\79224.ok to appear.
Creating tnmdbwrp.do!
 77749 
cd C:\TNM\TNM7SE~1\TNM7SE\TNM7SE\NXT
winplugin ..\plugins\tnmmatch\tnmmatch.exe
Renaming TNMDBWRP.DO! to TNMDBWRP.DO
Waiting for ..\data\77749.ok to appear.
Waiting for ..\data\77749.ok to appear.
Waiting for ..\data\77749.ok to appear.
Waiting for ..\data\77749.ok to appear.
Creating tnmdbwrp.do!
 98202 
crowdfade
Renaming TNMDBWRP.DO! to TNMDBWRP.DO
Waiting for ..\data\98202.ok to appear.
Creating tnmdbwrp.do!
 93589 
cd C:\TNM\TNM7SE~1\TNM7SE\TNM7SE\NXT
winplugin ..\plugins\tnmmatch\tnmmatch.exe
Renaming TNMDBWRP.DO! to TNMDBWRP.DO
Waiting for ..\data\93589.ok to appear.
Waiting for ..\data\93589.ok to appear.
Waiting for ..\data\93589.ok to appear.
Waiting for ..\data\93589.ok to appear.
Waiting for ..\data\93589.ok to appear.
Creating tnmdbwrp.do!
 98217 
crowdfade
Renaming TNMDBWRP.DO! to TNMDBWRP.DO
Waiting for ..\data\98217.ok to appear.
Creating tnmdbwrp.do!
 93604 
cd C:\TNM\TNM7SE~1\TNM7SE\TNM7SE\NXT
winplugin ..\plugins\tnmmatch\tnmmatch.exe
Renaming TNMDBWRP.DO! to TNMDBWRP.DO
Waiting for ..\data\93604.ok to appear.
Waiting for ..\data\93604.ok to appear.
Waiting for ..\data\93604.ok to appear.
Waiting for ..\data\93604.ok to appear.
Waiting for ..\data\93604.ok to appear.
Creating tnmdbwrp.do!
 65512 
crowdfade
Renaming TNMDBWRP.DO! to TNMDBWRP.DO
Waiting for ..\data\65512.ok to appear.
Creating tnmdbwrp.do!
 64037 
cd C:\TNM\TNM7SE~1\TNM7SE\TNM7SE\NXT
winplugin ..\plugins\tnmmatch\tnmmatch.exe
Renaming TNMDBWRP.DO! to TNMDBWRP.DO
Waiting for ..\data\64037.ok to appear.
Waiting for ..\data\64037.ok to appear.
Waiting for ..\data\64037.ok to appear.
Waiting for ..\data\64037.ok to appear.
Creating tnmdbwrp.do!
 23808 
crowdfade
Renaming TNMDBWRP.DO! to TNMDBWRP.DO
Waiting for ..\data\23808.ok to appear.
Creating tnmdbwrp.do!
 22334 
cd C:\TNM\TNM7SE~1\TNM7SE\TNM7SE\NXT
winplugin ..\plugins\tnmmatch\tnmmatch.exe
Renaming TNMDBWRP.DO! to TNMDBWRP.DO
Waiting for ..\data\22334.ok to appear.
Waiting for ..\data\22334.ok to appear.
Waiting for ..\data\22334.ok to appear.
Waiting for ..\data\22334.ok to appear.
Creating tnmdbwrp.do!
 77982 
crowdfade
Renaming TNMDBWRP.DO! to TNMDBWRP.DO
Waiting for ..\data\77982.ok to appear.
Creating tnmdbwrp.do!
 73370 
cd C:\TNM\TNM7SE~1\TNM7SE\TNM7SE\NXT
winplugin ..\plugins\tnmmatch\tnmmatch.exe
Renaming TNMDBWRP.DO! to TNMDBWRP.DO
Waiting for ..\data\73370.ok to appear.
Waiting for ..\data\73370.ok to appear.
Waiting for ..\data\73370.ok to appear.
Waiting for ..\data\73370.ok to appear.
Waiting for ..\data\73370.ok to appear.
Waiting for ..\data\73370.ok to appear.
Waiting for ..\data\73370.ok to appear.
Waiting for ..\data\73370.ok to appear.
Waiting for ..\data\73370.ok to appear.
Waiting for ..\data\73370.ok to appear.
Creating tnmdbwrp.do!
 65729 
crowdfade
Renaming TNMDBWRP.DO! to TNMDBWRP.DO
Waiting for ..\data\65729.ok to appear.
Creating tnmdbwrp.do!
 64255 
cd C:\TNM\TNM7SE~1\TNM7SE\TNM7SE\NXT
winplugin ..\plugins\tnmmatch\tnmmatch.exe
Renaming TNMDBWRP.DO! to TNMDBWRP.DO
Waiting for ..\data\64255.ok to appear.
Waiting for ..\data\64255.ok to appear.
Waiting for ..\data\64255.ok to appear.
Waiting for ..\data\64255.ok to appear.
Creating tnmdbwrp.do!
 15671 
crowdfade
Renaming TNMDBWRP.DO! to TNMDBWRP.DO
Waiting for ..\data\15671.ok to appear.
Creating tnmdbwrp.do!
 14196 
cd C:\TNM\TNM7SE~1\TNM7SE\TNM7SE\NXT
winplugin ..\plugins\tnmmatch\tnmmatch.exe
Renaming TNMDBWRP.DO! to TNMDBWRP.DO
Waiting for ..\data\14196.ok to appear.
Waiting for ..\data\14196.ok to appear.
Waiting for ..\data\14196.ok to appear.
Waiting for ..\data\14196.ok to appear.
Creating tnmdbwrp.do!
 44478 
crowdfade
Renaming TNMDBWRP.DO! to TNMDBWRP.DO
Waiting for ..\data\44478.ok to appear.
Creating tnmdbwrp.do!
 39866 
cd C:\TNM\TNM7SE~1\TNM7SE\TNM7SE\NXT
winplugin ..\plugins\tnmmatch\tnmmatch.exe
Renaming TNMDBWRP.DO! to TNMDBWRP.DO
Waiting for ..\data\39866.ok to appear.
Waiting for ..\data\39866.ok to appear.
Waiting for ..\data\39866.ok to appear.
Waiting for ..\data\39866.ok to appear.
Waiting for ..\data\39866.ok to appear.
Waiting for ..\data\39866.ok to appear.
Waiting for ..\data\39866.ok to appear.
Waiting for ..\data\39866.ok to appear.
Creating tnmdbwrp.do!
 26177 
crowdfade
Renaming TNMDBWRP.DO! to TNMDBWRP.DO
Waiting for ..\data\26177.ok to appear.
Creating tnmdbwrp.do!
 24702 
cd C:\TNM\TNM7SE~1\TNM7SE\TNM7SE\NXT
winplugin ..\plugins\tnmmatch\tnmmatch.exe
Renaming TNMDBWRP.DO! to TNMDBWRP.DO
Waiting for ..\data\24702.ok to appear.
Waiting for ..\data\24702.ok to appear.
Waiting for ..\data\24702.ok to appear.
Waiting for ..\data\24702.ok to appear.
Waiting for ..\data\24702.ok to appear.
Creating tnmdbwrp.do!
 14795 
crowdfade
Renaming TNMDBWRP.DO! to TNMDBWRP.DO
Waiting for ..\data\14795.ok to appear.
Creating tnmdbwrp.do!
 10182 
cd C:\TNM\TNM7SE~1\TNM7SE\TNM7SE\NXT
winplugin ..\plugins\tnmmatch\tnmmatch.exe
Renaming TNMDBWRP.DO! to TNMDBWRP.DO
Waiting for ..\data\10182.ok to appear.
Waiting for ..\data\10182.ok to appear.
Waiting for ..\data\10182.ok to appear.
Waiting for ..\data\10182.ok to appear.
Waiting for ..\data\10182.ok to appear.
Waiting for ..\data\10182.ok to appear.
Waiting for ..\data\10182.ok to appear.
Creating tnmdbwrp.do!
 24119 
crowdfade
Renaming TNMDBWRP.DO! to TNMDBWRP.DO
Waiting for ..\data\24119.ok to appear.
Creating tnmdbwrp.do!
 22644 
cd C:\TNM\TNM7SE~1\TNM7SE\TNM7SE\NXT
winplugin ..\plugins\tnmmatch\tnmmatch.exe
Renaming TNMDBWRP.DO! to TNMDBWRP.DO
Waiting for ..\data\22644.ok to appear.
Waiting for ..\data\22644.ok to appear.
Waiting for ..\data\22644.ok to appear.
Waiting for ..\data\22644.ok to appear.
Waiting for ..\data\22644.ok to appear.
Waiting for ..\data\22644.ok to appear.
Waiting for ..\data\22644.ok to appear.
Waiting for ..\data\22644.ok to appear.
Creating tnmdbwrp.do!
 65023 
crowdfade
Renaming TNMDBWRP.DO! to TNMDBWRP.DO
Waiting for ..\data\65023.ok to appear.
Creating tnmdbwrp.do!
 60411 
cd C:\TNM\TNM7SE~1\TNM7SE\TNM7SE\NXT
winplugin ..\plugins\tnmmatch\tnmmatch.exe
Renaming TNMDBWRP.DO! to TNMDBWRP.DO
Waiting for ..\data\60411.ok to appear.
Waiting for ..\data\60411.ok to appear.
Waiting for ..\data\60411.ok to appear.
Waiting for ..\data\60411.ok to appear.
Waiting for ..\data\60411.ok to appear.
Creating tnmdbwrp.do!
 74736 
crowdfade
Renaming TNMDBWRP.DO! to TNMDBWRP.DO
Waiting for ..\data\74736.ok to appear.
Creating tnmdbwrp.do!
 73262 
cd C:\TNM\TNM7SE~1\TNM7SE\TNM7SE\NXT
winplugin ..\plugins\tnmmatch\tnmmatch.exe
Renaming TNMDBWRP.DO! to TNMDBWRP.DO
Waiting for ..\data\73262.ok to appear.
Waiting for ..\data\73262.ok to appear.
Waiting for ..\data\73262.ok to appear.
Waiting for ..\data\73262.ok to appear.
Waiting for ..\data\73262.ok to appear.
Waiting for ..\data\73262.ok to appear.
Waiting for ..\data\73262.ok to appear.
Waiting for ..\data\73262.ok to appear.
Waiting for ..\data\73262.ok to appear.
Waiting for ..\data\73262.ok to appear.
Waiting for ..\data\73262.ok to appear.
Waiting for ..\data\73262.ok to appear.
Waiting for ..\data\73262.ok to appear.
Waiting for ..\data\73262.ok to appear.
Waiting for ..\data\73262.ok to appear.
Creating tnmdbwrp.do!
 53912 
crowdfade
Renaming TNMDBWRP.DO! to TNMDBWRP.DO
Waiting for ..\data\53912.ok to appear.
Creating tnmdbwrp.do!
 49300 
cd C:\TNM\TNM7SE~1\TNM7SE\TNM7SE\NXT
winplugin ..\plugins\tnmmatch\tnmmatch.exe
Renaming TNMDBWRP.DO! to TNMDBWRP.DO
Waiting for ..\data\49300.ok to appear.
Waiting for ..\data\49300.ok to appear.
Waiting for ..\data\49300.ok to appear.
Waiting for ..\data\49300.ok to appear.
Creating tnmdbwrp.do!
 56063 
crowdfade
Renaming TNMDBWRP.DO! to TNMDBWRP.DO
Waiting for ..\data\56063.ok to appear.
Creating tnmdbwrp.do!
 51450 
cd C:\TNM\TNM7SE~1\TNM7SE\TNM7SE\NXT
winplugin ..\plugins\tnmmatch\tnmmatch.exe
Renaming TNMDBWRP.DO! to TNMDBWRP.DO
Waiting for ..\data\51450.ok to appear.
Waiting for ..\data\51450.ok to appear.
Waiting for ..\data\51450.ok to appear.
Waiting for ..\data\51450.ok to appear.
Waiting for ..\data\51450.ok to appear.
Creating tnmdbwrp.do!
 41543 
crowdfade
Renaming TNMDBWRP.DO! to TNMDBWRP.DO
Waiting for ..\data\41543.ok to appear.
Creating tnmdbwrp.do!
 40068 
cd C:\TNM\TNM7SE~1\TNM7SE\TNM7SE\NXT
winplugin ..\plugins\tnmmatch\tnmmatch.exe
Renaming TNMDBWRP.DO! to TNMDBWRP.DO
Waiting for ..\data\40068.ok to appear.
Waiting for ..\data\40068.ok to appear.
Waiting for ..\data\40068.ok to appear.
Waiting for ..\data\40068.ok to appear.
Creating tnmdbwrp.do!
 91297 
crowdfade
Renaming TNMDBWRP.DO! to TNMDBWRP.DO
Waiting for ..\data\91297.ok to appear.
Creating tnmdbwrp.do!
 45735 
cd C:\TNM\TNM7SE~1\TNM7SE\TNM7SE\NXT
winplugin ..\plugins\tnmmatch\tnmmatch.exe
Renaming TNMDBWRP.DO! to TNMDBWRP.DO
Waiting for ..\data\45735.ok to appear.
Waiting for ..\data\45735.ok to appear.
Waiting for ..\data\45735.ok to appear.
Waiting for ..\data\45735.ok to appear.
Waiting for ..\data\45735.ok to appear.
Waiting for ..\data\45735.ok to appear.
Creating tnmdbwrp.do!
 87058 
crowdfade
Renaming TNMDBWRP.DO! to TNMDBWRP.DO
Waiting for ..\data\87058.ok to appear.
Creating tnmdbwrp.do!
 41495 
cd C:\TNM\TNM7SE~1\TNM7SE\TNM7SE\NXT
winplugin ..\plugins\tnmmatch\tnmmatch.exe
Renaming TNMDBWRP.DO! to TNMDBWRP.DO
Waiting for ..\data\41495.ok to appear.
Waiting for ..\data\41495.ok to appear.
Waiting for ..\data\41495.ok to appear.
Waiting for ..\data\41495.ok to appear.
Waiting for ..\data\41495.ok to appear.
Creating tnmdbwrp.do!
 46527 
crowdfade
Renaming TNMDBWRP.DO! to TNMDBWRP.DO
Waiting for ..\data\46527.ok to appear.
Creating tnmdbwrp.do!
 964 
cd C:\TNM\TNM7SE~1\TNM7SE\TNM7SE\NXT
winplugin ..\plugins\tnmmatch\tnmmatch.exe
Renaming TNMDBWRP.DO! to TNMDBWRP.DO
Waiting for ..\data\964.ok to appear.
Waiting for ..\data\964.ok to appear.
Waiting for ..\data\964.ok to appear.
Waiting for ..\data\964.ok to appear.
Waiting for ..\data\964.ok to appear.
Waiting for ..\data\964.ok to appear.
Waiting for ..\data\964.ok to appear.
Waiting for ..\data\964.ok to appear.
Waiting for ..\data\964.ok to appear.
Waiting for ..\data\964.ok to appear.
Waiting for ..\data\964.ok to appear.
Waiting for ..\data\964.ok to appear.
Waiting for ..\data\964.ok to appear.
Waiting for ..\data\964.ok to appear.
Waiting for ..\data\964.ok to appear.
Waiting for ..\data\964.ok to appear.
Waiting for ..\data\964.ok to appear.
Waiting for ..\data\964.ok to appear.
Waiting for ..\data\964.ok to appear.
Waiting for ..\data\964.ok to appear.
Waiting for ..\data\964.ok to appear.
Waiting for ..\data\964.ok to appear.
Waiting for ..\data\964.ok to appear.
Waiting for ..\data\964.ok to appear.
Creating tnmdbwrp.do!
 37637 
crowdfade
Renaming TNMDBWRP.DO! to TNMDBWRP.DO
Waiting for ..\data\37637.ok to appear.
Creating tnmdbwrp.do!
 88936 
cd C:\TNM\TNM7SE~1\TNM7SE\TNM7SE\NXT
winplugin ..\plugins\tnmmatch\tnmmatch.exe
Renaming TNMDBWRP.DO! to TNMDBWRP.DO
Waiting for ..\data\88936.ok to appear.
Waiting for ..\data\88936.ok to appear.
Waiting for ..\data\88936.ok to appear.
Waiting for ..\data\88936.ok to appear.
Creating tnmdbwrp.do!
 36775 
crowdfade
Renaming TNMDBWRP.DO! to TNMDBWRP.DO
Waiting for ..\data\36775.ok to appear.
Creating tnmdbwrp.do!
 91213 
cd C:\TNM\TNM7SE~1\TNM7SE\TNM7SE\NXT
winplugin ..\plugins\tnmmatch\tnmmatch.exe
Renaming TNMDBWRP.DO! to TNMDBWRP.DO
Waiting for ..\data\91213.ok to appear.
Waiting for ..\data\91213.ok to appear.
Waiting for ..\data\91213.ok to appear.
Waiting for ..\data\91213.ok to appear.
Creating tnmdbwrp.do!
 64983 
crowdfade
Renaming TNMDBWRP.DO! to TNMDBWRP.DO
Waiting for ..\data\64983.ok to appear.
Creating tnmdbwrp.do!
 19421 
cd C:\TNM\TNM7SE~1\TNM7SE\TNM7SE\NXT
winplugin ..\plugins\tnmmatch\tnmmatch.exe
Renaming TNMDBWRP.DO! to TNMDBWRP.DO
Waiting for ..\data\19421.ok to appear.
Waiting for ..\data\19421.ok to appear.
Waiting for ..\data\19421.ok to appear.
Waiting for ..\data\19421.ok to appear.
