Brian Cage
	Brian Cage
		             1             1            -50 
		             5             5             0 
		             85            85            0 
		             0             0 
		             0             0 
		Factor:  0 
	Jimmy Jacobs
		             1             2             50 
		             5             5             0 
		             85            80            0 
		             0             0 
		             0             0 
		Factor:  216 
	Rohit Raju
		             1             2             50 
		             5             5             0 
		             85            70            0 
		             0             0 
		             0             0 
		Factor:  216 
	Dave Crist
		             1             2             50 
		             5             5             0 
		             85            77            0 
		             0             0 
		             0             0 
		Factor:  216 
Jimmy Jacobs
	Brian Cage
		             2             1             50 
		             5             5             0 
		             80            85            0 
		             0             0 
		             0             0 
		Factor:  216 
	Jimmy Jacobs
		             2             2            -50 
		             5             5             0 
		             80            80            0 
		             0             0 
		             0             0 
		Factor:  0 
	Rohit Raju
		             2             2            -50 
		             5             5             0 
		             80            70            0 
		             0             0 
		             0             0 
		Factor:  183 
	Dave Crist
		             2             2            -50 
		             5             5             0 
		             80            77            0 
		             0             0 
		             0             0 
		Factor:  183 
Rohit Raju
	Brian Cage
		             2             1             50 
		             5             5             0 
		             70            85            0 
		             0             0 
		             0             0 
		Factor:  216 
	Jimmy Jacobs
		             2             2            -50 
		             5             5             0 
		             70            80            0 
		             0             0 
		             0             0 
		Factor:  183 
	Rohit Raju
		             2             2            -50 
		             5             5             0 
		             70            70            0 
		             0             0 
		             0             0 
		Factor:  0 
	Dave Crist
		             2             2            -50 
		             5             5             0 
		             70            77            0 
		             0             0 
		             0             0 
		Factor:  183 
Dave Crist
	Brian Cage
		             2             1             50 
		             5             5             0 
		             77            85            0 
		             0             0 
		             0             0 
		Factor:  216 
	Jimmy Jacobs
		             2             2            -50 
		             5             5             0 
		             77            80            0 
		             0             0 
		             0             0 
		Factor:  183 
	Rohit Raju
		             2             2            -50 
		             5             5             0 
		             77            70            0 
		             0             0 
		             0             0 
		Factor:  183 
	Dave Crist
		             2             2            -50 
		             5             5             0 
		             77            77            0 
		             0             0 
		             0             0 
		Factor:  0 
