
Match no. 0 
Participants:      Rob Van Dam Sabu Tommy Dreamer Ethan Page Josh Alexander Moose 
Total number of moves:  49 
Total damage:           1978 
Moves/time:             .116113744075829 
Damage/time:            4.68720379146919 
Damage/moves:           40.3673469387755 
Average heat: 5 -> 0 
Damage/move bonus: .5 
Finish class: 4             bonus: .75 
Workrate bonus: 5 
Cumulative rating (so far):** 3/4
Near falls:             8 and 1 - 8 and 1 per fall
Final rating:      ***
Rob Van Dam: 5 -> 5 
Sabu: 5 -> 6 
Tommy Dreamer: 5 -> 6 
Ethan Page: 5 -> 5 
Josh Alexander: 5 -> 5 
Moose: 5 -> 5 

Match no. 0 
Participants:      Tessa Blanchard Glen Gilberti 
Total number of moves:  90 
Total damage:           2788 
Moves/time:             .115089514066496 
Damage/time:            3.56521739130435 
Damage/moves:           30.9777777777778 
Average heat: 8 -> 1.5 
Damage/move bonus:-.5 
Finish class: 2             bonus: 1 
Workrate bonus: 5 
Cumulative rating (so far):*** 1/4
Near falls:             5 and 1 - 5 and 1 per fall
Final rating:      *** 1/2
Tessa Blanchard: 5 -> 7 
Glen Gilberti: 5 -> 6 

Match no. 0 
Participants:      Cody Deaner Cousin Jake Raj Singh Rohit Raju 
Total number of moves:  77 
Total damage:           2683 
Moves/time:             .12202852614897 
Damage/time:            4.25198098256735 
Damage/moves:           34.8441558441558 
Average heat: 5 -> 0 
Damage/move bonus:-.5 
Finish class: 2             bonus: 1 
Workrate bonus: 3.166667 
Cumulative rating (so far):* 1/2
Near falls:             8 and 0 - 8 and 0 per fall
Final rating:      * 3/4
Cody Deaner: 5 -> 6 
Cousin Jake: 5 -> 5 
Raj Singh: 5 -> 5 
Rohit Raju: 5 -> 5 

Match no. 0 
Participants:      Eddie Edwards Killer Kross 
Total number of moves:  62 
Total damage:           2275 
Moves/time:             .119922630560928 
Damage/time:            4.40038684719536 
Damage/moves:           36.6935483870968 
Average heat: 8 -> 1.5 
Damage/move bonus: 0 
Finish class: 4             bonus: 0 
Workrate bonus: 4.5 
Cumulative rating (so far):** 3/4
Near falls:             10 and 1 - 10 and 1 per fall
Final rating:      ***
Eddie Edwards: 5 -> 5 

Match no. 0 
Participants:      Rich Swann Willie Mack Johnny Impact Michael Elgin 
Total number of moves:  37 
Total damage:           1482 
Moves/time:             .135036496350365 
Damage/time:            5.40875912408759 
Damage/moves:           40.054054054054 
Average heat: 6 -> .5 
Damage/move bonus: .5 
Finish class: 4             bonus: .75 
Workrate bonus: 5 
Cumulative rating (so far):***
Near falls:             5 and 1 - 5 and 1 per fall
Final rating:      *** 1/4
Rich Swann: 5 -> 5 
Willie Mack: 5 -> 5 
Johnny Impact: 5 -> 6 
Michael Elgin: 5 -> 5 

Match no. 0 
Participants:      Jake Crist Brian Cage Madison Rayne The Sandman 
Total number of moves:  143 
Total damage:           5468 
Moves/time:             .123488773747841 
Damage/time:            4.72193436960276 
Damage/moves:           38.2377622377622 
Average heat: 7 -> 1 
Damage/move bonus: 0 
Finish class: 2             bonus: .75 
Workrate bonus: 4 
Cumulative rating (so far):** 3/4
Near falls:             16 and 3 - 16 and 3 per fall
Final rating:      *** 1/4
The Sandman: 5 -> 6 

Match no. 0 
Participants:      Rosemary Jake Crist Sami Callihan Eddie Edwards 
Total number of moves:  7 
Total damage:           297 
Moves/time:             .116666666666667 
Damage/time:            4.95 
Damage/moves:           42.4285714285714 
Average heat: 5 -> 0 
Damage/move bonus: .5 
Finish class: 11            bonus: .25 
Workrate bonus: 4.75 
Cumulative rating (so far):**
Near falls:             4 and 0 - 4 and 0 per fall
Final rating:      **
Rosemary: 5 -> 5 
Jake Crist: 5 -> 5 
Sami Callihan: 5 -> 5 
Eddie Edwards: 5 -> 5 

Match no. 0 
Participants:      Cody Deaner Cousin Jake Jake Crist Dave Crist 
Total number of moves:  80 
Total damage:           2498 
Moves/time:             .126382306477093 
Damage/time:            3.94628751974724 
Damage/moves:           31.225 
Average heat: 6 -> .5 
Damage/move bonus:-.5 
Finish class: 3             bonus: .5 
Workrate bonus: 4.583333 
Cumulative rating (so far):** 1/4
Near falls:             11 and 0 - 11 and 0 per fall
Final rating:      ** 1/2
Cody Deaner: 6 -> 7 
Cousin Jake: 5 -> 5 
Jake Crist: 5 -> 5 
Dave Crist: 5 -> 5 

Match no. 0 
Participants:      Rosemary Alisha Edwards Tessa Blanchard Scarlett Bordeaux 
Total number of moves:  116 
Total damage:           3402 
Moves/time:             .119096509240246 
Damage/time:            3.49281314168378 
Damage/moves:           29.3275862068966 
Average heat: 6 -> .5 
Damage/move bonus:-1 
Finish class: 2             bonus: 0 
Workrate bonus:-2.333333 
Cumulative rating (so far):-* 1/4
Near falls:             6 and 1 - 6 and 1 per fall
Sucker-of-a-match bonus: 2 
Final rating:      -***
Rosemary: 5 -> 5 
Tessa Blanchard: 7 -> 7 

Match no. 0 
Participants:      Mahabali Shera Josh Alexander Ace Austin Daga 
Total number of moves:  148 
Total damage:           5099 
Moves/time:             .101508916323731 
Damage/time:            3.49725651577503 
Damage/moves:           34.4527027027027 
Average heat: 6 -> .5 
Damage/move bonus:-.5 
Finish class: 3             bonus: .25 
Workrate bonus: 5 
Cumulative rating (so far):** 1/4
Near falls:             23 and 2 - 7.66666666666667 and .666666666666667 per fall
Final rating:      ** 1/2
Mahabali Shera: 5 -> 6 
Josh Alexander: 5 -> 5 
Daga: 5 -> 4 

Match no. 0 
Participants:      Dez Trey Wentz Dave Crist Jake Crist Madman Fulton 
Total number of moves:  125 
Total damage:           3875 
Moves/time:             .137513751375138 
Damage/time:            4.26292629262926 
Damage/moves:           31 
Average heat: 5 -> 0 
Damage/move bonus:-.5 
Finish class: 11            bonus: .5 
Workrate bonus: 4.555555 
Cumulative rating (so far):* 3/4
Near falls:             10 and 3 - 10 and 3 per fall
Final rating:      ** 1/4
Dez: 5 -> 5 
Trey: 5 -> 6 
Wentz: 5 -> 5 
Dave Crist: 5 -> 5 
Jake Crist: 5 -> 5 
Madman Fulton: 5 -> 4 

Match no. 0 
Participants:      Moose Luchasaurus 
Total number of moves:  78 
Total damage:           2384 
Moves/time:             .101036269430052 
Damage/time:            3.0880829015544 
Damage/moves:           30.5641025641026 
Average heat: 7 -> 1 
Damage/move bonus:-.5 
Finish class: 3             bonus: .5 
Workrate bonus: 4.166666 
Cumulative rating (so far):** 1/4
Near falls:             10 and 2 - 10 and 2 per fall
Final rating:      ** 3/4
Moose: 5 -> 5 
Luchasaurus: 5 -> 6 

Match no. 0 
Participants:      Taya Valkyrie Melissa Santos 
Total number of moves:  23 
Total damage:           800 
Moves/time:             9.50413223140496E-2 
Damage/time:            3.30578512396694 
Damage/moves:           34.7826086956522 
Average heat: 4 ->-.5 
Damage/move bonus:-.5 
Finish class: 2             bonus: .25 
Workrate bonus:-8.5 
Cumulative rating (so far):-*** 3/4
Near falls:             6 and 0 - 6 and 0 per fall
Sucker-of-a-match bonus: 0 
Final rating:      -*** 3/4
Taya Valkyrie: 5 -> 5 
Melissa Santos: 5 -> 4 

Match no. 0 
Participants:      Willie Mack Rich Swann 
Total number of moves:  71 
Total damage:           2845 
Moves/time:             .141153081510934 
Damage/time:            5.65606361829026 
Damage/moves:           40.0704225352113 
Average heat: 8 -> 1.5 
Damage/move bonus: .5 
Finish class: 10            bonus: .75 
Workrate bonus: 5 
Cumulative rating (so far):*** 3/4
Near falls:             0 and 0 - 0 and 0 per fall
Final rating:      *** 3/4

Match no. 0 
Participants:      Eddie Edwards Sami Callihan 
Total number of moves:  79 
Total damage:           3318 
Moves/time:             .110181311018131 
Damage/time:            4.62761506276151 
Damage/moves:           42 
Average heat: 7 -> 1 
Damage/move bonus: .5 
Finish class: 2             bonus: .25 
Workrate bonus: 4.666666 
Cumulative rating (so far):***
Near falls:             6 and 1 - 6 and 1 per fall
Final rating:      *** 1/4
Eddie Edwards: 5 -> 5 
Sami Callihan: 5 -> 7 

Match no. 0 
Participants:      Great Muta Tommy Dreamer Johnny Impact Michael Elgin 
Total number of moves:  111 
Total damage:           3437 
Moves/time:             .12906976744186 
Damage/time:            3.99651162790698 
Damage/moves:           30.963963963964 
Average heat: 6 -> .5 
Damage/move bonus:-.5 
Finish class: 2             bonus: .25 
Workrate bonus: 5 
Cumulative rating (so far):** 1/4
Near falls:             15 and 3 - 15 and 3 per fall
Final rating:      ** 3/4
Great Muta: 5 -> 5 
Michael Elgin: 5 -> 5 
