Creating tnmdbwrp.do!
 62012 
crowdfade
Renaming TNMDBWRP.DO! to TNMDBWRP.DO
Waiting for ..\data\62012.ok to appear.
Creating tnmdbwrp.do!
 59062 
cd C:\TNM\TNM7SE~1\TNM7SE\TNM7SE\IMPACT
winplugin ..\plugins\tnmmatch\tnmmatch.exe
Renaming TNMDBWRP.DO! to TNMDBWRP.DO
Waiting for ..\data\59062.ok to appear.
Waiting for ..\data\59062.ok to appear.
Waiting for ..\data\59062.ok to appear.
Waiting for ..\data\59062.ok to appear.
Waiting for ..\data\59062.ok to appear.
Waiting for ..\data\59062.ok to appear.
Waiting for ..\data\59062.ok to appear.
Waiting for ..\data\59062.ok to appear.
Waiting for ..\data\59062.ok to appear.
Waiting for ..\data\59062.ok to appear.
Waiting for ..\data\59062.ok to appear.
Creating tnmdbwrp.do!
 78450 
crowdfade
Renaming TNMDBWRP.DO! to TNMDBWRP.DO
Waiting for ..\data\78450.ok to appear.
Creating tnmdbwrp.do!
 72362 
cd C:\TNM\TNM7SE~1\TNM7SE\TNM7SE\IMPACT
winplugin ..\plugins\tnmmatch\tnmmatch.exe
Renaming TNMDBWRP.DO! to TNMDBWRP.DO
Waiting for ..\data\72362.ok to appear.
Waiting for ..\data\72362.ok to appear.
Waiting for ..\data\72362.ok to appear.
Waiting for ..\data\72362.ok to appear.
Creating tnmdbwrp.do!
 63247 
crowdfade
Renaming TNMDBWRP.DO! to TNMDBWRP.DO
Waiting for ..\data\63247.ok to appear.
Creating tnmdbwrp.do!
 57160 
cd C:\TNM\TNM7SE~1\TNM7SE\TNM7SE\IMPACT
winplugin ..\plugins\tnmmatch\tnmmatch.exe
Renaming TNMDBWRP.DO! to TNMDBWRP.DO
Waiting for ..\data\57160.ok to appear.
Waiting for ..\data\57160.ok to appear.
Waiting for ..\data\57160.ok to appear.
Waiting for ..\data\57160.ok to appear.
Creating tnmdbwrp.do!
 63131 
crowdfade
Renaming TNMDBWRP.DO! to TNMDBWRP.DO
Waiting for ..\data\63131.ok to appear.
Creating tnmdbwrp.do!
 57043 
cd C:\TNM\TNM7SE~1\TNM7SE\TNM7SE\IMPACT
winplugin ..\plugins\tnmmatch\tnmmatch.exe
Renaming TNMDBWRP.DO! to TNMDBWRP.DO
Waiting for ..\data\57043.ok to appear.
Waiting for ..\data\57043.ok to appear.
Waiting for ..\data\57043.ok to appear.
Waiting for ..\data\57043.ok to appear.
Creating tnmdbwrp.do!
 35768 
crowdfade
Renaming TNMDBWRP.DO! to TNMDBWRP.DO
Waiting for ..\data\35768.ok to appear.
Creating tnmdbwrp.do!
 29681 
cd C:\TNM\TNM7SE~1\TNM7SE\TNM7SE\IMPACT
winplugin ..\plugins\tnmmatch\tnmmatch.exe
Renaming TNMDBWRP.DO! to TNMDBWRP.DO
Waiting for ..\data\29681.ok to appear.
Waiting for ..\data\29681.ok to appear.
Waiting for ..\data\29681.ok to appear.
Waiting for ..\data\29681.ok to appear.
Creating tnmdbwrp.do!
 35092 
notepad .\IMPACT\card.tmp
Renaming TNMDBWRP.DO! to TNMDBWRP.DO
Waiting for ..\data\35092.ok to appear.
Waiting for ..\data\35092.ok to appear.
Waiting for ..\data\35092.ok to appear.
Waiting for ..\data\35092.ok to appear.
Waiting for ..\data\35092.ok to appear.
Waiting for ..\data\35092.ok to appear.
Waiting for ..\data\35092.ok to appear.
Waiting for ..\data\35092.ok to appear.
Waiting for ..\data\35092.ok to appear.
Waiting for ..\data\35092.ok to appear.
Waiting for ..\data\35092.ok to appear.
Waiting for ..\data\35092.ok to appear.
Waiting for ..\data\35092.ok to appear.
Waiting for ..\data\35092.ok to appear.
Waiting for ..\data\35092.ok to appear.
Waiting for ..\data\35092.ok to appear.
Waiting for ..\data\35092.ok to appear.
Waiting for ..\data\35092.ok to appear.
Waiting for ..\data\35092.ok to appear.
Waiting for ..\data\35092.ok to appear.
Waiting for ..\data\35092.ok to appear.
Waiting for ..\data\35092.ok to appear.
Waiting for ..\data\35092.ok to appear.
Waiting for ..\data\35092.ok to appear.
Waiting for ..\data\35092.ok to appear.
Waiting for ..\data\35092.ok to appear.
Waiting for ..\data\35092.ok to appear.
Waiting for ..\data\35092.ok to appear.
Waiting for ..\data\35092.ok to appear.
Waiting for ..\data\35092.ok to appear.
Waiting for ..\data\35092.ok to appear.
Waiting for ..\data\35092.ok to appear.
Waiting for ..\data\35092.ok to appear.
Waiting for ..\data\35092.ok to appear.
Waiting for ..\data\35092.ok to appear.
Waiting for ..\data\35092.ok to appear.
Waiting for ..\data\35092.ok to appear.
Waiting for ..\data\35092.ok to appear.
Waiting for ..\data\35092.ok to appear.
Waiting for ..\data\35092.ok to appear.
Waiting for ..\data\35092.ok to appear.
Waiting for ..\data\35092.ok to appear.
Waiting for ..\data\35092.ok to appear.
Waiting for ..\data\35092.ok to appear.
Waiting for ..\data\35092.ok to appear.
Waiting for ..\data\35092.ok to appear.
Waiting for ..\data\35092.ok to appear.
Waiting for ..\data\35092.ok to appear.
Waiting for ..\data\35092.ok to appear.
Waiting for ..\data\35092.ok to appear.
Waiting for ..\data\35092.ok to appear.
Waiting for ..\data\35092.ok to appear.
Waiting for ..\data\35092.ok to appear.
Waiting for ..\data\35092.ok to appear.
Waiting for ..\data\35092.ok to appear.
Waiting for ..\data\35092.ok to appear.
Waiting for ..\data\35092.ok to appear.
Waiting for ..\data\35092.ok to appear.
Waiting for ..\data\35092.ok to appear.
Waiting for ..\data\35092.ok to appear.
Waiting for ..\data\35092.ok to appear.
Waiting for ..\data\35092.ok to appear.
Waiting for ..\data\35092.ok to appear.
Waiting for ..\data\35092.ok to appear.
Waiting for ..\data\35092.ok to appear.
Waiting for ..\data\35092.ok to appear.
Waiting for ..\data\35092.ok to appear.
Waiting for ..\data\35092.ok to appear.
Waiting for ..\data\35092.ok to appear.
Waiting for ..\data\35092.ok to appear.
Waiting for ..\data\35092.ok to appear.
Waiting for ..\data\35092.ok to appear.
Waiting for ..\data\35092.ok to appear.
Waiting for ..\data\35092.ok to appear.
Waiting for ..\data\35092.ok to appear.
Waiting for ..\data\35092.ok to appear.
Waiting for ..\data\35092.ok to appear.
Waiting for ..\data\35092.ok to appear.
Waiting for ..\data\35092.ok to appear.
Waiting for ..\data\35092.ok to appear.
Waiting for ..\data\35092.ok to appear.
Waiting for ..\data\35092.ok to appear.
Waiting for ..\data\35092.ok to appear.
Waiting for ..\data\35092.ok to appear.
Waiting for ..\data\35092.ok to appear.
Waiting for ..\data\35092.ok to appear.
Waiting for ..\data\35092.ok to appear.
Waiting for ..\data\35092.ok to appear.
Waiting for ..\data\35092.ok to appear.
Waiting for ..\data\35092.ok to appear.
Waiting for ..\data\35092.ok to appear.
Waiting for ..\data\35092.ok to appear.
Waiting for ..\data\35092.ok to appear.
Waiting for ..\data\35092.ok to appear.
Waiting for ..\data\35092.ok to appear.
Waiting for ..\data\35092.ok to appear.
Waiting for ..\data\35092.ok to appear.
Waiting for ..\data\35092.ok to appear.
Waiting for ..\data\35092.ok to appear.
Waiting for ..\data\35092.ok to appear.
Waiting for ..\data\35092.ok to appear.
Waiting for ..\data\35092.ok to appear.
Waiting for ..\data\35092.ok to appear.
Waiting for ..\data\35092.ok to appear.
Waiting for ..\data\35092.ok to appear.
Waiting for ..\data\35092.ok to appear.
Waiting for ..\data\35092.ok to appear.
Waiting for ..\data\35092.ok to appear.
Waiting for ..\data\35092.ok to appear.
Waiting for ..\data\35092.ok to appear.
Waiting for ..\data\35092.ok to appear.
Waiting for ..\data\35092.ok to appear.
Waiting for ..\data\35092.ok to appear.
Waiting for ..\data\35092.ok to appear.
Waiting for ..\data\35092.ok to appear.
Waiting for ..\data\35092.ok to appear.
Waiting for ..\data\35092.ok to appear.
Creating tnmdbwrp.do!
 11572 
crowdfade
Renaming TNMDBWRP.DO! to TNMDBWRP.DO
Waiting for ..\data\11572.ok to appear.
Creating tnmdbwrp.do!
 6960 
cd C:\TNM\TNM7SE~1\TNM7SE\TNM7SE\IMPACT
winplugin ..\plugins\tnmmatch\tnmmatch.exe
Renaming TNMDBWRP.DO! to TNMDBWRP.DO
Waiting for ..\data\6960.ok to appear.
Waiting for ..\data\6960.ok to appear.
Waiting for ..\data\6960.ok to appear.
Waiting for ..\data\6960.ok to appear.
Creating tnmdbwrp.do!
 43290 
crowdfade
Renaming TNMDBWRP.DO! to TNMDBWRP.DO
Waiting for ..\data\43290.ok to appear.
Creating tnmdbwrp.do!
 41816 
cd C:\TNM\TNM7SE~1\TNM7SE\TNM7SE\IMPACT
winplugin ..\plugins\tnmmatch\tnmmatch.exe
Renaming TNMDBWRP.DO! to TNMDBWRP.DO
Waiting for ..\data\41816.ok to appear.
Waiting for ..\data\41816.ok to appear.
Waiting for ..\data\41816.ok to appear.
Waiting for ..\data\41816.ok to appear.
Creating tnmdbwrp.do!
 89451 
crowdfade
Renaming TNMDBWRP.DO! to TNMDBWRP.DO
Waiting for ..\data\89451.ok to appear.
Creating tnmdbwrp.do!
 84838 
cd C:\TNM\TNM7SE~1\TNM7SE\TNM7SE\IMPACT
winplugin ..\plugins\tnmmatch\tnmmatch.exe
Renaming TNMDBWRP.DO! to TNMDBWRP.DO
Waiting for ..\data\84838.ok to appear.
Waiting for ..\data\84838.ok to appear.
Waiting for ..\data\84838.ok to appear.
Waiting for ..\data\84838.ok to appear.
Creating tnmdbwrp.do!
 59845 
crowdfade
Renaming TNMDBWRP.DO! to TNMDBWRP.DO
Waiting for ..\data\59845.ok to appear.
Creating tnmdbwrp.do!
 55232 
cd C:\TNM\TNM7SE~1\TNM7SE\TNM7SE\IMPACT
winplugin ..\plugins\tnmmatch\tnmmatch.exe
Renaming TNMDBWRP.DO! to TNMDBWRP.DO
Waiting for ..\data\55232.ok to appear.
Waiting for ..\data\55232.ok to appear.
Waiting for ..\data\55232.ok to appear.
Waiting for ..\data\55232.ok to appear.
Creating tnmdbwrp.do!
 57461 
crowdfade
Renaming TNMDBWRP.DO! to TNMDBWRP.DO
Waiting for ..\data\57461.ok to appear.
Creating tnmdbwrp.do!
 55986 
cd C:\TNM\TNM7SE~1\TNM7SE\TNM7SE\IMPACT
winplugin ..\plugins\tnmmatch\tnmmatch.exe
Renaming TNMDBWRP.DO! to TNMDBWRP.DO
Waiting for ..\data\55986.ok to appear.
Waiting for ..\data\55986.ok to appear.
Waiting for ..\data\55986.ok to appear.
Waiting for ..\data\55986.ok to appear.
Waiting for ..\data\55986.ok to appear.
Creating tnmdbwrp.do!
 19522 
crowdfade
Renaming TNMDBWRP.DO! to TNMDBWRP.DO
Waiting for ..\data\19522.ok to appear.
Creating tnmdbwrp.do!
 18048 
cd C:\TNM\TNM7SE~1\TNM7SE\TNM7SE\IMPACT
winplugin ..\plugins\tnmmatch\tnmmatch.exe
Renaming TNMDBWRP.DO! to TNMDBWRP.DO
Waiting for ..\data\18048.ok to appear.
Waiting for ..\data\18048.ok to appear.
Waiting for ..\data\18048.ok to appear.
Waiting for ..\data\18048.ok to appear.
Creating tnmdbwrp.do!
 89955 
crowdfade
Renaming TNMDBWRP.DO! to TNMDBWRP.DO
Waiting for ..\data\89955.ok to appear.
Creating tnmdbwrp.do!
 88480 
cd C:\TNM\TNM7SE~1\TNM7SE\TNM7SE\IMPACT
winplugin ..\plugins\tnmmatch\tnmmatch.exe
Renaming TNMDBWRP.DO! to TNMDBWRP.DO
Waiting for ..\data\88480.ok to appear.
Waiting for ..\data\88480.ok to appear.
Waiting for ..\data\88480.ok to appear.
Waiting for ..\data\88480.ok to appear.
Creating tnmdbwrp.do!
 88286 
crowdfade
Renaming TNMDBWRP.DO! to TNMDBWRP.DO
Waiting for ..\data\88286.ok to appear.
Creating tnmdbwrp.do!
 86811 
cd C:\TNM\TNM7SE~1\TNM7SE\TNM7SE\IMPACT
winplugin ..\plugins\tnmmatch\tnmmatch.exe
Renaming TNMDBWRP.DO! to TNMDBWRP.DO
Waiting for ..\data\86811.ok to appear.
Waiting for ..\data\86811.ok to appear.
Waiting for ..\data\86811.ok to appear.
Waiting for ..\data\86811.ok to appear.
Creating tnmdbwrp.do!
 4125 
crowdfade
Renaming TNMDBWRP.DO! to TNMDBWRP.DO
Waiting for ..\data\4125.ok to appear.
Creating tnmdbwrp.do!
 2651 
cd C:\TNM\TNM7SE~1\TNM7SE\TNM7SE\IMPACT
winplugin ..\plugins\tnmmatch\tnmmatch.exe
Renaming TNMDBWRP.DO! to TNMDBWRP.DO
Waiting for ..\data\2651.ok to appear.
Waiting for ..\data\2651.ok to appear.
Waiting for ..\data\2651.ok to appear.
Waiting for ..\data\2651.ok to appear.
Creating tnmdbwrp.do!
 78301 
crowdfade
Renaming TNMDBWRP.DO! to TNMDBWRP.DO
Waiting for ..\data\78301.ok to appear.
Creating tnmdbwrp.do!
 76826 
cd C:\TNM\TNM7SE~1\TNM7SE\TNM7SE\IMPACT
winplugin ..\plugins\tnmmatch\tnmmatch.exe
Renaming TNMDBWRP.DO! to TNMDBWRP.DO
Waiting for ..\data\76826.ok to appear.
Waiting for ..\data\76826.ok to appear.
Waiting for ..\data\76826.ok to appear.
Waiting for ..\data\76826.ok to appear.
Waiting for ..\data\76826.ok to appear.
Waiting for ..\data\76826.ok to appear.
Waiting for ..\data\76826.ok to appear.
Creating tnmdbwrp.do!
 82797 
crowdfade
Renaming TNMDBWRP.DO! to TNMDBWRP.DO
Waiting for ..\data\82797.ok to appear.
Creating tnmdbwrp.do!
 78184 
cd C:\TNM\TNM7SE~1\TNM7SE\TNM7SE\IMPACT
winplugin ..\plugins\tnmmatch\tnmmatch.exe
Renaming TNMDBWRP.DO! to TNMDBWRP.DO
Waiting for ..\data\78184.ok to appear.
Waiting for ..\data\78184.ok to appear.
Waiting for ..\data\78184.ok to appear.
Waiting for ..\data\78184.ok to appear.
Waiting for ..\data\78184.ok to appear.
