Shane Taylor
	Shane Taylor
		             2             2            -50 
		             5             5             0 
		             83            83            0 
		             0             0 
		             0             0 
		Factor:  0 
	Brawler Milonas
		             2             1             50 
		             5             5             0 
		             83            70            0 
		             0             0 
		             0             0 
		Factor:  216 
Brawler Milonas
	Shane Taylor
		             1             2             50 
		             5             5             0 
		             70            83            0 
		             0             0 
		             0             0 
		Factor:  216 
	Brawler Milonas
		             1             1            -50 
		             5             5             0 
		             70            70            0 
		             0             0 
		             0             0 
		Factor:  0 
