
Match no. 0 
Participants:      Ultimo Guerrero Mascara Ano 2000 
Total number of moves:  89 
Total damage:           2736 
Moves/time:             .117724867724868 
Damage/time:            3.61904761904762 
Damage/moves:           30.7415730337079 
Average heat: 8 -> 1.5 
Damage/move bonus:-.5 
Finish class: 2             bonus: .25 
Workrate bonus: 5 
Cumulative rating (so far):** 3/4
Near falls:             11 and 1 - 5.5 and .5 per fall
Final rating:      ***
Ultimo Guerrero: 5 -> 6 
Mascara Ano 2000: 5 -> 5 

Match no. 0 
Participants:      Caristico Mistico Volador Jr. Barbaro Cavernario Mr. Niebla Negro Casas 
Total number of moves:  343 
Total damage:           9902 
Moves/time:             .129580657347941 
Damage/time:            3.74083868530412 
Damage/moves:           28.868804664723 
Average heat: 7 -> 1 
Damage/move bonus:-1 
Finish class: 2             bonus: 1 
Workrate bonus: 5 
Cumulative rating (so far):** 1/2
Near falls:             36 and 10 - 12 and 3.33333333333333 per fall
Final rating:      *** 1/4
Caristico: 5 -> 6 
Mistico: 5 -> 5 
Negro Casas: 5 -> 6 

Match no. 0 
Participants:      Diamante Azul Valiente Euforia Gran Guerrero 
Total number of moves:  197 
Total damage:           7134 
Moves/time:             .122057001239157 
Damage/time:            4.42007434944238 
Damage/moves:           36.2131979695431 
Average heat: 6 -> .5 
Damage/move bonus: 0 
Finish class: 5             bonus: .25 
Workrate bonus: 5 
Cumulative rating (so far):** 1/2
Near falls:             18 and 6 - 9 and 3 per fall
Final rating:      ***
Diamante Azul: 5 -> 5 
Valiente: 5 -> 5 
Gran Guerrero: 5 -> 6 

Match no. 0 
Participants:      Virus Metalico 
Total number of moves:  9 
Total damage:           484 
Moves/time:             .15 
Damage/time:            8.06666666666667 
Damage/moves:           53.7777777777778 
Average heat: 6 -> .5 
Damage/move bonus: 1.5 
Finish class: 2             bonus: .5 
Workrate bonus: 5 
Cumulative rating (so far):**
Near falls:             1 and 0 - 1 and 0 per fall
Final rating:      **
Virus: 5 -> 6 
Metalico: 5 -> 5 

Match no. 0 
Participants:      Angel de Oro Niebla Roja Soberano Jr. Ephesto Luciferno Mephisto 
Total number of moves:  106 
Total damage:           3384 
Moves/time:             .111344537815126 
Damage/time:            3.5546218487395 
Damage/moves:           31.9245283018868 
Average heat: 5 -> 0 
Damage/move bonus:-.5 
Finish class: 7             bonus:-.25 
Workrate bonus: 5 
Cumulative rating (so far):* 1/2
Near falls:             16 and 3 - 5.33333333333333 and 1 per fall
Final rating:      * 3/4
Angel de Oro: 5 -> 5 
Niebla Roja: 5 -> 5 
Soberano Jr.: 5 -> 5 
Ephesto: 5 -> 5 
Luciferno: 5 -> 5 
Mephisto: 5 -> 5 

Match no. 0 
Participants:      Kaho Kobayashi La Amapola 
Total number of moves:  108 
Total damage:           2396 
Moves/time:             .113326337880378 
Damage/time:            2.51416579223505 
Damage/moves:           22.1851851851852 
Average heat: 5 -> 0 
Damage/move bonus:-1.5 
Finish class: 2             bonus: 0 
Workrate bonus: 5 
Cumulative rating (so far):*
Near falls:             16 and 2 - 8 and 1 per fall
Final rating:      * 1/2
Kaho Kobayashi: 5 -> 5 
La Amapola: 5 -> 5 

Match no. 0 
Participants:      Black Panther Blue Panther Jr. Rey Cometa Kawato San Misterioso Jr. Disturbio 
Total number of moves:  97 
Total damage:           3504 
Moves/time:             .119018404907975 
Damage/time:            4.29938650306748 
Damage/moves:           36.1237113402062 
Average heat: 4 ->-.5 
Damage/move bonus: 0 
Finish class: 4             bonus: 1 
Workrate bonus: 4.444445 
Cumulative rating (so far):**
Near falls:             12 and 2 - 6 and 1 per fall
Final rating:      ** 1/4
Black Panther: 5 -> 5 
Rey Cometa: 5 -> 5 
Kawato San: 5 -> 5 
Misterioso Jr.: 5 -> 6 
Disturbio: 5 -> 5 

Match no. 0 
Participants:      Beer City Bruiser Brawler Milonas Alex Coughlin Clark Connors LSG Shaheem Ali TK O'Ryan Vinny Marseglia 
Total number of moves:  161 
Total damage:           4732 
Moves/time:             .127879269261318 
Damage/time:            3.75853852263701 
Damage/moves:           29.3913043478261 
Average heat: 4 ->-.5 
Damage/move bonus:-1 
Finish class: 2             bonus: 0 
Workrate bonus: 3.041667 
Cumulative rating (so far):1/4*
Near falls:             7 and 2 - 7 and 2 per fall
Final rating:      1/2*
Beer City Bruiser: 5 -> 5 
Brawler Milonas: 5 -> 5 
Alex Coughlin: 5 -> 5 
Clark Connors: 5 -> 5 
LSG: 5 -> 5 
TK O'Ryan: 5 -> 5 

Match no. 0 
Participants:      Josh Woods Maverick Boone 
Total number of moves:  47 
Total damage:           1013 
Moves/time:             .120204603580563 
Damage/time:            2.59079283887468 
Damage/moves:           21.5531914893617 
Average heat: 5 -> 0 
Damage/move bonus:-1.5 
Finish class: 2             bonus: .5 
Workrate bonus:-9.5 
Cumulative rating (so far):-**** 1/2
Near falls:             5 and 0 - 5 and 0 per fall
Sucker-of-a-match bonus: 1 
Final rating:      -*****

Match no. 0 
Participants:      EVIL SANADA Satoshi Kojima Yuji Nagata 
Total number of moves:  94 
Total damage:           2897 
Moves/time:             .114355231143552 
Damage/time:            3.52433090024331 
Damage/moves:           30.8191489361702 
Average heat: 6 -> .5 
Damage/move bonus:-.5 
Finish class: 2             bonus: 1 
Workrate bonus: 5 
Cumulative rating (so far):** 1/2
Near falls:             6 and 1 - 6 and 1 per fall
Final rating:      ** 3/4
EVIL: 5 -> 5 
SANADA: 5 -> 5 
Yuji Nagata: 5 -> 5 

Match no. 0 
Participants:      Black Panther Blue Panther Blue Panther Jr. Disturbio Kawato San Virus 
Total number of moves:  139 
Total damage:           4016 
Moves/time:             .115929941618015 
Damage/time:            3.34945788156797 
Damage/moves:           28.8920863309352 
Average heat: 5 -> 0 
Damage/move bonus:-1 
Finish class: 2             bonus: 0 
Workrate bonus: 5 
Cumulative rating (so far):* 1/2
Near falls:             8 and 3 - 4 and 1.5 per fall
Final rating:      * 1/2
Black Panther: 5 -> 5 
Blue Panther: 5 -> 5 
Disturbio: 5 -> 6 
Kawato San: 5 -> 5 
Virus: 6 -> 6 

Match no. 0 
Participants:      Stuka Jr. Valiente Ephesto Mephisto 
Total number of moves:  245 
Total damage:           9704 
Moves/time:             .116223908918406 
Damage/time:            4.6034155597723 
Damage/moves:           39.6081632653061 
Average heat: 9 -> 2 
Damage/move bonus: 0 
Finish class: 11            bonus: 0 
Workrate bonus: 5 
Cumulative rating (so far):*** 1/4
Near falls:             32 and 17 - 10.6666666666667 and 5.66666666666667 per fall
Final rating:      ****
Valiente: 5 -> 7 
Ephesto: 5 -> 7 
Mephisto: 5 -> 3 

Match no. 0 
Participants:      Barbaro Cavernario Templario 
Total number of moves:  78 
Total damage:           2274 
Moves/time:             .109396914446003 
Damage/time:            3.18934081346424 
Damage/moves:           29.1538461538462 
Average heat: 8 -> 1.5 
Damage/move bonus:-1 
Finish class: 11            bonus: .25 
Workrate bonus: 5 
Cumulative rating (so far):** 1/2
Near falls:             5 and 0 - 5 and 0 per fall
Final rating:      ** 1/2
Barbaro Cavernario: 5 -> 5 

Match no. 0 
Participants:      Gilbert el Boricua Gran Guerrero Ultimo Guerrero Caristico Angel de Oro Niebla Roja 
Total number of moves:  267 
Total damage:           8999 
Moves/time:             .12488306828812 
Damage/time:            4.20907390084191 
Damage/moves:           33.7041198501873 
Average heat: 7 -> 1 
Damage/move bonus:-.5 
Finish class: 4             bonus: .5 
Workrate bonus: 5 
Cumulative rating (so far):** 1/2
Near falls:             28 and 4 - 9.33333333333333 and 1.33333333333333 per fall
Final rating:      ***
Ultimo Guerrero: 6 -> 6 
Caristico: 6 -> 6 
Angel de Oro: 5 -> 6 

Match no. 0 
Participants:      Flyer Volador Jr. Felino Negro Casas 
Total number of moves:  203 
Total damage:           6679 
Moves/time:             .131136950904393 
Damage/time:            4.31459948320413 
Damage/moves:           32.9014778325123 
Average heat: 6 -> .5 
Damage/move bonus:-.5 
Finish class: 5             bonus: .75 
Workrate bonus: 5 
Cumulative rating (so far):** 1/2
Near falls:             27 and 4 - 9 and 1.33333333333333 per fall
Final rating:      ** 3/4
Felino: 5 -> 6 

Match no. 0 
Participants:      La Bestia Del Ring Rush Delirious Soberano Jr. 
Total number of moves:  131 
Total damage:           4495 
Moves/time:             .119853613906679 
Damage/time:            4.11253430924062 
Damage/moves:           34.3129770992366 
Average heat: 9 -> 2 
Damage/move bonus:-.5 
Finish class: 2             bonus: .25 
Workrate bonus: 4.666666 
Cumulative rating (so far):***
Near falls:             15 and 4 - 7.5 and 2 per fall
Final rating:      *** 1/4
La Bestia Del Ring: 5 -> 7 
Delirious: 5 -> 7 
Soberano Jr.: 5 -> 5 

Match no. 0 
Participants:      Felino Negro Casas La Bestia Del Ring Rush 
Total number of moves:  90 
Total damage:           2780 
Moves/time:             .115089514066496 
Damage/time:            3.55498721227621 
Damage/moves:           30.8888888888889 
Average heat: 7 -> 1 
Damage/move bonus:-.5 
Finish class: 3             bonus: .5 
Workrate bonus: 5 
Cumulative rating (so far):** 1/2
Near falls:             17 and 2 - 5.66666666666667 and .666666666666667 per fall
Final rating:      ** 3/4
Felino: 6 -> 6 
La Bestia Del Ring: 7 -> 7 
Rush: 5 -> 5 

Match no. 0 
Participants:      Tama Tonga Tanga Loa Rhett Titus Kenny King EVIL SANADA 
Total number of moves:  150 
Total damage:           4905 
Moves/time:             .124792013311148 
Damage/time:            4.08069883527454 
Damage/moves:           32.7 
Average heat: 5 -> 0 
Damage/move bonus:-.5 
Finish class: 9             bonus:-.25 
Workrate bonus: 5 
Cumulative rating (so far):* 1/2
Near falls:             12 and 2 - 6 and 1 per fall
Final rating:      * 3/4
Tama Tonga: 5 -> 5 
Tanga Loa: 5 -> 5 
Rhett Titus: 5 -> 5 
Kenny King: 5 -> 5 
EVIL: 5 -> 6 
SANADA: 5 -> 5 

Match no. 0 
Participants:      Angelina Love Velvet Sky Tasha Steelz Kaho Kobayashi 
Total number of moves:  44 
Total damage:           1559 
Moves/time:             .117962466487936 
Damage/time:            4.17962466487936 
Damage/moves:           35.4318181818182 
Average heat: 5 -> 0 
Damage/move bonus: 0 
Finish class: 2             bonus: .75 
Workrate bonus: 4.666666 
Cumulative rating (so far):** 1/4
Near falls:             3 and 0 - 3 and 0 per fall
Final rating:      ** 1/2
Angelina Love: 5 -> 5 
Velvet Sky: 5 -> 5 
Tasha Steelz: 5 -> 5 
Kaho Kobayashi: 5 -> 4 

Match no. 0 
Participants:      Shane Taylor Brawler Milonas 
Total number of moves:  108 
Total damage:           3181 
Moves/time:             .118551042810099 
Damage/time:            3.49176728869374 
Damage/moves:           29.4537037037037 
Average heat: 5 -> 0 
Damage/move bonus:-1 
Finish class: 3             bonus: .25 
Workrate bonus: 2.666667 
Cumulative rating (so far):1/2*
Near falls:             8 and 1 - 8 and 1 per fall
Final rating:      3/4*
Shane Taylor: 5 -> 5 
Brawler Milonas: 5 -> 5 

Match no. 0 
Participants:      Felino Negro Casas Tiger Esfinge Mascara Ano 2000 Triton 
Total number of moves:  162 
Total damage:           5848 
Moves/time:             .117391304347826 
Damage/time:            4.23768115942029 
Damage/moves:           36.0987654320988 
Average heat: 7 -> 1 
Damage/move bonus: 0 
Finish class: 11            bonus: 0 
Workrate bonus: 5 
Cumulative rating (so far):** 1/2
Near falls:             21 and 11 - 7 and 3.66666666666667 per fall
Final rating:      ***
Felino: 6 -> 6 
Tiger: 5 -> 5 
Esfinge: 5 -> 5 
Mascara Ano 2000: 5 -> 6 
Triton: 5 -> 6 

Match no. 0 
Participants:      Kaho Kobayashi Angelina Love Tasha Steelz Mandy Leon 
Total number of moves:  143 
Total damage:           4281 
Moves/time:             .133520074696545 
Damage/time:            3.99719887955182 
Damage/moves:           29.9370629370629 
Average heat: 7 -> 1 
Damage/move bonus:-1 
Finish class: 11            bonus: .25 
Workrate bonus: 4.833333 
Cumulative rating (so far):**
Near falls:             7 and 3 - 7 and 3 per fall
Final rating:      ** 1/2
Angelina Love: 5 -> 6 
Mandy Leon: 5 -> 6 

Match no. 0 
Participants:      Ciber The Main Man Mephisto Sharlie Rockstar Mistico Valiente Volador Jr. 
Total number of moves:  125 
Total damage:           4091 
Moves/time:             .145518044237485 
Damage/time:            4.76251455180442 
Damage/moves:           32.728 
Average heat: 5 -> 0 
Damage/move bonus:-.5 
Finish class: 3             bonus: 0 
Workrate bonus: 5 
Cumulative rating (so far):* 3/4
Near falls:             13 and 1 - 13 and 1 per fall
Final rating:      **
Ciber The Main Man: 5 -> 5 
Mephisto: 3 -> 4 
Sharlie Rockstar: 5 -> 5 
Mistico: 5 -> 5 
Valiente: 7 -> 7 
Volador Jr.: 5 -> 5 

Match no. 0 
Participants:      El Cautero Forastero Sansan Euforia Gran Guerrero Niebla Roja 
Total number of moves:  121 
Total damage:           3748 
Moves/time:             .11 
Damage/time:            3.40727272727273 
Damage/moves:           30.9752066115702 
Average heat: 5 -> 0 
Damage/move bonus:-.5 
Finish class: 3             bonus: 0 
Workrate bonus: 4.055555 
Cumulative rating (so far):* 1/4
Near falls:             14 and 1 - 7 and .5 per fall
Final rating:      * 1/2
El Cautero: 5 -> 5 
Forastero: 5 -> 5 
Sansan: 5 -> 5 
Euforia: 5 -> 5 

Match no. 0 
Participants:      Akuma El Hijo Del Signo Espanto Jr. Ciber The Main Man Sharlie Rockstar The Criszh 
Total number of moves:  46 
Total damage:           1533 
Moves/time:             .12707182320442 
Damage/time:            4.23480662983425 
Damage/moves:           33.3260869565217 
Average heat: 4 ->-.5 
Damage/move bonus:-.5 
Finish class: 2             bonus: 1 
Workrate bonus: 5 
Cumulative rating (so far):**
Near falls:             8 and 0 - 4 and 0 per fall
Final rating:      **
Akuma: 5 -> 4 
El Hijo Del Signo: 5 -> 5 
Espanto Jr.: 5 -> 5 
Ciber The Main Man: 5 -> 5 
Sharlie Rockstar: 5 -> 5 
The Criszh: 5 -> 6 

Match no. 0 
Participants:      Angel de Oro Niebla Roja Gran Guerrero Ultimo Guerrero 
Total number of moves:  87 
Total damage:           2484 
Moves/time:             .13302752293578 
Damage/time:            3.79816513761468 
Damage/moves:           28.551724137931 
Average heat: 6 -> .5 
Damage/move bonus:-1 
Finish class: 2             bonus: 1 
Workrate bonus: 5 
Cumulative rating (so far):** 1/4
Near falls:             10 and 2 - 10 and 2 per fall
Final rating:      ** 3/4
Angel de Oro: 6 -> 6 
Niebla Roja: 5 -> 5 
Gran Guerrero: 6 -> 7 
Ultimo Guerrero: 6 -> 7 

Match no. 0 
Participants:      Dragon Lee Mistico Mascara Ano 2000 Sansan 
Total number of moves:  112 
Total damage:           3831 
Moves/time:             .1099116781158 
Damage/time:            3.75956820412169 
Damage/moves:           34.2053571428571 
Average heat: 7 -> 1 
Damage/move bonus:-.5 
Finish class: 3             bonus: .5 
Workrate bonus: 2.75 
Cumulative rating (so far):* 3/4
Near falls:             12 and 2 - 12 and 2 per fall
Final rating:      **
Dragon Lee: 5 -> 5 
Sansan: 5 -> 6 

Match no. 0 
Participants:      Gran Guerrero Ultimo Guerrero Dragon Lee Mistico 
Total number of moves:  68 
Total damage:           2228 
Moves/time:             .13627254509018 
Damage/time:            4.46492985971944 
Damage/moves:           32.7647058823529 
Average heat: 7 -> 1 
Damage/move bonus:-.5 
Finish class: 4             bonus: .5 
Workrate bonus: 5 
Cumulative rating (so far):** 1/2
Near falls:             13 and 5 - 13 and 5 per fall
Final rating:      *** 1/4
Gran Guerrero: 7 -> 8 
Ultimo Guerrero: 7 -> 7 
Dragon Lee: 5 -> 5 

Match no. 0 
Participants:      Ephesto Mephisto Flyer Volador Jr. Rush La Bestia Del Ring 
Total number of moves:  184 
Total damage:           5521 
Moves/time:             .132278936017254 
Damage/time:            3.96908698777858 
Damage/moves:           30.0054347826087 
Average heat: 6 -> .5 
Damage/move bonus:-.5 
Finish class: 2             bonus: 1 
Workrate bonus: 5 
Cumulative rating (so far):** 1/2
Near falls:             15 and 2 - 7.5 and 1 per fall
Final rating:      ** 3/4
Mephisto: 4 -> 4 
Flyer: 5 -> 6 
Volador Jr.: 5 -> 5 
La Bestia Del Ring: 7 -> 7 

Match no. 0 
Participants:      Brody King Flip Gordon PCO Kaun Moses Shane Taylor 
Total number of moves:  65 
Total damage:           2128 
Moves/time:             .126459143968872 
Damage/time:            4.14007782101167 
Damage/moves:           32.7384615384615 
Average heat: 5 -> 0 
Damage/move bonus:-.5 
Finish class: 3             bonus: 0 
Workrate bonus: 4.444445 
Cumulative rating (so far):* 1/2
Near falls:             8 and 2 - 8 and 2 per fall
Final rating:      * 3/4
Brody King: 5 -> 5 
Flip Gordon: 5 -> 5 
PCO: 5 -> 6 
Kaun: 5 -> 5 
Moses: 5 -> 5 
Shane Taylor: 5 -> 5 

Match no. 0 
Participants:      LSG Shaheem Ali Jay Lethal Jonathan Gresham 
Total number of moves:  94 
Total damage:           3170 
Moves/time:             .137628111273792 
Damage/time:            4.64128843338214 
Damage/moves:           33.7234042553191 
Average heat: 4 ->-.5 
Damage/move bonus:-.5 
Finish class: 4             bonus: .75 
Workrate bonus: 5 
Cumulative rating (so far):* 3/4
Near falls:             6 and 1 - 6 and 1 per fall
Final rating:      **
LSG: 5 -> 5 
Shaheem Ali: 5 -> 4 
Jay Lethal: 5 -> 5 
Jonathan Gresham: 5 -> 5 

Match no. 0 
Participants:      Sumie Sakai Kaho Kobayashi Tasha Steelz Angelina Love 
Total number of moves:  202 
Total damage:           5521 
Moves/time:             .116830537883169 
Damage/time:            3.19317524580682 
Damage/moves:           27.3316831683168 
Average heat: 2 ->-1.5 
Damage/move bonus:-1 
Finish class: 3             bonus: .5 
Workrate bonus: 5 
Cumulative rating (so far):3/4*
Near falls:             25 and 2 - 8.33333333333333 and .666666666666667 per fall
Final rating:      *
Kaho Kobayashi: 4 -> 2 
Tasha Steelz: 5 -> 5 
