Creating tnmdbwrp.do!
 90398 
crowdfade
Renaming TNMDBWRP.DO! to TNMDBWRP.DO
Waiting for ..\data\90398.ok to appear.
Creating tnmdbwrp.do!
 85785 
cd C:\TNM\TNM7SE~1\TNM7SE\TNM7SE\CMLL
winplugin ..\plugins\tnmmatch\tnmmatch.exe
Renaming TNMDBWRP.DO! to TNMDBWRP.DO
Waiting for ..\data\85785.ok to appear.
Waiting for ..\data\85785.ok to appear.
Waiting for ..\data\85785.ok to appear.
Waiting for ..\data\85785.ok to appear.
Waiting for ..\data\85785.ok to appear.
Creating tnmdbwrp.do!
 92627 
crowdfade
Renaming TNMDBWRP.DO! to TNMDBWRP.DO
Waiting for ..\data\92627.ok to appear.
Creating tnmdbwrp.do!
 88014 
cd C:\TNM\TNM7SE~1\TNM7SE\TNM7SE\CMLL
winplugin ..\plugins\tnmmatch\tnmmatch.exe
Renaming TNMDBWRP.DO! to TNMDBWRP.DO
Waiting for ..\data\88014.ok to appear.
Waiting for ..\data\88014.ok to appear.
Waiting for ..\data\88014.ok to appear.
Waiting for ..\data\88014.ok to appear.
Waiting for ..\data\88014.ok to appear.
Creating tnmdbwrp.do!
 44004 
crowdfade
Renaming TNMDBWRP.DO! to TNMDBWRP.DO
Waiting for ..\data\44004.ok to appear.
Creating tnmdbwrp.do!
 42530 
cd C:\TNM\TNM7SE~1\TNM7SE\TNM7SE\CMLL
winplugin ..\plugins\tnmmatch\tnmmatch.exe
Renaming TNMDBWRP.DO! to TNMDBWRP.DO
Waiting for ..\data\42530.ok to appear.
Waiting for ..\data\42530.ok to appear.
Waiting for ..\data\42530.ok to appear.
Waiting for ..\data\42530.ok to appear.
Creating tnmdbwrp.do!
 46233 
crowdfade
Renaming TNMDBWRP.DO! to TNMDBWRP.DO
Waiting for ..\data\46233.ok to appear.
Creating tnmdbwrp.do!
 44758 
cd C:\TNM\TNM7SE~1\TNM7SE\TNM7SE\CMLL
winplugin ..\plugins\tnmmatch\tnmmatch.exe
Renaming TNMDBWRP.DO! to TNMDBWRP.DO
Waiting for ..\data\44758.ok to appear.
Waiting for ..\data\44758.ok to appear.
Waiting for ..\data\44758.ok to appear.
Waiting for ..\data\44758.ok to appear.
Waiting for ..\data\44758.ok to appear.
Creating tnmdbwrp.do!
 87099 
crowdfade
Renaming TNMDBWRP.DO! to TNMDBWRP.DO
Waiting for ..\data\87099.ok to appear.
Creating tnmdbwrp.do!
 82486 
cd C:\TNM\TNM7SE~1\TNM7SE\TNM7SE\CMLL
winplugin ..\plugins\tnmmatch\tnmmatch.exe
Renaming TNMDBWRP.DO! to TNMDBWRP.DO
Waiting for ..\data\82486.ok to appear.
Waiting for ..\data\82486.ok to appear.
Waiting for ..\data\82486.ok to appear.
Waiting for ..\data\82486.ok to appear.
Waiting for ..\data\82486.ok to appear.
Waiting for ..\data\82486.ok to appear.
Creating tnmdbwrp.do!
 16510 
crowdfade
Renaming TNMDBWRP.DO! to TNMDBWRP.DO
Waiting for ..\data\16510.ok to appear.
Creating tnmdbwrp.do!
 15035 
cd C:\TNM\TNM7SE~1\TNM7SE\TNM7SE\CMLL
winplugin ..\plugins\tnmmatch\tnmmatch.exe
Renaming TNMDBWRP.DO! to TNMDBWRP.DO
Waiting for ..\data\15035.ok to appear.
Waiting for ..\data\15035.ok to appear.
Waiting for ..\data\15035.ok to appear.
Waiting for ..\data\15035.ok to appear.
Creating tnmdbwrp.do!
 18739 
crowdfade
Renaming TNMDBWRP.DO! to TNMDBWRP.DO
Waiting for ..\data\18739.ok to appear.
Creating tnmdbwrp.do!
 17264 
cd C:\TNM\TNM7SE~1\TNM7SE\TNM7SE\CMLL
winplugin ..\plugins\tnmmatch\tnmmatch.exe
Renaming TNMDBWRP.DO! to TNMDBWRP.DO
Waiting for ..\data\17264.ok to appear.
Waiting for ..\data\17264.ok to appear.
Waiting for ..\data\17264.ok to appear.
Waiting for ..\data\17264.ok to appear.
Creating tnmdbwrp.do!
 25596 
crowdfade
Renaming TNMDBWRP.DO! to TNMDBWRP.DO
Waiting for ..\data\25596.ok to appear.
Creating tnmdbwrp.do!
 31333 
cd C:\TNM\TNM7SE~1\TNM7SE\TNM7SE\CMLL
winplugin ..\plugins\tnmmatch\tnmmatch.exe
Renaming TNMDBWRP.DO! to TNMDBWRP.DO
Waiting for ..\data\31333.ok to appear.
Waiting for ..\data\31333.ok to appear.
Waiting for ..\data\31333.ok to appear.
Waiting for ..\data\31333.ok to appear.
Creating tnmdbwrp.do!
 74777 
crowdfade
Renaming TNMDBWRP.DO! to TNMDBWRP.DO
Waiting for ..\data\74777.ok to appear.
Creating tnmdbwrp.do!
 80514 
cd C:\TNM\TNM7SE~1\TNM7SE\TNM7SE\CMLL
winplugin ..\plugins\tnmmatch\tnmmatch.exe
Renaming TNMDBWRP.DO! to TNMDBWRP.DO
Waiting for ..\data\80514.ok to appear.
Waiting for ..\data\80514.ok to appear.
Waiting for ..\data\80514.ok to appear.
Waiting for ..\data\80514.ok to appear.
Creating tnmdbwrp.do!
 12255 
crowdfade
Renaming TNMDBWRP.DO! to TNMDBWRP.DO
Waiting for ..\data\12255.ok to appear.
Creating tnmdbwrp.do!
 21131 
cd C:\TNM\TNM7SE~1\TNM7SE\TNM7SE\CMLL
winplugin ..\plugins\tnmmatch\tnmmatch.exe
Renaming TNMDBWRP.DO! to TNMDBWRP.DO
Waiting for ..\data\21131.ok to appear.
Waiting for ..\data\21131.ok to appear.
Waiting for ..\data\21131.ok to appear.
Waiting for ..\data\21131.ok to appear.
Creating tnmdbwrp.do!
 34850 
crowdfade
Renaming TNMDBWRP.DO! to TNMDBWRP.DO
Waiting for ..\data\34850.ok to appear.
Creating tnmdbwrp.do!
 30237 
cd C:\TNM\TNM7SE~1\TNM7SE\TNM7SE\CMLL
winplugin ..\plugins\tnmmatch\tnmmatch.exe
Renaming TNMDBWRP.DO! to TNMDBWRP.DO
Waiting for ..\data\30237.ok to appear.
Waiting for ..\data\30237.ok to appear.
Waiting for ..\data\30237.ok to appear.
Waiting for ..\data\30237.ok to appear.
Waiting for ..\data\30237.ok to appear.
Waiting for ..\data\30237.ok to appear.
Creating tnmdbwrp.do!
 22636 
crowdfade
Renaming TNMDBWRP.DO! to TNMDBWRP.DO
Waiting for ..\data\22636.ok to appear.
Creating tnmdbwrp.do!
 21161 
cd C:\TNM\TNM7SE~1\TNM7SE\TNM7SE\CMLL
winplugin ..\plugins\tnmmatch\tnmmatch.exe
Renaming TNMDBWRP.DO! to TNMDBWRP.DO
Waiting for ..\data\21161.ok to appear.
Waiting for ..\data\21161.ok to appear.
Waiting for ..\data\21161.ok to appear.
Waiting for ..\data\21161.ok to appear.
Waiting for ..\data\21161.ok to appear.
Waiting for ..\data\21161.ok to appear.
Waiting for ..\data\21161.ok to appear.
Waiting for ..\data\21161.ok to appear.
Creating tnmdbwrp.do!
 7472 
crowdfade
Renaming TNMDBWRP.DO! to TNMDBWRP.DO
Waiting for ..\data\7472.ok to appear.
Creating tnmdbwrp.do!
 2860 
cd C:\TNM\TNM7SE~1\TNM7SE\TNM7SE\CMLL
winplugin ..\plugins\tnmmatch\tnmmatch.exe
Renaming TNMDBWRP.DO! to TNMDBWRP.DO
Waiting for ..\data\2860.ok to appear.
Waiting for ..\data\2860.ok to appear.
Waiting for ..\data\2860.ok to appear.
Waiting for ..\data\2860.ok to appear.
Creating tnmdbwrp.do!
 33142 
crowdfade
Renaming TNMDBWRP.DO! to TNMDBWRP.DO
Waiting for ..\data\33142.ok to appear.
Creating tnmdbwrp.do!
 28529 
cd C:\TNM\TNM7SE~1\TNM7SE\TNM7SE\CMLL
winplugin ..\plugins\tnmmatch\tnmmatch.exe
Renaming TNMDBWRP.DO! to TNMDBWRP.DO
Waiting for ..\data\28529.ok to appear.
Waiting for ..\data\28529.ok to appear.
Waiting for ..\data\28529.ok to appear.
Waiting for ..\data\28529.ok to appear.
Waiting for ..\data\28529.ok to appear.
Waiting for ..\data\28529.ok to appear.
Creating tnmdbwrp.do!
 17147 
crowdfade
Renaming TNMDBWRP.DO! to TNMDBWRP.DO
Waiting for ..\data\17147.ok to appear.
Creating tnmdbwrp.do!
 15672 
cd C:\TNM\TNM7SE~1\TNM7SE\TNM7SE\CMLL
winplugin ..\plugins\tnmmatch\tnmmatch.exe
Renaming TNMDBWRP.DO! to TNMDBWRP.DO
Waiting for ..\data\15672.ok to appear.
Waiting for ..\data\15672.ok to appear.
Waiting for ..\data\15672.ok to appear.
Waiting for ..\data\15672.ok to appear.
Waiting for ..\data\15672.ok to appear.
Creating tnmdbwrp.do!
 91205 
crowdfade
Renaming TNMDBWRP.DO! to TNMDBWRP.DO
Waiting for ..\data\91205.ok to appear.
Creating tnmdbwrp.do!
 89730 
cd C:\TNM\TNM7SE~1\TNM7SE\TNM7SE\CMLL
winplugin ..\plugins\tnmmatch\tnmmatch.exe
Renaming TNMDBWRP.DO! to TNMDBWRP.DO
Waiting for ..\data\89730.ok to appear.
Waiting for ..\data\89730.ok to appear.
Waiting for ..\data\89730.ok to appear.
Waiting for ..\data\89730.ok to appear.
Waiting for ..\data\89730.ok to appear.
Waiting for ..\data\89730.ok to appear.
Creating tnmdbwrp.do!
 61560 
crowdfade
Renaming TNMDBWRP.DO! to TNMDBWRP.DO
Waiting for ..\data\61560.ok to appear.
Creating tnmdbwrp.do!
 60085 
cd C:\TNM\TNM7SE~1\TNM7SE\TNM7SE\CMLL
winplugin ..\plugins\tnmmatch\tnmmatch.exe
Renaming TNMDBWRP.DO! to TNMDBWRP.DO
Waiting for ..\data\60085.ok to appear.
Waiting for ..\data\60085.ok to appear.
Waiting for ..\data\60085.ok to appear.
Waiting for ..\data\60085.ok to appear.
Waiting for ..\data\60085.ok to appear.
Waiting for ..\data\60085.ok to appear.
Creating tnmdbwrp.do!
 75696 
crowdfade
Renaming TNMDBWRP.DO! to TNMDBWRP.DO
Waiting for ..\data\75696.ok to appear.
Creating tnmdbwrp.do!
 4921 
cd C:\TNM\TNM7SE~1\TNM7SE\TNM7SE\CMLL
winplugin ..\plugins\tnmmatch\tnmmatch.exe
Renaming TNMDBWRP.DO! to TNMDBWRP.DO
Waiting for ..\data\4921.ok to appear.
Waiting for ..\data\4921.ok to appear.
Waiting for ..\data\4921.ok to appear.
Waiting for ..\data\4921.ok to appear.
Waiting for ..\data\4921.ok to appear.
Waiting for ..\data\4921.ok to appear.
Waiting for ..\data\4921.ok to appear.
Creating tnmdbwrp.do!
 9417 
crowdfade
Renaming TNMDBWRP.DO! to TNMDBWRP.DO
Waiting for ..\data\9417.ok to appear.
Creating tnmdbwrp.do!
 38643 
cd C:\TNM\TNM7SE~1\TNM7SE\TNM7SE\CMLL
winplugin ..\plugins\tnmmatch\tnmmatch.exe
Renaming TNMDBWRP.DO! to TNMDBWRP.DO
Waiting for ..\data\38643.ok to appear.
Waiting for ..\data\38643.ok to appear.
Waiting for ..\data\38643.ok to appear.
Waiting for ..\data\38643.ok to appear.
Creating tnmdbwrp.do!
 94749 
crowdfade
Renaming TNMDBWRP.DO! to TNMDBWRP.DO
Waiting for ..\data\94749.ok to appear.
Creating tnmdbwrp.do!
 23975 
cd C:\TNM\TNM7SE~1\TNM7SE\TNM7SE\CMLL
winplugin ..\plugins\tnmmatch\tnmmatch.exe
Renaming TNMDBWRP.DO! to TNMDBWRP.DO
Waiting for ..\data\23975.ok to appear.
Waiting for ..\data\23975.ok to appear.
Waiting for ..\data\23975.ok to appear.
Waiting for ..\data\23975.ok to appear.
Creating tnmdbwrp.do!
 31185 
crowdfade
Renaming TNMDBWRP.DO! to TNMDBWRP.DO
Waiting for ..\data\31185.ok to appear.
Creating tnmdbwrp.do!
 29710 
cd C:\TNM\TNM7SE~1\TNM7SE\TNM7SE\CMLL
winplugin ..\plugins\tnmmatch\tnmmatch.exe
Renaming TNMDBWRP.DO! to TNMDBWRP.DO
Waiting for ..\data\29710.ok to appear.
Waiting for ..\data\29710.ok to appear.
Waiting for ..\data\29710.ok to appear.
Waiting for ..\data\29710.ok to appear.
Waiting for ..\data\29710.ok to appear.
Waiting for ..\data\29710.ok to appear.
Waiting for ..\data\29710.ok to appear.
Waiting for ..\data\29710.ok to appear.
Creating tnmdbwrp.do!
 94055 
crowdfade
Renaming TNMDBWRP.DO! to TNMDBWRP.DO
Waiting for ..\data\94055.ok to appear.
Creating tnmdbwrp.do!
 89442 
cd C:\TNM\TNM7SE~1\TNM7SE\TNM7SE\CMLL
winplugin ..\plugins\tnmmatch\tnmmatch.exe
Renaming TNMDBWRP.DO! to TNMDBWRP.DO
Waiting for ..\data\89442.ok to appear.
Waiting for ..\data\89442.ok to appear.
Waiting for ..\data\89442.ok to appear.
Waiting for ..\data\89442.ok to appear.
Creating tnmdbwrp.do!
 47739 
crowdfade
Renaming TNMDBWRP.DO! to TNMDBWRP.DO
Waiting for ..\data\47739.ok to appear.
Creating tnmdbwrp.do!
 46264 
cd C:\TNM\TNM7SE~1\TNM7SE\TNM7SE\CMLL
winplugin ..\plugins\tnmmatch\tnmmatch.exe
Renaming TNMDBWRP.DO! to TNMDBWRP.DO
Waiting for ..\data\46264.ok to appear.
Waiting for ..\data\46264.ok to appear.
Waiting for ..\data\46264.ok to appear.
Waiting for ..\data\46264.ok to appear.
Creating tnmdbwrp.do!
 6036 
crowdfade
Renaming TNMDBWRP.DO! to TNMDBWRP.DO
Waiting for ..\data\6036.ok to appear.
Creating tnmdbwrp.do!
 1423 
cd C:\TNM\TNM7SE~1\TNM7SE\TNM7SE\CMLL
winplugin ..\plugins\tnmmatch\tnmmatch.exe
Renaming TNMDBWRP.DO! to TNMDBWRP.DO
Waiting for ..\data\1423.ok to appear.
Waiting for ..\data\1423.ok to appear.
Waiting for ..\data\1423.ok to appear.
Waiting for ..\data\1423.ok to appear.
Waiting for ..\data\1423.ok to appear.
Creating tnmdbwrp.do!
 81686 
crowdfade
Renaming TNMDBWRP.DO! to TNMDBWRP.DO
Waiting for ..\data\81686.ok to appear.
Creating tnmdbwrp.do!
 80211 
cd C:\TNM\TNM7SE~1\TNM7SE\TNM7SE\CMLL
winplugin ..\plugins\tnmmatch\tnmmatch.exe
Renaming TNMDBWRP.DO! to TNMDBWRP.DO
Waiting for ..\data\80211.ok to appear.
Waiting for ..\data\80211.ok to appear.
Waiting for ..\data\80211.ok to appear.
Waiting for ..\data\80211.ok to appear.
Creating tnmdbwrp.do!
 59642 
crowdfade
Renaming TNMDBWRP.DO! to TNMDBWRP.DO
Waiting for ..\data\59642.ok to appear.
Creating tnmdbwrp.do!
 58167 
cd C:\TNM\TNM7SE~1\TNM7SE\TNM7SE\CMLL
winplugin ..\plugins\tnmmatch\tnmmatch.exe
Renaming TNMDBWRP.DO! to TNMDBWRP.DO
Waiting for ..\data\58167.ok to appear.
Waiting for ..\data\58167.ok to appear.
Waiting for ..\data\58167.ok to appear.
Waiting for ..\data\58167.ok to appear.
Creating tnmdbwrp.do!
 60396 
crowdfade
Renaming TNMDBWRP.DO! to TNMDBWRP.DO
Waiting for ..\data\60396.ok to appear.
Waiting for ..\data\60396.ok to appear.
Waiting for ..\data\60396.ok to appear.
Creating tnmdbwrp.do!
 90717 
cd C:\TNM\TNM7SE~1\TNM7SE\TNM7SE\CMLL
winplugin ..\plugins\tnmmatch\tnmmatch.exe
Renaming TNMDBWRP.DO! to TNMDBWRP.DO
Waiting for ..\data\90717.ok to appear.
Waiting for ..\data\90717.ok to appear.
Waiting for ..\data\90717.ok to appear.
Waiting for ..\data\90717.ok to appear.
Creating tnmdbwrp.do!
 86065 
crowdfade
Renaming TNMDBWRP.DO! to TNMDBWRP.DO
Waiting for ..\data\86065.ok to appear.
Creating tnmdbwrp.do!
 84590 
cd C:\TNM\TNM7SE~1\TNM7SE\TNM7SE\CMLL
winplugin ..\plugins\tnmmatch\tnmmatch.exe
Renaming TNMDBWRP.DO! to TNMDBWRP.DO
Waiting for ..\data\84590.ok to appear.
Waiting for ..\data\84590.ok to appear.
Waiting for ..\data\84590.ok to appear.
Waiting for ..\data\84590.ok to appear.
Creating tnmdbwrp.do!
 8746 
crowdfade
Renaming TNMDBWRP.DO! to TNMDBWRP.DO
Waiting for ..\data\8746.ok to appear.
Creating tnmdbwrp.do!
 4133 
cd C:\TNM\TNM7SE~1\TNM7SE\TNM7SE\CMLL
winplugin ..\plugins\tnmmatch\tnmmatch.exe
Renaming TNMDBWRP.DO! to TNMDBWRP.DO
Waiting for ..\data\4133.ok to appear.
Waiting for ..\data\4133.ok to appear.
Waiting for ..\data\4133.ok to appear.
Waiting for ..\data\4133.ok to appear.
Creating tnmdbwrp.do!
 34782 
crowdfade
Renaming TNMDBWRP.DO! to TNMDBWRP.DO
Waiting for ..\data\34782.ok to appear.
Creating tnmdbwrp.do!
 28695 
cd C:\TNM\TNM7SE~1\TNM7SE\TNM7SE\CMLL
winplugin ..\plugins\tnmmatch\tnmmatch.exe
Renaming TNMDBWRP.DO! to TNMDBWRP.DO
Waiting for ..\data\28695.ok to appear.
Waiting for ..\data\28695.ok to appear.
Waiting for ..\data\28695.ok to appear.
Waiting for ..\data\28695.ok to appear.
Waiting for ..\data\28695.ok to appear.
Creating tnmdbwrp.do!
 39201 
crowdfade
Renaming TNMDBWRP.DO! to TNMDBWRP.DO
Waiting for ..\data\39201.ok to appear.
Creating tnmdbwrp.do!
 33113 
cd C:\TNM\TNM7SE~1\TNM7SE\TNM7SE\CMLL
winplugin ..\plugins\tnmmatch\tnmmatch.exe
Renaming TNMDBWRP.DO! to TNMDBWRP.DO
Waiting for ..\data\33113.ok to appear.
Waiting for ..\data\33113.ok to appear.
Waiting for ..\data\33113.ok to appear.
Waiting for ..\data\33113.ok to appear.
Creating tnmdbwrp.do!
 45133 
crowdfade
Renaming TNMDBWRP.DO! to TNMDBWRP.DO
Waiting for ..\data\45133.ok to appear.
Creating tnmdbwrp.do!
 39045 
cd C:\TNM\TNM7SE~1\TNM7SE\TNM7SE\CMLL
winplugin ..\plugins\tnmmatch\tnmmatch.exe
Renaming TNMDBWRP.DO! to TNMDBWRP.DO
Waiting for ..\data\39045.ok to appear.
Waiting for ..\data\39045.ok to appear.
Waiting for ..\data\39045.ok to appear.
Waiting for ..\data\39045.ok to appear.
Waiting for ..\data\39045.ok to appear.
Waiting for ..\data\39045.ok to appear.
Waiting for ..\data\39045.ok to appear.
Waiting for ..\data\39045.ok to appear.
Waiting for ..\data\39045.ok to appear.
Waiting for ..\data\39045.ok to appear.
Waiting for ..\data\39045.ok to appear.
Waiting for ..\data\39045.ok to appear.
Waiting for ..\data\39045.ok to appear.
Waiting for ..\data\39045.ok to appear.
Waiting for ..\data\39045.ok to appear.
Waiting for ..\data\39045.ok to appear.
Waiting for ..\data\39045.ok to appear.
Waiting for ..\data\39045.ok to appear.
Waiting for ..\data\39045.ok to appear.
Waiting for ..\data\39045.ok to appear.
Waiting for ..\data\39045.ok to appear.
Waiting for ..\data\39045.ok to appear.
Waiting for ..\data\39045.ok to appear.
Waiting for ..\data\39045.ok to appear.
Waiting for ..\data\39045.ok to appear.
Waiting for ..\data\39045.ok to appear.
