***************************************************************
*                      New Plugin Launch                      *
***************************************************************
-> Handing off control to W32GateC
******
Log entry:         08-02-2021 20:16:16
Command line raw:  ..\plugins\tnmmatch\tnmmatch.exe
Application:       ..\plugins\tnmmatch\tnmmatch.exe
Command line post: 
Current directory: C:\TNM\tnm7se_build_13\tnm7se\tnm7se\CMLL
Desired x pos:     0
Desired y pos:     0
Window title:      TNM - New Generation Match Engine
Curr process ID:   1592
CreateProcess ret: 1
Plugin Process ID: 2876
Plugin Thread ID:  4084
Process Handle:    120
Thread Handle:     124
2 wrestlers: Ultimo Guerrero, Mascara Ano 2000
Scanning open windows for launched application.
Plugin PID: 2876 with window handle 1114576
Waiting for process to terminate.
Returned from WaitForSingleObject after .749000000002681 seconds
GetExitCodeProcess: returned 1 with exit code 0
=> Looks OK
*** Match engine log:
   -> Match Engine Console started and running
   -> About to run match
   -> Outputting match results
   -> Finishing up and exiting match engine
Exiting console invokation layer
-> Returned from W32GateC
**** waiting for next command
***************************************************************
*                      New Plugin Launch                      *
***************************************************************
-> Handing off control to W32GateC
******
Log entry:         08-02-2021 20:16:23
Command line raw:  ..\plugins\tnmmatch\tnmmatch.exe
Application:       ..\plugins\tnmmatch\tnmmatch.exe
Command line post: 
Current directory: C:\TNM\tnm7se_build_13\tnm7se\tnm7se\CMLL
Desired x pos:     0
Desired y pos:     0
Window title:      TNM - New Generation Match Engine
Curr process ID:   1452
CreateProcess ret: 1
Plugin Process ID: 2504
Plugin Thread ID:  2560
Process Handle:    120
Thread Handle:     124
6 wrestlers: Caristico, Mistico, Volador Jr., Barbaro Cavernario, Mr. Niebla, Negro Casas
Scanning open windows for launched application.
Plugin PID: 2504 with window handle 1180112
Waiting for process to terminate.
Returned from WaitForSingleObject after 1.67699999999581 seconds
GetExitCodeProcess: returned 1 with exit code 0
=> Looks OK
*** Match engine log:
   -> Match Engine Console started and running
   -> About to run match
   -> Outputting match results
   -> Finishing up and exiting match engine
Exiting console invokation layer
-> Returned from W32GateC
**** waiting for next command
***************************************************************
*                      New Plugin Launch                      *
***************************************************************
-> Handing off control to W32GateC
******
Log entry:         08-02-2021 20:16:31
Command line raw:  ..\plugins\tnmmatch\tnmmatch.exe
Application:       ..\plugins\tnmmatch\tnmmatch.exe
Command line post: 
Current directory: C:\TNM\tnm7se_build_13\tnm7se\tnm7se\CMLL
Desired x pos:     0
Desired y pos:     0
Window title:      TNM - New Generation Match Engine
Curr process ID:   4088
CreateProcess ret: 1
Plugin Process ID: 3112
Plugin Thread ID:  2376
Process Handle:    120
Thread Handle:     124
4 wrestlers: Diamante Azul, Valiente, Euforia, Gran Guerrero
Scanning open windows for launched application.
Plugin PID: 3112 with window handle 1245648
Waiting for process to terminate.
Returned from WaitForSingleObject after -6.28830321147689E-12 seconds
GetExitCodeProcess: returned 1 with exit code 0
=> Looks OK
*** Match engine log:
   -> Match Engine Console started and running
   -> About to run match
   -> Outputting match results
   -> Finishing up and exiting match engine
Exiting console invokation layer
-> Returned from W32GateC
**** waiting for next command
***************************************************************
*                      New Plugin Launch                      *
***************************************************************
-> Handing off control to W32GateC
******
Log entry:         08-02-2021 20:16:38
Command line raw:  ..\plugins\tnmmatch\tnmmatch.exe
Application:       ..\plugins\tnmmatch\tnmmatch.exe
Command line post: 
Current directory: C:\TNM\tnm7se_build_13\tnm7se\tnm7se\CMLL
Desired x pos:     0
Desired y pos:     0
Window title:      TNM - New Generation Match Engine
Curr process ID:   2156
CreateProcess ret: 1
Plugin Process ID: 3196
Plugin Thread ID:  520
Process Handle:    120
Thread Handle:     124
2 wrestlers: Virus, Metalico
Scanning open windows for launched application.
Plugin PID: 3196 with window handle 1311184
Waiting for process to terminate.
Returned from WaitForSingleObject after .909000000007104 seconds
GetExitCodeProcess: returned 1 with exit code 0
=> Looks OK
*** Match engine log:
   -> Match Engine Console started and running
   -> About to run match
   -> Outputting match results
   -> Finishing up and exiting match engine
Exiting console invokation layer
-> Returned from W32GateC
**** waiting for next command
***************************************************************
*                      New Plugin Launch                      *
***************************************************************
-> Handing off control to W32GateC
******
Log entry:         08-02-2021 20:16:51
Command line raw:  ..\plugins\tnmmatch\tnmmatch.exe
Application:       ..\plugins\tnmmatch\tnmmatch.exe
Command line post: 
Current directory: C:\TNM\tnm7se_build_13\tnm7se\tnm7se\CMLL
Desired x pos:     0
Desired y pos:     0
Window title:      TNM - New Generation Match Engine
Curr process ID:   3128
CreateProcess ret: 1
Plugin Process ID: 3132
Plugin Thread ID:  1320
Process Handle:    120
Thread Handle:     124
6 wrestlers: Angel de Oro, Niebla Roja, Soberano Jr., Ephesto, Luciferno, Mephisto
Scanning open windows for launched application.
Plugin PID: 3132 with window handle 1376720
Waiting for process to terminate.
Returned from WaitForSingleObject after 1.82600000000465 seconds
GetExitCodeProcess: returned 1 with exit code 0
=> Looks OK
*** Match engine log:
   -> Match Engine Console started and running
   -> About to run match
   -> Outputting match results
   -> Finishing up and exiting match engine
Exiting console invokation layer
-> Returned from W32GateC
**** waiting for next command
***************************************************************
*                      New Plugin Launch                      *
***************************************************************
-> Handing off control to W32GateC
******
Log entry:         08-02-2021 20:17:00
Command line raw:  ..\plugins\tnmmatch\tnmmatch.exe
Application:       ..\plugins\tnmmatch\tnmmatch.exe
Command line post: 
Current directory: C:\TNM\tnm7se_build_13\tnm7se\tnm7se\CMLL
Desired x pos:     0
Desired y pos:     0
Window title:      TNM - New Generation Match Engine
Curr process ID:   3152
CreateProcess ret: 1
Plugin Process ID: 3772
Plugin Thread ID:  1860
Process Handle:    120
Thread Handle:     124
2 wrestlers: Kaho Kobayashi, La Amapola
Scanning open windows for launched application.
Plugin PID: 3772 with window handle 1442256
Waiting for process to terminate.
Returned from WaitForSingleObject after -1.04449782156735E-12 seconds
GetExitCodeProcess: returned 1 with exit code 0
=> Looks OK
*** Match engine log:
   -> Match Engine Console started and running
   -> About to run match
   -> Outputting match results
   -> Finishing up and exiting match engine
Exiting console invokation layer
-> Returned from W32GateC
**** waiting for next command
***************************************************************
*                      New Plugin Launch                      *
***************************************************************
-> Handing off control to W32GateC
******
Log entry:         08-02-2021 20:17:06
Command line raw:  ..\plugins\tnmmatch\tnmmatch.exe
Application:       ..\plugins\tnmmatch\tnmmatch.exe
Command line post: 
Current directory: C:\TNM\tnm7se_build_13\tnm7se\tnm7se\CMLL
Desired x pos:     0
Desired y pos:     0
Window title:      TNM - New Generation Match Engine
Curr process ID:   1184
CreateProcess ret: 1
Plugin Process ID: 2740
Plugin Thread ID:  3932
Process Handle:    120
Thread Handle:     124
6 wrestlers: Black Panther, Blue Panther Jr., Rey Cometa, Kawato San, Misterioso Jr., Disturbio
Scanning open windows for launched application.
Plugin PID: 2740 with window handle 1507792
Waiting for process to terminate.
Returned from WaitForSingleObject after .194999999994181 seconds
GetExitCodeProcess: returned 1 with exit code 0
=> Looks OK
*** Match engine log:
   -> Match Engine Console started and running
   -> About to run match
   -> Outputting match results
   -> Finishing up and exiting match engine
Exiting console invokation layer
-> Returned from W32GateC
**** waiting for next command
***************************************************************
*                      New Plugin Launch                      *
***************************************************************
-> Handing off control to W32GateC
******
Log entry:         08-04-2021 00:49:50
Command line raw:  ..\plugins\tnmmatch\tnmmatch.exe
Application:       ..\plugins\tnmmatch\tnmmatch.exe
Command line post: 
Current directory: C:\TNM\tnm7se_build_13\tnm7se\tnm7se\CMLL
Desired x pos:     0
Desired y pos:     0
Window title:      TNM - New Generation Match Engine
Curr process ID:   3488
CreateProcess ret: 1
Plugin Process ID: 484
Plugin Thread ID:  1216
Process Handle:    120
Thread Handle:     124
8 wrestlers: Beer City Bruiser, Brawler Milonas, Alex Coughlin, Clark Connors, LSG, Shaheem Ali, TK O'Ryan, Vinny Marseglia
Scanning open windows for launched application.
Plugin PID: 484 with window handle 1311676
Waiting for process to terminate.
Returned from WaitForSingleObject after -3.26405569239796E-14 seconds
GetExitCodeProcess: returned 1 with exit code 0
=> Looks OK
*** Match engine log:
   -> Match Engine Console started and running
   -> About to run match
   -> Outputting match results
   -> Finishing up and exiting match engine
Exiting console invokation layer
-> Returned from W32GateC
**** waiting for next command
***************************************************************
*                      New Plugin Launch                      *
***************************************************************
-> Handing off control to W32GateC
******
Log entry:         08-04-2021 00:49:59
Command line raw:  ..\plugins\tnmmatch\tnmmatch.exe
Application:       ..\plugins\tnmmatch\tnmmatch.exe
Command line post: 
Current directory: C:\TNM\tnm7se_build_13\tnm7se\tnm7se\CMLL
Desired x pos:     0
Desired y pos:     0
Window title:      TNM - New Generation Match Engine
Curr process ID:   3596
CreateProcess ret: 1
Plugin Process ID: 2736
Plugin Thread ID:  2392
Process Handle:    120
Thread Handle:     124
2 wrestlers: Josh Woods, Maverick Boone
Scanning open windows for launched application.
Plugin PID: 2736 with window handle 1377212
Waiting for process to terminate.
Returned from WaitForSingleObject after 1.23678844943242E-13 seconds
GetExitCodeProcess: returned 1 with exit code 0
=> Looks OK
*** Match engine log:
   -> Match Engine Console started and running
   -> About to run match
   -> Outputting match results
   -> Finishing up and exiting match engine
Exiting console invokation layer
-> Returned from W32GateC
**** waiting for next command
***************************************************************
*                      New Plugin Launch                      *
***************************************************************
-> Handing off control to W32GateC
******
Log entry:         08-04-2021 00:50:06
Command line raw:  ..\plugins\tnmmatch\tnmmatch.exe
Application:       ..\plugins\tnmmatch\tnmmatch.exe
Command line post: 
Current directory: C:\TNM\tnm7se_build_13\tnm7se\tnm7se\CMLL
Desired x pos:     0
Desired y pos:     0
Window title:      TNM - New Generation Match Engine
Curr process ID:   3504
CreateProcess ret: 1
Plugin Process ID: 3888
Plugin Thread ID:  3528
Process Handle:    120
Thread Handle:     124
4 wrestlers: EVIL, SANADA, Satoshi Kojima, Yuji Nagata
Scanning open windows for launched application.
No plugin found.
Waiting for process to terminate.
Returned from WaitForSingleObject after 8.72635297355373E-14 seconds
GetExitCodeProcess: returned 1 with exit code 0
=> Looks OK
*** Match engine log:
   -> Match Engine Console started and running
   -> About to run match
   -> Outputting match results
   -> Finishing up and exiting match engine
Exiting console invokation layer
-> Returned from W32GateC
**** waiting for next command
***************************************************************
*                      New Plugin Launch                      *
***************************************************************
-> Handing off control to W32GateC
******
Log entry:         08-04-2021 23:45:18
Command line raw:  ..\plugins\tnmmatch\tnmmatch.exe
Application:       ..\plugins\tnmmatch\tnmmatch.exe
Command line post: 
Current directory: C:\TNM\tnm7se_build_13\tnm7se\tnm7se\CMLL
Desired x pos:     0
Desired y pos:     0
Window title:      TNM - New Generation Match Engine
Curr process ID:   3524
CreateProcess ret: 1
Plugin Process ID: 1084
Plugin Thread ID:  648
Process Handle:    120
Thread Handle:     124
6 wrestlers: Black Panther, Blue Panther, Blue Panther Jr., Disturbio, Kawato San, Virus
Scanning open windows for launched application.
Plugin PID: 1084 with window handle 1573458
Waiting for process to terminate.
Returned from WaitForSingleObject after 1.50900000000617 seconds
GetExitCodeProcess: returned 1 with exit code 0
=> Looks OK
*** Match engine log:
   -> Match Engine Console started and running
   -> About to run match
   -> Outputting match results
   -> Finishing up and exiting match engine
Exiting console invokation layer
-> Returned from W32GateC
**** waiting for next command
***************************************************************
*                      New Plugin Launch                      *
***************************************************************
-> Handing off control to W32GateC
******
Log entry:         08-04-2021 23:45:26
Command line raw:  ..\plugins\tnmmatch\tnmmatch.exe
Application:       ..\plugins\tnmmatch\tnmmatch.exe
Command line post: 
Current directory: C:\TNM\tnm7se_build_13\tnm7se\tnm7se\CMLL
Desired x pos:     0
Desired y pos:     0
Window title:      TNM - New Generation Match Engine
Curr process ID:   1188
CreateProcess ret: 1
Plugin Process ID: 3360
Plugin Thread ID:  3628
Process Handle:    120
Thread Handle:     124
4 wrestlers: Stuka Jr., Valiente, Ephesto, Mephisto
Scanning open windows for launched application.
Plugin PID: 3360 with window handle 1638994
Waiting for process to terminate.
Returned from WaitForSingleObject after 3.84600000000582 seconds
GetExitCodeProcess: returned 1 with exit code 0
=> Looks OK
*** Match engine log:
   -> Match Engine Console started and running
   -> About to run match
   -> Outputting match results
   -> Finishing up and exiting match engine
Exiting console invokation layer
-> Returned from W32GateC
**** waiting for next command
***************************************************************
*                      New Plugin Launch                      *
***************************************************************
-> Handing off control to W32GateC
******
Log entry:         08-04-2021 23:45:35
Command line raw:  ..\plugins\tnmmatch\tnmmatch.exe
Application:       ..\plugins\tnmmatch\tnmmatch.exe
Command line post: 
Current directory: C:\TNM\tnm7se_build_13\tnm7se\tnm7se\CMLL
Desired x pos:     0
Desired y pos:     0
Window title:      TNM - New Generation Match Engine
Curr process ID:   3444
CreateProcess ret: 1
Plugin Process ID: 1296
Plugin Thread ID:  2404
Process Handle:    120
Thread Handle:     124
2 wrestlers: Barbaro Cavernario, Templario
Scanning open windows for launched application.
No plugin found.
Waiting for process to terminate.
Returned from WaitForSingleObject after 5.94013727095444E-12 seconds
GetExitCodeProcess: returned 1 with exit code 0
=> Looks OK
*** Match engine log:
   -> Match Engine Console started and running
   -> About to run match
   -> Outputting match results
   -> Finishing up and exiting match engine
Exiting console invokation layer
-> Returned from W32GateC
**** waiting for next command
***************************************************************
*                      New Plugin Launch                      *
***************************************************************
-> Handing off control to W32GateC
******
Log entry:         08-04-2021 23:45:41
Command line raw:  ..\plugins\tnmmatch\tnmmatch.exe
Application:       ..\plugins\tnmmatch\tnmmatch.exe
Command line post: 
Current directory: C:\TNM\tnm7se_build_13\tnm7se\tnm7se\CMLL
Desired x pos:     0
Desired y pos:     0
Window title:      TNM - New Generation Match Engine
Curr process ID:   2836
CreateProcess ret: 1
Plugin Process ID: 2740
Plugin Thread ID:  3212
Process Handle:    120
Thread Handle:     124
6 wrestlers: Gilbert el Boricua, Gran Guerrero, Ultimo Guerrero, Caristico, Angel de Oro, Niebla Roja
Scanning open windows for launched application.
Plugin PID: 2740 with window handle 1770066
Waiting for process to terminate.
Returned from WaitForSingleObject after 2.60199999999732 seconds
GetExitCodeProcess: returned 1 with exit code 0
=> Looks OK
*** Match engine log:
   -> Match Engine Console started and running
   -> About to run match
   -> Outputting match results
   -> Finishing up and exiting match engine
Exiting console invokation layer
-> Returned from W32GateC
**** waiting for next command
***************************************************************
*                      New Plugin Launch                      *
***************************************************************
-> Handing off control to W32GateC
******
Log entry:         08-04-2021 23:45:50
Command line raw:  ..\plugins\tnmmatch\tnmmatch.exe
Application:       ..\plugins\tnmmatch\tnmmatch.exe
Command line post: 
Current directory: C:\TNM\tnm7se_build_13\tnm7se\tnm7se\CMLL
Desired x pos:     0
Desired y pos:     0
Window title:      TNM - New Generation Match Engine
Curr process ID:   3248
CreateProcess ret: 1
Plugin Process ID: 3884
Plugin Thread ID:  3520
Process Handle:    120
Thread Handle:     124
4 wrestlers: Flyer, Volador Jr., Felino, Negro Casas
Scanning open windows for launched application.
Plugin PID: 3884 with window handle 1835602
Waiting for process to terminate.
Returned from WaitForSingleObject after .948999999993362 seconds
GetExitCodeProcess: returned 1 with exit code 0
=> Looks OK
*** Match engine log:
   -> Match Engine Console started and running
   -> About to run match
   -> Outputting match results
   -> Finishing up and exiting match engine
Exiting console invokation layer
-> Returned from W32GateC
**** waiting for next command
***************************************************************
*                      New Plugin Launch                      *
***************************************************************
-> Handing off control to W32GateC
******
Log entry:         08-04-2021 23:46:10
Command line raw:  ..\plugins\tnmmatch\tnmmatch.exe
Application:       ..\plugins\tnmmatch\tnmmatch.exe
Command line post: 
Current directory: C:\TNM\tnm7se_build_13\tnm7se\tnm7se\CMLL
Desired x pos:     0
Desired y pos:     0
Window title:      TNM - New Generation Match Engine
Curr process ID:   3632
CreateProcess ret: 1
Plugin Process ID: 3392
Plugin Thread ID:  3712
Process Handle:    120
Thread Handle:     124
4 wrestlers: La Bestia Del Ring, Rush, Delirious, Soberano Jr.
Scanning open windows for launched application.
Plugin PID: 3392 with window handle 1901138
Waiting for process to terminate.
Returned from WaitForSingleObject after 2.25200000000442 seconds
GetExitCodeProcess: returned 1 with exit code 0
=> Looks OK
*** Match engine log:
   -> Match Engine Console started and running
   -> About to run match
   -> About to run match
   -> Outputting match results
   -> Finishing up and exiting match engine
Exiting console invokation layer
-> Returned from W32GateC
**** waiting for next command
***************************************************************
*                      New Plugin Launch                      *
***************************************************************
-> Handing off control to W32GateC
******
Log entry:         08-04-2021 23:46:25
Command line raw:  ..\plugins\tnmmatch\tnmmatch.exe
Application:       ..\plugins\tnmmatch\tnmmatch.exe
Command line post: 
Current directory: C:\TNM\tnm7se_build_13\tnm7se\tnm7se\CMLL
Desired x pos:     0
Desired y pos:     0
Window title:      TNM - New Generation Match Engine
Curr process ID:   3536
CreateProcess ret: 1
Plugin Process ID: 3768
Plugin Thread ID:  2464
Process Handle:    120
Thread Handle:     124
4 wrestlers: Felino, Negro Casas, La Bestia Del Ring, Rush
Scanning open windows for launched application.
Plugin PID: 3768 with window handle 1966674
Waiting for process to terminate.
Returned from WaitForSingleObject after 1.75599999999814 seconds
GetExitCodeProcess: returned 1 with exit code 0
=> Looks OK
*** Match engine log:
   -> Match Engine Console started and running
   -> About to run match
   -> Outputting match results
   -> Finishing up and exiting match engine
Exiting console invokation layer
-> Returned from W32GateC
**** waiting for next command
***************************************************************
*                      New Plugin Launch                      *
***************************************************************
-> Handing off control to W32GateC
******
Log entry:         08-06-2021 00:15:49
Command line raw:  ..\plugins\tnmmatch\tnmmatch.exe
Application:       ..\plugins\tnmmatch\tnmmatch.exe
Command line post: 
Current directory: C:\TNM\tnm7se_build_13\tnm7se\tnm7se\CMLL
Desired x pos:     0
Desired y pos:     0
Window title:      TNM - New Generation Match Engine
Curr process ID:   1332
CreateProcess ret: 1
Plugin Process ID: 1748
Plugin Thread ID:  1664
Process Handle:    120
Thread Handle:     124
6 wrestlers: Tama Tonga, Tanga Loa, Rhett Titus, Kenny King, EVIL, SANADA
Scanning open windows for launched application.
Plugin PID: 1748 with window handle 459272
Waiting for process to terminate.
Returned from WaitForSingleObject after 2.53499999999998 seconds
GetExitCodeProcess: returned 1 with exit code 0
=> Looks OK
*** Match engine log:
   -> Match Engine Console started and running
   -> About to run match
   -> Outputting match results
   -> Finishing up and exiting match engine
Exiting console invokation layer
-> Returned from W32GateC
**** waiting for next command
***************************************************************
*                      New Plugin Launch                      *
***************************************************************
-> Handing off control to W32GateC
******
Log entry:         08-06-2021 00:15:57
Command line raw:  ..\plugins\tnmmatch\tnmmatch.exe
Application:       ..\plugins\tnmmatch\tnmmatch.exe
Command line post: 
Current directory: C:\TNM\tnm7se_build_13\tnm7se\tnm7se\CMLL
Desired x pos:     0
Desired y pos:     0
Window title:      TNM - New Generation Match Engine
Curr process ID:   3076
CreateProcess ret: 1
Plugin Process ID: 3240
Plugin Thread ID:  3844
Process Handle:    120
Thread Handle:     124
4 wrestlers: Angelina Love, Velvet Sky, Tasha Steelz, Kaho Kobayashi
Scanning open windows for launched application.
Plugin PID: 3240 with window handle 524808
Waiting for process to terminate.
Returned from WaitForSingleObject after 5.19999999999672E-2 seconds
GetExitCodeProcess: returned 1 with exit code 0
=> Looks OK
*** Match engine log:
   -> Match Engine Console started and running
   -> About to run match
   -> Outputting match results
   -> Finishing up and exiting match engine
Exiting console invokation layer
-> Returned from W32GateC
**** waiting for next command
***************************************************************
*                      New Plugin Launch                      *
***************************************************************
-> Handing off control to W32GateC
******
Log entry:         08-06-2021 00:16:05
Command line raw:  ..\plugins\tnmmatch\tnmmatch.exe
Application:       ..\plugins\tnmmatch\tnmmatch.exe
Command line post: 
Current directory: C:\TNM\tnm7se_build_13\tnm7se\tnm7se\CMLL
Desired x pos:     0
Desired y pos:     0
Window title:      TNM - New Generation Match Engine
Curr process ID:   1948
CreateProcess ret: 1
Plugin Process ID: 1184
Plugin Thread ID:  3436
Process Handle:    120
Thread Handle:     124
2 wrestlers: Shane Taylor, Brawler Milonas
Scanning open windows for launched application.
Plugin PID: 1184 with window handle 590344
Waiting for process to terminate.
Returned from WaitForSingleObject after 2.54796184151473E-14 seconds
GetExitCodeProcess: returned 1 with exit code 0
=> Looks OK
*** Match engine log:
   -> Match Engine Console started and running
   -> About to run match
   -> Outputting match results
   -> Finishing up and exiting match engine
Exiting console invokation layer
-> Returned from W32GateC
**** waiting for next command
